29/10/2017 04:23:14 0 3.85555198388 -71.3844681629 7921.0 1.0
30/10/2017 11:55:06 1.8138 3.84464516464 -71.2997263009 1430.0 0.9
30/10/2017 11:45:39 1.80723 3.86094295517 -71.3809948151 8981.0 1.2
30/10/2017 11:10:07 1.78256 3.94909021685 -71.4594623109 2949.0 1.4
30/10/2017 11:09:49 1.78235 3.8987366838 -71.4216510356 3454.0 1.2
30/10/2017 11:08:54 1.78171 3.84374994949 -71.2994829827 1344.0 1.0
30/10/2017 11:06:33 1.78008 3.84637183995 -71.3019325392 1379.0 1.9
30/10/2017 10:14:36 1.74401 3.86135872397 -71.3815981857 9340.0 1.1
30/10/2017 10:11:12 1.74164 3.85974042166 -71.3804181761 9353.0 1.0
30/10/2017 08:59:36 1.69192 3.86129553495 -71.3812830468 9451.0 1.3
30/10/2017 08:45:22 1.68204 3.86159413974 -71.3807789664 9201.0 1.5
30/10/2017 08:40:36 1.67873 3.86229024 -71.3814004438 9623.0 0.9
30/10/2017 08:18:01 1.66304 3.86241712811 -71.380608195 8761.0 1.2
30/10/2017 02:16:37 1.41207 3.82855997879 -71.352578911 727.0 0.8
30/10/2017 12:14:27 1.32723 3.86265178185 -71.3819137629 9045.0 1.0
30/10/2017 12:07:26 1.32236 3.85009637458 -71.2702779925 2211.0 1.4
30/10/2017 10:26:03 1.25196 3.8440450957 -71.3117184103 1647.0 1.4
30/10/2017 09:23:27 1.20848 3.87852487385 -71.4227502658 5368.0 1.1
30/10/2017 08:41:00 1.17901 3.89656644821 -71.373957623 3300.0 0.8
30/10/2017 07:05:54 1.11296 3.87999471998 -71.4106681728 4895.0 0.8
30/10/2017 01:16:00 0.86998 3.86196495101 -71.3806620546 9452.0 1.5
31/10/2017 10:40:03 2.76168 3.83553105157 -71.3563444248 1824.0 1.0
31/10/2017 10:02:13 2.73541 3.8467335876 -71.301860608 1753.0 1.3
31/10/2017 07:57:39 2.6489 3.84726679662 -71.3031482104 1893.0 0.9
31/10/2017 07:56:52 2.64836 3.82944248209 -71.3639229882 6149.0 1.6
31/10/2017 07:15:39 2.61973 3.8465434468 -71.3027428748 1800.0 1.3
31/10/2017 06:45:10 2.59857 3.85699555803 -71.2737818516 2758.0 0.8
31/10/2017 05:55:36 2.56414 3.85668844517 -71.2722332043 2793.0 0.8
31/10/2017 05:53:45 2.56286 3.84588343019 -71.3022205146 1615.0 1.9
31/10/2017 05:50:23 2.56052 3.85642827334 -71.3869353741 10150.0 1.4
31/10/2017 02:40:46 2.42884 3.83582504362 -71.3108878837 2270.0 1.2
31/10/2017 12:28:17 2.33684 3.84530352863 -71.3064788838 1775.0 1.4
31/10/2017 12:27:27 2.33626 3.84663380737 -71.3030129955 1862.0 1.2
31/10/2017 10:40:46 2.26218 3.82989463786 -71.3639321415 6022.0 1.3
31/10/2017 05:21:08 2.04021 3.83205858471 -71.3559921813 984.0 0.3
31/10/2017 04:23:30 2.00019 3.8611780514 -71.3810669252 9409.0 1.0
31/10/2017 01:04:21 1.86189 3.89028560573 -71.3875239042 4577.0 0.9
31/10/2017 12:43:28 1.84739 3.84666153808 -71.3007351852 1741.0 1.1
31/10/2017 12:35:59 1.84219 3.84415749948 -71.2971512574 1178.0 0.7
03/11/2017 12:44:59 5.34844 3.89401723369 -71.3960517399 5050.0 1.9
06/11/2017 09:15:02 8.70264 3.931127893 -71.4655048023 4488.0 2.2
07/11/2017 05:54:19 9.56325 3.86107847017 -71.3813639996 9491.0 1.6
08/11/2017 06:16:07 10.5784 3.85410983156 -71.3130086323 2823.0 2.0
08/11/2017 12:31:47 10.3393 3.85375721637 -71.312756443 2720.0 2.0
09/11/2017 09:34:37 11.7162 3.86109658231 -71.3812919794 9631.0 1.8
10/11/2017 03:09:51 12.449 3.8616574386 -71.3807879922 9575.0 2.0
12/11/2017 07:13:30 14.6182 3.8530790132 -71.3126212073 2682.0 1.9
13/11/2017 08:09:21 15.657 3.86120540003 -71.3804547086 9111.0 1.8
13/11/2017 08:09:18 15.657 3.86118743922 -71.3801035725 9103.0 1.5
14/11/2017 09:01:19 16.1931 3.93289158748 -71.4648663331 4282.0 1.9
14/11/2017 06:27:32 16.0863 3.93199577034 -71.4660544475 4597.0 2.5
14/11/2017 06:20:13 16.0812 3.93277286245 -71.4673603884 4478.0 2.9
15/11/2017 03:24:58 17.4595 3.85278047503 -71.3130262733 2667.0 2.2
15/11/2017 09:16:27 17.2036 3.84331410631 -71.3061632414 2224.0 1.9
16/11/2017 10:05:48 18.7379 3.93043915805 -71.4686288657 4761.0 2.1
16/11/2017 08:01:30 18.1516 3.9337863884 -71.4658571884 4707.0 2.5
19/11/2017 01:21:55 21.3741 3.83536320091 -71.31321056 2475.0 1.9
20/11/2017 08:35:52 22.6754 3.89071954373 -71.3878842081 4904.0 1.9
20/11/2017 05:02:38 22.0274 3.93142480034 -71.4687373728 4741.0 2.0
21/11/2017 08:30:30 23.6717 3.8595600594 -71.3790135957 8153.0 1.74
21/11/2017 03:22:09 23.4576 3.93335076202 -71.4879348006 4086.0 2.0
21/11/2017 11:32:53 23.2984 3.84750110705 -71.3061913668 2274.0 2.0
21/11/2017 10:45:06 23.2652 3.84856008625 -71.3027344012 2221.0 2.0
21/11/2017 07:45:07 23.1402 3.84735827803 -71.2991597995 2254.0 2.2
21/11/2017 03:47:42 22.9753 3.84808038169 -71.3042918367 2128.0 2.1
21/11/2017 03:07:08 22.9471 3.84940061884 -71.3045622836 2302.0 2.0
23/11/2017 03:59:19 24.9834 3.92902141484 -71.5014565957 6571.0 1.8
24/11/2017 02:54:10 26.4381 3.84855978486 -71.3038688107 2411.0 1.9
26/11/2017 08:53:25 28.6876 3.86161202133 -71.4055921262 3459.0 1.9
26/11/2017 03:11:46 27.9504 3.8519265652 -71.3556474966 8631.0 2.4
27/11/2017 12:06:01 29.3214 3.85185405152 -71.3561606582 8537.0 1.7
27/11/2017 06:45:07 29.0985 3.8521887849 -71.3557466175 8413.0 1.8
29/11/2017 12:01:54 31.3185 3.85186335433 -71.3553683753 8751.0 2.3
30/11/2017 01:59:39 31.98338056 3.83066 -71.34582 9629 1.3
30/11/2017 02:54:11 32.0591213 3.86813 -71.40682 6353 1.7
30/11/2017 03:10:23 32.0816213 3.83032 -71.34664 9633 1.3
30/11/2017 05:51:58 32.30604259 3.82946 -71.34672 9430 1.6
30/11/2017 06:04:58 32.32409815 3.87096 -71.4122 5402 1.5
30/11/2017 06:07:30 32.32761667 3.82957 -71.34579 9447 1.3
30/11/2017 06:08:00 32.32831111 3.83009 -71.34494 9431 1.2
30/11/2017 06:16:33 32.34018611 3.83041 -71.34464 9625 1.4
30/11/2017 07:08:20 32.41210741 3.87154 -71.41134 5451 2.3
30/11/2017 07:52:37 32.47361204 3.8307 -71.34353 9818 1.1
30/11/2017 08:33:49 32.53083426 3.87132 -71.41108 5298 2
30/11/2017 09:16:26 32.59002407 3.86741 -71.41055 4758 1.4
30/11/2017 05:48:14 32.30085741 3.87123 -71.41041 5604 1.8
30/11/2017 06:00:18 32.31761667 3.87058 -71.41259 5326 1.1
30/11/2017 07:05:16 32.40784815 3.87111 -71.4118 5357 1.3
30/11/2017 07:38:23 32.45384352 3.87083 -71.41246 5455 1.2
30/11/2017 07:50:07 32.47013981 3.84144 -71.31167 4750 1.4
30/11/2017 08:00:13 32.48416759 3.85204 -71.41119 10978 1.3
30/11/2017 08:04:34 32.49020926 3.87027 -71.41165 5587 1.1
30/11/2017 08:05:15 32.49115833 3.84649 -71.30921 4939 1
30/11/2017 08:23:37 32.51666759 3.84891 -71.30389 4498 0.9
30/11/2017 11:12:23 32.75106574 3.84417 -71.3091 4760 0.8
30/11/2017 11:14:51 32.75449167 3.84688 -71.30932 4972 1
30/11/2017 11:17:37 32.75833426 3.8716 -71.40986 5238 1.6
30/11/2017 11:19:25 32.76083426 3.8897 -71.39697 5868 1
30/11/2017 11:20:02 32.76169074 3.88651 -71.3976 5101 1.1
30/11/2017 11:20:50 32.76280185 3.89088 -71.39648 6102 0.9
30/11/2017 11:21:45 32.764075 3.87107 -71.40758 5749 1
30/11/2017 11:23:21 32.76629722 3.87117 -71.41094 5355 1.4
30/11/2017 11:25:09 32.76879722 3.86782 -71.40805 5625 1.7
30/11/2017 11:27:11 32.7716213 3.85955 -71.38019 10693 1.4
30/11/2017 11:28:50 32.77391296 3.8602 -71.38099 10774 1.6
30/11/2017 11:32:04 32.7784037 3.85342 -71.3314 4833 1.5
30/11/2017 11:34:01 32.78111204 3.88477 -71.40802 6862 1.2
30/11/2017 11:35:58 32.78382037 3.86864 -71.40867 6050 1.1
30/11/2017 11:36:58 32.78520926 3.8834 -71.40763 5763 1
30/11/2017 11:40:35 32.79023241 3.88304 -71.4085 6001 0.9
30/11/2017 11:42:53 32.79342685 3.88268 -71.40831 5791 1.3
30/11/2017 11:43:07 32.79375093 3.85121 -71.35602 10313 1.5
30/11/2017 11:53:49 32.80861204 3.83887 -71.34849 8802 1.1
30/11/2017 11:55:14 32.81057963 3.83586 -71.45346 9068 1.1
30/11/2017 11:56:20 32.81210741 3.88252 -71.40728 5649 1.4
30/11/2017 11:57:12 32.81331111 3.92647 -71.47934 6027 2
01/12/2017 12:13:32 33.8359963 3.88691 -71.40356 4923 1.2
01/12/2017 12:14:56 33.83794074 3.88304 -71.40661 5734 1.4
01/12/2017 12:15:25 33.83861204 3.83806 -71.34858 8838 1
01/12/2017 12:17:08 33.8409963 3.82978 -71.34501 9467 1.5
01/12/2017 12:17:32 33.84155185 3.88986 -71.44141 5231 1.1
01/12/2017 12:18:37 33.84305648 3.86995 -71.39898 7006 0.8
01/12/2017 12:23:27 33.84976944 3.85227 -71.31483 5683 1.1
01/12/2017 12:24:48 33.85164444 3.8898 -71.44052 5177 1.2
01/12/2017 12:31:19 33.86069537 3.86816 -71.39793 5642 1.1
01/12/2017 12:35:14 33.86613519 3.86848 -71.39775 5633 1.5
01/12/2017 12:41:51 33.875325 3.86966 -71.39831 6012 1.1
01/12/2017 12:45:24 33.88025556 3.93377 -71.49566 8145 2.4
01/12/2017 12:46:51 33.88226944 3.85895 -71.35105 9026 1.2
01/12/2017 01:04:36 32.90692222 3.88675 -71.38123 6401 1.7
01/12/2017 01:07:40 32.91118148 3.85153 -71.41017 11018 1.1
01/12/2017 01:09:39 32.91393611 3.85833 -71.35116 8631 1.3
01/12/2017 01:11:50 32.91696852 3.85691 -71.35192 8888 1.1
01/12/2017 01:12:24 32.91775556 3.92471 -71.47446 7007 1.7
01/12/2017 01:14:24 32.92053333 3.8826 -71.40627 5323 1
01/12/2017 01:23:22 32.93298704 3.88299 -71.40623 5672 1
01/12/2017 01:41:54 32.95872778 3.86095 -71.37925 10749 1.5
01/12/2017 01:50:45 32.97101944 3.8567 -71.35227 8763 1.8
01/12/2017 01:55:49 32.97805648 3.84148 -71.31872 7210 1.2
01/12/2017 01:56:25 32.97888981 3.82866 -71.34205 9755 1.6
01/12/2017 01:56:58 32.9796537 3.90058 -71.44936 6098 1.3
01/12/2017 02:00:18 32.98428333 3.89203 -71.44203 5351 1.3
01/12/2017 02:01:31 32.98597315 3.85824 -71.35247 8737 1.3
01/12/2017 02:03:26 32.98863519 3.85704 -71.35236 8828 1.6
01/12/2017 02:06:49 32.99333426 3.87904 -71.37888 5605 2
01/12/2017 02:42:32 33.04294074 3.88458 -71.40776 6074 0.9
01/12/2017 02:46:01 33.0477787 3.884 -71.37612 6947 1.1
01/12/2017 03:29:31 33.10819537 3.87979 -71.37808 5961 1.3
01/12/2017 03:34:47 33.11551019 3.85215 -71.35523 10155 1.1
01/12/2017 03:35:09 33.11601944 3.8824 -71.37656 6387 1.1
01/12/2017 04:36:34 33.20132037 3.87933 -71.37769 5565 1.5
01/12/2017 04:52:20 33.22321852 3.81437 -71.33642 6506 1.7
01/12/2017 04:53:01 33.22416759 3.84027 -71.37314 4892 1.2
01/12/2017 04:58:28 33.23173704 3.89246 -71.44038 5416 1.3
01/12/2017 04:59:33 33.23324167 3.82895 -71.29961 5087 1.5
01/12/2017 05:14:27 33.25393611 3.85616 -71.38397 8707 1.1
01/12/2017 05:25:19 33.2690287 3.86606 -71.36291 6925 1.3
01/12/2017 05:45:51 33.29754722 3.85558 -71.38437 8918 1.8
01/12/2017 05:46:57 33.299075 3.88356 -71.40387 6121 1.4
01/12/2017 05:47:23 33.29967685 3.89063 -71.43927 5083 1.5
01/12/2017 06:00:27 33.317825 3.89044 -71.43811 5115 1.6
01/12/2017 06:13:16 33.33562593 3.86577 -71.4107 5966 1
01/12/2017 07:36:11 33.45078796 3.86907 -71.30696 5753 1.3
01/12/2017 07:40:43 33.45708426 3.88958 -71.43972 5244 1.3
01/12/2017 08:23:55 33.51708426 3.89141 -71.44171 5465 1.3
01/12/2017 08:24:39 33.51810278 3.86637 -71.40572 6204 1.5
01/12/2017 08:25:31 33.51930648 3.89213 -71.44225 5309 1.4
01/12/2017 08:27:50 33.52252407 3.89048 -71.3827 6724 1
01/12/2017 08:28:11 33.52301019 3.86756 -71.30587 5885 1.2
01/12/2017 08:28:25 33.52333426 3.88742 -71.38557 6326 1.8
01/12/2017 08:29:21 33.52463056 3.86421 -71.35441 6342 1.6
01/12/2017 08:29:56 33.52544074 3.86188 -71.40114 8675 1.1
01/12/2017 08:30:12 33.52581111 3.88904 -71.38709 6265 1.3
01/12/2017 08:30:49 33.52666759 3.82883 -71.30315 4868 1.1
01/12/2017 08:30:49 33.52666759 3.89015 -71.43867 5129 1.8
01/12/2017 08:33:29 33.5303713 3.89285 -71.44077 5499 1.3
01/12/2017 08:38:41 33.53759352 3.86589 -71.37154 5754 1.6
01/12/2017 08:39:26 33.53863519 3.86718 -71.3692 6167 1.3
01/12/2017 08:58:00 33.56442222 3.8659 -71.37164 5722 1.4
01/12/2017 08:59:06 33.56595 3.86604 -71.37147 5713 1.6
01/12/2017 09:00:48 33.56831111 3.8881 -71.43786 4898 1.5
01/12/2017 09:08:31 33.5790287 3.86504 -71.37056 6028 2
01/12/2017 09:08:44 33.57932963 3.86755 -71.40748 5978 1.4
01/12/2017 09:13:06 33.58539444 3.86454 -71.3542 6412 1.2
01/12/2017 09:15:49 33.58916759 3.86404 -71.35456 6657 1.1
01/12/2017 09:21:52 33.59757037 3.86636 -71.37157 5668 1.3
01/12/2017 09:23:37 33.60000093 3.86555 -71.37198 5476 1.3
01/12/2017 09:25:24 33.60247778 3.86264 -71.40801 8049 1.2
01/12/2017 09:40:03 33.622825 3.84543 -71.40447 5792 0.9
01/12/2017 09:56:16 33.64534815 3.82947 -71.30355 4950 1.2
01/12/2017 09:58:09 33.64796389 3.87066 -71.40632 5055 1.8
01/12/2017 10:58:33 33.73185278 3.88366 -71.39338 6056 1
01/12/2017 12:58:07 33.89791759 3.86239 -71.40785 8112 1.4
01/12/2017 01:03:00 32.9047 3.84774 -71.36133 8953 1.3
01/12/2017 01:10:54 32.91567222 3.86291 -71.408 7911 1
01/12/2017 01:54:36 32.97636667 3.83628 -71.303 5836 1.2
01/12/2017 02:13:02 33.00196852 3.86251 -71.40783 8166 1.1
01/12/2017 04:12:30 33.16789444 3.88792 -71.43842 4875 1.4
01/12/2017 04:14:06 33.17011667 3.88804 -71.44169 4961 1.2
01/12/2017 09:19:47 33.59467685 3.83357 -71.28664 4725 1.5
01/12/2017 09:48:37 33.63472315 3.82587 -71.30653 4820 1.3
01/12/2017 11:36:21 33.78435278 3.8674 -71.40877 5901 1.4
01/12/2017 11:36:35 33.78467685 3.84646 -71.36201 8979 1.6
01/12/2017 11:37:00 33.78525556 3.86555 -71.37302 5792 1.1
01/12/2017 11:37:50 33.78641296 3.83502 -71.28825 4754 1.2
01/12/2017 11:38:48 33.78775556 3.92545 -71.48037 6062 2
01/12/2017 11:39:30 33.78872778 3.83759 -71.30888 6301 1.2
01/12/2017 11:39:35 33.78884352 3.85173 -71.34409 5680 1.5
01/12/2017 11:42:48 33.79331111 3.85507 -71.34497 5847 1
01/12/2017 11:45:32 33.79710741 3.85226 -71.34337 5582 0.9
01/12/2017 11:47:07 33.79930648 3.85089 -71.34401 5735 1.8
01/12/2017 11:48:51 33.80171389 3.85067 -71.28449 4667 0.9
01/12/2017 11:49:36 33.80275556 3.8432 -71.38191 5028 1
01/12/2017 11:49:49 33.80305648 3.82613 -71.30712 4801 1.3
01/12/2017 11:50:46 33.80437593 3.878 -71.40121 7214 1.3
02/12/2017 12:09:58 34.83104259 3.8546 -71.3147 4454 1.3
02/12/2017 01:01:56 33.90321852 3.891 -71.43675 5052 1.6
02/12/2017 01:02:08 33.9034963 3.84523 -71.31182 7624 1.5
02/12/2017 01:04:21 33.906575 3.84512 -71.3123 7403 1.1
02/12/2017 01:04:38 33.90696852 3.86676 -71.40897 5827 1.3
02/12/2017 01:05:02 33.90752407 3.83909 -71.37897 5525 1.4
02/12/2017 02:54:38 34.0597463 3.88973 -71.39504 6295 1.6
02/12/2017 03:39:23 34.12189907 3.93267 -71.49278 5775 1.6
02/12/2017 06:48:38 34.3847463 3.92397 -71.47744 6789 1.7
02/12/2017 07:22:34 34.43187593 3.92627 -71.47989 6942 1.5
02/12/2017 09:09:20 34.58016296 3.88615 -71.38665 6352 1.5
02/12/2017 11:17:49 34.75861204 3.88156 -71.40707 5128 1.6
02/12/2017 11:46:17 34.79814907 3.88758 -71.39453 5782 1.3
02/12/2017 11:48:14 34.80085741 3.85127 -71.31599 4756 2.1
02/12/2017 11:48:37 34.80138981 3.85207 -71.34336 5482 1.2
02/12/2017 11:49:06 34.80206111 3.85632 -71.38753 11895 1.5
02/12/2017 11:50:27 34.80393611 3.85162 -71.31372 4752 2
02/12/2017 11:59:31 34.8165287 3.82889 -71.34521 9726 1.5
02/12/2017 12:09:02 34.8297463 3.86539 -71.37218 6160 1.5
02/12/2017 12:25:07 34.85208426 3.94185 -71.49518 6034 1.4
02/12/2017 12:37:00 34.86858889 3.85248 -71.31196 4757 1.2
02/12/2017 12:57:57 34.89768611 3.83559 -71.28192 4417 1
02/12/2017 02:55:17 34.06064907 3.91604 -71.4019 6501 1
02/12/2017 11:43:36 34.79442222 3.84056 -71.31223 8514 1.5
03/12/2017 02:09:07 34.9965287 3.86582 -71.37058 5865 1.2
03/12/2017 03:40:54 35.12400556 3.87042 -71.40533 9109 1.2
03/12/2017 05:33:50 35.28085741 3.88306 -71.39653 5459 1.5
03/12/2017 06:33:31 35.36375093 3.88202 -71.39749 5502 1.1
03/12/2017 07:31:13 35.44388981 3.85561 -71.30156 4613 1.3
03/12/2017 08:28:24 35.52331111 3.85191 -71.35529 10297 1
03/12/2017 09:03:01 35.57138981 3.8503 -71.35455 10795 1.2
03/12/2017 09:18:17 35.59259352 3.8521 -71.35517 10302 1.3
03/12/2017 10:24:56 35.68516296 3.8527 -71.35622 10369 1.1
03/12/2017 10:26:38 35.68752407 3.87739 -71.40367 7293 1.6
03/12/2017 10:46:02 35.71446852 3.8617 -71.37733 9412 1.1
03/12/2017 05:16:50 35.2572463 3.85047 -71.35783 10288 1.6
03/12/2017 10:58:11 35.73134352 3.85208 -71.35527 10362 1.1
03/12/2017 11:36:53 35.78509352 3.85123 -71.35653 10241 1.6
04/12/2017 05:32:49 36.27944537 3.88591 -71.39702 5765 1.3
04/12/2017 06:31:24 36.36081111 3.85175 -71.3568 10146 1.5
04/12/2017 06:49:03 36.385325 3.88331 -71.4004 6357 2.3
04/12/2017 12:44:41 36.87926019 3.88687 -71.39814 5866 1.2
04/12/2017 06:35:49 36.36694537 3.88681 -71.40158 7328 1
04/12/2017 07:21:30 36.43039444 3.88575 -71.39694 5892 2
04/12/2017 09:31:08 36.61044074 3.88716 -71.39856 6233 1.3
04/12/2017 10:23:17 36.6828713 3.85221 -71.35488 10047 1.2
05/12/2017 12:54:13 37.89250093 3.82832 -71.34188 5344 3
05/12/2017 01:59:12 36.98275556 3.82909 -71.34392 5492 1.4
05/12/2017 02:19:06 37.01039444 3.82497 -71.44359 2711 1.3
05/12/2017 03:15:48 37.08914444 3.82906 -71.34204 5647 1.6
05/12/2017 03:18:29 37.0928713 3.82914 -71.34213 5343 1.3
05/12/2017 06:28:38 37.35696852 3.82893 -71.34354 5465 1.6
05/12/2017 07:05:37 37.40833426 3.82057 -71.36932 6487 1.3
05/12/2017 09:52:46 37.64048704 3.8287 -71.34357 5441 1.6
05/12/2017 10:44:43 37.71263981 3.83068 -71.34308 5756 1.2
05/12/2017 12:32:28 37.86229259 3.85178 -71.2919 5368 1.1
05/12/2017 02:10:45 36.99879722 3.83063 -71.34135 5964 1.6
05/12/2017 05:55:53 37.31148241 3.8341 -71.33709 4450 1.1
05/12/2017 08:47:54 37.55039444 3.83524 -71.3305 3844 0.9
06/12/2017 12:05:01 38.82416759 3.82978 -71.34536 5652 1.5
06/12/2017 12:38:03 38.87004722 3.82917 -71.34865 5357 1.2
06/12/2017 01:35:13 37.94944537 3.83007 -71.34614 5758 1.3
06/12/2017 02:37:19 38.03569537 3.83026 -71.3423 5280 1.4
06/12/2017 03:55:37 38.14444537 3.82921 -71.34215 5843 2.1
06/12/2017 04:21:06 38.17983889 3.82893 -71.34308 5570 1.4
06/12/2017 04:54:49 38.22666759 3.83005 -71.34243 5515 1.2
06/12/2017 05:45:19 38.29680648 3.88857 -71.39997 5922 1.1
06/12/2017 08:54:33 38.55963056 3.83059 -71.34316 5148 0.9
06/12/2017 12:00:48 38.81831111 3.83063 -71.34364 5781 1.2
06/12/2017 03:03:29 38.07203796 3.82959 -71.34353 5154 1.1
06/12/2017 03:20:35 38.09578796 3.82949 -71.34387 5804 1.4
07/12/2017 12:22:57 39.849075 3.82987 -71.34564 5481 1.3
07/12/2017 12:23:13 39.84944537 3.82921 -71.344 5416 1.5
07/12/2017 12:49:56 39.88655185 3.83058 -71.34174 5990 1.3
07/12/2017 12:50:54 39.88789444 3.85978 -71.37781 10036 1
07/12/2017 01:22:45 38.93213056 3.82908 -71.34043 5493 1.4
07/12/2017 01:29:33 38.941575 3.83035 -71.34399 5419 1.1
07/12/2017 01:47:56 38.96710741 3.82841 -71.34385 5436 1.4
07/12/2017 02:21:20 39.0134963 3.83033 -71.34191 5838 1.4
07/12/2017 02:35:34 39.03326481 3.82957 -71.34237 5752 1.9
07/12/2017 04:14:54 39.17122778 3.82799 -71.34274 5412 1.4
07/12/2017 04:15:31 39.17208426 3.8291 -71.34513 5404 1.4
07/12/2017 04:42:05 39.20898241 3.82548 -71.34165 6927 1.2
07/12/2017 06:05:45 39.32518611 3.82883 -71.34346 5284 1
07/12/2017 06:26:23 39.35384352 3.82924 -71.34001 6313 1.2
07/12/2017 07:02:51 39.40449167 3.83083 -71.34229 5733 1.4
07/12/2017 08:28:28 39.5234037 3.88989 -71.39508 5701 1.3
07/12/2017 09:51:20 39.6384963 3.82918 -71.34545 5558 1.2
07/12/2017 09:51:57 39.63935278 3.82925 -71.34545 5767 1.3
07/12/2017 10:02:12 39.65358889 3.82982 -71.3443 5132 0.9
07/12/2017 10:37:05 39.70203796 3.82966 -71.34548 5566 1.3
07/12/2017 10:38:58 39.7046537 3.82886 -71.34443 5375 1.4
07/12/2017 10:48:39 39.71810278 3.82953 -71.34519 5549 1
07/12/2017 11:41:10 39.79104259 3.82996 -71.34487 5709 1.4
07/12/2017 12:42:45 39.876575 3.79693 -71.39475 3195 0.9
07/12/2017 02:52:21 39.056575 3.82998 -71.3442 5750 1.5
07/12/2017 04:10:54 39.16567222 3.83053 -71.34455 5704 1.3
07/12/2017 06:39:40 39.37229259 3.92548 -71.48589 7334 1.8
07/12/2017 07:51:12 39.47164444 3.82926 -71.3439 5425 1
08/12/2017 12:31:36 40.86108889 3.83182 -71.3425 5788 1.5
08/12/2017 12:52:06 40.88956111 3.83361 -71.33835 5067 1.1
08/12/2017 01:33:23 39.94689907 3.82916 -71.34433 5367 1.4
08/12/2017 02:12:26 40.00113519 3.8348 -71.34186 6174 1.2
08/12/2017 02:52:09 40.05629722 3.82945 -71.34333 5372 1.8
08/12/2017 03:47:57 40.13379722 3.83059 -71.34213 5284 1.6
08/12/2017 03:56:35 40.14578796 3.85965 -71.40404 10765 1.1
08/12/2017 04:12:17 40.16759352 3.83013 -71.34108 5237 1.3
08/12/2017 07:27:51 40.43921389 3.83215 -71.34671 6044 1.1
08/12/2017 08:02:30 40.48733889 3.8274 -71.34552 5788 0.9
08/12/2017 09:20:25 40.59555648 3.83127 -71.34125 6024 0.9
08/12/2017 09:35:08 40.6159963 3.8342 -71.34251 6244 1.1
08/12/2017 10:10:45 40.66546389 3.83118 -71.34009 5685 1
08/12/2017 12:03:44 40.82238519 3.82919 -71.34411 5317 1.2
08/12/2017 02:26:09 40.02018611 3.83546 -71.37038 5295 1
08/12/2017 04:31:45 40.19463056 3.89197 -71.38869 6908 1.1
08/12/2017 05:13:43 40.25291759 3.82934 -71.34318 5365 1.2
08/12/2017 05:43:13 40.29388981 3.83361 -71.33883 5799 1
08/12/2017 06:06:01 40.32555648 3.83094 -71.3376 5444 1.4
08/12/2017 07:06:43 40.40986204 3.83135 -71.33677 5103 1.3
08/12/2017 07:28:59 40.44078796 3.83142 -71.33638 5094 1.1
08/12/2017 07:33:00 40.44636667 3.83202 -71.33646 5454 1.2
08/12/2017 08:08:55 40.49625093 3.83138 -71.33562 5135 1.1
08/12/2017 11:45:05 40.79648241 3.83172 -71.33655 5513 1.2
09/12/2017 12:33:19 41.86347315 3.83019 -71.33551 5372 1.6
09/12/2017 12:57:34 41.8971537 3.83044 -71.33592 5738 1.5
09/12/2017 01:40:09 40.95629722 3.82861 -71.33428 5382 1.5
09/12/2017 04:01:58 41.15326481 3.83097 -71.33404 5163 1.4
09/12/2017 05:10:29 41.24842685 3.83388 -71.33766 5721 0.9
09/12/2017 06:35:37 41.36666759 3.83007 -71.33618 5358 1.6
09/12/2017 06:52:20 41.38988519 3.82991 -71.33607 5296 1.7
09/12/2017 08:09:56 41.49766296 3.83068 -71.34284 5977 1.3
09/12/2017 08:19:24 41.51081111 3.83108 -71.34284 5910 1.3
09/12/2017 12:29:44 41.8584963 3.83064 -71.34295 5923 1.6
09/12/2017 01:12:19 40.91763981 3.8304 -71.34392 5980 1.4
09/12/2017 03:06:56 41.07682963 3.83127 -71.3443 6009 1.5
09/12/2017 03:13:46 41.08632037 3.82989 -71.34245 5906 1.5
09/12/2017 04:33:25 41.19694537 3.83076 -71.3434 6056 1.4
09/12/2017 04:52:01 41.2227787 3.83052 -71.34353 6027 1.7
09/12/2017 04:54:50 41.22669074 3.83137 -71.34413 6022 1.4
09/12/2017 05:09:55 41.24763981 3.83294 -71.34489 6094 0.7
09/12/2017 07:45:25 41.46361204 3.8305 -71.33574 4925 1.1
09/12/2017 08:14:08 41.5034963 3.83092 -71.34393 5911 1.5
09/12/2017 08:26:58 41.52132037 3.85461 -71.31427 4900 1.4
09/12/2017 08:27:40 41.52229259 3.84928 -71.30466 4754 1.7
09/12/2017 08:28:17 41.52314907 3.83091 -71.34616 5497 1.3
09/12/2017 08:29:03 41.52421389 3.83112 -71.34428 5612 1.2
09/12/2017 08:30:33 41.52629722 3.82898 -71.34647 5658 1.6
09/12/2017 08:34:22 41.53159815 3.83839 -71.28127 7459 1.4
09/12/2017 09:01:31 41.56930648 3.83147 -71.34362 6020 1.4
09/12/2017 09:22:55 41.5990287 3.83179 -71.34384 5410 1.1
09/12/2017 09:39:29 41.62203796 3.83155 -71.34412 5494 1.4
09/12/2017 10:19:06 41.67706111 3.83305 -71.34952 6102 1.1
09/12/2017 11:37:43 41.78625093 3.84055 -71.31944 5890 1.3
09/12/2017 11:42:12 41.79247778 3.88375 -71.39878 5993 1.3
09/12/2017 11:48:59 41.80189907 3.87852 -71.39717 4931 1.7
10/12/2017 12:48:32 42.88460741 3.88269 -71.39809 5630 1.9
10/12/2017 01:43:11 41.96051019 3.88467 -71.39602 6621 1.3
10/12/2017 01:43:11 41.96051019 3.88172 -71.3981 5383 1.5
10/12/2017 03:44:19 42.12875093 3.88392 -71.40035 6360 1.6
10/12/2017 04:33:16 42.19673704 3.88051 -71.39856 5014 1.6
10/12/2017 06:06:30 42.32622778 3.88247 -71.40055 5641 1.5
10/12/2017 09:19:55 42.59486204 3.88143 -71.39914 5234 1.7
10/12/2017 09:50:53 42.6378713 3.82922 -71.34554 5347 1.5
10/12/2017 11:12:47 42.7516213 3.88465 -71.40004 6237 1.2
10/12/2017 12:06:35 42.82634352 3.88503 -71.39954 6152 1.1
10/12/2017 08:41:15 42.54115833 3.82912 -71.34608 5341 1.2
11/12/2017 12:11:00 43.83247778 3.8872 -71.39689 5659 1.2
11/12/2017 01:51:17 42.97176019 3.8276 -71.34401 5386 1
11/12/2017 03:52:45 43.14046389 3.88346 -71.39768 5589 1.1
11/12/2017 08:06:30 43.49289444 3.88511 -71.39712 5388 1
11/12/2017 11:34:32 43.78182963 3.88451 -71.39627 5445 1.1
11/12/2017 12:09:01 43.82972315 3.88337 -71.39631 5713 1.1
12/12/2017 02:11:06 43.99928333 3.88439 -71.39757 5716 1.3
12/12/2017 03:16:11 44.08967685 3.85137 -71.35567 10350 1.3
12/12/2017 03:16:55 44.09069537 3.86678 -71.40475 5704 1.7
12/12/2017 03:36:18 44.11761667 3.83088 -71.3376 5714 1
12/12/2017 03:46:56 44.13238519 3.87071 -71.40652 8516 1.1
12/12/2017 03:59:31 44.14986204 3.85543 -71.38853 10753 1.5
12/12/2017 04:07:35 44.16106574 3.86222 -71.39783 8662 1.1
12/12/2017 04:20:46 44.17937593 3.83377 -71.35105 6300 1.2
12/12/2017 05:22:47 44.26551019 3.82954 -71.34447 5263 1.7
12/12/2017 05:23:23 44.26634352 3.82987 -71.34331 5087 1.4
12/12/2017 07:03:48 44.40581111 3.82987 -71.34423 5484 1.4
12/12/2017 07:09:06 44.41317222 3.83003 -71.34688 5388 1.6
12/12/2017 08:29:42 44.52511667 3.82839 -71.3433 5130 2
12/12/2017 08:54:03 44.55893611 3.82817 -71.34365 5289 1
12/12/2017 01:12:16 43.91757037 3.83044 -71.34253 5215 1.3
12/12/2017 09:33:38 44.61391296 3.82976 -71.3445 4982 1.3
13/12/2017 06:36:09 45.36740833 3.83049 -71.34345 5053 1
13/12/2017 06:36:38 45.36807963 3.83009 -71.34023 5611 1.3
13/12/2017 09:32:09 45.61185278 3.82169 -71.35482 5982 1.5
13/12/2017 11:36:09 45.784075 3.85872 -71.41524 5893 1.2
13/12/2017 11:44:40 45.7959037 3.82313 -71.35059 4751 1.6
14/12/2017 02:57:52 46.06423704 3.76355 -71.45359 5545 1.4
14/12/2017 08:32:20 46.52877407 3.85525 -71.32507 3750 1.3
14/12/2017 01:27:33 45.93879722 3.84259 -71.33954 8129 1.1
14/12/2017 03:23:48 46.10025556 3.87211 -71.37679 9980 1.1
14/12/2017 03:37:40 46.11951481 3.88256 -71.39701 5424 1.2
14/12/2017 05:08:09 46.24518611 3.88444 -71.40285 5937 1
14/12/2017 07:03:29 46.4053713 3.92038 -71.47343 6252 1.2
14/12/2017 09:14:31 46.58736204 3.84274 -71.339 8090 1.1
15/12/2017 09:09:52 47.5809037 3.82998 -71.34023 5421 1.2
15/12/2017 09:10:14 47.58141296 3.85994 -71.40312 10384 1.7
15/12/2017 04:10:04 47.16451481 3.85209 -71.29357 5400 1.8
15/12/2017 07:40:22 47.45659815 3.852 -71.35507 10100 1.2
15/12/2017 09:45:23 47.63023241 3.87303 -71.39576 8577 1.2
16/12/2017 03:08:25 48.07888981 3.82869 -71.34172 5278 1.9
16/12/2017 06:18:50 48.34335741 3.85102 -71.31017 4832 1.2
16/12/2017 06:57:57 48.39768611 3.93012 -71.50387 8111 1.7
16/12/2017 07:00:23 48.40106574 3.85225 -71.35529 10167 1.4
16/12/2017 07:00:38 48.40141296 3.84399 -71.30207 4799 1.2
16/12/2017 07:08:03 48.41171389 3.82941 -71.33942 5467 1.2
16/12/2017 07:13:41 48.41953796 3.85189 -71.29284 5398 1.5
16/12/2017 07:29:44 48.44182963 3.86216 -71.3923 9281 1.1
16/12/2017 07:45:51 48.46421389 3.85226 -71.30903 4755 1.3
16/12/2017 07:28:35 48.44023241 3.86094 -71.37966 10505 1.5
16/12/2017 10:04:09 48.65629722 3.86067 -71.37867 10646 1.3
16/12/2017 10:52:38 48.72363519 3.86121 -71.3785 10627 1.2
17/12/2017 01:45:51 48.96421389 3.88416 -71.40825 5814 1.1
17/12/2017 06:56:40 49.3959037 3.93731 -71.5061 8317 1.7
17/12/2017 07:33:23 49.44689907 3.82957 -71.34363 6095 0.9
17/12/2017 09:48:37 49.63472315 3.88331 -71.36267 6042 1.5
17/12/2017 10:07:44 49.66127407 3.88816 -71.41914 6090 1.3
18/12/2017 01:50:22 49.97048704 3.88501 -71.41824 5356 2
18/12/2017 02:51:39 50.05560278 3.85336 -71.28346 4771 1.4
18/12/2017 08:38:40 50.53757037 3.89203 -71.37708 6355 1.5
18/12/2017 10:09:33 50.66379722 3.84487 -71.30518 4569 1.1
18/12/2017 02:05:36 49.99164444 3.88399 -71.40558 5625 1.1
18/12/2017 02:06:39 49.99310278 3.89045 -71.37721 5231 1.4
18/12/2017 06:51:56 50.38932963 3.84526 -71.30759 4750 1.1
18/12/2017 08:00:42 50.48483889 3.82721 -71.33652 9588 1.2
18/12/2017 09:28:29 50.60676019 3.86102 -71.37904 10777 1.2
19/12/2017 12:56:09 51.89518611 3.89113 -71.37497 4969 1.2
19/12/2017 01:12:48 50.91831111 3.89467 -71.37113 5970 0.9
19/12/2017 01:20:28 50.92895926 3.84677 -71.30359 4265 1.3
19/12/2017 01:36:36 50.95136667 3.83058 -71.27398 4812 1.3
19/12/2017 04:18:36 51.17636667 3.8294 -71.27446 4788 1.6
19/12/2017 06:57:13 51.39666759 3.82569 -71.28075 4248 1.3
19/12/2017 07:07:36 51.41108889 3.82925 -71.34728 5259 1.1
19/12/2017 08:30:12 51.52581111 3.82936 -71.34702 5390 0.9
19/12/2017 08:31:15 51.52726944 3.83061 -71.34563 5608 1.4
19/12/2017 08:56:27 51.56226944 3.83055 -71.34729 5870 1.4
19/12/2017 09:14:28 51.58729259 3.85346 -71.28658 4788 1.3
19/12/2017 09:15:29 51.58870463 3.85181 -71.35594 10247 1.6
19/12/2017 09:17:36 51.59164444 3.89305 -71.37318 5356 1.7
19/12/2017 10:27:13 51.68833426 3.85037 -71.30343 4805 1.5
19/12/2017 10:27:36 51.68886667 3.88526 -71.40245 5572 1.6
19/12/2017 10:31:07 51.69375093 3.83004 -71.34559 5809 1.4
19/12/2017 10:33:06 51.69650556 3.82878 -71.34549 5754 1.2
19/12/2017 10:37:20 51.70238519 3.83113 -71.34557 5676 1.3
19/12/2017 12:05:18 51.82456111 3.83076 -71.34409 5597 1.1
19/12/2017 12:17:42 51.84178333 3.83079 -71.34421 5491 0.9
19/12/2017 03:11:48 51.08358889 3.88507 -71.36235 6075 1.2
19/12/2017 04:20:02 51.17835741 3.78069 -71.21169 3276 1.6
19/12/2017 04:23:59 51.18384352 3.82934 -71.34534 5910 2.1
19/12/2017 04:29:05 51.19092685 3.83163 -71.34441 5292 1.5
19/12/2017 04:32:07 51.19513981 3.83042 -71.34482 5670 1.1
19/12/2017 06:47:57 51.38379722 3.85201 -71.30398 4838 1.1
19/12/2017 08:09:10 51.49659815 3.85147 -71.30409 4924 1.7
19/12/2017 08:44:04 51.54507037 3.85132 -71.30338 4806 1.1
19/12/2017 11:20:51 51.762825 3.83614 -71.364 4758 1.2
19/12/2017 11:47:41 51.80009352 3.85191 -71.29976 5217 1.1
20/12/2017 12:11:36 52.83331111 3.883 -71.40742 5838 1.5
20/12/2017 12:27:34 52.85548704 3.82539 -71.34966 4954 1.6
20/12/2017 12:28:05 52.85620463 3.85102 -71.30186 4811 1.3
20/12/2017 12:55:32 52.89432963 3.85686 -71.31878 9578 1.1
20/12/2017 12:56:16 52.89534815 3.85127 -71.30213 4796 1.3
20/12/2017 12:57:28 52.89701481 3.83007 -71.34691 5634 1
20/12/2017 01:19:00 51.92692222 3.82821 -71.35006 5469 1.2
20/12/2017 01:22:33 51.93185278 3.82758 -71.35018 5398 0.8
20/12/2017 01:25:16 51.93562593 3.85158 -71.30704 6094 1.2
20/12/2017 01:53:44 51.97516296 3.82986 -71.34165 6332 0.8
20/12/2017 01:54:48 51.97664444 3.82592 -71.33619 9606 1.2
20/12/2017 02:01:07 51.98541759 3.87521 -71.37761 5269 1
20/12/2017 02:01:48 51.98636667 3.851 -71.29948 4393 1.2
20/12/2017 02:02:14 51.98696852 3.82985 -71.35309 5525 1.1
20/12/2017 02:03:34 51.98882037 3.83048 -71.30046 5524 1.2
20/12/2017 02:12:57 52.00185278 3.83038 -71.34129 5122 1.2
20/12/2017 02:41:24 52.04136667 3.84359 -71.29395 5149 1.4
20/12/2017 02:44:58 52.04632037 3.85995 -71.37948 10798 1.6
20/12/2017 02:46:04 52.04784815 3.86108 -71.4037 7034 1.5
20/12/2017 02:50:46 52.05437593 3.91922 -71.4809 6114 1.7
20/12/2017 02:58:01 52.06444537 3.86354 -71.42488 6117 1.8
20/12/2017 03:08:35 52.0791213 3.86671 -71.42473 6465 1.5
20/12/2017 03:15:12 52.08831111 3.92672 -71.47376 6821 1.6
20/12/2017 03:18:51 52.09338056 3.89013 -71.39197 6476 1.1
20/12/2017 03:21:19 52.09680648 3.8425 -71.39015 5558 1.6
20/12/2017 03:30:06 52.10900556 3.84554 -71.30884 5093 1.4
20/12/2017 03:41:19 52.12458426 3.8872 -71.39207 5843 1.5
20/12/2017 03:42:59 52.12689907 3.84468 -71.30827 4751 1.2
20/12/2017 03:44:07 52.12847315 3.86533 -71.42032 7370 1.5
20/12/2017 03:44:24 52.12886667 3.88699 -71.39088 5661 1.7
20/12/2017 03:45:35 52.13051019 3.87357 -71.39985 5869 1.2
20/12/2017 03:47:19 52.13291759 3.84983 -71.34619 10124 1.6
20/12/2017 03:48:37 52.13472315 3.85013 -71.32704 4860 1.5
20/12/2017 03:52:29 52.14009352 3.82788 -71.34561 5419 0.9
20/12/2017 04:01:50 52.15307963 3.82979 -71.34449 5186 1.1
20/12/2017 04:02:27 52.15393611 3.67792 -71.43334 10687 1.7
20/12/2017 04:04:02 52.15613519 3.85187 -71.29215 5379 1.1
20/12/2017 04:04:45 52.15713056 3.86366 -71.42518 6001 1.7
20/12/2017 04:08:22 52.1621537 3.82568 -71.3362 9621 1.3
20/12/2017 04:10:52 52.16562593 3.86628 -71.425 6338 1.3
20/12/2017 04:15:24 52.17192222 3.88899 -71.42312 6059 1.5
20/12/2017 04:17:50 52.17530185 3.83447 -71.28666 4854 1.5
20/12/2017 04:25:06 52.18539444 3.82889 -71.35331 5424 1.2
20/12/2017 04:26:12 52.18692222 3.826 -71.34887 4795 1.4
20/12/2017 04:29:16 52.19118148 3.82668 -71.33784 9542 1.5
20/12/2017 04:32:42 52.19595 3.83228 -71.34265 5529 1.4
20/12/2017 04:43:59 52.2116213 3.82668 -71.33777 9491 1.6
20/12/2017 04:47:31 52.2165287 3.84881 -71.3584 10186 2.1
20/12/2017 04:47:53 52.21703796 3.84875 -71.35889 10116 1.6
20/12/2017 04:51:22 52.22187593 3.85025 -71.35707 10274 1.3
20/12/2017 04:51:47 52.22245463 3.84884 -71.35858 10175 1.8
20/12/2017 04:53:40 52.22507037 3.84936 -71.35813 10281 1.7
20/12/2017 04:54:30 52.22622778 3.84983 -71.35814 10518 1.8
20/12/2017 05:09:37 52.24722315 3.84871 -71.35899 10199 1.8
20/12/2017 05:14:29 52.25398241 3.85101 -71.36257 11016 1.3
20/12/2017 05:19:21 52.26074167 3.84897 -71.35839 10251 1.8
20/12/2017 05:20:38 52.26252407 3.84985 -71.35728 10135 1.2
20/12/2017 05:21:16 52.2634037 3.82583 -71.33817 9600 1.4
20/12/2017 05:23:16 52.26618148 3.84967 -71.35848 9983 1.4
20/12/2017 05:26:07 52.27013981 3.82766 -71.336 9613 1.2
20/12/2017 05:26:38 52.27085741 3.82608 -71.33788 9587 1.4
20/12/2017 05:29:34 52.27493148 3.92474 -71.49881 8406 1.9
20/12/2017 05:37:39 52.28615833 3.92408 -71.4984 8423 1.9
20/12/2017 05:38:08 52.28682963 3.8706 -71.35039 9391 1.5
20/12/2017 05:43:53 52.29481574 3.86431 -71.35515 6604 1.1
20/12/2017 06:25:14 52.3522463 3.85334 -71.2851 4765 1.3
20/12/2017 07:11:31 52.4165287 3.86032 -71.41313 6187 1.7
20/12/2017 07:58:19 52.4815287 3.82586 -71.33638 9560 1.1
20/12/2017 08:00:21 52.48435278 3.86363 -71.35524 6769 1.7
20/12/2017 08:26:32 52.52071852 3.89036 -71.39084 6444 1.3
20/12/2017 08:47:22 52.5496537 3.82969 -71.30894 6382 1.1
20/12/2017 08:50:00 52.55331111 3.83035 -71.30484 5333 1.2
20/12/2017 08:51:25 52.5552787 3.82976 -71.30463 5135 1
20/12/2017 08:54:11 52.5591213 3.82999 -71.30431 5198 1.1
20/12/2017 08:59:23 52.56634352 3.88669 -71.37872 5789 1.3
20/12/2017 09:01:37 52.56944537 3.85593 -71.30667 6295 1.3
20/12/2017 09:12:28 52.58451481 3.864 -71.3189 5188 1.4
20/12/2017 09:12:52 52.58507037 3.83666 -71.36315 7269 1.1
20/12/2017 11:45:32 52.79710741 3.85278 -71.38567 10198 1.3
20/12/2017 12:01:54 52.81983889 3.85445 -71.38484 10044 1.2
20/12/2017 02:31:08 52.02710741 3.86123 -71.31114 5562 1.1
20/12/2017 02:43:28 52.04423704 3.86066 -71.31117 5620 1.4
20/12/2017 03:50:13 52.13694537 3.86997 -71.37716 7938 1.2
20/12/2017 04:47:17 52.21620463 3.86069 -71.31093 5634 1.3
20/12/2017 05:17:39 52.25838056 3.82879 -71.34146 5345 1.2
20/12/2017 05:25:55 52.26986204 3.87211 -71.38598 5899 1
20/12/2017 07:25:12 52.43553333 3.87067 -71.3863 5439 1.5
20/12/2017 07:47:43 52.46680648 3.87053 -71.35091 9325 1.4
20/12/2017 07:59:14 52.48280185 3.82152 -71.34913 4879 1.6
20/12/2017 10:44:10 52.71187593 3.88413 -71.37029 9703 1.1
20/12/2017 11:32:26 52.77891296 3.87055 -71.35065 9386 1.4
20/12/2017 11:57:29 52.81370463 3.8707 -71.35041 9398 1.2
21/12/2017 02:12:13 53.00083426 3.87946 -71.40394 8812 1.3
21/12/2017 03:52:04 53.13951481 3.86185 -71.40353 5561 1.8
21/12/2017 03:59:14 53.14946852 3.86174 -71.40346 5734 1.7
21/12/2017 04:21:40 53.18062593 3.86144 -71.40336 5763 1.7
21/12/2017 04:22:16 53.18145926 3.83252 -71.34174 6097 1.1
21/12/2017 05:54:20 53.30932963 3.88886 -71.38979 6021 1.3
21/12/2017 06:04:06 53.32289444 3.88476 -71.40209 6996 1.3
21/12/2017 06:51:35 53.38884352 3.82811 -71.3012 5104 1
21/12/2017 07:15:21 53.42185278 3.85065 -71.35487 10098 1.4
21/12/2017 07:16:42 53.42372778 3.88397 -71.42708 8028 1.5
21/12/2017 09:27:40 53.60562593 3.82697 -71.30069 4855 1.4
21/12/2017 10:36:22 53.70104259 3.83171 -71.31185 4816 1.2
21/12/2017 01:07:24 52.91081111 3.84217 -71.38691 5496 1.5
21/12/2017 01:09:42 52.91400556 3.86057 -71.41301 6434 1.3
21/12/2017 01:15:44 52.92238519 3.83818 -71.2846 7747 2
21/12/2017 06:39:47 53.37245463 3.8286 -71.25705 6039 1.6
21/12/2017 08:16:43 53.50708426 3.86898 -71.38063 9828 1.4
21/12/2017 09:43:19 53.62736204 3.86913 -71.38016 9743 1.2
21/12/2017 10:20:41 53.67926019 3.84795 -71.28731 4751 1.4
21/12/2017 11:18:00 53.75886667 3.88488 -71.40672 5535 1.8
22/12/2017 02:12:55 54.00180648 3.8386 -71.3213 6234 0.9
22/12/2017 03:03:16 54.07173704 3.8404 -71.32234 5862 1.1
22/12/2017 03:19:01 54.09361204 3.84056 -71.3192 6735 1
22/12/2017 05:39:39 54.28893611 3.83907 -71.32055 5862 1
22/12/2017 06:49:22 54.38576481 3.84 -71.3235 5886 1.3
22/12/2017 07:53:46 54.47520926 3.84034 -71.32345 6212 1.4
22/12/2017 08:09:32 54.49710741 3.83897 -71.32072 5677 1.2
22/12/2017 08:37:55 54.5365287 3.83828 -71.32277 5893 1.1
22/12/2017 09:11:14 54.58280185 3.85852 -71.375 11295 1.4
22/12/2017 09:26:53 54.60453796 3.83162 -71.34927 6351 1.6
22/12/2017 09:28:24 54.60664444 3.86269 -71.39872 7149 1
22/12/2017 09:35:22 54.61632037 3.93822 -71.4502 6333 1.6
22/12/2017 09:51:27 54.63865833 3.87043 -71.33863 8918 1.2
22/12/2017 10:48:58 54.71854259 3.86194 -71.36859 10188 1.1
22/12/2017 12:01:10 54.81882037 3.86165 -71.3676 10369 1.3
22/12/2017 12:54:31 54.89291759 3.8442 -71.38454 5131 1.4
22/12/2017 01:41:07 53.95763981 3.87745 -71.39085 6058 1.4
22/12/2017 05:47:21 54.29963056 3.84134 -71.32769 5549 1.5
22/12/2017 06:59:05 54.39926019 3.85992 -71.38142 10742 1.1
22/12/2017 07:11:56 54.41710741 3.85072 -71.29151 5433 1.2
22/12/2017 07:13:20 54.41905185 3.85197 -71.31102 4824 1.8
22/12/2017 07:19:43 54.42791759 3.85138 -71.31066 4958 1.9
22/12/2017 07:25:10 54.43548704 3.84257 -71.31395 4779 1.6
22/12/2017 07:25:36 54.43608889 3.84399 -71.31343 4785 1.3
22/12/2017 08:04:36 54.49025556 3.85357 -71.29224 5321 1.3
22/12/2017 08:15:51 54.50588056 3.82893 -71.34514 9525 1.2
22/12/2017 08:59:36 54.56664444 3.82808 -71.33827 9991 1.1
22/12/2017 09:10:36 54.58192222 3.8286 -71.34396 9682 1.4
22/12/2017 09:51:23 54.63856574 3.82993 -71.34249 9694 1.1
22/12/2017 10:16:38 54.67363519 3.8676 -71.40964 5580 1.6
22/12/2017 10:34:44 54.69877407 3.85969 -71.419 5554 1.5
22/12/2017 10:55:08 54.72710741 3.8621 -71.41508 5699 1.6
22/12/2017 10:59:23 54.73301019 3.82892 -71.34398 9529 1.4
22/12/2017 11:11:47 54.75023241 3.82924 -71.34248 9550 1.2
22/12/2017 11:18:59 54.76023241 3.86084 -71.37837 10647 1.1
22/12/2017 11:34:12 54.78136667 3.82924 -71.34499 9568 1.4
22/12/2017 11:37:58 54.78659815 3.86281 -71.3678 10005 1.2
22/12/2017 11:44:29 54.79564907 3.82976 -71.34311 9520 1.2
23/12/2017 12:11:35 55.83328796 3.8305 -71.34332 9610 1.1
23/12/2017 12:15:26 55.83863519 3.82831 -71.3447 9714 1.7
23/12/2017 12:34:11 55.86467685 3.8294 -71.34326 9560 1.4
23/12/2017 12:48:59 55.88523241 3.82941 -71.34219 9622 1.3
23/12/2017 01:08:21 54.91213056 3.82949 -71.34328 9617 1.5
23/12/2017 01:11:17 54.91620463 3.83031 -71.34254 9539 1.3
23/12/2017 01:19:56 54.92821852 3.82925 -71.34311 9600 1.5
23/12/2017 01:21:36 54.93053333 3.82806 -71.35336 4761 1.4
23/12/2017 01:38:52 54.95451481 3.865 -71.41565 6321 1.4
23/12/2017 01:53:56 54.97544074 3.82908 -71.34433 9550 1.7
23/12/2017 01:54:24 54.97608889 3.82828 -71.34269 10091 1.7
23/12/2017 02:36:49 55.03500093 3.86379 -71.41731 5673 1.4
23/12/2017 02:52:21 55.056575 3.87842 -71.39167 6428 1.3
23/12/2017 02:53:05 55.05759352 3.85838 -71.37834 10330 1.5
23/12/2017 03:40:24 55.12331111 3.87065 -71.36684 5070 1.4
23/12/2017 04:13:08 55.16877407 3.82996 -71.34426 9285 1.9
23/12/2017 04:44:43 55.21263981 3.82866 -71.34548 9580 1.7
23/12/2017 04:50:43 55.22097315 3.82829 -71.34598 9289 2.4
23/12/2017 04:59:09 55.23268611 3.82961 -71.34368 9596 1.4
23/12/2017 05:17:27 55.25810278 3.82834 -71.34363 9525 1.8
23/12/2017 05:55:23 55.31078796 3.82868 -71.34509 9785 2
23/12/2017 06:37:37 55.36944537 3.82941 -71.34486 9780 1.5
23/12/2017 06:41:37 55.37500093 3.82954 -71.34414 9478 1.1
23/12/2017 06:51:58 55.38937593 3.8299 -71.34253 9771 1.2
23/12/2017 07:07:13 55.41055648 3.8279 -71.34507 10138 1.2
23/12/2017 07:33:12 55.44664444 3.82797 -71.34386 9534 1.5
23/12/2017 07:40:26 55.45669074 3.82996 -71.34431 9616 1.4
23/12/2017 08:37:41 55.53620463 3.82883 -71.34752 9991 1.1
23/12/2017 08:42:26 55.54280185 3.82841 -71.34484 9740 1.8
23/12/2017 08:49:45 55.55296389 3.82905 -71.34451 9759 1.2
23/12/2017 08:50:35 55.5541213 3.82801 -71.34509 9628 1.8
23/12/2017 04:11:32 55.16655185 3.82993 -71.34259 9595 1.4
23/12/2017 05:44:32 55.29571852 3.82866 -71.34523 9701 1.9
23/12/2017 05:46:07 55.29791759 3.8291 -71.34259 9810 1.2
23/12/2017 06:12:34 55.3346537 3.82882 -71.34484 9722 1.6
23/12/2017 07:09:13 55.41333426 3.82819 -71.34527 9643 1.6
23/12/2017 07:15:25 55.42194537 3.86916 -71.40649 6036 1.2
23/12/2017 07:57:41 55.48064907 3.83032 -71.34401 9719 1.1
23/12/2017 08:07:26 55.49419074 3.82982 -71.3459 9897 1
23/12/2017 10:00:06 55.65067222 3.82962 -71.34527 9993 1.1
23/12/2017 10:44:47 55.71273241 3.82982 -71.34577 9628 1.1
23/12/2017 10:48:40 55.71812593 3.82979 -71.34284 9625 1.4
23/12/2017 11:40:09 55.78963056 3.82968 -71.34377 9607 1.1
23/12/2017 11:40:18 55.78983889 3.82882 -71.34407 9643 1.5
24/12/2017 01:22:46 55.9321537 3.82985 -71.34355 9612 1.3
24/12/2017 06:25:14 56.3522463 3.82912 -71.34381 9778 1.3
24/12/2017 06:27:58 56.35604259 3.82901 -71.3441 9648 1.5
24/12/2017 06:50:04 56.38673704 3.83047 -71.34272 9853 1.1
24/12/2017 07:05:47 56.40856574 3.83002 -71.34363 9695 1.1
24/12/2017 07:09:34 56.41382037 3.82958 -71.3444 9675 1.5
24/12/2017 08:31:27 56.52754722 3.82997 -71.34554 9819 1
24/12/2017 08:42:32 56.54294074 3.83028 -71.34225 9741 1.2
24/12/2017 03:07:36 56.07775556 3.82965 -71.34314 9644 1.2
24/12/2017 05:51:20 56.30516296 3.82963 -71.34438 9598 1.3
24/12/2017 09:15:39 56.58893611 3.8289 -71.34449 9675 1.6
24/12/2017 09:15:47 56.5891213 3.86015 -71.3935 7684 2.1
24/12/2017 09:24:00 56.60053333 3.82842 -71.34416 9572 1.4
24/12/2017 09:24:13 56.60083426 3.82929 -71.34533 9793 1.4
24/12/2017 09:31:45 56.61129722 3.82941 -71.34351 9687 1.4
24/12/2017 09:42:54 56.62678333 3.83084 -71.34161 9798 1.2
24/12/2017 09:56:42 56.64595 3.82884 -71.34364 9643 1.7
24/12/2017 09:57:21 56.64685278 3.86013 -71.39389 7868 1.8
24/12/2017 10:03:13 56.65500093 3.82888 -71.34376 9751 1.3
24/12/2017 10:08:26 56.6622463 3.82975 -71.3441 9649 1.2
24/12/2017 10:24:38 56.6847463 3.82959 -71.34327 9714 1.2
24/12/2017 10:30:52 56.6934037 3.82915 -71.34307 9541 1.5
24/12/2017 10:38:36 56.70414444 3.83026 -71.3446 9673 1.2
24/12/2017 10:43:17 56.71064907 3.82951 -71.34394 9695 1.6
24/12/2017 11:12:06 56.75067222 3.83068 -71.34425 9740 1.1
24/12/2017 11:18:03 56.75893611 3.83036 -71.34147 10024 1.1
24/12/2017 11:48:52 56.80173704 3.82972 -71.33939 9944 1.2
24/12/2017 11:52:53 56.80731574 3.82924 -71.3442 9799 1.6
24/12/2017 11:53:11 56.80773241 3.83029 -71.34224 9878 1.1
24/12/2017 11:54:33 56.80963056 3.8298 -71.34355 9798 1.2
24/12/2017 11:56:17 56.81203796 3.82902 -71.3448 9768 1.7
25/12/2017 10:40:35 57.70689907 3.86299 -71.39754 6955 1.2
25/12/2017 11:51:43 57.80569537 3.82896 -71.34463 9611 1.5
25/12/2017 12:53:15 57.89115833 3.82892 -71.34298 9785 1.3
25/12/2017 02:31:53 57.02814907 3.83027 -71.34191 9790 1.1
25/12/2017 03:48:05 57.13398241 3.83157 -71.33771 9863 1.3
25/12/2017 07:41:47 57.45856574 3.83371 -71.34474 9210 1.4
25/12/2017 08:09:50 57.49752407 3.86013 -71.3927 7980 1
25/12/2017 09:23:24 57.5997 3.8289 -71.3445 9573 1.8
25/12/2017 09:55:18 57.64400556 3.82537 -71.33598 10175 1.3
25/12/2017 11:28:21 57.77324167 3.86043 -71.39248 7908 1
25/12/2017 11:32:06 57.77845 3.83033 -71.34186 9716 1.1
25/12/2017 11:35:10 57.78270926 3.82891 -71.3449 9779 1.3
25/12/2017 11:56:38 57.81252407 3.82873 -71.34505 9738 1.9
25/12/2017 12:23:11 57.84939907 3.82866 -71.34443 9739 1.3
25/12/2017 12:30:45 57.85990833 3.83093 -71.34232 9987 1
25/12/2017 12:40:21 57.87324167 3.82894 -71.34402 9713 1.3
25/12/2017 12:46:49 57.88222315 3.82877 -71.3434 9669 1.5
25/12/2017 01:18:09 56.92574167 3.82901 -71.34459 9679 1.5
25/12/2017 02:19:21 57.01074167 3.82941 -71.3437 9867 1.2
25/12/2017 03:13:40 57.08618148 3.82992 -71.34362 9593 1.3
25/12/2017 03:21:30 57.09706111 3.82987 -71.34288 9715 1.2
25/12/2017 03:28:07 57.10625093 3.83038 -71.34299 9781 1.4
25/12/2017 03:33:50 57.11419074 3.82897 -71.34423 9741 1.5
25/12/2017 04:49:11 57.21884352 3.83012 -71.34294 9813 1.6
25/12/2017 04:50:21 57.22046389 3.82916 -71.34298 9722 1.6
25/12/2017 04:55:00 57.22692222 3.82903 -71.34353 9800 1.9
25/12/2017 05:00:44 57.23488519 3.83013 -71.34352 9788 1.3
25/12/2017 05:12:22 57.25104259 3.82987 -71.34382 9907 1.5
25/12/2017 05:49:06 57.30206111 3.82785 -71.34254 9661 1.8
25/12/2017 05:53:17 57.3078713 3.82893 -71.34397 9776 1.5
25/12/2017 06:12:33 57.33463056 3.82763 -71.3021 4821 1.2
25/12/2017 06:14:31 57.33736204 3.86954 -71.38266 9431 1.5
25/12/2017 07:00:48 57.40164444 3.82831 -71.34481 9859 1.4
25/12/2017 07:20:14 57.42863519 3.82983 -71.34379 9664 1.2
25/12/2017 09:30:58 57.61020926 3.8287 -71.34394 9692 1.3
25/12/2017 09:58:19 57.64819537 3.93048 -71.46027 5759 1.7
26/12/2017 12:22:35 58.84856574 3.92707 -71.45807 6557 1.3
26/12/2017 12:31:28 58.8609037 3.83153 -71.34053 5983 1.3
26/12/2017 01:12:29 57.9178713 3.83432 -71.33673 5206 1
26/12/2017 01:16:03 57.922825 3.82996 -71.34276 9639 1.4
26/12/2017 01:31:34 57.94437593 3.89172 -71.38956 6473 1
26/12/2017 01:34:39 57.94865833 3.82662 -71.35051 5912 0.9
26/12/2017 02:20:11 58.01189907 3.86182 -71.37096 10361 1.4
26/12/2017 04:34:42 58.19872778 3.83385 -71.34091 6104 1
26/12/2017 05:02:34 58.23743148 3.8855 -71.44022 5434 1.1
26/12/2017 05:04:36 58.24025556 3.86296 -71.36945 10229 1.4
26/12/2017 05:57:58 58.31437593 3.8518 -71.35616 10105 1.8
26/12/2017 06:58:06 58.39789444 3.8516 -71.35581 10100 1.4
26/12/2017 06:58:44 58.39877407 3.85164 -71.35567 10170 1.5
26/12/2017 07:12:29 58.4178713 3.82918 -71.34482 9645 1.7
26/12/2017 08:18:41 58.50981574 3.82971 -71.34616 9897 1.3
26/12/2017 08:53:26 58.55807963 3.82811 -71.3441 9685 1.3
26/12/2017 10:14:03 58.67004722 3.87263 -71.39111 8054 1.5
26/12/2017 04:31:48 58.1947 3.83082 -71.34274 9523 1.3
26/12/2017 04:31:59 58.19495463 3.84551 -71.27787 4814 1.3
26/12/2017 07:59:07 58.48263981 3.85422 -71.38468 10282 1.2
26/12/2017 11:24:24 58.76775556 3.82493 -71.29498 4765 1.5
27/12/2017 03:11:03 59.08254722 3.86618 -71.37615 9998 2.3
27/12/2017 03:56:08 59.14516296 3.8287 -71.34577 9861 1.8
27/12/2017 04:41:19 59.20791759 3.83013 -71.345 9583 1
27/12/2017 04:43:48 59.21136667 3.8699 -71.38233 9513 1.3
27/12/2017 06:01:07 59.31875093 3.82952 -71.34519 9631 1.1
27/12/2017 06:39:19 59.37180648 3.86641 -71.36906 10405 1.3
27/12/2017 08:58:06 59.56456111 3.82307 -71.34058 5104 1.3
27/12/2017 09:04:32 59.5734963 3.82115 -71.34158 5352 1.1
27/12/2017 09:14:41 59.58759352 3.82799 -71.34249 5030 1.1
27/12/2017 10:47:00 59.71581111 3.82959 -71.34629 5439 1
28/12/2017 03:16:43 60.09041759 3.82895 -71.34512 9790 1.4
28/12/2017 05:08:44 60.2459963 3.8291 -71.34588 9607 1.4
28/12/2017 06:18:07 60.34236204 3.82864 -71.34562 9821 1.6
28/12/2017 06:36:59 60.36856574 3.82849 -71.34325 9700 1.5
28/12/2017 06:58:06 60.39789444 3.84096 -71.3061 4975 1.4
28/12/2017 08:22:44 60.51544074 3.83063 -71.3438 9669 1.5
28/12/2017 11:28:55 60.7740287 3.82875 -71.34523 9699 2.4
28/12/2017 11:58:59 60.81578796 3.82865 -71.3439 9654 1.8
28/12/2017 11:59:20 60.81627407 3.82939 -71.34559 9612 2.3
28/12/2017 12:32:59 60.86301019 3.82962 -71.34327 9705 1.3
28/12/2017 12:55:29 60.89426019 3.82982 -71.34455 9731 1.7
28/12/2017 04:56:39 60.22921389 3.82915 -71.34298 9608 1.2
28/12/2017 05:51:57 60.30601944 3.83044 -71.34488 9777 1.4
29/12/2017 01:07:21 60.91074167 3.82938 -71.34401 9574 1.9
29/12/2017 02:54:20 61.05932963 3.83 -71.34408 9722 1.5
29/12/2017 03:29:33 61.10824167 3.83093 -71.3467 9835 1.1
29/12/2017 05:50:18 61.30372778 3.82983 -71.3439 9653 1.5
29/12/2017 06:58:36 61.39858889 3.8303 -71.34233 9925 1.2
29/12/2017 08:42:30 61.54289444 3.82915 -71.3432 9747 1.8
29/12/2017 10:43:26 61.71085741 3.82899 -71.34479 9923 1.4
29/12/2017 11:21:53 61.76426019 3.83037 -71.34242 9936 1.3
29/12/2017 11:53:59 61.80884352 3.82894 -71.34461 9835 2.2
29/12/2017 03:15:14 61.08835741 3.82923 -71.34518 9771 1.9
29/12/2017 06:11:16 61.33284815 3.82932 -71.34367 9973 1.3
29/12/2017 08:36:14 61.53419074 3.82897 -71.34311 9963 1.5
29/12/2017 11:24:17 61.76759352 3.8291 -71.34479 9481 1.1
30/12/2017 12:22:28 62.8484037 3.83026 -71.34396 9582 1.1
30/12/2017 01:12:05 61.91731574 3.82914 -71.3436 9938 1.5
30/12/2017 03:10:18 62.08150556 3.82935 -71.34445 9719 1.2
30/12/2017 04:22:29 62.18176019 3.82979 -71.34706 9725 1.1
30/12/2017 06:44:04 62.3784037 3.82928 -71.34585 9743 2.2
30/12/2017 07:09:52 62.41423704 3.83021 -71.34109 9830 1
30/12/2017 08:20:24 62.5122 3.82842 -71.34456 9641 1.3
30/12/2017 11:17:24 62.75803333 3.83005 -71.34427 9729 1
30/12/2017 02:55:39 62.06115833 3.82947 -71.3429 9569 1.3
30/12/2017 04:13:00 62.16858889 3.82956 -71.34629 10080 1.1
30/12/2017 05:02:41 62.23759352 3.82952 -71.34375 9591 1.3
30/12/2017 09:39:03 62.62143611 3.82895 -71.34379 9715 1.8
31/12/2017 01:40:04 62.95618148 3.82999 -71.34336 9620 1.2
31/12/2017 04:43:49 63.21138981 3.82933 -71.34341 10226 1.3
31/12/2017 05:23:30 63.26650556 3.82964 -71.34637 9646 1.9
31/12/2017 05:55:43 63.31125093 3.83012 -71.3443 9619 1.3
31/12/2017 06:01:10 63.31882037 3.83055 -71.343 9771 1.2
31/12/2017 08:36:52 63.53507037 3.82953 -71.34463 9625 1.3
31/12/2017 09:09:13 63.58000093 3.82825 -71.3441 9777 1.7
31/12/2017 11:34:48 63.7822 3.82985 -71.34274 9712 1.1
31/12/2017 12:03:32 63.82210741 3.82989 -71.34408 9721 1.1
31/12/2017 12:26:08 63.8534963 3.8296 -71.34576 9690 1.1
31/12/2017 06:32:35 63.36245463 3.82789 -71.30382 4851 1.8
31/12/2017 06:33:22 63.36354259 3.82986 -71.34492 9666 1.2
31/12/2017 08:49:36 63.55275556 3.82953 -71.34477 9759 1.1
31/12/2017 09:30:45 63.60990833 3.83079 -71.34714 9296 0.9
01/01/2018 01:28:07 63.93958426 3.82884 -71.34543 9617 1.8
01/01/2018 05:59:15 64.31615833 3.84897 -71.32447 4898 1.3
01/01/2018 07:17:31 64.42486204 3.82882 -71.3439 9664 1
01/01/2018 08:54:34 64.5596537 3.82964 -71.34306 9832 0.9
01/01/2018 10:07:55 64.6615287 3.82926 -71.34605 9811 2.2
01/01/2018 10:39:41 64.70564907 3.82779 -71.29823 5128 1.3
01/01/2018 06:25:23 64.35245463 3.82959 -71.34403 9851 1.1
01/01/2018 09:43:51 64.62810278 3.82849 -71.30536 4825 1.5
01/01/2018 09:45:49 64.63083426 3.82744 -71.34396 9663 1.7
01/01/2018 09:46:55 64.63236204 3.82977 -71.34797 10272 1.3
01/01/2018 09:53:49 64.64194537 3.85962 -71.40651 5937 1.2
01/01/2018 09:58:49 64.64888981 3.82972 -71.3466 9713 2
01/01/2018 10:10:57 64.66574167 3.88155 -71.36446 9523 1.3
01/01/2018 11:16:30 64.75678333 3.88025 -71.3638 9252 1.3
02/01/2018 02:06:12 64.99247778 3.88196 -71.36398 9462 1.2
02/01/2018 02:08:36 64.99581111 3.88025 -71.36512 9605 1.3
02/01/2018 03:37:27 65.11921389 3.87994 -71.36631 9656 1.4
02/01/2018 03:49:41 65.13620463 3.85071 -71.29263 4292 1.4
02/01/2018 05:06:56 65.2434963 3.82805 -71.34716 9875 1
02/01/2018 05:30:06 65.27567222 3.82965 -71.34686 9910 1.2
02/01/2018 05:58:46 65.31548704 3.8294 -71.34374 9722 1.1
02/01/2018 06:00:51 65.31838056 3.82755 -71.3015 4835 1.3
02/01/2018 06:04:01 65.3227787 3.83521 -71.32087 4802 1.3
02/01/2018 06:10:14 65.33141296 3.83049 -71.34093 9970 0.9
02/01/2018 06:57:29 65.39703796 3.84655 -71.27741 2631 1.2
02/01/2018 07:32:29 65.44564907 3.83016 -71.34538 9814 1.5
02/01/2018 07:45:08 65.46321852 3.82714 -71.30479 4794 1.8
02/01/2018 09:37:57 65.61990833 3.82923 -71.34412 9717 1.8
02/01/2018 10:02:32 65.65405185 3.82916 -71.34632 9691 2.4
02/01/2018 01:08:41 64.91259352 3.82954 -71.34417 9782 1.5
02/01/2018 04:44:31 65.21236204 3.82901 -71.34389 9620 1.7
02/01/2018 09:13:05 65.5853713 3.8298 -71.34376 9614 1.2
03/01/2018 12:19:03 66.84365833 3.82785 -71.30345 4840 1.5
03/01/2018 12:20:27 66.84560278 3.86731 -71.4078 5676 2.2
03/01/2018 02:07:35 65.99439907 3.86683 -71.40977 5920 1.8
03/01/2018 02:58:55 66.06569537 3.86658 -71.40751 6486 1.5
03/01/2018 05:03:50 66.23919074 3.8667 -71.40839 5733 1.9
03/01/2018 05:12:36 66.25136667 3.83027 -71.34283 9661 1.1
03/01/2018 05:22:48 66.26553333 3.82836 -71.34484 9762 1.5
03/01/2018 05:26:38 66.27085741 3.86779 -71.40764 6285 1.8
03/01/2018 05:54:55 66.31013981 3.83017 -71.34161 8891 1.2
03/01/2018 05:57:21 66.31351944 3.82934 -71.34573 9680 1.7
03/01/2018 06:47:00 66.38247778 3.82826 -71.34528 9708 1.4
03/01/2018 08:46:10 66.54798704 3.82854 -71.34606 9830 1.4
03/01/2018 09:00:21 66.56768611 3.82871 -71.34451 9900 1.8
03/01/2018 09:05:38 66.57502407 3.82924 -71.3442 9774 1.8
03/01/2018 11:43:56 66.79488519 3.83002 -71.34385 9825 1.5
03/01/2018 05:20:39 66.26254722 3.8327 -71.34423 9987 1.1
04/01/2018 03:50:54 67.13789444 3.82956 -71.3449 9539 1.3
04/01/2018 03:51:31 67.13875093 3.82887 -71.34542 9561 1.6
04/01/2018 07:40:17 67.45648241 3.82947 -71.34569 9667 1.6
04/01/2018 12:06:29 67.82620463 3.83009 -71.34527 9884 1
04/01/2018 12:53:25 67.89138981 3.82943 -71.34562 9917 1.2
04/01/2018 02:46:49 67.04888981 3.82979 -71.34194 10009 1.2
04/01/2018 03:23:35 67.09995463 3.82857 -71.34664 9598 1.8
04/01/2018 10:46:12 67.7147 3.83012 -71.34426 9844 1.1
04/01/2018 11:31:43 67.77791759 3.82895 -71.34617 9855 2.1
05/01/2018 12:38:38 68.87085741 3.83026 -71.34576 9683 1.2
05/01/2018 03:38:48 68.12108889 3.83032 -71.34228 10074 1.2
05/01/2018 07:52:26 68.47335741 3.82998 -71.34439 9825 1.7
05/01/2018 08:25:38 68.51946852 3.83002 -71.34521 9860 1.4
05/01/2018 09:24:50 68.60169074 3.82911 -71.34543 9755 1.2
05/01/2018 11:49:14 68.8022463 3.82889 -71.3462 9775 1.8
05/01/2018 01:26:25 67.93722315 3.86658 -71.40799 5519 1.3
05/01/2018 09:37:17 68.61898241 3.83044 -71.34189 9799 1.4
06/01/2018 12:59:57 69.90046389 3.82969 -71.34556 9812 1.4
06/01/2018 03:54:53 69.14342685 3.92533 -71.47643 6935 1.3
06/01/2018 09:10:42 69.58206111 3.82799 -71.30319 4820 1.1
06/01/2018 09:37:09 69.61879722 3.85822 -71.41302 5862 1
06/01/2018 12:30:11 69.8591213 3.8304 -71.34508 9661 1.1
06/01/2018 09:51:23 69.63856574 3.8287 -71.34757 9609 1.1
