29/10/2017 04:23:14 -1 3.85555198388 -71.3844681629 7921.0 1.0
30/10/2017 11:55:06 0.8138 3.84464516464 -71.2997263009 1430.0 0.9
30/10/2017 11:45:39 0.80723 3.86094295517 -71.3809948151 8981.0 1.2
30/10/2017 11:10:07 0.78256 3.94909021685 -71.4594623109 2949.0 1.4
30/10/2017 11:09:49 0.78235 3.8987366838 -71.4216510356 3454.0 1.2
30/10/2017 11:08:54 0.78171 3.84374994949 -71.2994829827 1344.0 1.0
30/10/2017 11:06:33 0.78008 3.84637183995 -71.3019325392 1379.0 1.9
30/10/2017 10:14:36 0.74401 3.86135872397 -71.3815981857 9340.0 1.1
30/10/2017 10:11:12 0.74164 3.85974042166 -71.3804181761 9353.0 1.0
30/10/2017 08:59:36 0.69192 3.86129553495 -71.3812830468 9451.0 1.3
30/10/2017 08:45:22 0.68204 3.86159413974 -71.3807789664 9201.0 1.5
30/10/2017 08:40:36 0.67873 3.86229024 -71.3814004438 9623.0 0.9
30/10/2017 08:18:01 0.66304 3.86241712811 -71.380608195 8761.0 1.2
30/10/2017 02:16:37 0.41207 3.82855997879 -71.352578911 727.0 0.8
30/10/2017 12:14:27 0.32723 3.86265178185 -71.3819137629 9045.0 1.0
30/10/2017 12:07:26 0.32236 3.85009637458 -71.2702779925 2211.0 1.4
30/10/2017 10:26:03 0.25196 3.8440450957 -71.3117184103 1647.0 1.4
30/10/2017 09:23:27 0.20848 3.87852487385 -71.4227502658 5368.0 1.1
30/10/2017 08:41:00 0.17901 3.89656644821 -71.373957623 3300.0 0.8
30/10/2017 07:05:54 0.11296 3.87999471998 -71.4106681728 4895.0 0.8
30/10/2017 01:16:00 -0.13002 3.86196495101 -71.3806620546 9452.0 1.5
31/10/2017 10:40:03 1.76168 3.83553105157 -71.3563444248 1824.0 1.0
31/10/2017 10:02:13 1.73541 3.8467335876 -71.301860608 1753.0 1.3
31/10/2017 07:57:39 1.6489 3.84726679662 -71.3031482104 1893.0 0.9
31/10/2017 07:56:52 1.64836 3.82944248209 -71.3639229882 6149.0 1.6
31/10/2017 07:15:39 1.61973 3.8465434468 -71.3027428748 1800.0 1.3
31/10/2017 06:45:10 1.59857 3.85699555803 -71.2737818516 2758.0 0.8
31/10/2017 05:55:36 1.56414 3.85668844517 -71.2722332043 2793.0 0.8
31/10/2017 05:53:45 1.56286 3.84588343019 -71.3022205146 1615.0 1.9
31/10/2017 05:50:23 1.56052 3.85642827334 -71.3869353741 10150.0 1.4
31/10/2017 02:40:46 1.42884 3.83582504362 -71.3108878837 2270.0 1.2
31/10/2017 12:28:17 1.33684 3.84530352863 -71.3064788838 1775.0 1.4
31/10/2017 12:27:27 1.33626 3.84663380737 -71.3030129955 1862.0 1.2
31/10/2017 10:40:46 1.26218 3.82989463786 -71.3639321415 6022.0 1.3
31/10/2017 05:21:08 1.04021 3.83205858471 -71.3559921813 984.0 0.3
31/10/2017 04:23:30 1.00019 3.8611780514 -71.3810669252 9409.0 1.0
31/10/2017 01:04:21 0.86189 3.89028560573 -71.3875239042 4577.0 0.9
31/10/2017 12:43:28 0.84739 3.84666153808 -71.3007351852 1741.0 1.1
31/10/2017 12:35:59 0.84219 3.84415749948 -71.2971512574 1178.0 0.7
03/11/2017 12:44:59 4.34844 3.89401723369 -71.3960517399 5050.0 1.9
06/11/2017 09:15:02 7.70264 3.931127893 -71.4655048023 4488.0 2.2
07/11/2017 05:54:19 8.56325 3.86107847017 -71.3813639996 9491.0 1.6
08/11/2017 06:16:07 9.5784 3.85410983156 -71.3130086323 2823.0 2.0
08/11/2017 12:31:47 9.3393 3.85375721637 -71.312756443 2720.0 2.0
09/11/2017 09:34:37 10.7162 3.86109658231 -71.3812919794 9631.0 1.8
10/11/2017 03:09:51 11.449 3.8616574386 -71.3807879922 9575.0 2.0
12/11/2017 07:13:30 13.6182 3.8530790132 -71.3126212073 2682.0 1.9
13/11/2017 08:09:21 14.657 3.86120540003 -71.3804547086 9111.0 1.8
13/11/2017 08:09:18 14.657 3.86118743922 -71.3801035725 9103.0 1.5
14/11/2017 09:01:19 15.1931 3.93289158748 -71.4648663331 4282.0 1.9
14/11/2017 06:27:32 15.0863 3.93199577034 -71.4660544475 4597.0 2.5
14/11/2017 06:20:13 15.0812 3.93277286245 -71.4673603884 4478.0 2.9
15/11/2017 03:24:58 16.4595 3.85278047503 -71.3130262733 2667.0 2.2
15/11/2017 09:16:27 16.2036 3.84331410631 -71.3061632414 2224.0 1.9
16/11/2017 10:05:48 17.7379 3.93043915805 -71.4686288657 4761.0 2.1
16/11/2017 08:01:30 17.1516 3.9337863884 -71.4658571884 4707.0 2.5
19/11/2017 01:21:55 20.3741 3.83536320091 -71.31321056 2475.0 1.9
20/11/2017 08:35:52 21.6754 3.89071954373 -71.3878842081 4904.0 1.9
20/11/2017 05:02:38 21.0274 3.93142480034 -71.4687373728 4741.0 2.0
21/11/2017 08:30:30 22.6717 3.8595600594 -71.3790135957 8153.0 1.74
21/11/2017 03:22:09 22.4576 3.93335076202 -71.4879348006 4086.0 2.0
21/11/2017 11:32:53 22.2984 3.84750110705 -71.3061913668 2274.0 2.0
21/11/2017 10:45:06 22.2652 3.84856008625 -71.3027344012 2221.0 2.0
21/11/2017 07:45:07 22.1402 3.84735827803 -71.2991597995 2254.0 2.2
21/11/2017 03:47:42 21.9753 3.84808038169 -71.3042918367 2128.0 2.1
21/11/2017 03:07:08 21.9471 3.84940061884 -71.3045622836 2302.0 2.0
23/11/2017 03:59:19 23.9834 3.92902141484 -71.5014565957 6571.0 1.8
24/11/2017 02:54:10 25.4381 3.84855978486 -71.3038688107 2411.0 1.9
26/11/2017 08:53:25 27.6876 3.86161202133 -71.4055921262 3459.0 1.9
26/11/2017 03:11:46 26.9504 3.8519265652 -71.3556474966 8631.0 2.4
27/11/2017 12:06:01 28.3214 3.85185405152 -71.3561606582 8537.0 1.7
27/11/2017 06:45:07 28.0985 3.8521887849 -71.3557466175 8413.0 1.8
29/11/2017 12:01:54 30.3185 3.85186335433 -71.3553683753 8751.0 2.3
30/11/2017 01:59:39 30.9834 3.83066 -71.34582 9629 1.3
30/11/2017 02:54:11 31.0591 3.86813 -71.40682 6353 1.7
30/11/2017 03:10:23 31.0816 3.83032 -71.34664 9633 1.3
30/11/2017 05:51:58 31.306 3.82946 -71.34672 9430 1.6
30/11/2017 06:04:58 31.3241 3.87096 -71.4122 5402 1.5
30/11/2017 06:07:30 31.3276 3.82957 -71.34579 9447 1.3
30/11/2017 06:08:00 31.3283 3.83009 -71.34494 9431 1.2
30/11/2017 06:16:33 31.3402 3.83041 -71.34464 9625 1.4
30/11/2017 07:08:20 31.4121 3.87154 -71.41134 5451 2.3
30/11/2017 07:52:37 31.4736 3.8307 -71.34353 9818 1.1
30/11/2017 08:33:49 31.5308 3.87132 -71.41108 5298 2
30/11/2017 09:16:26 31.59 3.86741 -71.41055 4758 1.4
30/11/2017 05:48:14 31.3009 3.87123 -71.41041 5604 1.8
30/11/2017 06:00:18 31.3176 3.87058 -71.41259 5326 1.1
30/11/2017 07:05:16 31.4078 3.87111 -71.4118 5357 1.3
30/11/2017 07:38:23 31.4538 3.87083 -71.41246 5455 1.2
30/11/2017 07:50:07 31.4701 3.84144 -71.31167 4750 1.4
30/11/2017 08:00:13 31.4842 3.85204 -71.41119 10978 1.3
30/11/2017 08:04:34 31.4902 3.87027 -71.41165 5587 1.1
30/11/2017 08:05:15 31.4912 3.84649 -71.30921 4939 1
30/11/2017 08:23:37 31.5167 3.84891 -71.30389 4498 0.9
30/11/2017 11:12:23 31.7511 3.84417 -71.3091 4760 0.8
30/11/2017 11:14:51 31.7545 3.84688 -71.30932 4972 1
30/11/2017 11:17:37 31.7583 3.8716 -71.40986 5238 1.6
30/11/2017 11:19:25 31.7608 3.8897 -71.39697 5868 1
30/11/2017 11:20:02 31.7617 3.88651 -71.3976 5101 1.1
30/11/2017 11:20:50 31.7628 3.89088 -71.39648 6102 0.9
30/11/2017 11:21:45 31.7641 3.87107 -71.40758 5749 1
30/11/2017 11:23:21 31.7663 3.87117 -71.41094 5355 1.4
30/11/2017 11:25:09 31.7688 3.86782 -71.40805 5625 1.7
30/11/2017 11:27:11 31.7716 3.85955 -71.38019 10693 1.4
30/11/2017 11:28:50 31.7739 3.8602 -71.38099 10774 1.6
30/11/2017 11:32:04 31.7784 3.85342 -71.3314 4833 1.5
30/11/2017 11:34:01 31.7811 3.88477 -71.40802 6862 1.2
30/11/2017 11:35:58 31.7838 3.86864 -71.40867 6050 1.1
30/11/2017 11:36:58 31.7852 3.8834 -71.40763 5763 1
30/11/2017 11:40:35 31.7902 3.88304 -71.4085 6001 0.9
30/11/2017 11:42:53 31.7934 3.88268 -71.40831 5791 1.3
30/11/2017 11:43:07 31.7938 3.85121 -71.35602 10313 1.5
30/11/2017 11:53:49 31.8086 3.83887 -71.34849 8802 1.1
30/11/2017 11:55:14 31.8106 3.83586 -71.45346 9068 1.1
30/11/2017 11:56:20 31.8121 3.88252 -71.40728 5649 1.4
30/11/2017 11:57:12 31.8133 3.92647 -71.47934 6027 2
01/12/2017 12:13:32 32.836 3.88691 -71.40356 4923 1.2
01/12/2017 12:14:56 32.8379 3.88304 -71.40661 5734 1.4
01/12/2017 12:15:25 32.8386 3.83806 -71.34858 8838 1
01/12/2017 12:17:08 32.841 3.82978 -71.34501 9467 1.5
01/12/2017 12:17:32 32.8416 3.88986 -71.44141 5231 1.1
01/12/2017 12:18:37 32.8431 3.86995 -71.39898 7006 0.8
01/12/2017 12:23:27 32.8498 3.85227 -71.31483 5683 1.1
01/12/2017 12:24:48 32.8516 3.8898 -71.44052 5177 1.2
01/12/2017 12:31:19 32.8607 3.86816 -71.39793 5642 1.1
01/12/2017 12:35:14 32.8661 3.86848 -71.39775 5633 1.5
01/12/2017 12:41:51 32.8753 3.86966 -71.39831 6012 1.1
01/12/2017 12:45:24 32.8803 3.93377 -71.49566 8145 2.4
01/12/2017 12:46:51 32.8823 3.85895 -71.35105 9026 1.2
01/12/2017 01:04:36 31.9069 3.88675 -71.38123 6401 1.7
01/12/2017 01:07:40 31.9112 3.85153 -71.41017 11018 1.1
01/12/2017 01:09:39 31.9139 3.85833 -71.35116 8631 1.3
01/12/2017 01:11:50 31.917 3.85691 -71.35192 8888 1.1
01/12/2017 01:12:24 31.9178 3.92471 -71.47446 7007 1.7
01/12/2017 01:14:24 31.9205 3.8826 -71.40627 5323 1
01/12/2017 01:23:22 31.933 3.88299 -71.40623 5672 1
01/12/2017 01:41:54 31.9587 3.86095 -71.37925 10749 1.5
01/12/2017 01:50:45 31.971 3.8567 -71.35227 8763 1.8
01/12/2017 01:55:49 31.9781 3.84148 -71.31872 7210 1.2
01/12/2017 01:56:25 31.9789 3.82866 -71.34205 9755 1.6
01/12/2017 01:56:58 31.9797 3.90058 -71.44936 6098 1.3
01/12/2017 02:00:18 31.9843 3.89203 -71.44203 5351 1.3
01/12/2017 02:01:31 31.986 3.85824 -71.35247 8737 1.3
01/12/2017 02:03:26 31.9886 3.85704 -71.35236 8828 1.6
01/12/2017 02:06:49 31.9933 3.87904 -71.37888 5605 2
01/12/2017 02:42:32 32.0429 3.88458 -71.40776 6074 0.9
01/12/2017 02:46:01 32.0478 3.884 -71.37612 6947 1.1
01/12/2017 03:29:31 32.1082 3.87979 -71.37808 5961 1.3
01/12/2017 03:34:47 32.1155 3.85215 -71.35523 10155 1.1
01/12/2017 03:35:09 32.116 3.8824 -71.37656 6387 1.1
01/12/2017 04:36:34 32.2013 3.87933 -71.37769 5565 1.5
01/12/2017 04:52:20 32.2232 3.81437 -71.33642 6506 1.7
01/12/2017 04:53:01 32.2242 3.84027 -71.37314 4892 1.2
01/12/2017 04:58:28 32.2317 3.89246 -71.44038 5416 1.3
01/12/2017 04:59:33 32.2332 3.82895 -71.29961 5087 1.5
01/12/2017 05:14:27 32.2539 3.85616 -71.38397 8707 1.1
01/12/2017 05:25:19 32.269 3.86606 -71.36291 6925 1.3
01/12/2017 05:45:51 32.2975 3.85558 -71.38437 8918 1.8
01/12/2017 05:46:57 32.2991 3.88356 -71.40387 6121 1.4
01/12/2017 05:47:23 32.2997 3.89063 -71.43927 5083 1.5
01/12/2017 06:00:27 32.3178 3.89044 -71.43811 5115 1.6
01/12/2017 06:13:16 32.3356 3.86577 -71.4107 5966 1
01/12/2017 07:36:11 32.4508 3.86907 -71.30696 5753 1.3
01/12/2017 07:40:43 32.4571 3.88958 -71.43972 5244 1.3
01/12/2017 08:23:55 32.5171 3.89141 -71.44171 5465 1.3
01/12/2017 08:24:39 32.5181 3.86637 -71.40572 6204 1.5
01/12/2017 08:25:31 32.5193 3.89213 -71.44225 5309 1.4
01/12/2017 08:27:50 32.5225 3.89048 -71.3827 6724 1
01/12/2017 08:28:11 32.523 3.86756 -71.30587 5885 1.2
01/12/2017 08:28:25 32.5233 3.88742 -71.38557 6326 1.8
01/12/2017 08:29:21 32.5246 3.86421 -71.35441 6342 1.6
01/12/2017 08:29:56 32.5254 3.86188 -71.40114 8675 1.1
01/12/2017 08:30:12 32.5258 3.88904 -71.38709 6265 1.3
01/12/2017 08:30:49 32.5267 3.82883 -71.30315 4868 1.1
01/12/2017 08:30:49 32.5267 3.89015 -71.43867 5129 1.8
01/12/2017 08:33:29 32.5304 3.89285 -71.44077 5499 1.3
01/12/2017 08:38:41 32.5376 3.86589 -71.37154 5754 1.6
01/12/2017 08:39:26 32.5386 3.86718 -71.3692 6167 1.3
01/12/2017 08:58:00 32.5644 3.8659 -71.37164 5722 1.4
01/12/2017 08:59:06 32.566 3.86604 -71.37147 5713 1.6
01/12/2017 09:00:48 32.5683 3.8881 -71.43786 4898 1.5
01/12/2017 09:08:31 32.579 3.86504 -71.37056 6028 2
01/12/2017 09:08:44 32.5793 3.86755 -71.40748 5978 1.4
01/12/2017 09:13:06 32.5854 3.86454 -71.3542 6412 1.2
01/12/2017 09:15:49 32.5892 3.86404 -71.35456 6657 1.1
01/12/2017 09:21:52 32.5976 3.86636 -71.37157 5668 1.3
01/12/2017 09:23:37 32.6 3.86555 -71.37198 5476 1.3
01/12/2017 09:25:24 32.6025 3.86264 -71.40801 8049 1.2
01/12/2017 09:40:03 32.6228 3.84543 -71.40447 5792 0.9
01/12/2017 09:56:16 32.6453 3.82947 -71.30355 4950 1.2
01/12/2017 09:58:09 32.648 3.87066 -71.40632 5055 1.8
01/12/2017 10:58:33 32.7319 3.88366 -71.39338 6056 1
01/12/2017 12:58:07 32.8979 3.86239 -71.40785 8112 1.4
01/12/2017 01:03:00 31.9047 3.84774 -71.36133 8953 1.3
01/12/2017 01:10:54 31.9157 3.86291 -71.408 7911 1
01/12/2017 01:54:36 31.9764 3.83628 -71.303 5836 1.2
01/12/2017 02:13:02 32.002 3.86251 -71.40783 8166 1.1
01/12/2017 04:12:30 32.1679 3.88792 -71.43842 4875 1.4
01/12/2017 04:14:06 32.1701 3.88804 -71.44169 4961 1.2
01/12/2017 09:19:47 32.5947 3.83357 -71.28664 4725 1.5
01/12/2017 09:48:37 32.6347 3.82587 -71.30653 4820 1.3
01/12/2017 11:36:21 32.7844 3.8674 -71.40877 5901 1.4
01/12/2017 11:36:35 32.7847 3.84646 -71.36201 8979 1.6
01/12/2017 11:37:00 32.7853 3.86555 -71.37302 5792 1.1
01/12/2017 11:37:50 32.7864 3.83502 -71.28825 4754 1.2
01/12/2017 11:38:48 32.7878 3.92545 -71.48037 6062 2
01/12/2017 11:39:30 32.7887 3.83759 -71.30888 6301 1.2
01/12/2017 11:39:35 32.7888 3.85173 -71.34409 5680 1.5
01/12/2017 11:42:48 32.7933 3.85507 -71.34497 5847 1
01/12/2017 11:45:32 32.7971 3.85226 -71.34337 5582 0.9
01/12/2017 11:47:07 32.7993 3.85089 -71.34401 5735 1.8
01/12/2017 11:48:51 32.8017 3.85067 -71.28449 4667 0.9
01/12/2017 11:49:36 32.8028 3.8432 -71.38191 5028 1
01/12/2017 11:49:49 32.8031 3.82613 -71.30712 4801 1.3
01/12/2017 11:50:46 32.8044 3.878 -71.40121 7214 1.3
02/12/2017 12:09:58 33.831 3.8546 -71.3147 4454 1.3
02/12/2017 01:01:56 32.9032 3.891 -71.43675 5052 1.6
02/12/2017 01:02:08 32.9035 3.84523 -71.31182 7624 1.5
02/12/2017 01:04:21 32.9066 3.84512 -71.3123 7403 1.1
02/12/2017 01:04:38 32.907 3.86676 -71.40897 5827 1.3
02/12/2017 01:05:02 32.9075 3.83909 -71.37897 5525 1.4
02/12/2017 02:54:38 33.0597 3.88973 -71.39504 6295 1.6
02/12/2017 03:39:23 33.1219 3.93267 -71.49278 5775 1.6
02/12/2017 06:48:38 33.3847 3.92397 -71.47744 6789 1.7
02/12/2017 07:22:34 33.4319 3.92627 -71.47989 6942 1.5
02/12/2017 09:09:20 33.5802 3.88615 -71.38665 6352 1.5
02/12/2017 11:17:49 33.7586 3.88156 -71.40707 5128 1.6
02/12/2017 11:46:17 33.7981 3.88758 -71.39453 5782 1.3
02/12/2017 11:48:14 33.8009 3.85127 -71.31599 4756 2.1
02/12/2017 11:48:37 33.8014 3.85207 -71.34336 5482 1.2
02/12/2017 11:49:06 33.8021 3.85632 -71.38753 11895 1.5
02/12/2017 11:50:27 33.8039 3.85162 -71.31372 4752 2
02/12/2017 11:59:31 33.8165 3.82889 -71.34521 9726 1.5
02/12/2017 12:09:02 33.8297 3.86539 -71.37218 6160 1.5
02/12/2017 12:25:07 33.8521 3.94185 -71.49518 6034 1.4
02/12/2017 12:37:00 33.8686 3.85248 -71.31196 4757 1.2
02/12/2017 12:57:57 33.8977 3.83559 -71.28192 4417 1
02/12/2017 02:55:17 33.0606 3.91604 -71.4019 6501 1
02/12/2017 11:43:36 33.7944 3.84056 -71.31223 8514 1.5
03/12/2017 02:09:07 33.9965 3.86582 -71.37058 5865 1.2
03/12/2017 03:40:54 34.124 3.87042 -71.40533 9109 1.2
03/12/2017 05:33:50 34.2809 3.88306 -71.39653 5459 1.5
03/12/2017 06:33:31 34.3638 3.88202 -71.39749 5502 1.1
03/12/2017 07:31:13 34.4439 3.85561 -71.30156 4613 1.3
03/12/2017 08:28:24 34.5233 3.85191 -71.35529 10297 1
03/12/2017 09:03:01 34.5714 3.8503 -71.35455 10795 1.2
03/12/2017 09:18:17 34.5926 3.8521 -71.35517 10302 1.3
03/12/2017 10:24:56 34.6852 3.8527 -71.35622 10369 1.1
03/12/2017 10:26:38 34.6875 3.87739 -71.40367 7293 1.6
03/12/2017 10:46:02 34.7145 3.8617 -71.37733 9412 1.1
03/12/2017 05:16:50 34.2572 3.85047 -71.35783 10288 1.6
03/12/2017 10:58:11 34.7313 3.85208 -71.35527 10362 1.1
03/12/2017 11:36:53 34.7851 3.85123 -71.35653 10241 1.6
04/12/2017 05:32:49 35.2794 3.88591 -71.39702 5765 1.3
04/12/2017 06:31:24 35.3608 3.85175 -71.3568 10146 1.5
04/12/2017 06:49:03 35.3853 3.88331 -71.4004 6357 2.3
04/12/2017 12:44:41 35.8793 3.88687 -71.39814 5866 1.2
04/12/2017 06:35:49 35.3669 3.88681 -71.40158 7328 1
04/12/2017 07:21:30 35.4304 3.88575 -71.39694 5892 2
04/12/2017 09:31:08 35.6104 3.88716 -71.39856 6233 1.3
04/12/2017 10:23:17 35.6829 3.85221 -71.35488 10047 1.2
05/12/2017 12:54:13 36.8925 3.82832 -71.34188 5344 3
05/12/2017 01:59:12 35.9828 3.82909 -71.34392 5492 1.4
05/12/2017 02:19:06 36.0104 3.82497 -71.44359 2711 1.3
05/12/2017 03:15:48 36.0891 3.82906 -71.34204 5647 1.6
05/12/2017 03:18:29 36.0929 3.82914 -71.34213 5343 1.3
05/12/2017 06:28:38 36.357 3.82893 -71.34354 5465 1.6
05/12/2017 07:05:37 36.4083 3.82057 -71.36932 6487 1.3
05/12/2017 09:52:46 36.6405 3.8287 -71.34357 5441 1.6
05/12/2017 10:44:43 36.7126 3.83068 -71.34308 5756 1.2
05/12/2017 12:32:28 36.8623 3.85178 -71.2919 5368 1.1
05/12/2017 02:10:45 35.9988 3.83063 -71.34135 5964 1.6
05/12/2017 05:55:53 36.3115 3.8341 -71.33709 4450 1.1
05/12/2017 08:47:54 36.5504 3.83524 -71.3305 3844 0.9
06/12/2017 12:05:01 37.8242 3.82978 -71.34536 5652 1.5
06/12/2017 12:38:03 37.87 3.82917 -71.34865 5357 1.2
06/12/2017 01:35:13 36.9494 3.83007 -71.34614 5758 1.3
06/12/2017 02:37:19 37.0357 3.83026 -71.3423 5280 1.4
06/12/2017 03:55:37 37.1444 3.82921 -71.34215 5843 2.1
06/12/2017 04:21:06 37.1798 3.82893 -71.34308 5570 1.4
06/12/2017 04:54:49 37.2267 3.83005 -71.34243 5515 1.2
06/12/2017 05:45:19 37.2968 3.88857 -71.39997 5922 1.1
06/12/2017 08:54:33 37.5596 3.83059 -71.34316 5148 0.9
06/12/2017 12:00:48 37.8183 3.83063 -71.34364 5781 1.2
06/12/2017 03:03:29 37.072 3.82959 -71.34353 5154 1.1
06/12/2017 03:20:35 37.0958 3.82949 -71.34387 5804 1.4
07/12/2017 12:22:57 38.8491 3.82987 -71.34564 5481 1.3
07/12/2017 12:23:13 38.8494 3.82921 -71.344 5416 1.5
07/12/2017 12:49:56 38.8866 3.83058 -71.34174 5990 1.3
07/12/2017 12:50:54 38.8879 3.85978 -71.37781 10036 1
07/12/2017 01:22:45 37.9321 3.82908 -71.34043 5493 1.4
07/12/2017 01:29:33 37.9416 3.83035 -71.34399 5419 1.1
07/12/2017 01:47:56 37.9671 3.82841 -71.34385 5436 1.4
07/12/2017 02:21:20 38.0135 3.83033 -71.34191 5838 1.4
07/12/2017 02:35:34 38.0333 3.82957 -71.34237 5752 1.9
07/12/2017 04:14:54 38.1712 3.82799 -71.34274 5412 1.4
07/12/2017 04:15:31 38.1721 3.8291 -71.34513 5404 1.4
07/12/2017 04:42:05 38.209 3.82548 -71.34165 6927 1.2
07/12/2017 06:05:45 38.3252 3.82883 -71.34346 5284 1
07/12/2017 06:26:23 38.3538 3.82924 -71.34001 6313 1.2
07/12/2017 07:02:51 38.4045 3.83083 -71.34229 5733 1.4
07/12/2017 08:28:28 38.5234 3.88989 -71.39508 5701 1.3
07/12/2017 09:51:20 38.6385 3.82918 -71.34545 5558 1.2
07/12/2017 09:51:57 38.6394 3.82925 -71.34545 5767 1.3
07/12/2017 10:02:12 38.6536 3.82982 -71.3443 5132 0.9
07/12/2017 10:37:05 38.702 3.82966 -71.34548 5566 1.3
07/12/2017 10:38:58 38.7047 3.82886 -71.34443 5375 1.4
07/12/2017 10:48:39 38.7181 3.82953 -71.34519 5549 1
07/12/2017 11:41:10 38.791 3.82996 -71.34487 5709 1.4
07/12/2017 12:42:45 38.8766 3.79693 -71.39475 3195 0.9
07/12/2017 02:52:21 38.0566 3.82998 -71.3442 5750 1.5
07/12/2017 04:10:54 38.1657 3.83053 -71.34455 5704 1.3
07/12/2017 06:39:40 38.3723 3.92548 -71.48589 7334 1.8
07/12/2017 07:51:12 38.4716 3.82926 -71.3439 5425 1
08/12/2017 12:31:36 39.8611 3.83182 -71.3425 5788 1.5
08/12/2017 12:52:06 39.8896 3.83361 -71.33835 5067 1.1
08/12/2017 01:33:23 38.9469 3.82916 -71.34433 5367 1.4
08/12/2017 02:12:26 39.0011 3.8348 -71.34186 6174 1.2
08/12/2017 02:52:09 39.0563 3.82945 -71.34333 5372 1.8
08/12/2017 03:47:57 39.1338 3.83059 -71.34213 5284 1.6
08/12/2017 03:56:35 39.1458 3.85965 -71.40404 10765 1.1
08/12/2017 04:12:17 39.1676 3.83013 -71.34108 5237 1.3
08/12/2017 07:27:51 39.4392 3.83215 -71.34671 6044 1.1
08/12/2017 08:02:30 39.4873 3.8274 -71.34552 5788 0.9
08/12/2017 09:20:25 39.5956 3.83127 -71.34125 6024 0.9
08/12/2017 09:35:08 39.616 3.8342 -71.34251 6244 1.1
08/12/2017 10:10:45 39.6655 3.83118 -71.34009 5685 1
08/12/2017 12:03:44 39.8224 3.82919 -71.34411 5317 1.2
08/12/2017 02:26:09 39.0202 3.83546 -71.37038 5295 1
08/12/2017 04:31:45 39.1946 3.89197 -71.38869 6908 1.1
08/12/2017 05:13:43 39.2529 3.82934 -71.34318 5365 1.2
08/12/2017 05:43:13 39.2939 3.83361 -71.33883 5799 1
08/12/2017 06:06:01 39.3256 3.83094 -71.3376 5444 1.4
08/12/2017 07:06:43 39.4099 3.83135 -71.33677 5103 1.3
08/12/2017 07:28:59 39.4408 3.83142 -71.33638 5094 1.1
08/12/2017 07:33:00 39.4464 3.83202 -71.33646 5454 1.2
08/12/2017 08:08:55 39.4963 3.83138 -71.33562 5135 1.1
08/12/2017 11:45:05 39.7965 3.83172 -71.33655 5513 1.2
09/12/2017 12:33:19 40.8635 3.83019 -71.33551 5372 1.6
09/12/2017 12:57:34 40.8972 3.83044 -71.33592 5738 1.5
09/12/2017 01:40:09 39.9563 3.82861 -71.33428 5382 1.5
09/12/2017 04:01:58 40.1533 3.83097 -71.33404 5163 1.4
09/12/2017 05:10:29 40.2484 3.83388 -71.33766 5721 0.9
09/12/2017 06:35:37 40.3667 3.83007 -71.33618 5358 1.6
09/12/2017 06:52:20 40.3899 3.82991 -71.33607 5296 1.7
09/12/2017 08:09:56 40.4977 3.83068 -71.34284 5977 1.3
09/12/2017 08:19:24 40.5108 3.83108 -71.34284 5910 1.3
09/12/2017 12:29:44 40.8585 3.83064 -71.34295 5923 1.6
09/12/2017 01:12:19 39.9176 3.8304 -71.34392 5980 1.4
09/12/2017 03:06:56 40.0768 3.83127 -71.3443 6009 1.5
09/12/2017 03:13:46 40.0863 3.82989 -71.34245 5906 1.5
09/12/2017 04:33:25 40.1969 3.83076 -71.3434 6056 1.4
09/12/2017 04:52:01 40.2228 3.83052 -71.34353 6027 1.7
09/12/2017 04:54:50 40.2267 3.83137 -71.34413 6022 1.4
09/12/2017 05:09:55 40.2476 3.83294 -71.34489 6094 0.7
09/12/2017 07:45:25 40.4636 3.8305 -71.33574 4925 1.1
09/12/2017 08:14:08 40.5035 3.83092 -71.34393 5911 1.5
09/12/2017 08:26:58 40.5213 3.85461 -71.31427 4900 1.4
09/12/2017 08:27:40 40.5223 3.84928 -71.30466 4754 1.7
09/12/2017 08:28:17 40.5231 3.83091 -71.34616 5497 1.3
09/12/2017 08:29:03 40.5242 3.83112 -71.34428 5612 1.2
09/12/2017 08:30:33 40.5263 3.82898 -71.34647 5658 1.6
09/12/2017 08:34:22 40.5316 3.83839 -71.28127 7459 1.4
09/12/2017 09:01:31 40.5693 3.83147 -71.34362 6020 1.4
09/12/2017 09:22:55 40.599 3.83179 -71.34384 5410 1.1
09/12/2017 09:39:29 40.622 3.83155 -71.34412 5494 1.4
09/12/2017 10:19:06 40.6771 3.83305 -71.34952 6102 1.1
09/12/2017 11:37:43 40.7863 3.84055 -71.31944 5890 1.3
09/12/2017 11:42:12 40.7925 3.88375 -71.39878 5993 1.3
09/12/2017 11:48:59 40.8019 3.87852 -71.39717 4931 1.7
10/12/2017 12:48:32 41.8846 3.88269 -71.39809 5630 1.9
10/12/2017 01:43:11 40.9605 3.88467 -71.39602 6621 1.3
10/12/2017 01:43:11 40.9605 3.88172 -71.3981 5383 1.5
10/12/2017 03:44:19 41.1288 3.88392 -71.40035 6360 1.6
10/12/2017 04:33:16 41.1967 3.88051 -71.39856 5014 1.6
10/12/2017 06:06:30 41.3262 3.88247 -71.40055 5641 1.5
10/12/2017 09:19:55 41.5949 3.88143 -71.39914 5234 1.7
10/12/2017 09:50:53 41.6379 3.82922 -71.34554 5347 1.5
10/12/2017 11:12:47 41.7516 3.88465 -71.40004 6237 1.2
10/12/2017 12:06:35 41.8263 3.88503 -71.39954 6152 1.1
10/12/2017 08:41:15 41.5412 3.82912 -71.34608 5341 1.2
11/12/2017 12:11:00 42.8325 3.8872 -71.39689 5659 1.2
11/12/2017 01:51:17 41.9718 3.8276 -71.34401 5386 1
11/12/2017 03:52:45 42.1405 3.88346 -71.39768 5589 1.1
11/12/2017 08:06:30 42.4929 3.88511 -71.39712 5388 1
11/12/2017 11:34:32 42.7818 3.88451 -71.39627 5445 1.1
11/12/2017 12:09:01 42.8297 3.88337 -71.39631 5713 1.1
12/12/2017 02:11:06 42.9993 3.88439 -71.39757 5716 1.3
12/12/2017 03:16:11 43.0897 3.85137 -71.35567 10350 1.3
12/12/2017 03:16:55 43.0907 3.86678 -71.40475 5704 1.7
12/12/2017 03:36:18 43.1176 3.83088 -71.3376 5714 1
12/12/2017 03:46:56 43.1324 3.87071 -71.40652 8516 1.1
12/12/2017 03:59:31 43.1499 3.85543 -71.38853 10753 1.5
12/12/2017 04:07:35 43.1611 3.86222 -71.39783 8662 1.1
12/12/2017 04:20:46 43.1794 3.83377 -71.35105 6300 1.2
12/12/2017 05:22:47 43.2655 3.82954 -71.34447 5263 1.7
12/12/2017 05:23:23 43.2663 3.82987 -71.34331 5087 1.4
12/12/2017 07:03:48 43.4058 3.82987 -71.34423 5484 1.4
12/12/2017 07:09:06 43.4132 3.83003 -71.34688 5388 1.6
12/12/2017 08:29:42 43.5251 3.82839 -71.3433 5130 2
12/12/2017 08:54:03 43.5589 3.82817 -71.34365 5289 1
12/12/2017 01:12:16 42.9176 3.83044 -71.34253 5215 1.3
12/12/2017 09:33:38 43.6139 3.82976 -71.3445 4982 1.3
13/12/2017 06:36:09 44.3674 3.83049 -71.34345 5053 1
13/12/2017 06:36:38 44.3681 3.83009 -71.34023 5611 1.3
13/12/2017 09:32:09 44.6119 3.82169 -71.35482 5982 1.5
13/12/2017 11:36:09 44.7841 3.85872 -71.41524 5893 1.2
13/12/2017 11:44:40 44.7959 3.82313 -71.35059 4751 1.6
14/12/2017 02:57:52 45.0642 3.76355 -71.45359 5545 1.4
14/12/2017 08:32:20 45.5288 3.85525 -71.32507 3750 1.3
14/12/2017 01:27:33 44.9388 3.84259 -71.33954 8129 1.1
14/12/2017 03:23:48 45.1003 3.87211 -71.37679 9980 1.1
14/12/2017 03:37:40 45.1195 3.88256 -71.39701 5424 1.2
14/12/2017 05:08:09 45.2452 3.88444 -71.40285 5937 1
14/12/2017 07:03:29 45.4054 3.92038 -71.47343 6252 1.2
14/12/2017 09:14:31 45.5874 3.84274 -71.339 8090 1.1
15/12/2017 09:09:52 46.5809 3.82998 -71.34023 5421 1.2
15/12/2017 09:10:14 46.5814 3.85994 -71.40312 10384 1.7
15/12/2017 04:10:04 46.1645 3.85209 -71.29357 5400 1.8
15/12/2017 07:40:22 46.4566 3.852 -71.35507 10100 1.2
15/12/2017 09:45:23 46.6302 3.87303 -71.39576 8577 1.2
16/12/2017 03:08:25 47.0789 3.82869 -71.34172 5278 1.9
16/12/2017 06:18:50 47.3434 3.85102 -71.31017 4832 1.2
16/12/2017 06:57:57 47.3977 3.93012 -71.50387 8111 1.7
16/12/2017 07:00:23 47.4011 3.85225 -71.35529 10167 1.4
16/12/2017 07:00:38 47.4014 3.84399 -71.30207 4799 1.2
16/12/2017 07:08:03 47.4117 3.82941 -71.33942 5467 1.2
16/12/2017 07:13:41 47.4195 3.85189 -71.29284 5398 1.5
16/12/2017 07:29:44 47.4418 3.86216 -71.3923 9281 1.1
16/12/2017 07:45:51 47.4642 3.85226 -71.30903 4755 1.3
16/12/2017 07:28:35 47.4402 3.86094 -71.37966 10505 1.5
16/12/2017 10:04:09 47.6563 3.86067 -71.37867 10646 1.3
16/12/2017 10:52:38 47.7236 3.86121 -71.3785 10627 1.2
17/12/2017 01:45:51 47.9642 3.88416 -71.40825 5814 1.1
17/12/2017 06:56:40 48.3959 3.93731 -71.5061 8317 1.7
17/12/2017 07:33:23 48.4469 3.82957 -71.34363 6095 0.9
17/12/2017 09:48:37 48.6347 3.88331 -71.36267 6042 1.5
17/12/2017 10:07:44 48.6613 3.88816 -71.41914 6090 1.3
18/12/2017 01:50:22 48.9705 3.88501 -71.41824 5356 2
18/12/2017 02:51:39 49.0556 3.85336 -71.28346 4771 1.4
18/12/2017 08:38:40 49.5376 3.89203 -71.37708 6355 1.5
18/12/2017 10:09:33 49.6638 3.84487 -71.30518 4569 1.1
18/12/2017 02:05:36 48.9916 3.88399 -71.40558 5625 1.1
18/12/2017 02:06:39 48.9931 3.89045 -71.37721 5231 1.4
18/12/2017 06:51:56 49.3893 3.84526 -71.30759 4750 1.1
18/12/2017 08:00:42 49.4848 3.82721 -71.33652 9588 1.2
18/12/2017 09:28:29 49.6068 3.86102 -71.37904 10777 1.2
19/12/2017 12:56:09 50.8952 3.89113 -71.37497 4969 1.2
19/12/2017 01:12:48 49.9183 3.89467 -71.37113 5970 0.9
19/12/2017 01:20:28 49.929 3.84677 -71.30359 4265 1.3
19/12/2017 01:36:36 49.9514 3.83058 -71.27398 4812 1.3
19/12/2017 04:18:36 50.1764 3.8294 -71.27446 4788 1.6
19/12/2017 06:57:13 50.3967 3.82569 -71.28075 4248 1.3
19/12/2017 07:07:36 50.4111 3.82925 -71.34728 5259 1.1
19/12/2017 08:30:12 50.5258 3.82936 -71.34702 5390 0.9
19/12/2017 08:31:15 50.5273 3.83061 -71.34563 5608 1.4
19/12/2017 08:56:27 50.5623 3.83055 -71.34729 5870 1.4
19/12/2017 09:14:28 50.5873 3.85346 -71.28658 4788 1.3
19/12/2017 09:15:29 50.5887 3.85181 -71.35594 10247 1.6
19/12/2017 09:17:36 50.5916 3.89305 -71.37318 5356 1.7
19/12/2017 10:27:13 50.6883 3.85037 -71.30343 4805 1.5
19/12/2017 10:27:36 50.6889 3.88526 -71.40245 5572 1.6
19/12/2017 10:31:07 50.6938 3.83004 -71.34559 5809 1.4
19/12/2017 10:33:06 50.6965 3.82878 -71.34549 5754 1.2
19/12/2017 10:37:20 50.7024 3.83113 -71.34557 5676 1.3
19/12/2017 12:05:18 50.8246 3.83076 -71.34409 5597 1.1
19/12/2017 12:17:42 50.8418 3.83079 -71.34421 5491 0.9
19/12/2017 03:11:48 50.0836 3.88507 -71.36235 6075 1.2
19/12/2017 04:20:02 50.1784 3.78069 -71.21169 3276 1.6
19/12/2017 04:23:59 50.1838 3.82934 -71.34534 5910 2.1
19/12/2017 04:29:05 50.1909 3.83163 -71.34441 5292 1.5
19/12/2017 04:32:07 50.1951 3.83042 -71.34482 5670 1.1
19/12/2017 06:47:57 50.3838 3.85201 -71.30398 4838 1.1
19/12/2017 08:09:10 50.4966 3.85147 -71.30409 4924 1.7
19/12/2017 08:44:04 50.5451 3.85132 -71.30338 4806 1.1
19/12/2017 11:20:51 50.7628 3.83614 -71.364 4758 1.2
19/12/2017 11:47:41 50.8001 3.85191 -71.29976 5217 1.1
20/12/2017 12:11:36 51.8333 3.883 -71.40742 5838 1.5
20/12/2017 12:27:34 51.8555 3.82539 -71.34966 4954 1.6
20/12/2017 12:28:05 51.8562 3.85102 -71.30186 4811 1.3
20/12/2017 12:55:32 51.8943 3.85686 -71.31878 9578 1.1
20/12/2017 12:56:16 51.8953 3.85127 -71.30213 4796 1.3
20/12/2017 12:57:28 51.897 3.83007 -71.34691 5634 1
20/12/2017 01:19:00 50.9269 3.82821 -71.35006 5469 1.2
20/12/2017 01:22:33 50.9319 3.82758 -71.35018 5398 0.8
20/12/2017 01:25:16 50.9356 3.85158 -71.30704 6094 1.2
20/12/2017 01:53:44 50.9752 3.82986 -71.34165 6332 0.8
20/12/2017 01:54:48 50.9766 3.82592 -71.33619 9606 1.2
20/12/2017 02:01:07 50.9854 3.87521 -71.37761 5269 1
20/12/2017 02:01:48 50.9864 3.851 -71.29948 4393 1.2
20/12/2017 02:02:14 50.987 3.82985 -71.35309 5525 1.1
20/12/2017 02:03:34 50.9888 3.83048 -71.30046 5524 1.2
20/12/2017 02:12:57 51.0019 3.83038 -71.34129 5122 1.2
20/12/2017 02:41:24 51.0414 3.84359 -71.29395 5149 1.4
20/12/2017 02:44:58 51.0463 3.85995 -71.37948 10798 1.6
20/12/2017 02:46:04 51.0478 3.86108 -71.4037 7034 1.5
20/12/2017 02:50:46 51.0544 3.91922 -71.4809 6114 1.7
20/12/2017 02:58:01 51.0644 3.86354 -71.42488 6117 1.8
20/12/2017 03:08:35 51.0791 3.86671 -71.42473 6465 1.5
20/12/2017 03:15:12 51.0883 3.92672 -71.47376 6821 1.6
20/12/2017 03:18:51 51.0934 3.89013 -71.39197 6476 1.1
20/12/2017 03:21:19 51.0968 3.8425 -71.39015 5558 1.6
20/12/2017 03:30:06 51.109 3.84554 -71.30884 5093 1.4
20/12/2017 03:41:19 51.1246 3.8872 -71.39207 5843 1.5
20/12/2017 03:42:59 51.1269 3.84468 -71.30827 4751 1.2
20/12/2017 03:44:07 51.1285 3.86533 -71.42032 7370 1.5
20/12/2017 03:44:24 51.1289 3.88699 -71.39088 5661 1.7
20/12/2017 03:45:35 51.1305 3.87357 -71.39985 5869 1.2
20/12/2017 03:47:19 51.1329 3.84983 -71.34619 10124 1.6
20/12/2017 03:48:37 51.1347 3.85013 -71.32704 4860 1.5
20/12/2017 03:52:29 51.1401 3.82788 -71.34561 5419 0.9
20/12/2017 04:01:50 51.1531 3.82979 -71.34449 5186 1.1
20/12/2017 04:02:27 51.1539 3.67792 -71.43334 10687 1.7
20/12/2017 04:04:02 51.1561 3.85187 -71.29215 5379 1.1
20/12/2017 04:04:45 51.1571 3.86366 -71.42518 6001 1.7
20/12/2017 04:08:22 51.1622 3.82568 -71.3362 9621 1.3
20/12/2017 04:10:52 51.1656 3.86628 -71.425 6338 1.3
20/12/2017 04:15:24 51.1719 3.88899 -71.42312 6059 1.5
20/12/2017 04:17:50 51.1753 3.83447 -71.28666 4854 1.5
20/12/2017 04:25:06 51.1854 3.82889 -71.35331 5424 1.2
20/12/2017 04:26:12 51.1869 3.826 -71.34887 4795 1.4
20/12/2017 04:29:16 51.1912 3.82668 -71.33784 9542 1.5
20/12/2017 04:32:42 51.196 3.83228 -71.34265 5529 1.4
20/12/2017 04:43:59 51.2116 3.82668 -71.33777 9491 1.6
20/12/2017 04:47:31 51.2165 3.84881 -71.3584 10186 2.1
20/12/2017 04:47:53 51.217 3.84875 -71.35889 10116 1.6
20/12/2017 04:51:22 51.2219 3.85025 -71.35707 10274 1.3
20/12/2017 04:51:47 51.2225 3.84884 -71.35858 10175 1.8
20/12/2017 04:53:40 51.2251 3.84936 -71.35813 10281 1.7
20/12/2017 04:54:30 51.2262 3.84983 -71.35814 10518 1.8
20/12/2017 05:09:37 51.2472 3.84871 -71.35899 10199 1.8
20/12/2017 05:14:29 51.254 3.85101 -71.36257 11016 1.3
20/12/2017 05:19:21 51.2607 3.84897 -71.35839 10251 1.8
20/12/2017 05:20:38 51.2625 3.84985 -71.35728 10135 1.2
20/12/2017 05:21:16 51.2634 3.82583 -71.33817 9600 1.4
20/12/2017 05:23:16 51.2662 3.84967 -71.35848 9983 1.4
20/12/2017 05:26:07 51.2701 3.82766 -71.336 9613 1.2
20/12/2017 05:26:38 51.2709 3.82608 -71.33788 9587 1.4
20/12/2017 05:29:34 51.2749 3.92474 -71.49881 8406 1.9
20/12/2017 05:37:39 51.2862 3.92408 -71.4984 8423 1.9
20/12/2017 05:38:08 51.2868 3.8706 -71.35039 9391 1.5
20/12/2017 05:43:53 51.2948 3.86431 -71.35515 6604 1.1
20/12/2017 06:25:14 51.3522 3.85334 -71.2851 4765 1.3
20/12/2017 07:11:31 51.4165 3.86032 -71.41313 6187 1.7
20/12/2017 07:58:19 51.4815 3.82586 -71.33638 9560 1.1
20/12/2017 08:00:21 51.4844 3.86363 -71.35524 6769 1.7
20/12/2017 08:26:32 51.5207 3.89036 -71.39084 6444 1.3
20/12/2017 08:47:22 51.5497 3.82969 -71.30894 6382 1.1
20/12/2017 08:50:00 51.5533 3.83035 -71.30484 5333 1.2
20/12/2017 08:51:25 51.5553 3.82976 -71.30463 5135 1
20/12/2017 08:54:11 51.5591 3.82999 -71.30431 5198 1.1
20/12/2017 08:59:23 51.5663 3.88669 -71.37872 5789 1.3
20/12/2017 09:01:37 51.5694 3.85593 -71.30667 6295 1.3
20/12/2017 09:12:28 51.5845 3.864 -71.3189 5188 1.4
20/12/2017 09:12:52 51.5851 3.83666 -71.36315 7269 1.1
20/12/2017 11:45:32 51.7971 3.85278 -71.38567 10198 1.3
20/12/2017 12:01:54 51.8198 3.85445 -71.38484 10044 1.2
20/12/2017 02:31:08 51.0271 3.86123 -71.31114 5562 1.1
20/12/2017 02:43:28 51.0442 3.86066 -71.31117 5620 1.4
20/12/2017 03:50:13 51.1369 3.86997 -71.37716 7938 1.2
20/12/2017 04:47:17 51.2162 3.86069 -71.31093 5634 1.3
20/12/2017 05:17:39 51.2584 3.82879 -71.34146 5345 1.2
20/12/2017 05:25:55 51.2699 3.87211 -71.38598 5899 1
20/12/2017 07:25:12 51.4355 3.87067 -71.3863 5439 1.5
20/12/2017 07:47:43 51.4668 3.87053 -71.35091 9325 1.4
20/12/2017 07:59:14 51.4828 3.82152 -71.34913 4879 1.6
20/12/2017 10:44:10 51.7119 3.88413 -71.37029 9703 1.1
20/12/2017 11:32:26 51.7789 3.87055 -71.35065 9386 1.4
20/12/2017 11:57:29 51.8137 3.8707 -71.35041 9398 1.2
21/12/2017 02:12:13 52.0008 3.87946 -71.40394 8812 1.3
21/12/2017 03:52:04 52.1395 3.86185 -71.40353 5561 1.8
21/12/2017 03:59:14 52.1495 3.86174 -71.40346 5734 1.7
21/12/2017 04:21:40 52.1806 3.86144 -71.40336 5763 1.7
21/12/2017 04:22:16 52.1815 3.83252 -71.34174 6097 1.1
21/12/2017 05:54:20 52.3093 3.88886 -71.38979 6021 1.3
21/12/2017 06:04:06 52.3229 3.88476 -71.40209 6996 1.3
21/12/2017 06:51:35 52.3888 3.82811 -71.3012 5104 1
21/12/2017 07:15:21 52.4219 3.85065 -71.35487 10098 1.4
21/12/2017 07:16:42 52.4237 3.88397 -71.42708 8028 1.5
21/12/2017 09:27:40 52.6056 3.82697 -71.30069 4855 1.4
21/12/2017 10:36:22 52.701 3.83171 -71.31185 4816 1.2
21/12/2017 01:07:24 51.9108 3.84217 -71.38691 5496 1.5
21/12/2017 01:09:42 51.914 3.86057 -71.41301 6434 1.3
21/12/2017 01:15:44 51.9224 3.83818 -71.2846 7747 2
21/12/2017 06:39:47 52.3725 3.8286 -71.25705 6039 1.6
21/12/2017 08:16:43 52.5071 3.86898 -71.38063 9828 1.4
21/12/2017 09:43:19 52.6274 3.86913 -71.38016 9743 1.2
21/12/2017 10:20:41 52.6793 3.84795 -71.28731 4751 1.4
21/12/2017 11:18:00 52.7589 3.88488 -71.40672 5535 1.8
22/12/2017 02:12:55 53.0018 3.8386 -71.3213 6234 0.9
22/12/2017 03:03:16 53.0717 3.8404 -71.32234 5862 1.1
22/12/2017 03:19:01 53.0936 3.84056 -71.3192 6735 1
22/12/2017 05:39:39 53.2889 3.83907 -71.32055 5862 1
22/12/2017 06:49:22 53.3858 3.84 -71.3235 5886 1.3
22/12/2017 07:53:46 53.4752 3.84034 -71.32345 6212 1.4
22/12/2017 08:09:32 53.4971 3.83897 -71.32072 5677 1.2
22/12/2017 08:37:55 53.5365 3.83828 -71.32277 5893 1.1
22/12/2017 09:11:14 53.5828 3.85852 -71.375 11295 1.4
22/12/2017 09:26:53 53.6045 3.83162 -71.34927 6351 1.6
22/12/2017 09:28:24 53.6066 3.86269 -71.39872 7149 1
22/12/2017 09:35:22 53.6163 3.93822 -71.4502 6333 1.6
22/12/2017 09:51:27 53.6387 3.87043 -71.33863 8918 1.2
22/12/2017 10:48:58 53.7185 3.86194 -71.36859 10188 1.1
22/12/2017 12:01:10 53.8188 3.86165 -71.3676 10369 1.3
22/12/2017 12:54:31 53.8929 3.8442 -71.38454 5131 1.4
22/12/2017 01:41:07 52.9576 3.87745 -71.39085 6058 1.4
22/12/2017 05:47:21 53.2996 3.84134 -71.32769 5549 1.5
22/12/2017 06:59:05 53.3993 3.85992 -71.38142 10742 1.1
22/12/2017 07:11:56 53.4171 3.85072 -71.29151 5433 1.2
22/12/2017 07:13:20 53.4191 3.85197 -71.31102 4824 1.8
22/12/2017 07:19:43 53.4279 3.85138 -71.31066 4958 1.9
22/12/2017 07:25:10 53.4355 3.84257 -71.31395 4779 1.6
22/12/2017 07:25:36 53.4361 3.84399 -71.31343 4785 1.3
22/12/2017 08:04:36 53.4903 3.85357 -71.29224 5321 1.3
22/12/2017 08:15:51 53.5059 3.82893 -71.34514 9525 1.2
22/12/2017 08:59:36 53.5666 3.82808 -71.33827 9991 1.1
22/12/2017 09:10:36 53.5819 3.8286 -71.34396 9682 1.4
22/12/2017 09:51:23 53.6386 3.82993 -71.34249 9694 1.1
22/12/2017 10:16:38 53.6736 3.8676 -71.40964 5580 1.6
22/12/2017 10:34:44 53.6988 3.85969 -71.419 5554 1.5
22/12/2017 10:55:08 53.7271 3.8621 -71.41508 5699 1.6
22/12/2017 10:59:23 53.733 3.82892 -71.34398 9529 1.4
22/12/2017 11:11:47 53.7502 3.82924 -71.34248 9550 1.2
22/12/2017 11:18:59 53.7602 3.86084 -71.37837 10647 1.1
22/12/2017 11:34:12 53.7814 3.82924 -71.34499 9568 1.4
22/12/2017 11:37:58 53.7866 3.86281 -71.3678 10005 1.2
22/12/2017 11:44:29 53.7956 3.82976 -71.34311 9520 1.2
23/12/2017 12:11:35 54.8333 3.8305 -71.34332 9610 1.1
23/12/2017 12:15:26 54.8386 3.82831 -71.3447 9714 1.7
23/12/2017 12:34:11 54.8647 3.8294 -71.34326 9560 1.4
23/12/2017 12:48:59 54.8852 3.82941 -71.34219 9622 1.3
23/12/2017 01:08:21 53.9121 3.82949 -71.34328 9617 1.5
23/12/2017 01:11:17 53.9162 3.83031 -71.34254 9539 1.3
23/12/2017 01:19:56 53.9282 3.82925 -71.34311 9600 1.5
23/12/2017 01:21:36 53.9305 3.82806 -71.35336 4761 1.4
23/12/2017 01:38:52 53.9545 3.865 -71.41565 6321 1.4
23/12/2017 01:53:56 53.9754 3.82908 -71.34433 9550 1.7
23/12/2017 01:54:24 53.9761 3.82828 -71.34269 10091 1.7
23/12/2017 02:36:49 54.035 3.86379 -71.41731 5673 1.4
23/12/2017 02:52:21 54.0566 3.87842 -71.39167 6428 1.3
23/12/2017 02:53:05 54.0576 3.85838 -71.37834 10330 1.5
23/12/2017 03:40:24 54.1233 3.87065 -71.36684 5070 1.4
23/12/2017 04:13:08 54.1688 3.82996 -71.34426 9285 1.9
23/12/2017 04:44:43 54.2126 3.82866 -71.34548 9580 1.7
23/12/2017 04:50:43 54.221 3.82829 -71.34598 9289 2.4
23/12/2017 04:59:09 54.2327 3.82961 -71.34368 9596 1.4
23/12/2017 05:17:27 54.2581 3.82834 -71.34363 9525 1.8
23/12/2017 05:55:23 54.3108 3.82868 -71.34509 9785 2
23/12/2017 06:37:37 54.3694 3.82941 -71.34486 9780 1.5
23/12/2017 06:41:37 54.375 3.82954 -71.34414 9478 1.1
23/12/2017 06:51:58 54.3894 3.8299 -71.34253 9771 1.2
23/12/2017 07:07:13 54.4106 3.8279 -71.34507 10138 1.2
23/12/2017 07:33:12 54.4466 3.82797 -71.34386 9534 1.5
23/12/2017 07:40:26 54.4567 3.82996 -71.34431 9616 1.4
23/12/2017 08:37:41 54.5362 3.82883 -71.34752 9991 1.1
23/12/2017 08:42:26 54.5428 3.82841 -71.34484 9740 1.8
23/12/2017 08:49:45 54.553 3.82905 -71.34451 9759 1.2
23/12/2017 08:50:35 54.5541 3.82801 -71.34509 9628 1.8
23/12/2017 04:11:32 54.1666 3.82993 -71.34259 9595 1.4
23/12/2017 05:44:32 54.2957 3.82866 -71.34523 9701 1.9
23/12/2017 05:46:07 54.2979 3.8291 -71.34259 9810 1.2
23/12/2017 06:12:34 54.3347 3.82882 -71.34484 9722 1.6
23/12/2017 07:09:13 54.4133 3.82819 -71.34527 9643 1.6
23/12/2017 07:15:25 54.4219 3.86916 -71.40649 6036 1.2
23/12/2017 07:57:41 54.4806 3.83032 -71.34401 9719 1.1
23/12/2017 08:07:26 54.4942 3.82982 -71.3459 9897 1
23/12/2017 10:00:06 54.6507 3.82962 -71.34527 9993 1.1
23/12/2017 10:44:47 54.7127 3.82982 -71.34577 9628 1.1
23/12/2017 10:48:40 54.7181 3.82979 -71.34284 9625 1.4
23/12/2017 11:40:09 54.7896 3.82968 -71.34377 9607 1.1
23/12/2017 11:40:18 54.7898 3.82882 -71.34407 9643 1.5
24/12/2017 01:22:46 54.9322 3.82985 -71.34355 9612 1.3
24/12/2017 06:25:14 55.3522 3.82912 -71.34381 9778 1.3
24/12/2017 06:27:58 55.356 3.82901 -71.3441 9648 1.5
24/12/2017 06:50:04 55.3867 3.83047 -71.34272 9853 1.1
24/12/2017 07:05:47 55.4086 3.83002 -71.34363 9695 1.1
24/12/2017 07:09:34 55.4138 3.82958 -71.3444 9675 1.5
24/12/2017 08:31:27 55.5275 3.82997 -71.34554 9819 1
24/12/2017 08:42:32 55.5429 3.83028 -71.34225 9741 1.2
24/12/2017 03:07:36 55.0778 3.82965 -71.34314 9644 1.2
24/12/2017 05:51:20 55.3052 3.82963 -71.34438 9598 1.3
24/12/2017 09:15:39 55.5889 3.8289 -71.34449 9675 1.6
24/12/2017 09:15:47 55.5891 3.86015 -71.3935 7684 2.1
24/12/2017 09:24:00 55.6005 3.82842 -71.34416 9572 1.4
24/12/2017 09:24:13 55.6008 3.82929 -71.34533 9793 1.4
24/12/2017 09:31:45 55.6113 3.82941 -71.34351 9687 1.4
24/12/2017 09:42:54 55.6268 3.83084 -71.34161 9798 1.2
24/12/2017 09:56:42 55.6459 3.82884 -71.34364 9643 1.7
24/12/2017 09:57:21 55.6469 3.86013 -71.39389 7868 1.8
24/12/2017 10:03:13 55.655 3.82888 -71.34376 9751 1.3
24/12/2017 10:08:26 55.6622 3.82975 -71.3441 9649 1.2
24/12/2017 10:24:38 55.6847 3.82959 -71.34327 9714 1.2
24/12/2017 10:30:52 55.6934 3.82915 -71.34307 9541 1.5
24/12/2017 10:38:36 55.7041 3.83026 -71.3446 9673 1.2
24/12/2017 10:43:17 55.7106 3.82951 -71.34394 9695 1.6
24/12/2017 11:12:06 55.7507 3.83068 -71.34425 9740 1.1
24/12/2017 11:18:03 55.7589 3.83036 -71.34147 10024 1.1
24/12/2017 11:48:52 55.8017 3.82972 -71.33939 9944 1.2
24/12/2017 11:52:53 55.8073 3.82924 -71.3442 9799 1.6
24/12/2017 11:53:11 55.8077 3.83029 -71.34224 9878 1.1
24/12/2017 11:54:33 55.8096 3.8298 -71.34355 9798 1.2
24/12/2017 11:56:17 55.812 3.82902 -71.3448 9768 1.7
25/12/2017 10:40:35 56.7069 3.86299 -71.39754 6955 1.2
25/12/2017 11:51:43 56.8057 3.82896 -71.34463 9611 1.5
25/12/2017 12:53:15 56.8912 3.82892 -71.34298 9785 1.3
25/12/2017 02:31:53 56.0281 3.83027 -71.34191 9790 1.1
25/12/2017 03:48:05 56.134 3.83157 -71.33771 9863 1.3
25/12/2017 07:41:47 56.4586 3.83371 -71.34474 9210 1.4
25/12/2017 08:09:50 56.4975 3.86013 -71.3927 7980 1
25/12/2017 09:23:24 56.5997 3.8289 -71.3445 9573 1.8
25/12/2017 09:55:18 56.644 3.82537 -71.33598 10175 1.3
25/12/2017 11:28:21 56.7732 3.86043 -71.39248 7908 1
25/12/2017 11:32:06 56.7784 3.83033 -71.34186 9716 1.1
25/12/2017 11:35:10 56.7827 3.82891 -71.3449 9779 1.3
25/12/2017 11:56:38 56.8125 3.82873 -71.34505 9738 1.9
25/12/2017 12:23:11 56.8494 3.82866 -71.34443 9739 1.3
25/12/2017 12:30:45 56.8599 3.83093 -71.34232 9987 1
25/12/2017 12:40:21 56.8732 3.82894 -71.34402 9713 1.3
25/12/2017 12:46:49 56.8822 3.82877 -71.3434 9669 1.5
25/12/2017 01:18:09 55.9257 3.82901 -71.34459 9679 1.5
25/12/2017 02:19:21 56.0107 3.82941 -71.3437 9867 1.2
25/12/2017 03:13:40 56.0862 3.82992 -71.34362 9593 1.3
25/12/2017 03:21:30 56.0971 3.82987 -71.34288 9715 1.2
25/12/2017 03:28:07 56.1063 3.83038 -71.34299 9781 1.4
25/12/2017 03:33:50 56.1142 3.82897 -71.34423 9741 1.5
25/12/2017 04:49:11 56.2188 3.83012 -71.34294 9813 1.6
25/12/2017 04:50:21 56.2205 3.82916 -71.34298 9722 1.6
25/12/2017 04:55:00 56.2269 3.82903 -71.34353 9800 1.9
25/12/2017 05:00:44 56.2349 3.83013 -71.34352 9788 1.3
25/12/2017 05:12:22 56.251 3.82987 -71.34382 9907 1.5
25/12/2017 05:49:06 56.3021 3.82785 -71.34254 9661 1.8
25/12/2017 05:53:17 56.3079 3.82893 -71.34397 9776 1.5
25/12/2017 06:12:33 56.3346 3.82763 -71.3021 4821 1.2
25/12/2017 06:14:31 56.3374 3.86954 -71.38266 9431 1.5
25/12/2017 07:00:48 56.4016 3.82831 -71.34481 9859 1.4
25/12/2017 07:20:14 56.4286 3.82983 -71.34379 9664 1.2
25/12/2017 09:30:58 56.6102 3.8287 -71.34394 9692 1.3
25/12/2017 09:58:19 56.6482 3.93048 -71.46027 5759 1.7
26/12/2017 12:22:35 57.8486 3.92707 -71.45807 6557 1.3
26/12/2017 12:31:28 57.8609 3.83153 -71.34053 5983 1.3
26/12/2017 01:12:29 56.9179 3.83432 -71.33673 5206 1
26/12/2017 01:16:03 56.9228 3.82996 -71.34276 9639 1.4
26/12/2017 01:31:34 56.9444 3.89172 -71.38956 6473 1
26/12/2017 01:34:39 56.9487 3.82662 -71.35051 5912 0.9
26/12/2017 02:20:11 57.0119 3.86182 -71.37096 10361 1.4
26/12/2017 04:34:42 57.1987 3.83385 -71.34091 6104 1
26/12/2017 05:02:34 57.2374 3.8855 -71.44022 5434 1.1
26/12/2017 05:04:36 57.2403 3.86296 -71.36945 10229 1.4
26/12/2017 05:57:58 57.3144 3.8518 -71.35616 10105 1.8
26/12/2017 06:58:06 57.3979 3.8516 -71.35581 10100 1.4
26/12/2017 06:58:44 57.3988 3.85164 -71.35567 10170 1.5
26/12/2017 07:12:29 57.4179 3.82918 -71.34482 9645 1.7
26/12/2017 08:18:41 57.5098 3.82971 -71.34616 9897 1.3
26/12/2017 08:53:26 57.5581 3.82811 -71.3441 9685 1.3
26/12/2017 10:14:03 57.67 3.87263 -71.39111 8054 1.5
26/12/2017 04:31:48 57.1947 3.83082 -71.34274 9523 1.3
26/12/2017 04:31:59 57.195 3.84551 -71.27787 4814 1.3
26/12/2017 07:59:07 57.4826 3.85422 -71.38468 10282 1.2
26/12/2017 11:24:24 57.7678 3.82493 -71.29498 4765 1.5
27/12/2017 03:11:03 58.0825 3.86618 -71.37615 9998 2.3
27/12/2017 03:56:08 58.1452 3.8287 -71.34577 9861 1.8
27/12/2017 04:41:19 58.2079 3.83013 -71.345 9583 1
27/12/2017 04:43:48 58.2114 3.8699 -71.38233 9513 1.3
27/12/2017 06:01:07 58.3188 3.82952 -71.34519 9631 1.1
27/12/2017 06:39:19 58.3718 3.86641 -71.36906 10405 1.3
27/12/2017 08:58:06 58.5646 3.82307 -71.34058 5104 1.3
27/12/2017 09:04:32 58.5735 3.82115 -71.34158 5352 1.1
27/12/2017 09:14:41 58.5876 3.82799 -71.34249 5030 1.1
27/12/2017 10:47:00 58.7158 3.82959 -71.34629 5439 1
28/12/2017 03:16:43 59.0904 3.82895 -71.34512 9790 1.4
28/12/2017 05:08:44 59.246 3.8291 -71.34588 9607 1.4
28/12/2017 06:18:07 59.3424 3.82864 -71.34562 9821 1.6
28/12/2017 06:36:59 59.3686 3.82849 -71.34325 9700 1.5
28/12/2017 06:58:06 59.3979 3.84096 -71.3061 4975 1.4
28/12/2017 08:22:44 59.5154 3.83063 -71.3438 9669 1.5
28/12/2017 11:28:55 59.774 3.82875 -71.34523 9699 2.4
28/12/2017 11:58:59 59.8158 3.82865 -71.3439 9654 1.8
28/12/2017 11:59:20 59.8163 3.82939 -71.34559 9612 2.3
28/12/2017 12:32:59 59.863 3.82962 -71.34327 9705 1.3
28/12/2017 12:55:29 59.8943 3.82982 -71.34455 9731 1.7
28/12/2017 04:56:39 59.2292 3.82915 -71.34298 9608 1.2
28/12/2017 05:51:57 59.306 3.83044 -71.34488 9777 1.4
29/12/2017 01:07:21 59.9107 3.82938 -71.34401 9574 1.9
29/12/2017 02:54:20 60.0593 3.83 -71.34408 9722 1.5
29/12/2017 03:29:33 60.1082 3.83093 -71.3467 9835 1.1
29/12/2017 05:50:18 60.3037 3.82983 -71.3439 9653 1.5
29/12/2017 06:58:36 60.3986 3.8303 -71.34233 9925 1.2
29/12/2017 08:42:30 60.5429 3.82915 -71.3432 9747 1.8
29/12/2017 10:43:26 60.7109 3.82899 -71.34479 9923 1.4
29/12/2017 11:21:53 60.7643 3.83037 -71.34242 9936 1.3
29/12/2017 11:53:59 60.8088 3.82894 -71.34461 9835 2.2
29/12/2017 03:15:14 60.0884 3.82923 -71.34518 9771 1.9
29/12/2017 06:11:16 60.3328 3.82932 -71.34367 9973 1.3
29/12/2017 08:36:14 60.5342 3.82897 -71.34311 9963 1.5
29/12/2017 11:24:17 60.7676 3.8291 -71.34479 9481 1.1
30/12/2017 12:22:28 61.8484 3.83026 -71.34396 9582 1.1
30/12/2017 01:12:05 60.9173 3.82914 -71.3436 9938 1.5
30/12/2017 03:10:18 61.0815 3.82935 -71.34445 9719 1.2
30/12/2017 04:22:29 61.1818 3.82979 -71.34706 9725 1.1
30/12/2017 06:44:04 61.3784 3.82928 -71.34585 9743 2.2
30/12/2017 07:09:52 61.4142 3.83021 -71.34109 9830 1
30/12/2017 08:20:24 61.5122 3.82842 -71.34456 9641 1.3
30/12/2017 11:17:24 61.758 3.83005 -71.34427 9729 1
30/12/2017 02:55:39 61.0612 3.82947 -71.3429 9569 1.3
30/12/2017 04:13:00 61.1686 3.82956 -71.34629 10080 1.1
30/12/2017 05:02:41 61.2376 3.82952 -71.34375 9591 1.3
30/12/2017 09:39:03 61.6214 3.82895 -71.34379 9715 1.8
31/12/2017 01:40:04 61.9562 3.82999 -71.34336 9620 1.2
31/12/2017 04:43:49 62.2114 3.82933 -71.34341 10226 1.3
31/12/2017 05:23:30 62.2665 3.82964 -71.34637 9646 1.9
31/12/2017 05:55:43 62.3113 3.83012 -71.3443 9619 1.3
31/12/2017 06:01:10 62.3188 3.83055 -71.343 9771 1.2
31/12/2017 08:36:52 62.5351 3.82953 -71.34463 9625 1.3
31/12/2017 09:09:13 62.58 3.82825 -71.3441 9777 1.7
31/12/2017 11:34:48 62.7822 3.82985 -71.34274 9712 1.1
31/12/2017 12:03:32 62.8221 3.82989 -71.34408 9721 1.1
31/12/2017 12:26:08 62.8535 3.8296 -71.34576 9690 1.1
31/12/2017 06:32:35 62.3625 3.82789 -71.30382 4851 1.8
31/12/2017 06:33:22 62.3635 3.82986 -71.34492 9666 1.2
31/12/2017 08:49:36 62.5528 3.82953 -71.34477 9759 1.1
31/12/2017 09:30:45 62.6099 3.83079 -71.34714 9296 0.9
01/01/2018 01:28:07 62.9396 3.82884 -71.34543 9617 1.8
01/01/2018 05:59:15 63.3162 3.84897 -71.32447 4898 1.3
01/01/2018 07:17:31 63.4249 3.82882 -71.3439 9664 1
01/01/2018 08:54:34 63.5597 3.82964 -71.34306 9832 0.9
01/01/2018 10:07:55 63.6615 3.82926 -71.34605 9811 2.2
01/01/2018 10:39:41 63.7056 3.82779 -71.29823 5128 1.3
01/01/2018 06:25:23 63.3525 3.82959 -71.34403 9851 1.1
01/01/2018 09:43:51 63.6281 3.82849 -71.30536 4825 1.5
01/01/2018 09:45:49 63.6308 3.82744 -71.34396 9663 1.7
01/01/2018 09:46:55 63.6324 3.82977 -71.34797 10272 1.3
01/01/2018 09:53:49 63.6419 3.85962 -71.40651 5937 1.2
01/01/2018 09:58:49 63.6489 3.82972 -71.3466 9713 2
01/01/2018 10:10:57 63.6657 3.88155 -71.36446 9523 1.3
01/01/2018 11:16:30 63.7568 3.88025 -71.3638 9252 1.3
02/01/2018 02:06:12 63.9925 3.88196 -71.36398 9462 1.2
02/01/2018 02:08:36 63.9958 3.88025 -71.36512 9605 1.3
02/01/2018 03:37:27 64.1192 3.87994 -71.36631 9656 1.4
02/01/2018 03:49:41 64.1362 3.85071 -71.29263 4292 1.4
02/01/2018 05:06:56 64.2435 3.82805 -71.34716 9875 1
02/01/2018 05:30:06 64.2757 3.82965 -71.34686 9910 1.2
02/01/2018 05:58:46 64.3155 3.8294 -71.34374 9722 1.1
02/01/2018 06:00:51 64.3184 3.82755 -71.3015 4835 1.3
02/01/2018 06:04:01 64.3228 3.83521 -71.32087 4802 1.3
02/01/2018 06:10:14 64.3314 3.83049 -71.34093 9970 0.9
02/01/2018 06:57:29 64.397 3.84655 -71.27741 2631 1.2
02/01/2018 07:32:29 64.4456 3.83016 -71.34538 9814 1.5
02/01/2018 07:45:08 64.4632 3.82714 -71.30479 4794 1.8
02/01/2018 09:37:57 64.6199 3.82923 -71.34412 9717 1.8
02/01/2018 10:02:32 64.6541 3.82916 -71.34632 9691 2.4
02/01/2018 01:08:41 63.9126 3.82954 -71.34417 9782 1.5
02/01/2018 04:44:31 64.2124 3.82901 -71.34389 9620 1.7
02/01/2018 09:13:05 64.5854 3.8298 -71.34376 9614 1.2
03/01/2018 12:19:03 65.8437 3.82785 -71.30345 4840 1.5
03/01/2018 12:20:27 65.8456 3.86731 -71.4078 5676 2.2
03/01/2018 02:07:35 64.9944 3.86683 -71.40977 5920 1.8
03/01/2018 02:58:55 65.0657 3.86658 -71.40751 6486 1.5
03/01/2018 05:03:50 65.2392 3.8667 -71.40839 5733 1.9
03/01/2018 05:12:36 65.2514 3.83027 -71.34283 9661 1.1
03/01/2018 05:22:48 65.2655 3.82836 -71.34484 9762 1.5
03/01/2018 05:26:38 65.2709 3.86779 -71.40764 6285 1.8
03/01/2018 05:54:55 65.3101 3.83017 -71.34161 8891 1.2
03/01/2018 05:57:21 65.3135 3.82934 -71.34573 9680 1.7
03/01/2018 06:47:00 65.3825 3.82826 -71.34528 9708 1.4
03/01/2018 08:46:10 65.548 3.82854 -71.34606 9830 1.4
03/01/2018 09:00:21 65.5677 3.82871 -71.34451 9900 1.8
03/01/2018 09:05:38 65.575 3.82924 -71.3442 9774 1.8
03/01/2018 11:43:56 65.7949 3.83002 -71.34385 9825 1.5
03/01/2018 05:20:39 65.2625 3.8327 -71.34423 9987 1.1
04/01/2018 03:50:54 66.1379 3.82956 -71.3449 9539 1.3
04/01/2018 03:51:31 66.1388 3.82887 -71.34542 9561 1.6
04/01/2018 07:40:17 66.4565 3.82947 -71.34569 9667 1.6
04/01/2018 12:06:29 66.8262 3.83009 -71.34527 9884 1
04/01/2018 12:53:25 66.8914 3.82943 -71.34562 9917 1.2
04/01/2018 02:46:49 66.0489 3.82979 -71.34194 10009 1.2
04/01/2018 03:23:35 66.1 3.82857 -71.34664 9598 1.8
04/01/2018 10:46:12 66.7147 3.83012 -71.34426 9844 1.1
04/01/2018 11:31:43 66.7779 3.82895 -71.34617 9855 2.1
05/01/2018 12:38:38 67.8709 3.83026 -71.34576 9683 1.2
05/01/2018 03:38:48 67.1211 3.83032 -71.34228 10074 1.2
05/01/2018 07:52:26 67.4734 3.82998 -71.34439 9825 1.7
05/01/2018 08:25:38 67.5195 3.83002 -71.34521 9860 1.4
05/01/2018 09:24:50 67.6017 3.82911 -71.34543 9755 1.2
05/01/2018 11:49:14 67.8022 3.82889 -71.3462 9775 1.8
05/01/2018 01:26:25 66.9372 3.86658 -71.40799 5519 1.3
05/01/2018 09:37:17 67.619 3.83044 -71.34189 9799 1.4
06/01/2018 12:59:57 68.9005 3.82969 -71.34556 9812 1.4
06/01/2018 03:54:53 68.1434 3.92533 -71.47643 6935 1.3
06/01/2018 09:10:42 68.5821 3.82799 -71.30319 4820 1.1
06/01/2018 09:37:09 68.6188 3.85822 -71.41302 5862 1
06/01/2018 12:30:11 68.8591 3.8304 -71.34508 9661 1.1
06/01/2018 09:51:23 68.6386 3.8287 -71.34757 9609 1.1
