 -71.920   4.237        0
 -71.827   3.972     5541
 -70.639   4.445     5677
 -71.327   3.792     5739
 -71.539   3.804     5740
 -71.418   3.826     5743
 -71.337   3.831     5746
 -71.199   3.791     5746
 -71.503   3.717     5747
 -71.329   3.826     5747
 -71.446   3.795     5748
 -71.660   3.809     5748
 -71.441   3.792     5748
 -71.344   3.792     5748
 -71.381   3.815     5748
 -71.405   3.798     5749
 -71.424   3.819     5750
 -71.343   3.795     5751
 -71.497   3.867     5751
 -71.470   3.779     5751
 -71.294   3.805     5752
 -71.406   3.762     5756
 -71.521   3.813     5756
 -71.285   3.776     5756
 -71.507   3.677     5761
 -71.219   3.808     5762
 -71.212   3.756     5762
 -71.272   3.696     5765
 -71.531   3.773     5765
 -71.187   3.733     5767
 -71.377   3.796     5767
 -71.215   3.769     5767
 -71.504   3.759     5768
 -71.242   3.746     5768
 -71.488   3.831     5771
 -71.352   3.814     5772
 -71.269   3.807     5773
 -71.285   3.801     5776
 -71.456   3.788     5777
 -71.235   3.763     5777
 -71.271   3.715     5777
 -71.426   3.722     5779
 -71.498   3.779     5780
 -71.512   3.793     5782
 -71.339   3.779     5783
 -71.314   3.751     5785
 -71.308   3.783     5786
 -71.641   3.809     5787
 -71.087   3.727     5788
 -71.466   3.810     5790
 -71.453   3.786     5790
 -71.328   3.785     5791
 -71.385   3.719     5794
 -71.485   3.797     5799
 -71.581   3.836     5800
 -71.416   3.826     5800
 -71.435   3.870     5800
 -71.551   3.990     5800
 -71.348   3.816     5801
 -71.480   3.762     5802
 -71.294   3.781     5802
 -71.282   3.824     5810
 -71.417   3.813     5810
 -71.440   3.779     5810
 -71.034   3.770     5812
 -71.450   3.790     5812
 -71.379   3.841     5812
 -71.309   3.792     5812
 -71.501   3.792     5812
 -71.538   3.833     5813
 -71.246   3.778     5814
 -71.370   3.767     5816
 -71.288   3.787     5822
 -71.338   3.785     5824
 -71.350   3.780     5826
 -71.327   3.854     5827
 -71.526   3.796     5828
 -71.270   3.797     5828
 -71.358   3.828     5828
 -71.246   3.770     5828
 -71.128   3.746     5828
 -71.292   3.808     5828
 -71.426   3.783     5834
 -71.180   3.764     5838
 -71.579   3.780     5841
 -71.018   3.780     5841
 -71.479   3.796     5865
 -71.276   3.830     5870
 -71.438   3.798     5872
 -71.584   3.774     5879
 -71.561   3.851     5879
 -71.313   3.860     5882
 -71.229   3.954     5884
 -71.269   3.776     5884
 -71.035   3.608     5888
 -71.479   3.811     5889
 -71.573   3.737     5891
 -71.555   3.501     5892
 -71.219   3.749     5892
 -71.275   3.854     5894
 -71.204   3.780     5897
 -71.192   3.841     5897
 -71.121   3.786     5898
 -71.276   3.783     5903
 -71.440   3.725     5903
 -71.559   3.752     5903
 -71.183   3.814     5903
 -71.195   3.743     5903
 -71.209   3.691     5903
 -71.222   3.837     5904
 -71.074   3.765     5914
 -71.117   3.640     5914
 -71.562   3.821     5918
 -71.476   3.840     5919
 -71.350   3.787     5931
 -71.168   3.942     5931
 -71.380   3.795     5933
 -71.391   3.853     5946
 -71.307   3.842     5955
 -71.321   3.877     5955
 -71.413   3.933     5955
 -71.581   3.994     5955
 -71.455   3.867     5955
 -71.500   3.776     5956
 -71.418   3.806     5956
 -71.374   3.840     5957
 -71.343   3.806     5963
 -71.367   3.801     5980
 -71.478   3.800     5982
 -71.309   3.832     5985
 -71.381   3.812     5986
 -71.391   4.042     5987
 -71.435   3.857     6001
 -71.429   3.837     6002
 -71.604   3.784     6003
 -71.409   3.797     6006
 -71.481   3.812     6015
 -71.665   4.122     6016
 -71.356   4.156     6018
 -71.287   3.830     6020
 -71.413   3.826     6031
 -71.452   3.671     6031
 -71.409   3.784     6031
 -71.495   3.837     6031
 -71.428   3.836     6032
 -71.659   3.936     6036
 -71.516   3.808     6038
 -71.624   3.900     6042
 -71.409   3.861     6042
 -71.464   3.918     6043
 -71.611   4.019     6043
 -71.644   3.973     6047
 -71.433   3.846     6047
 -71.604   3.763     6048
 -71.499   3.802     6049
 -71.718   3.860     6052
 -71.419   3.836     6053
 -71.503   4.043     6056
 -71.717   3.803     6056
 -71.590   3.903     6056
 -71.586   4.041     6056
 -71.610   3.880     6058
 -71.462   3.835     6058
 -71.328   3.921     6058
 -71.729   3.868     6059
 -71.410   3.863     6059
 -71.324   3.760     6059
 -71.530   3.899     6060
 -71.683   3.707     6061
 -71.594   3.917     6061
 -71.596   3.882     6062
 -71.549   3.885     6062
 -71.544   4.131     6062
 -71.597   3.916     6063
 -71.610   3.987     6063
 -71.594   3.958     6063
 -71.582   3.899     6063
 -71.571   3.904     6063
 -71.613   3.910     6064
 -71.586   3.888     6064
 -71.567   3.887     6064
 -71.597   3.872     6064
 -71.614   3.857     6064
 -71.661   3.877     6065
 -71.584   3.885     6065
 -71.589   3.927     6065
 -71.602   3.905     6065
 -71.575   3.912     6065
 -71.579   3.894     6065
 -71.582   3.888     6065
 -71.571   3.907     6065
 -71.594   3.915     6065
 -71.703   3.800     6065
 -71.587   3.894     6065
 -71.596   3.882     6065
 -71.524   3.969     6065
 -71.565   3.905     6066
 -71.602   3.878     6066
 -71.605   3.897     6066
 -71.645   3.844     6066
 -71.690   3.771     6066
 -71.566   3.962     6066
 -71.606   3.897     6066
 -71.504   3.840     6066
 -71.594   3.884     6066
 -71.539   3.871     6067
 -71.586   3.876     6067
 -71.586   3.861     6067
 -71.594   3.906     6067
 -71.601   3.898     6068
 -71.574   3.893     6068
 -71.594   3.889     6068
 -71.588   4.133     6068
 -71.669   3.853     6068
 -71.720   3.899     6068
 -71.577   3.881     6068
 -71.560   3.879     6068
 -71.742   4.108     6069
 -71.576   3.852     6069
 -71.601   3.849     6069
 -71.687   3.849     6069
 -71.576   3.874     6070
 -71.592   3.918     6070
 -71.591   3.891     6070
 -71.704   3.871     6070
 -71.586   3.888     6070
 -71.630   3.879     6071
 -71.614   3.882     6071
 -71.610   3.916     6071
 -71.624   3.912     6072
 -71.631   3.899     6072
 -71.605   3.893     6072
 -71.589   3.834     6072
 -71.582   3.881     6073
 -71.632   3.891     6073
 -71.691   3.874     6073
 -71.447   3.893     6073
 -71.555   3.862     6074
 -71.593   3.907     6074
 -71.541   3.882     6074
 -71.720   3.838     6076
 -71.507   3.776     6080
 -71.579   3.898     6080
 -71.591   3.903     6083
 -71.617   3.884     6083
 -71.546   3.888     6083
 -71.565   4.025     6084
 -71.649   3.973     6085
 -71.578   3.926     6085
 -71.551   3.898     6085
 -71.552   3.908     6086
 -71.572   3.904     6086
 -71.582   3.812     6086
 -71.319   3.833     6087
 -71.570   3.892     6087
 -71.551   3.875     6087
 -71.546   3.892     6088
 -71.592   3.889     6088
 -71.603   3.833     6088
 -71.549   4.004     6088
 -71.591   4.046     6088
 -71.646   3.935     6088
 -71.637   3.929     6088
 -71.575   3.873     6090
 -71.512   3.924     6090
 -71.626   3.864     6091
 -71.605   3.863     6093
 -71.470   3.863     6094
 -71.391   3.850     6095
 -71.385   3.848     6095
 -71.410   3.823     6096
 -71.447   3.797     6096
 -71.384   3.859     6097
 -71.259   4.128     6097
 -71.579   3.926     6098
 -71.470   4.082     6098
 -71.625   3.885     6098
 -71.397   3.864     6098
 -71.407   3.860     6098
 -71.443   3.922     6098
 -71.619   3.868     6100
 -71.589   3.874     6100
 -71.586   3.881     6100
 -71.583   3.880     6102
 -71.651   3.845     6102
 -71.599   3.909     6102
 -71.573   3.862     6102
 -71.578   3.877     6102
 -71.535   4.017     6103
 -71.349   4.081     6103
 -71.446   4.084     6105
 -71.592   3.886     6105
 -71.572   3.903     6105
 -71.311   4.062     6107
 -71.569   4.044     6108
 -71.570   3.920     6108
 -71.645   3.889     6108
 -71.514   3.889     6109
 -71.395   3.862     6112
 -71.382   3.865     6112
 -71.383   3.840     6117
 -71.392   3.860     6117
 -71.590   3.933     6120
 -71.592   3.896     6120
 -71.563   3.923     6121
 -71.641   3.860     6122
 -71.636   3.900     6123
 -71.500   3.837     6124
 -71.422   3.810     6124
 -71.388   3.823     6124
 -71.439   3.924     6125
 -71.550   3.898     6125
 -71.561   4.037     6125
 -71.599   3.949     6125
 -71.559   3.985     6125
 -71.595   3.885     6125
 -71.641   4.014     6125
 -71.576   3.927     6125
 -71.601   3.975     6126
 -71.318   3.857     6126
 -71.683   3.998     6126
 -71.533   3.812     6128
 -71.444   3.832     6128
 -71.627   3.902     6130
 -71.432   3.861     6130
 -71.545   3.906     6133
 -71.685   3.881     6133
 -71.545   3.903     6134
 -71.523   3.901     6134
 -71.522   3.876     6134
 -71.526   3.817     6137
 -71.665   3.925     6138
 -71.597   3.937     6139
 -71.439   3.852     6140
 -71.392   3.831     6141
 -71.613   3.727     6141
 -71.567   4.085     6142
 -71.596   3.926     6143
 -71.486   3.948     6143
 -71.553   3.862     6143
 -71.634   3.991     6143
 -71.646   3.786     6144
 -71.580   3.916     6145
 -71.602   3.903     6145
 -71.567   3.898     6145
 -71.586   3.938     6145
 -71.570   3.866     6145
 -71.595   3.950     6145
 -71.628   3.968     6145
 -71.630   3.933     6145
 -71.593   3.871     6145
 -71.591   3.863     6145
 -71.638   3.880     6145
 -71.633   3.898     6145
 -71.594   3.869     6145
 -71.607   3.890     6145
 -71.588   3.825     6146
 -71.626   3.931     6146
 -71.618   3.977     6146
 -71.648   4.002     6146
 -71.593   3.867     6146
 -71.584   3.867     6146
 -71.532   3.920     6146
 -71.589   3.856     6146
 -71.614   3.876     6146
 -71.616   3.854     6146
 -71.528   3.920     6146
 -71.521   3.885     6147
 -71.656   3.878     6147
 -71.588   3.834     6147
 -71.483   3.898     6147
 -71.416   4.284     6148
 -71.601   3.889     6148
 -71.511   4.088     6148
 -71.643   3.878     6148
 -71.713   3.842     6148
 -71.638   3.905     6149
 -71.598   3.865     6149
 -71.591   3.998     6149
 -71.562   3.984     6149
 -71.593   4.050     6149
 -71.599   4.007     6149
 -71.633   3.883     6149
 -71.399   3.786     6149
 -71.656   3.906     6149
 -71.504   3.997     6151
 -71.522   3.928     6151
 -71.568   3.924     6152
 -71.664   3.953     6152
 -71.632   3.981     6153
 -71.640   3.970     6153
 -71.632   3.881     6153
 -71.524   3.926     6154
 -71.403   3.856     6154
 -71.486   3.992     6154
 -71.522   3.921     6154
 -71.617   3.827     6154
 -71.400   3.778     6154
 -71.556   3.902     6155
 -71.590   3.891     6155
 -71.516   3.907     6155
 -71.582   4.048     6155
 -71.580   3.900     6155
 -71.583   3.919     6156
 -71.623   3.897     6156
 -71.389   3.870     6157
 -71.554   4.122     6157
 -71.555   3.907     6157
 -71.584   3.804     6157
 -71.588   3.883     6157
 -71.611   3.951     6157
 -71.587   3.947     6157
 -71.581   3.907     6157
 -71.559   3.906     6157
 -71.646   3.834     6157
 -71.563   3.871     6157
 -71.532   3.894     6157
 -71.489   3.776     6157
 -71.577   3.911     6157
 -71.423   3.844     6157
 -71.579   3.945     6158
 -71.583   3.929     6158
 -71.590   3.905     6158
 -71.657   3.930     6158
 -71.625   3.733     6158
 -71.542   3.908     6158
 -71.641   3.850     6158
 -71.558   3.911     6158
 -71.329   4.004     6158
 -71.579   3.890     6158
 -71.606   3.950     6158
 -71.552   3.918     6158
 -71.591   3.873     6158
 -71.435   3.800     6158
 -71.605   3.886     6158
 -71.593   3.917     6158
 -71.555   3.980     6158
 -71.579   3.983     6159
 -71.339   3.833     6159
 -71.595   3.980     6159
 -71.573   3.890     6159
 -71.601   3.976     6159
 -71.569   3.937     6159
 -71.500   3.916     6159
 -71.523   3.789     6160
 -71.570   3.885     6160
 -71.579   3.913     6160
 -71.709   4.073     6160
 -71.572   3.920     6160
 -71.767   3.954     6160
 -71.631   3.893     6160
 -71.585   3.906     6161
 -71.599   3.899     6162
 -71.673   3.888     6162
 -71.564   3.927     6162
 -71.656   3.882     6162
 -71.622   3.862     6162
 -71.641   3.871     6162
 -71.621   3.894     6162
 -71.630   3.874     6162
 -71.587   4.015     6162
 -71.630   3.859     6162
 -71.600   3.925     6162
 -71.618   3.892     6162
 -71.538   3.884     6162
 -71.574   3.888     6163
 -71.612   3.775     6164
 -71.608   3.856     6164
 -71.563   3.885     6165
 -71.418   3.770     6165
 -71.570   3.941     6166
 -71.580   3.881     6166
 -71.586   3.905     6166
 -71.612   3.869     6167
 -71.636   3.880     6167
 -71.584   3.914     6167
 -71.550   3.855     6167
 -71.601   3.870     6167
 -71.606   3.910     6167
 -71.614   4.035     6167
 -71.611   3.881     6167
 -71.555   3.904     6167
 -71.574   3.897     6167
 -71.553   3.901     6167
 -71.617   3.886     6167
 -71.571   3.891     6167
 -71.624   3.894     6167
 -71.615   3.896     6167
 -71.586   3.913     6167
 -71.788   3.887     6168
 -71.651   3.813     6168
 -71.673   3.782     6168
 -71.609   4.000     6168
 -71.620   3.870     6168
 -71.586   3.892     6168
 -71.610   3.887     6169
 -71.625   3.819     6169
 -71.582   3.921     6169
 -71.695   4.128     6169
 -71.635   3.943     6169
 -71.544   3.888     6170
 -71.646   3.886     6170
 -71.592   3.858     6171
 -71.601   3.812     6171
 -71.626   3.904     6171
 -71.602   3.891     6171
 -71.584   3.986     6171
 -71.589   3.891     6172
 -71.420   4.075     6172
 -71.603   3.991     6172
 -71.593   3.885     6173
 -71.528   4.021     6173
 -71.584   3.794     6174
 -71.492   3.927     6176
 -71.582   3.836     6176
 -71.617   3.884     6177
 -71.636   3.789     6177
 -71.626   3.803     6177
 -71.758   3.999     6178
 -71.637   3.898     6178
 -71.590   4.081     6178
 -71.583   3.866     6178
 -71.470   3.806     6179
 -71.589   3.872     6181
 -71.625   3.879     6181
 -71.564   3.886     6181
 -71.455   3.852     6182
 -71.633   3.912     6182
 -71.599   3.895     6182
 -71.582   3.883     6182
 -71.611   3.902     6182
 -71.424   3.774     6182
 -71.332   3.823     6182
 -71.579   3.862     6183
 -71.507   4.037     6183
 -71.590   3.896     6183
 -71.402   3.860     6183
 -71.622   3.869     6183
 -71.734   3.834     6183
 -71.591   3.868     6183
 -71.557   3.907     6183
 -71.597   3.869     6184
 -71.548   3.916     6184
 -71.508   4.009     6184
 -71.453   3.845     6184
 -71.506   3.924     6187
 -71.533   3.913     6188
 -71.632   3.949     6188
 -71.679   3.918     6188
 -71.476   3.958     6188
 -71.523   3.914     6188
 -71.560   3.922     6188
 -71.579   3.886     6188
 -71.589   3.886     6188
 -71.571   3.856     6188
 -71.664   3.920     6188
 -71.598   3.904     6188
 -71.666   3.901     6188
 -71.546   3.908     6189
 -71.541   3.907     6189
 -71.462   4.054     6189
 -71.633   3.864     6189
 -71.562   3.915     6190
 -71.636   3.881     6190
 -71.715   3.656     6190
 -71.471   3.944     6190
 -71.621   3.916     6192
 -71.652   3.892     6192
 -71.549   3.876     6193
 -71.561   3.895     6193
 -71.567   3.915     6195
 -71.612   3.883     6195
 -71.664   3.882     6196
 -71.485   3.849     6197
 -71.611   3.997     6197
 -71.597   4.057     6197
 -71.569   3.870     6197
 -71.614   3.880     6197
 -71.510   3.861     6198
 -71.655   3.817     6198
 -71.677   3.898     6199
 -71.559   3.895     6199
 -71.596   3.901     6200
 -71.717   3.681     6201
 -71.501   3.918     6201
 -71.621   3.877     6201
 -71.584   3.915     6203
 -71.506   3.909     6207
 -71.567   3.894     6208
 -71.361   3.845     6208
 -71.514   3.913     6208
 -71.566   3.947     6208
 -71.461   3.938     6208
 -71.586   3.889     6211
 -71.450   3.839     6211
 -71.566   3.896     6213
 -71.593   3.925     6213
 -71.608   3.893     6214
 -71.542   3.853     6214
 -71.517   3.959     6214
 -71.479   3.943     6214
 -71.549   3.898     6216
 -71.590   3.894     6218
 -71.680   3.852     6218
 -71.577   3.912     6218
 -70.669   4.252     6218
 -71.537   3.891     6219
 -71.565   4.059     6220
 -71.641   3.898     6220
 -71.571   3.917     6222
 -71.555   3.912     6223
 -71.563   3.937     6223
 -71.567   3.916     6224
 -71.572   3.899     6224
 -71.493   3.822     6224
 -71.541   3.912     6226
 -71.526   3.878     6226
 -71.543   3.912     6228
 -71.519   3.918     6228
 -71.632   3.885     6229
 -71.596   3.883     6230
 -71.585   3.875     6230
 -71.614   3.796     6231
 -71.557   3.921     6231
 -71.566   3.864     6232
 -71.582   3.893     6232
 -71.597   3.891     6232
 -71.596   3.880     6232
 -71.514   3.959     6232
 -71.588   3.887     6232
 -71.768   3.922     6232
 -71.539   4.085     6232
 -71.623   3.838     6232
 -71.607   3.895     6232
 -71.587   3.905     6233
 -71.592   3.884     6233
 -71.521   3.897     6233
 -71.549   4.065     6233
 -71.621   3.908     6233
 -71.526   3.876     6233
 -71.450   3.846     6235
 -71.331   3.838     6236
 -71.447   3.934     6236
 -71.562   3.887     6238
 -71.459   3.919     6238
 -71.465   3.982     6239
 -71.512   4.202     6240
 -71.494   3.844     6245
 -71.653   3.858     6245
 -71.302   3.806     6248
 -71.466   3.884     6248
 -71.503   3.888     6248
 -71.587   3.852     6248
 -71.372   3.831     6248
 -71.556   3.900     6252
 -71.500   3.858     6252
 -71.682   3.865     6252
 -71.621   3.930     6253
 -71.540   3.810     6253
 -71.687   3.860     6253
 -71.306   3.842     6253
 -71.517   3.925     6256
 -71.356   3.651     6257
 -71.241   3.992     6259
 -71.544   3.859     6260
 -71.485   3.895     6266
 -71.433   3.743     6267
 -71.581   3.860     6267
 -71.457   3.823     6269
 -71.484   3.878     6270
 -71.618   3.859     6272
 -71.431   3.780     6275
 -71.608   3.899     6275
 -71.602   3.892     6275
 -71.601   3.878     6276
 -71.570   3.891     6277
 -71.569   3.883     6277
 -71.550   3.920     6277
 -71.551   3.920     6280
 -71.563   3.878     6280
 -71.419   3.844     6281
 -71.441   3.851     6282
 -71.524   3.907     6282
 -71.610   3.858     6282
 -71.663   3.883     6283
 -71.552   3.917     6284
 -71.561   3.869     6284
 -71.439   3.812     6286
 -71.509   3.952     6290
 -71.553   3.882     6291
 -71.484   3.939     6291
 -71.557   3.950     6292
 -71.338   3.785     6295
 -71.439   3.871     6296
 -71.602   3.890     6297
 -71.586   4.050     6298
 -71.497   3.897     6299
 -71.393   3.844     6300
 -71.540   3.889     6301
 -71.520   3.944     6302
 -71.649   3.920     6303
 -71.411   3.860     6304
 -71.511   4.030     6305
 -71.537   4.111     6306
 -71.547   3.940     6307
 -71.611   3.965     6312
 -71.436   3.933     6312
 -71.559   3.980     6315
 -71.600   3.917     6317
 -71.592   4.031     6320
 -71.596   3.908     6321
 -71.554   3.882     6321
 -71.499   4.206     6322
 -71.510   3.913     6323
 -71.484   3.916     6323
 -71.553   3.912     6323
 -71.558   3.890     6323
 -71.566   3.911     6323
 -71.638   3.877     6323
 -71.497   3.935     6323
 -71.486   3.667     6324
 -71.586   3.926     6328
 -71.551   3.880     6329
 -71.411   3.877     6330
 -71.668   3.948     6333
 -71.409   4.249     6335
 -71.566   3.953     6338
 -71.399   3.846     6342
 -71.576   3.867     6344
 -71.628   3.980     6346
 -71.535   3.868     6346
 -71.534   3.906     6346
 -71.505   3.677     6346
 -71.555   3.881     6346
 -71.570   4.000     6346
 -71.641   3.882     6346
 -71.532   4.207     6346
 -71.553   4.155     6346
 -71.598   4.092     6346
 -71.582   3.936     6346
 -71.523   3.977     6346
 -71.542   4.068     6346
 -71.500   4.046     6346
 -71.569   3.881     6346
 -71.589   3.871     6346
 -71.606   3.868     6346
 -71.494   3.951     6347
 -71.603   3.973     6347
 -71.632   3.983     6347
 -71.631   3.850     6347
 -71.501   3.977     6347
 -71.645   3.904     6347
 -71.417   3.865     6347
 -71.543   3.940     6347
 -71.541   3.906     6348
 -71.563   3.935     6348
 -71.648   3.872     6348
 -71.477   3.945     6348
 -71.559   3.884     6349
 -71.497   4.001     6349
 -71.515   3.924     6350
 -71.397   3.862     6353
 -71.509   3.957     6354
 -71.528   3.889     6355
 -71.555   3.986     6357
 -71.402   3.793     6358
 -71.591   3.898     6358
 -71.565   3.965     6360
 -71.557   4.147     6360
 -70.455   4.397     6363
 -71.447   3.785     6366
 -71.358   3.844     6368
 -71.469   3.842     6369
 -71.390   3.823     6369
 -71.567   3.888     6371
 -71.417   3.844     6372
 -71.595   3.974     6375
 -71.471   3.881     6376
 -71.511   3.916     6376
 -71.422   3.817     6376
 -71.518   3.739     6377
 -71.469   4.068     6383
 -71.447   3.913     6383
 -71.349   3.829     6383
 -71.598   4.030     6385
 -71.390   3.859     6389
 -71.513   3.771     6392
 -71.637   3.881     6394
 -71.384   3.827     6394
 -71.538   3.813     6394
 -71.518   3.916     6396
 -71.338   4.039     6396
 -71.494   3.906     6399
 -71.597   3.931     6409
 -71.576   3.899     6414
 -71.465   3.831     6417
 -71.543   3.922     6431
 -71.547   3.991     6432
 -71.285   3.839     6440
 -71.299   3.833     6440
 -71.359   3.814     6443
 -71.683   3.867     6458
 -71.536   3.936     6462
 -71.607   3.995     6462
 -71.368   3.821     6465
 -71.423   3.767     6465
 -71.289   3.842     6474
 -71.357   3.879     6492
 -71.406   3.892     6494
 -71.401   3.944     6494
 -71.345   3.813     6494
 -71.422   3.853     6496
 -71.426   3.821     6496
 -71.447   3.806     6499
 -71.556   3.864     6500
 -71.425   3.833     6505
 -71.623   3.813     6512
 -71.431   3.860     6517
 -71.410   3.809     6527
 -71.251   3.901     6532
 -71.388   3.979     6533
 -71.410   3.795     6534
 -71.293   3.855     6535
 -71.497   3.745     6548
 -71.378   3.888     6552
 -71.367   3.826     6567
 -71.375   3.911     6568
 -71.396   3.823     6571
 -71.521   3.816     6581
 -71.363   3.858     6581
 -71.412   3.835     6598
 -71.412   3.849     6598
 -71.357   3.841     6612
 -71.333   3.821     6612
 -71.394   3.826     6612
 -71.358   3.833     6612
 -71.372   3.828     6612
 -71.426   3.826     6612
 -71.326   3.797     6612
 -71.313   3.844     6612
 -71.463   3.811     6612
 -71.292   3.857     6612
 -71.414   3.805     6612
 -71.349   3.785     6612
 -71.484   3.770     6613
 -71.348   3.849     6613
 -71.443   3.806     6613
 -71.342   3.907     6613
 -71.373   3.832     6613
 -71.202   3.840     6613
 -71.319   3.883     6614
 -71.394   3.834     6615
 -71.457   3.812     6616
 -71.390   3.833     6616
 -71.321   4.080     6617
 -71.394   3.823     6618
 -71.546   3.785     6619
 -71.241   4.049     6619
 -71.346   4.081     6620
 -71.395   3.822     6620
 -71.441   3.770     6620
 -71.293   4.121     6620
 -71.407   3.835     6620
 -71.329   3.845     6620
 -71.345   3.878     6620
 -71.368   3.817     6620
 -71.363   3.838     6620
 -71.346   3.847     6620
 -71.344   3.805     6620
