 -73.083    5.892 RUS  
 -73.182    6.592 BAR  
 -75.320    4.585 TOL  
 -75.529    6.191 HEL  
 -72.421    5.354 YOP  
 -73.693    4.112 VIL  
 -73.732    4.629 CHI  
 -71.791    6.436 TAM  
 -73.951    3.273 SJA  
 -75.653    1.583 FLO2 
 -69.483    7.001 ELOV 
 -74.320    4.840 ROSC 
 -73.182    6.592 BAR2 
 -73.193    7.079 GIR2 
 -72.700    7.339 PAM  
 -73.712    7.107 BRR  
 -74.456    6.540 PTB  
 -75.954    2.842 MARA 
 -76.345    3.984 YOT  
 -74.797   -0.170 PTLC 
 -76.397    2.328 PCON 
 -76.210    7.017 DBB  
 -74.869    5.563 NOR  
 -74.071    8.801 SML  
 -75.418    2.722 BET  
 -74.858    7.492 ZAR  
 -76.607    2.135 SOTA 
 -75.533    7.752 URE  
 -77.345    1.226 GCUF 
 -75.179    9.897 SJC  
 -71.993   11.702 URI  
 -76.676    2.540 POP2 
 -70.630    8.880 SDV  
 -75.365    5.224 GUY2C
 -73.848    2.145 MACC 
 -70.856    8.284 SOCV 
 -72.467    4.935 AGZ  
 -75.347    4.901 RREF 
 -75.246    3.909 ORTC 
 -74.072    5.652 SPBC 
 -72.134    4.199 PTGC 
 -74.074    4.521 CVER 
 -76.012    5.864 CBOC 
 -75.402    4.491 ANIL 
 -76.283    4.905 PAL  
 -75.493    2.187 GARC 
 -73.444    9.935 COD  
 -74.246    9.858 ARGC 
 -77.335    4.013 MAL  
 -76.623    3.483 HORQ 
 -76.951    1.568 CRU  
 -77.247    2.022 BBAC 
 -76.570    0.550 PUAC 
 -77.360    4.965 PIZC 
 -78.779    0.266 PAC1 
 -78.399    0.305 CUSE 
 -75.665    8.778 MON  
 -75.400    4.861 ELA  
 -73.438    9.555 LL2C 
 -73.555    9.542 LL1C 
 -73.553    9.696 LL4C 
 -72.882   11.020 CRJC 
 -75.353    4.960 CRECR
 -77.881    0.851 IPA  
 -78.451    0.238 OTAV 
 -69.909   -4.184 TBTG 
 -76.198    3.544 NIMA 
