1997/07/16T07:34:38.90  -71.920    4.237    0.24000  0.40E+14
2012/09/16T08:05:42.30  -71.827    3.972    0.18400  0.35E+13
2013/01/31T02:56:09.60  -70.639    4.445    0.20000  0.71E+13
2013/04/02T19:46:33.00  -71.327    3.792    0.25600  0.79E+14
2013/04/03T16:49:00.00  -71.539    3.804    0.20800  0.10E+14
2013/04/06T09:00:53.30  -71.418    3.826    0.17600  0.25E+13
2013/04/09T20:33:46.70  -71.337    3.831    0.20000  0.71E+13
2013/04/10T03:37:43.60  -71.199    3.791    0.27200  0.16E+15
2013/04/10T15:01:24.20  -71.503    3.717    0.22400  0.20E+14
2013/04/10T17:28:31.10  -71.329    3.826    0.23200  0.28E+14
2013/04/11T17:06:44.30  -71.446    3.795    0.17600  0.25E+13
2013/04/12T01:40:59.30  -71.660    3.809    0.22400  0.20E+14
2013/04/12T01:46:03.90  -71.441    3.792    0.13600  0.45E+12
2013/04/12T02:01:10.90  -71.344    3.792    0.20800  0.10E+14
2013/04/12T05:32:13.50  -71.381    3.815    0.19200  0.50E+13
2013/04/12T14:22:38.90  -71.405    3.798    0.20000  0.71E+13
2013/04/13T13:53:36.40  -71.424    3.819    0.20000  0.71E+13
2013/04/14T12:39:15.90  -71.343    3.795    0.20000  0.71E+13
2013/04/14T14:40:49.10  -71.497    3.867    0.18400  0.35E+13
2013/04/14T15:06:56.00  -71.470    3.779    0.16800  0.18E+13
2013/04/16T03:00:23.90  -71.294    3.805    0.30400  0.63E+15
2013/04/19T12:40:28.50  -71.406    3.762    0.27200  0.16E+15
2013/04/19T12:57:33.00  -71.521    3.813    0.24800  0.56E+14
2013/04/20T04:32:18.60  -71.285    3.776    0.20800  0.10E+14
2013/04/24T15:21:27.50  -71.507    3.677    0.24000  0.40E+14
2013/04/26T04:21:58.60  -71.219    3.808    0.22400  0.20E+14
2013/04/26T05:07:13.10  -71.212    3.756    0.24000  0.40E+14
2013/04/28T19:37:27.80  -71.272    3.696    0.24000  0.40E+14
2013/04/28T20:58:11.10  -71.531    3.773    0.18400  0.35E+13
2013/04/30T23:38:05.60  -71.187    3.733    0.24800  0.56E+14
2013/04/30T23:45:42.10  -71.377    3.796    0.28000  0.22E+15
2013/05/01T01:53:47.40  -71.215    3.769    0.21600  0.14E+14
2013/05/01T11:02:14.60  -71.504    3.759    0.20000  0.71E+13
2013/05/01T14:34:26.80  -71.242    3.746    0.21600  0.14E+14
2013/05/04T16:17:46.70  -71.488    3.831    0.23200  0.28E+14
2013/05/06T07:28:20.90  -71.352    3.814    0.24000  0.40E+14
2013/05/06T14:05:56.90  -71.269    3.807    0.24800  0.56E+14
2013/05/10T01:45:02.60  -71.285    3.801    0.31200  0.89E+15
2013/05/11T00:47:38.30  -71.456    3.788    0.22400  0.20E+14
2013/05/11T01:19:41.70  -71.235    3.763    0.32000  0.13E+16
2013/05/11T02:14:56.00  -71.271    3.715    0.22400  0.20E+14
2013/05/13T05:21:56.70  -71.426    3.722    0.29600  0.45E+15
2013/05/14T06:06:28.80  -71.498    3.779    0.16000  0.13E+13
2013/05/16T00:45:10.20  -71.512    3.793    0.17600  0.25E+13
2013/05/17T06:36:39.90  -71.339    3.779    0.32800  0.18E+16
2013/05/18T10:01:06.80  -71.314    3.751    0.25600  0.79E+14
2013/05/19T20:03:23.40  -71.308    3.783    0.27200  0.16E+15
2013/05/21T06:52:35.10  -71.641    3.809    0.20000  0.71E+13
2013/05/21T21:49:45.50  -71.087    3.727    0.31200  0.89E+15
2013/05/23T10:34:10.00  -71.466    3.810    0.17600  0.25E+13
2013/05/23T11:40:53.50  -71.453    3.786    0.25600  0.79E+14
2013/05/24T14:16:24.50  -71.328    3.785    0.25600  0.79E+14
2013/05/28T03:36:48.50  -71.385    3.719    0.19200  0.50E+13
2013/06/01T23:41:31.80  -71.485    3.797    0.28800  0.32E+15
2013/06/02T14:06:03.80  -71.581    3.836    0.23200  0.28E+14
2013/06/02T16:51:10.20  -71.416    3.826    0.28000  0.22E+15
2013/06/02T23:13:38.90  -71.435    3.870    0.15200  0.89E+12
2013/06/03T01:34:54.80  -71.551    3.990    0.26400  0.11E+15
2013/06/04T06:40:46.70  -71.348    3.816    0.19200  0.50E+13
2013/06/05T03:38:09.70  -71.480    3.762    0.23200  0.28E+14
2013/06/05T03:55:54.80  -71.294    3.781    0.30400  0.63E+15
2013/06/12T14:51:24.70  -71.282    3.824    0.24800  0.56E+14
2013/06/12T15:06:04.40  -71.417    3.813    0.20800  0.10E+14
2013/06/12T17:42:25.40  -71.440    3.779    0.20000  0.71E+13
2013/06/14T09:50:31.00  -71.034    3.770    0.22400  0.20E+14
2013/06/14T16:22:52.50  -71.450    3.790    0.23200  0.28E+14
2013/06/14T17:30:34.30  -71.379    3.841    0.27200  0.16E+15
2013/06/15T02:40:50.50  -71.309    3.792    0.28000  0.22E+15
2013/06/15T07:01:07.60  -71.501    3.792    0.21600  0.14E+14
2013/06/15T07:55:46.10  -71.538    3.833    0.21600  0.14E+14
2013/06/17T01:41:19.90  -71.246    3.778    0.31200  0.89E+15
2013/06/19T02:57:30.00  -71.370    3.767    0.27200  0.16E+15
2013/06/24T08:01:11.30  -71.288    3.787    0.20000  0.71E+13
2013/06/27T02:54:46.40  -71.338    3.785    0.30400  0.63E+15
2013/06/28T19:46:55.30  -71.350    3.780    0.21600  0.14E+14
2013/06/29T20:35:42.80  -71.327    3.854    0.20000  0.71E+13
2013/06/30T09:17:16.60  -71.526    3.796    0.28000  0.22E+15
2013/06/30T17:09:26.90  -71.270    3.797    0.22400  0.20E+14
2013/06/30T18:38:09.20  -71.358    3.828    0.28800  0.32E+15
2013/06/30T18:56:14.60  -71.246    3.770    0.25600  0.79E+14
2013/06/30T19:06:01.70  -71.128    3.746    0.30400  0.63E+15
2013/06/30T19:21:09.10  -71.292    3.808    0.26400  0.11E+15
2013/07/07T04:55:13.20  -71.426    3.783    0.18400  0.35E+13
2013/07/10T22:39:06.90  -71.180    3.764    0.29600  0.45E+15
2013/07/13T14:42:13.20  -71.579    3.780    0.22400  0.20E+14
2013/07/14T03:44:42.90  -71.018    3.780    0.21600  0.14E+14
2013/08/07T06:10:04.80  -71.479    3.796    0.18400  0.35E+13
2013/08/11T11:10:01.80  -71.276    3.830    0.20000  0.71E+13
2013/08/14T04:34:53.70  -71.438    3.798    0.20800  0.10E+14
2013/08/20T17:12:03.50  -71.584    3.774    0.26400  0.11E+15
2013/08/20T17:14:32.20  -71.561    3.851    0.25600  0.79E+14
2013/08/23T10:57:54.60  -71.313    3.860    0.24800  0.56E+14
2013/08/25T18:00:28.50  -71.229    3.954    0.22400  0.20E+14
2013/08/26T05:25:24.80  -71.269    3.776    0.20800  0.10E+14
2013/08/30T07:27:27.00  -71.035    3.608    0.20800  0.10E+14
2013/08/30T17:35:00.50  -71.479    3.811    0.25600  0.79E+14
2013/09/01T23:51:31.00  -71.573    3.737    0.22400  0.20E+14
2013/09/02T11:55:27.20  -71.555    3.501    0.28000  0.22E+15
2013/09/02T16:42:12.90  -71.219    3.749    0.27200  0.16E+15
2013/09/05T04:01:31.90  -71.275    3.854    0.24800  0.56E+14
2013/09/07T14:11:55.20  -71.204    3.780    0.27200  0.16E+15
2013/09/07T16:35:08.90  -71.192    3.841    0.28800  0.32E+15
2013/09/08T09:26:31.50  -71.121    3.786    0.26400  0.11E+15
2013/09/13T20:35:18.70  -71.276    3.783    0.28000  0.22E+15
2013/09/13T22:54:14.30  -71.440    3.725    0.24000  0.40E+14
2013/09/13T23:43:33.40  -71.559    3.752    0.21600  0.14E+14
2013/09/13T23:52:52.50  -71.183    3.814    0.18400  0.35E+13
2013/09/13T23:56:27.10  -71.195    3.743    0.20800  0.10E+14
2013/09/14T03:12:35.40  -71.209    3.691    0.24800  0.56E+14
2013/09/15T04:01:58.00  -71.222    3.837    0.19200  0.50E+13
2013/09/25T01:03:21.70  -71.074    3.765    0.24000  0.40E+14
2013/09/25T05:15:42.20  -71.117    3.640    0.23200  0.28E+14
2013/09/28T08:15:14.40  -71.562    3.821    0.18400  0.35E+13
2013/09/29T11:06:58.60  -71.476    3.840    0.18400  0.35E+13
2013/10/11T14:18:22.30  -71.350    3.787    0.24800  0.56E+14
2013/10/11T16:52:01.60  -71.168    3.942    0.22400  0.20E+14
2013/10/13T13:47:31.30  -71.380    3.795    0.23200  0.28E+14
2013/10/26T17:00:54.40  -71.391    3.853    0.20000  0.71E+13
2013/11/04T20:15:32.60  -71.307    3.842    0.24000  0.40E+14
2013/11/04T20:22:34.20  -71.321    3.877    0.24800  0.56E+14
2013/11/05T01:52:02.30  -71.413    3.933    0.12800  0.32E+12
2013/11/05T02:34:07.70  -71.581    3.994    0.15200  0.89E+12
2013/11/05T04:38:05.20  -71.455    3.867    0.24800  0.56E+14
2013/11/05T10:41:15.30  -71.500    3.776    0.20800  0.10E+14
2013/11/05T15:30:38.20  -71.418    3.806    0.20000  0.71E+13
2013/11/07T03:07:07.10  -71.374    3.840    0.24800  0.56E+14
2013/11/12T08:16:52.40  -71.343    3.806    0.19200  0.50E+13
2013/11/29T22:01:39.70  -71.367    3.801    0.27200  0.16E+15
2013/12/01T14:35:28.40  -71.478    3.800    0.26400  0.11E+15
2013/12/05T03:11:44.90  -71.309    3.832    0.25600  0.79E+14
2013/12/05T12:54:21.20  -71.381    3.812    0.20800  0.10E+14
2013/12/07T01:36:19.80  -71.391    4.042    0.16000  0.13E+13
2013/12/21T06:31:43.20  -71.435    3.857    0.12000  0.22E+12
2013/12/22T07:30:52.60  -71.429    3.837    0.24800  0.56E+14
2013/12/22T09:04:45.10  -71.604    3.784    0.12000  0.22E+12
2013/12/25T11:40:15.80  -71.409    3.797    0.17600  0.25E+13
2014/01/03T15:13:09.60  -71.481    3.812    0.17600  0.25E+13
2014/01/05T00:40:06.10  -71.665    4.122    0.13600  0.45E+12
2014/01/07T00:24:30.60  -71.356    4.156    0.13600  0.45E+12
2014/01/09T06:55:41.00  -71.287    3.830    0.15200  0.89E+12
2014/01/19T08:43:48.90  -71.413    3.826    0.24800  0.56E+14
2014/01/20T00:30:00.40  -71.452    3.671    0.19200  0.50E+13
2014/01/20T00:37:33.10  -71.409    3.784    0.16800  0.18E+13
2014/01/20T05:42:24.40  -71.495    3.837    0.16000  0.13E+13
2014/01/20T22:49:42.80  -71.428    3.836    0.20800  0.10E+14
2014/01/24T08:24:03.50  -71.659    3.936    0.16000  0.13E+13
2014/01/26T09:10:43.90  -71.516    3.808    0.19200  0.50E+13
2014/01/31T01:28:39.90  -71.624    3.900    0.16800  0.18E+13
2014/01/31T02:53:08.40  -71.409    3.861    0.32000  0.13E+16
2014/01/31T22:17:10.80  -71.464    3.918    0.23200  0.28E+14
2014/02/01T03:29:42.80  -71.611    4.019    0.17600  0.25E+13
2014/02/05T00:33:30.80  -71.644    3.973    0.16800  0.18E+13
2014/02/05T06:28:38.40  -71.433    3.846    0.17600  0.25E+13
2014/02/05T08:37:10.60  -71.604    3.763    0.13600  0.45E+12
2014/02/07T03:02:56.80  -71.499    3.802    0.20800  0.10E+14
2014/02/10T06:08:07.70  -71.718    3.860    0.14400  0.63E+12
2014/02/10T15:39:07.70  -71.419    3.836    0.19200  0.50E+13
2014/02/13T11:05:57.60  -71.503    4.043    0.21600  0.14E+14
2014/02/13T11:27:27.40  -71.717    3.803    0.16000  0.13E+13
2014/02/13T12:44:35.30  -71.590    3.903    0.26400  0.11E+15
2014/02/13T20:53:10.60  -71.586    4.041    0.21600  0.14E+14
2014/02/15T09:50:04.00  -71.610    3.880    0.19200  0.50E+13
2014/02/15T12:41:54.70  -71.462    3.835    0.19200  0.50E+13
2014/02/15T22:18:53.80  -71.328    3.921    0.19200  0.50E+13
2014/02/16T21:14:41.10  -71.729    3.868    0.17600  0.25E+13
2014/02/16T22:53:12.10  -71.410    3.863    0.27200  0.16E+15
2014/02/17T03:51:29.20  -71.324    3.760    0.18400  0.35E+13
2014/02/18T01:11:48.70  -71.530    3.899    0.28800  0.32E+15
2014/02/18T12:31:26.00  -71.683    3.707    0.17600  0.25E+13
2014/02/19T05:42:14.00  -71.594    3.917    0.19200  0.50E+13
2014/02/19T14:41:37.40  -71.596    3.882    0.24000  0.40E+14
2014/02/20T04:14:49.00  -71.549    3.885    0.28800  0.32E+15
2014/02/20T05:40:07.50  -71.544    4.131    0.16800  0.18E+13
2014/02/20T09:00:10.50  -71.597    3.916    0.16000  0.13E+13
2014/02/20T10:02:36.00  -71.610    3.987    0.16000  0.13E+13
2014/02/20T19:47:48.70  -71.594    3.958    0.19200  0.50E+13
2014/02/20T20:22:54.40  -71.582    3.899    0.20800  0.10E+14
2014/02/21T06:21:11.00  -71.571    3.904    0.27200  0.16E+15
2014/02/21T09:15:05.50  -71.613    3.910    0.25600  0.79E+14
2014/02/22T03:12:34.60  -71.586    3.888    0.27200  0.16E+15
2014/02/22T04:06:55.10  -71.567    3.887    0.20800  0.10E+14
2014/02/22T06:50:47.30  -71.597    3.872    0.16800  0.18E+13
2014/02/22T07:18:58.00  -71.614    3.857    0.13600  0.45E+12
2014/02/22T07:41:04.60  -71.661    3.877    0.15200  0.89E+12
2014/02/22T08:12:04.80  -71.584    3.885    0.15200  0.89E+12
2014/02/22T09:16:07.00  -71.589    3.927    0.15200  0.89E+12
2014/02/22T09:37:15.80  -71.602    3.905    0.25600  0.79E+14
2014/02/22T11:33:12.30  -71.575    3.912    0.20000  0.71E+13
2014/02/22T15:15:39.10  -71.579    3.894    0.25600  0.79E+14
2014/02/22T21:09:26.00  -71.582    3.888    0.27200  0.16E+15
2014/02/22T22:49:04.60  -71.571    3.907    0.26400  0.11E+15
2014/02/22T23:30:09.40  -71.594    3.915    0.18400  0.35E+13
2014/02/23T03:59:19.60  -71.703    3.800    0.16800  0.18E+13
2014/02/23T04:27:59.20  -71.587    3.894    0.18400  0.35E+13
2014/02/23T05:35:43.20  -71.596    3.882    0.12800  0.32E+12
2014/02/23T06:02:38.20  -71.524    3.969    0.14400  0.63E+12
2014/02/23T08:14:13.00  -71.565    3.905    0.14400  0.63E+12
2014/02/23T09:30:28.00  -71.602    3.878    0.19200  0.50E+13
2014/02/23T09:42:11.50  -71.605    3.897    0.14400  0.63E+12
2014/02/23T10:41:32.20  -71.645    3.844    0.14400  0.63E+12
2014/02/23T12:42:32.80  -71.690    3.771    0.15200  0.89E+12
2014/02/23T13:36:57.40  -71.566    3.962    0.16800  0.18E+13
2014/02/24T01:36:20.60  -71.606    3.897    0.23200  0.28E+14
2014/02/24T06:32:21.20  -71.504    3.840    0.16000  0.13E+13
2014/02/24T06:50:31.10  -71.594    3.884    0.20000  0.71E+13
2014/02/24T20:03:49.70  -71.539    3.871    0.24000  0.40E+14
2014/02/24T20:12:43.30  -71.586    3.876    0.27200  0.16E+15
2014/02/24T20:18:58.20  -71.586    3.861    0.26400  0.11E+15
2014/02/25T06:36:15.30  -71.594    3.906    0.28800  0.32E+15
2014/02/25T13:18:10.90  -71.601    3.898    0.28000  0.22E+15
2014/02/25T15:30:24.80  -71.574    3.893    0.16000  0.13E+13
2014/02/25T17:16:48.90  -71.594    3.889    0.25600  0.79E+14
2014/02/25T17:41:00.80  -71.588    4.133    0.17600  0.25E+13
2014/02/26T02:27:58.30  -71.669    3.853    0.21600  0.14E+14
2014/02/26T03:35:42.50  -71.720    3.899    0.17600  0.25E+13
2014/02/26T03:37:39.10  -71.577    3.881    0.24800  0.56E+14
2014/02/26T04:15:03.30  -71.560    3.879    0.15200  0.89E+12
2014/02/26T08:32:35.40  -71.742    4.108    0.20000  0.71E+13
2014/02/26T08:35:14.30  -71.576    3.852    0.14400  0.63E+12
2014/02/27T05:14:23.00  -71.601    3.849    0.24800  0.56E+14
2014/02/27T05:19:10.00  -71.687    3.849    0.16800  0.18E+13
2014/02/28T00:10:33.30  -71.576    3.874    0.24800  0.56E+14
2014/02/28T03:09:03.80  -71.592    3.918    0.16000  0.13E+13
2014/02/28T03:28:23.20  -71.591    3.891    0.18400  0.35E+13
2014/02/28T03:29:47.00  -71.704    3.871    0.18400  0.35E+13
2014/02/28T07:10:37.90  -71.586    3.888    0.28000  0.22E+15
2014/02/28T07:35:00.30  -71.630    3.879    0.18400  0.35E+13
2014/02/28T08:06:51.20  -71.614    3.882    0.15200  0.89E+12
2014/02/28T12:14:04.60  -71.610    3.916    0.16000  0.13E+13
2014/03/01T07:46:28.80  -71.624    3.912    0.19200  0.50E+13
2014/03/01T09:20:54.30  -71.631    3.899    0.18400  0.35E+13
2014/03/01T22:50:03.40  -71.605    3.893    0.28000  0.22E+15
2014/03/02T01:30:39.50  -71.589    3.834    0.17600  0.25E+13
2014/03/02T10:56:27.60  -71.582    3.881    0.16800  0.18E+13
2014/03/02T23:09:59.80  -71.632    3.891    0.17600  0.25E+13
2014/03/03T03:11:00.10  -71.691    3.874    0.16800  0.18E+13
2014/03/03T03:31:51.70  -71.447    3.893    0.18400  0.35E+13
2014/03/03T07:40:50.50  -71.555    3.862    0.20800  0.10E+14
2014/03/03T08:49:23.70  -71.593    3.907    0.19200  0.50E+13
2014/03/03T13:54:35.50  -71.541    3.882    0.20000  0.71E+13
2014/03/05T16:28:25.80  -71.720    3.838    0.16800  0.18E+13
2014/03/09T18:22:33.50  -71.507    3.776    0.16800  0.18E+13
2014/03/10T01:36:53.30  -71.579    3.898    0.16800  0.18E+13
2014/03/12T11:34:11.80  -71.591    3.903    0.18400  0.35E+13
2014/03/12T21:14:24.60  -71.617    3.884    0.19200  0.50E+13
2014/03/13T02:20:22.30  -71.546    3.888    0.16800  0.18E+13
2014/03/13T14:20:55.30  -71.565    4.025    0.20000  0.71E+13
2014/03/14T10:43:04.50  -71.649    3.973    0.17600  0.25E+13
2014/03/15T04:21:31.60  -71.578    3.926    0.12800  0.32E+12
2014/03/15T06:55:43.00  -71.551    3.898    0.29600  0.45E+15
2014/03/15T07:47:35.60  -71.552    3.908    0.12800  0.32E+12
2014/03/15T09:11:37.40  -71.572    3.904    0.27200  0.16E+15
2014/03/15T10:02:31.70  -71.582    3.812    0.18400  0.35E+13
2014/03/16T09:02:19.30  -71.319    3.833    0.18400  0.35E+13
2014/03/16T23:11:36.10  -71.570    3.892    0.20000  0.71E+13
2014/03/17T04:30:31.10  -71.551    3.875    0.29600  0.45E+15
2014/03/17T10:26:05.50  -71.546    3.892    0.32000  0.13E+16
2014/03/17T10:50:17.70  -71.592    3.889    0.20800  0.10E+14
2014/03/17T16:27:19.60  -71.603    3.833    0.20800  0.10E+14
2014/03/17T17:58:01.90  -71.549    4.004    0.18400  0.35E+13
2014/03/18T00:23:10.60  -71.591    4.046    0.19200  0.50E+13
2014/03/18T00:25:42.90  -71.646    3.935    0.16800  0.18E+13
2014/03/18T02:39:26.50  -71.637    3.929    0.16800  0.18E+13
2014/03/19T11:13:26.00  -71.575    3.873    0.28800  0.32E+15
2014/03/19T15:34:52.10  -71.512    3.924    0.18400  0.35E+13
2014/03/20T10:18:19.90  -71.626    3.864    0.26400  0.11E+15
2014/03/22T22:40:13.40  -71.605    3.863    0.17600  0.25E+13
2014/03/24T00:13:18.10  -71.470    3.863    0.19200  0.50E+13
2014/03/24T23:19:31.00  -71.391    3.850    0.31200  0.89E+15
2014/03/25T02:28:46.50  -71.385    3.848    0.15200  0.89E+12
2014/03/26T02:30:48.60  -71.410    3.823    0.21600  0.14E+14
2014/03/26T03:47:57.70  -71.447    3.797    0.22400  0.20E+14
2014/03/26T09:20:08.90  -71.384    3.859    0.24000  0.40E+14
2014/03/26T15:35:30.80  -71.259    4.128    0.18400  0.35E+13
2014/03/27T10:21:16.60  -71.579    3.926    0.34400  0.35E+16
2014/03/27T12:58:51.90  -71.470    4.082    0.19200  0.50E+13
2014/03/27T20:36:46.30  -71.625    3.885    0.22400  0.20E+14
2014/03/28T00:58:07.20  -71.397    3.864    0.22400  0.20E+14
2014/03/28T02:31:29.90  -71.407    3.860    0.27200  0.16E+15
2014/03/28T03:57:38.70  -71.443    3.922    0.19200  0.50E+13
2014/03/29T19:48:22.50  -71.619    3.868    0.17600  0.25E+13
2014/03/30T01:11:12.90  -71.589    3.874    0.28000  0.22E+15
2014/03/30T03:10:20.20  -71.586    3.881    0.22400  0.20E+14
2014/03/31T11:39:28.60  -71.583    3.880    0.23200  0.28E+14
2014/03/31T14:34:33.40  -71.651    3.845    0.19200  0.50E+13
2014/03/31T14:43:19.90  -71.599    3.909    0.24000  0.40E+14
2014/04/01T02:54:53.10  -71.573    3.862    0.23200  0.28E+14
2014/04/01T04:31:38.30  -71.578    3.877    0.26400  0.11E+15
2014/04/01T09:58:41.50  -71.535    4.017    0.16000  0.13E+13
2014/04/01T11:49:29.50  -71.349    4.081    0.20000  0.71E+13
2014/04/03T14:31:01.90  -71.446    4.084    0.17600  0.25E+13
2014/04/04T04:25:57.60  -71.592    3.886    0.29600  0.45E+15
2014/04/04T07:29:46.00  -71.572    3.903    0.19200  0.50E+13
2014/04/05T11:53:07.80  -71.311    4.062    0.16800  0.18E+13
2014/04/06T07:42:58.80  -71.569    4.044    0.17600  0.25E+13
2014/04/07T04:49:29.80  -71.570    3.920    0.16800  0.18E+13
2014/04/07T05:43:21.10  -71.645    3.889    0.15200  0.89E+12
2014/04/08T05:59:52.20  -71.514    3.889    0.19200  0.50E+13
2014/04/10T10:13:22.20  -71.395    3.862    0.31200  0.89E+15
2014/04/10T12:53:18.40  -71.382    3.865    0.20000  0.71E+13
2014/04/15T21:27:31.30  -71.383    3.840    0.17600  0.25E+13
2014/04/15T21:28:31.00  -71.392    3.860    0.22400  0.20E+14
2014/04/18T13:01:20.80  -71.590    3.933    0.17600  0.25E+13
2014/04/19T06:26:30.10  -71.592    3.896    0.12800  0.32E+12
2014/04/19T17:56:05.40  -71.563    3.923    0.17600  0.25E+13
2014/04/20T19:10:51.50  -71.641    3.860    0.19200  0.50E+13
2014/04/21T08:14:12.00  -71.636    3.900    0.15200  0.89E+12
2014/04/22T22:15:38.00  -71.500    3.837    0.19200  0.50E+13
2014/04/23T05:00:24.00  -71.422    3.810    0.16800  0.18E+13
2014/04/23T06:16:24.60  -71.388    3.823    0.20000  0.71E+13
2014/04/23T09:35:25.90  -71.439    3.924    0.18400  0.35E+13
2014/04/23T15:19:28.40  -71.550    3.898    0.30400  0.63E+15
2014/04/23T16:18:51.40  -71.561    4.037    0.17600  0.25E+13
2014/04/23T16:33:47.50  -71.599    3.949    0.21600  0.14E+14
2014/04/23T17:18:43.30  -71.559    3.985    0.17600  0.25E+13
2014/04/23T18:38:15.70  -71.595    3.885    0.30400  0.63E+15
2014/04/23T21:25:28.40  -71.641    4.014    0.15200  0.89E+12
2014/04/23T21:27:44.80  -71.576    3.927    0.18400  0.35E+13
2014/04/25T01:23:49.80  -71.601    3.975    0.16000  0.13E+13
2014/04/25T01:56:00.30  -71.318    3.857    0.20800  0.10E+14
2014/04/25T02:29:11.00  -71.683    3.998    0.14400  0.63E+12
2014/04/26T14:29:02.00  -71.533    3.812    0.27200  0.16E+15
2014/04/27T04:00:26.30  -71.444    3.832    0.25600  0.79E+14
2014/04/28T11:14:34.50  -71.627    3.902    0.16800  0.18E+13
2014/04/28T11:35:00.30  -71.432    3.861    0.23200  0.28E+14
2014/05/02T00:06:39.40  -71.545    3.906    0.20800  0.10E+14
2014/05/02T01:45:14.30  -71.685    3.881    0.14400  0.63E+12
2014/05/03T01:18:45.00  -71.545    3.903    0.18400  0.35E+13
2014/05/03T06:25:48.50  -71.523    3.901    0.12800  0.32E+12
2014/05/03T06:49:09.10  -71.522    3.876    0.12800  0.32E+12
2014/05/06T06:18:56.60  -71.526    3.817    0.16000  0.13E+13
2014/05/07T04:48:36.90  -71.665    3.925    0.13600  0.45E+12
2014/05/08T02:08:42.10  -71.597    3.937    0.16000  0.13E+13
2014/05/08T20:37:19.30  -71.439    3.852    0.19200  0.50E+13
2014/05/09T09:40:22.70  -71.392    3.831    0.19200  0.50E+13
2014/05/10T02:23:01.80  -71.613    3.727    0.12800  0.32E+12
2014/05/11T01:36:51.90  -71.567    4.085    0.17600  0.25E+13
2014/05/11T11:43:47.10  -71.596    3.926    0.20000  0.71E+13
2014/05/11T15:05:21.50  -71.486    3.948    0.19200  0.50E+13
2014/05/11T19:04:55.80  -71.553    3.862    0.20800  0.10E+14
2014/05/11T23:12:55.80  -71.634    3.991    0.17600  0.25E+13
2014/05/13T05:10:36.00  -71.646    3.786    0.10400  0.11E+12
2014/05/13T14:25:12.30  -71.580    3.916    0.25600  0.79E+14
2014/05/13T16:02:13.60  -71.602    3.903    0.21600  0.14E+14
2014/05/13T18:07:32.40  -71.567    3.898    0.34400  0.35E+16
2014/05/13T18:12:07.80  -71.586    3.938    0.20000  0.71E+13
2014/05/13T18:30:34.10  -71.570    3.866    0.26400  0.11E+15
2014/05/13T18:33:42.30  -71.595    3.950    0.21600  0.14E+14
2014/05/13T19:56:06.90  -71.628    3.968    0.16800  0.18E+13
2014/05/13T21:50:06.50  -71.630    3.933    0.24000  0.40E+14
2014/05/14T01:16:41.60  -71.593    3.871    0.16000  0.13E+13
2014/05/14T02:43:42.60  -71.591    3.863    0.28800  0.32E+15
2014/05/14T03:25:56.40  -71.638    3.880    0.24800  0.56E+14
2014/05/14T04:32:54.10  -71.633    3.898    0.17600  0.25E+13
2014/05/14T04:35:16.80  -71.594    3.869    0.12000  0.22E+12
2014/05/14T05:59:51.40  -71.607    3.890    0.20800  0.10E+14
2014/05/14T10:08:57.70  -71.588    3.825    0.17600  0.25E+13
2014/05/14T11:50:32.40  -71.626    3.931    0.18400  0.35E+13
2014/05/14T12:59:41.30  -71.618    3.977    0.18400  0.35E+13
2014/05/14T23:27:33.70  -71.648    4.002    0.18400  0.35E+13
2014/05/15T02:04:43.10  -71.593    3.867    0.16800  0.18E+13
2014/05/15T02:38:34.50  -71.584    3.867    0.22400  0.20E+14
2014/05/15T03:50:21.10  -71.532    3.920    0.16800  0.18E+13
2014/05/15T04:07:53.80  -71.589    3.856    0.24800  0.56E+14
2014/05/15T04:16:03.50  -71.614    3.876    0.22400  0.20E+14
2014/05/15T05:12:11.20  -71.616    3.854    0.12800  0.32E+12
2014/05/15T06:31:54.70  -71.528    3.920    0.12000  0.22E+12
2014/05/16T02:13:54.50  -71.521    3.885    0.19200  0.50E+13
2014/05/16T04:31:06.40  -71.656    3.878    0.20000  0.71E+13
2014/05/16T04:46:30.00  -71.588    3.834    0.15200  0.89E+12
2014/05/16T05:08:13.80  -71.483    3.898    0.14400  0.63E+12
2014/05/16T08:52:45.90  -71.416    4.284    0.13600  0.45E+12
2014/05/16T09:00:43.50  -71.601    3.889    0.16000  0.13E+13
2014/05/17T02:05:20.70  -71.511    4.088    0.11200  0.16E+12
2014/05/17T04:56:54.10  -71.643    3.878    0.16000  0.13E+13
2014/05/17T07:28:04.90  -71.713    3.842    0.12800  0.32E+12
2014/05/17T07:56:44.70  -71.638    3.905    0.17600  0.25E+13
2014/05/17T16:55:18.10  -71.598    3.865    0.26400  0.11E+15
2014/05/17T17:20:56.90  -71.591    3.998    0.19200  0.50E+13
2014/05/17T18:48:35.60  -71.562    3.984    0.19200  0.50E+13
2014/05/17T19:01:19.70  -71.593    4.050    0.15200  0.89E+12
2014/05/18T00:04:20.10  -71.599    4.007    0.13600  0.45E+12
2014/05/18T02:07:37.20  -71.633    3.883    0.24800  0.56E+14
2014/05/18T03:41:32.40  -71.399    3.786    0.19200  0.50E+13
2014/05/18T03:56:14.70  -71.656    3.906    0.17600  0.25E+13
2014/05/19T21:02:36.50  -71.504    3.997    0.15200  0.89E+12
2014/05/20T05:49:47.80  -71.522    3.928    0.16800  0.18E+13
2014/05/20T07:37:10.60  -71.568    3.924    0.16000  0.13E+13
2014/05/20T21:55:51.30  -71.664    3.953    0.18400  0.35E+13
2014/05/21T08:48:33.60  -71.632    3.981    0.16000  0.13E+13
2014/05/22T00:56:32.50  -71.640    3.970    0.16000  0.13E+13
2014/05/22T04:49:03.00  -71.632    3.881    0.15200  0.89E+12
2014/05/22T09:38:57.20  -71.524    3.926    0.17600  0.25E+13
2014/05/22T12:53:45.70  -71.403    3.856    0.28800  0.32E+15
2014/05/23T04:04:22.00  -71.486    3.992    0.09600  0.79E+11
2014/05/23T04:37:01.50  -71.522    3.921    0.16000  0.13E+13
2014/05/23T05:14:27.90  -71.617    3.827    0.10400  0.11E+12
2014/05/23T05:30:08.10  -71.400    3.778    0.13600  0.45E+12
2014/05/23T08:27:07.30  -71.556    3.902    0.20800  0.10E+14
2014/05/23T09:22:00.10  -71.590    3.891    0.17600  0.25E+13
2014/05/23T16:46:22.10  -71.516    3.907    0.20800  0.10E+14
2014/05/24T00:11:22.30  -71.582    4.048    0.17600  0.25E+13
2014/05/24T06:01:14.60  -71.580    3.900    0.19200  0.50E+13
2014/05/25T04:47:32.90  -71.583    3.919    0.16800  0.18E+13
2014/05/25T06:46:54.10  -71.623    3.897    0.14400  0.63E+12
2014/05/25T09:02:57.80  -71.389    3.870    0.19200  0.50E+13
2014/05/25T11:15:03.30  -71.554    4.122    0.16800  0.18E+13
2014/05/25T15:25:03.80  -71.555    3.907    0.30400  0.63E+15
2014/05/25T16:38:27.40  -71.584    3.804    0.16000  0.13E+13
2014/05/25T19:26:03.10  -71.588    3.883    0.17600  0.25E+13
2014/05/25T19:40:44.20  -71.611    3.951    0.16000  0.13E+13
2014/05/25T20:19:26.20  -71.587    3.947    0.15200  0.89E+12
2014/05/25T21:04:38.40  -71.581    3.907    0.20000  0.71E+13
2014/05/25T22:12:34.20  -71.559    3.906    0.20800  0.10E+14
2014/05/26T00:14:02.70  -71.646    3.834    0.14400  0.63E+12
2014/05/26T00:30:53.10  -71.563    3.871    0.26400  0.11E+15
2014/05/26T01:04:20.10  -71.532    3.894    0.21600  0.14E+14
2014/05/26T01:34:41.60  -71.489    3.776    0.12000  0.22E+12
2014/05/26T03:48:15.00  -71.577    3.911    0.30400  0.63E+15
2014/05/26T06:13:56.40  -71.423    3.844    0.16800  0.18E+13
2014/05/26T09:42:22.50  -71.579    3.945    0.16800  0.18E+13
2014/05/26T13:14:10.40  -71.583    3.929    0.16000  0.13E+13
2014/05/26T15:03:03.40  -71.590    3.905    0.27200  0.16E+15
2014/05/26T16:03:08.70  -71.657    3.930    0.28800  0.32E+15
2014/05/26T21:57:02.60  -71.625    3.733    0.19200  0.50E+13
2014/05/26T22:02:54.20  -71.542    3.908    0.20800  0.10E+14
2014/05/26T23:51:24.40  -71.641    3.850    0.16800  0.18E+13
2014/05/26T23:57:26.80  -71.558    3.911    0.29600  0.45E+15
2014/05/27T00:02:54.10  -71.329    4.004    0.18400  0.35E+13
2014/05/27T00:27:38.10  -71.579    3.890    0.17600  0.25E+13
2014/05/27T00:50:46.40  -71.606    3.950    0.12000  0.22E+12
2014/05/27T02:05:00.30  -71.552    3.918    0.18400  0.35E+13
2014/05/27T03:56:46.20  -71.591    3.873    0.20000  0.71E+13
2014/05/27T04:19:27.10  -71.435    3.800    0.14400  0.63E+12
2014/05/27T04:25:28.50  -71.605    3.886    0.15200  0.89E+12
2014/05/27T05:48:26.30  -71.593    3.917    0.22400  0.20E+14
2014/05/27T05:58:57.90  -71.555    3.980    0.15200  0.89E+12
2014/05/27T09:29:17.70  -71.579    3.983    0.17600  0.25E+13
2014/05/27T12:08:37.70  -71.339    3.833    0.26400  0.11E+15
2014/05/27T17:07:37.90  -71.595    3.980    0.20000  0.71E+13
2014/05/27T17:36:28.60  -71.573    3.890    0.28000  0.22E+15
2014/05/27T18:37:52.60  -71.601    3.976    0.20800  0.10E+14
2014/05/27T20:59:33.00  -71.569    3.937    0.19200  0.50E+13
2014/05/27T23:14:25.40  -71.500    3.916    0.17600  0.25E+13
2014/05/28T12:34:02.70  -71.523    3.789    0.19200  0.50E+13
2014/05/28T20:14:43.20  -71.570    3.885    0.22400  0.20E+14
2014/05/28T20:17:49.50  -71.579    3.913    0.24800  0.56E+14
2014/05/28T21:02:45.40  -71.709    4.073    0.16800  0.18E+13
2014/05/29T05:40:39.70  -71.572    3.920    0.27200  0.16E+15
2014/05/29T05:42:46.90  -71.767    3.954    0.24800  0.56E+14
2014/05/29T05:50:24.10  -71.631    3.893    0.17600  0.25E+13
2014/05/29T15:41:33.40  -71.585    3.906    0.26400  0.11E+15
2014/05/30T10:37:17.10  -71.599    3.899    0.16800  0.18E+13
2014/05/30T14:15:39.30  -71.673    3.888    0.16800  0.18E+13
2014/05/30T16:30:46.60  -71.564    3.927    0.20800  0.10E+14
2014/05/30T18:25:24.90  -71.656    3.882    0.20800  0.10E+14
2014/05/30T18:26:28.50  -71.622    3.862    0.24000  0.40E+14
2014/05/30T18:27:47.50  -71.641    3.871    0.24000  0.40E+14
2014/05/30T18:28:49.10  -71.621    3.894    0.22400  0.20E+14
2014/05/30T18:38:21.80  -71.630    3.874    0.19200  0.50E+13
2014/05/30T18:53:52.70  -71.587    4.015    0.15200  0.89E+12
2014/05/30T18:59:55.00  -71.630    3.859    0.16800  0.18E+13
2014/05/30T19:05:13.00  -71.600    3.925    0.16800  0.18E+13
2014/05/30T19:14:50.60  -71.618    3.892    0.20800  0.10E+14
2014/05/31T00:03:18.90  -71.538    3.884    0.16800  0.18E+13
2014/05/31T08:28:01.30  -71.574    3.888    0.16800  0.18E+13
2014/06/02T01:44:29.60  -71.612    3.775    0.16800  0.18E+13
2014/06/02T02:51:16.70  -71.608    3.856    0.16000  0.13E+13
2014/06/02T07:46:41.40  -71.563    3.885    0.16800  0.18E+13
2014/06/02T14:47:09.90  -71.418    3.770    0.17600  0.25E+13
2014/06/03T10:59:55.50  -71.570    3.941    0.24800  0.56E+14
2014/06/04T03:17:23.50  -71.580    3.881    0.30400  0.63E+15
2014/06/04T03:34:34.80  -71.586    3.905    0.16000  0.13E+13
2014/06/04T08:23:13.70  -71.612    3.869    0.27200  0.16E+15
2014/06/04T12:26:17.40  -71.636    3.880    0.16000  0.13E+13
2014/06/04T19:00:10.10  -71.584    3.914    0.20000  0.71E+13
2014/06/04T19:26:51.80  -71.550    3.855    0.22400  0.20E+14
2014/06/04T19:51:25.90  -71.601    3.870    0.18400  0.35E+13
2014/06/04T20:17:40.20  -71.606    3.910    0.27200  0.16E+15
2014/06/04T20:39:37.90  -71.614    4.035    0.21600  0.14E+14
2014/06/04T23:06:20.30  -71.611    3.881    0.32000  0.13E+16
2014/06/05T01:04:43.50  -71.555    3.904    0.30400  0.63E+15
2014/06/05T01:11:44.00  -71.574    3.897    0.20800  0.10E+14
2014/06/05T01:57:39.40  -71.553    3.901    0.16000  0.13E+13
2014/06/05T02:25:30.30  -71.617    3.886    0.14400  0.63E+12
2014/06/05T02:45:17.80  -71.571    3.891    0.12800  0.32E+12
2014/06/05T05:05:26.20  -71.624    3.894    0.15200  0.89E+12
2014/06/05T05:09:20.80  -71.615    3.896    0.14400  0.63E+12
2014/06/05T06:51:46.00  -71.586    3.913    0.19200  0.50E+13
2014/06/05T11:49:54.80  -71.788    3.887    0.13600  0.45E+12
2014/06/05T15:54:44.00  -71.651    3.813    0.18400  0.35E+13
2014/06/05T15:56:49.80  -71.673    3.782    0.16800  0.18E+13
2014/06/05T23:57:56.70  -71.609    4.000    0.15200  0.89E+12
2014/06/06T00:03:51.00  -71.620    3.870    0.16800  0.18E+13
2014/06/06T04:42:16.60  -71.586    3.892    0.17600  0.25E+13
2014/06/06T16:11:38.30  -71.610    3.887    0.21600  0.14E+14
2014/06/06T16:12:07.10  -71.625    3.819    0.23200  0.28E+14
2014/06/06T17:16:23.50  -71.582    3.921    0.20800  0.10E+14
2014/06/06T21:28:42.40  -71.695    4.128    0.20800  0.10E+14
2014/06/06T23:45:58.70  -71.635    3.943    0.18400  0.35E+13
2014/06/08T05:25:16.20  -71.544    3.888    0.20000  0.71E+13
2014/06/08T07:33:58.40  -71.646    3.886    0.15200  0.89E+12
2014/06/08T10:34:43.20  -71.592    3.858    0.26400  0.11E+15
2014/06/08T16:14:51.70  -71.601    3.812    0.20000  0.71E+13
2014/06/08T19:27:28.50  -71.626    3.904    0.18400  0.35E+13
2014/06/08T19:31:02.10  -71.602    3.891    0.16800  0.18E+13
2014/06/08T23:30:39.10  -71.584    3.986    0.20000  0.71E+13
2014/06/09T18:24:09.80  -71.589    3.891    0.26400  0.11E+15
2014/06/09T19:40:50.20  -71.420    4.075    0.17600  0.25E+13
2014/06/09T22:06:51.70  -71.603    3.991    0.17600  0.25E+13
2014/06/10T13:08:34.80  -71.593    3.885    0.24800  0.56E+14
2014/06/11T01:36:17.00  -71.528    4.021    0.18400  0.35E+13
2014/06/11T19:01:20.90  -71.584    3.794    0.18400  0.35E+13
2014/06/13T08:00:45.80  -71.492    3.927    0.16000  0.13E+13
2014/06/13T09:20:37.00  -71.582    3.836    0.17600  0.25E+13
2014/06/14T11:36:31.90  -71.617    3.884    0.18400  0.35E+13
2014/06/14T19:38:27.70  -71.636    3.789    0.20000  0.71E+13
2014/06/14T19:59:48.00  -71.626    3.803    0.18400  0.35E+13
2014/06/15T17:33:12.50  -71.758    3.999    0.15200  0.89E+12
2014/06/15T23:10:27.80  -71.637    3.898    0.18400  0.35E+13
2014/06/16T01:25:35.00  -71.590    4.081    0.18400  0.35E+13
2014/06/16T02:17:06.10  -71.583    3.866    0.16000  0.13E+13
2014/06/16T10:18:21.90  -71.470    3.806    0.21600  0.14E+14
2014/06/18T08:11:40.30  -71.589    3.872    0.16000  0.13E+13
2014/06/19T02:55:36.10  -71.625    3.879    0.17600  0.25E+13
2014/06/19T04:45:38.30  -71.564    3.886    0.19200  0.50E+13
2014/06/19T18:02:10.00  -71.455    3.852    0.20000  0.71E+13
2014/06/19T18:53:02.50  -71.633    3.912    0.21600  0.14E+14
2014/06/19T18:59:22.40  -71.599    3.895    0.23200  0.28E+14
2014/06/19T19:54:11.60  -71.582    3.883    0.24000  0.40E+14
2014/06/19T20:23:26.20  -71.611    3.902    0.18400  0.35E+13
2014/06/19T23:28:09.50  -71.424    3.774    0.16800  0.18E+13
2014/06/20T00:50:25.70  -71.332    3.823    0.19200  0.50E+13
2014/06/20T23:31:58.50  -71.579    3.862    0.29600  0.45E+15
2014/06/21T00:13:09.30  -71.507    4.037    0.20000  0.71E+13
2014/06/21T02:22:42.80  -71.590    3.896    0.27200  0.16E+15
2014/06/21T02:44:31.10  -71.402    3.860    0.19200  0.50E+13
2014/06/21T03:31:00.90  -71.622    3.869    0.22400  0.20E+14
2014/06/21T03:33:42.50  -71.734    3.834    0.19200  0.50E+13
2014/06/21T03:38:22.90  -71.591    3.868    0.22400  0.20E+14
2014/06/21T04:26:51.70  -71.557    3.907    0.20800  0.10E+14
2014/06/21T09:23:17.70  -71.597    3.869    0.16800  0.18E+13
2014/06/21T23:57:27.70  -71.548    3.916    0.17600  0.25E+13
2014/06/22T01:06:55.30  -71.508    4.009    0.17600  0.25E+13
2014/06/22T02:34:53.10  -71.453    3.845    0.20000  0.71E+13
2014/06/25T07:27:39.60  -71.506    3.924    0.35200  0.50E+16
2014/06/25T07:44:23.70  -71.533    3.913    0.20000  0.71E+13
2014/06/25T08:42:05.90  -71.632    3.949    0.16000  0.13E+13
2014/06/25T08:50:43.00  -71.679    3.918    0.15200  0.89E+12
2014/06/25T12:10:24.30  -71.476    3.958    0.21600  0.14E+14
2014/06/25T13:28:22.90  -71.523    3.914    0.26400  0.11E+15
2014/06/26T05:46:59.30  -71.560    3.922    0.16800  0.18E+13
2014/06/26T06:18:39.20  -71.579    3.886    0.20800  0.10E+14
2014/06/26T06:20:05.20  -71.589    3.886    0.28000  0.22E+15
2014/06/26T06:24:17.20  -71.571    3.856    0.21600  0.14E+14
2014/06/26T06:58:09.00  -71.664    3.920    0.18400  0.35E+13
2014/06/26T07:04:32.70  -71.598    3.904    0.15200  0.89E+12
2014/06/26T07:12:25.70  -71.666    3.901    0.20800  0.10E+14
2014/06/26T08:23:04.90  -71.546    3.908    0.20000  0.71E+13
2014/06/26T08:50:13.50  -71.541    3.907    0.22400  0.20E+14
2014/06/26T17:19:52.60  -71.462    4.054    0.17600  0.25E+13
2014/06/26T19:35:28.80  -71.633    3.864    0.21600  0.14E+14
2014/06/27T15:13:49.10  -71.562    3.915    0.21600  0.14E+14
2014/06/28T00:52:27.90  -71.636    3.881    0.21600  0.14E+14
2014/06/28T03:30:08.00  -71.715    3.656    0.11200  0.16E+12
2014/06/28T05:37:55.90  -71.471    3.944    0.12800  0.32E+12
2014/06/29T20:26:22.90  -71.621    3.916    0.21600  0.14E+14
2014/06/29T22:01:51.10  -71.652    3.892    0.16000  0.13E+13
2014/06/30T10:00:46.90  -71.549    3.876    0.20800  0.10E+14
2014/07/01T04:13:38.50  -71.561    3.895    0.17600  0.25E+13
2014/07/03T01:04:25.80  -71.567    3.915    0.22400  0.20E+14
2014/07/03T04:25:53.20  -71.612    3.883    0.18400  0.35E+13
2014/07/04T06:22:58.50  -71.664    3.882    0.18400  0.35E+13
2014/07/04T08:31:27.20  -71.485    3.849    0.18400  0.35E+13
2014/07/04T10:03:27.90  -71.611    3.997    0.14400  0.63E+12
2014/07/04T11:27:26.50  -71.597    4.057    0.14400  0.63E+12
2014/07/04T18:38:18.20  -71.569    3.870    0.14400  0.63E+12
2014/07/04T20:39:10.70  -71.614    3.880    0.16800  0.18E+13
2014/07/05T16:00:42.30  -71.510    3.861    0.18400  0.35E+13
2014/07/05T18:40:06.50  -71.655    3.817    0.17600  0.25E+13
2014/07/06T11:22:28.00  -71.677    3.898    0.17600  0.25E+13
2014/07/06T16:42:27.60  -71.559    3.895    0.13600  0.45E+12
2014/07/07T19:06:38.60  -71.596    3.901    0.18400  0.35E+13
2014/07/08T16:17:30.70  -71.717    3.681    0.18400  0.35E+13
2014/07/09T02:10:09.50  -71.501    3.918    0.22400  0.20E+14
2014/07/09T05:08:08.90  -71.621    3.877    0.16000  0.13E+13
2014/07/10T08:23:13.20  -71.584    3.915    0.19200  0.50E+13
2014/07/15T01:10:01.50  -71.506    3.909    0.20000  0.71E+13
2014/07/15T12:37:04.90  -71.567    3.894    0.16800  0.18E+13
2014/07/15T17:44:33.20  -71.361    3.845    0.28800  0.32E+15
2014/07/15T18:22:05.20  -71.514    3.913    0.16800  0.18E+13
2014/07/15T21:50:41.80  -71.566    3.947    0.19200  0.50E+13
2014/07/16T03:47:14.40  -71.461    3.938    0.17600  0.25E+13
2014/07/19T02:12:04.50  -71.586    3.889    0.16000  0.13E+13
2014/07/19T06:34:41.60  -71.450    3.839    0.15200  0.89E+12
2014/07/20T20:47:32.50  -71.566    3.896    0.31200  0.89E+15
2014/07/20T20:53:08.30  -71.593    3.925    0.18400  0.35E+13
2014/07/21T08:08:04.80  -71.608    3.893    0.28000  0.22E+15
2014/07/21T15:55:16.10  -71.542    3.853    0.19200  0.50E+13
2014/07/22T03:04:53.00  -71.517    3.959    0.16000  0.13E+13
2014/07/22T07:11:30.60  -71.479    3.943    0.16800  0.18E+13
2014/07/23T12:03:59.70  -71.549    3.898    0.20800  0.10E+14
2014/07/26T04:14:22.30  -71.590    3.894    0.20000  0.71E+13
2014/07/26T04:24:11.10  -71.680    3.852    0.13600  0.45E+12
2014/07/26T04:27:27.20  -71.577    3.912    0.14400  0.63E+12
2014/07/26T07:03:31.90  -70.669    4.252    0.18400  0.35E+13
2014/07/26T07:50:22.20  -71.537    3.891    0.19200  0.50E+13
2014/07/27T07:59:39.40  -71.565    4.059    0.17600  0.25E+13
2014/07/27T15:29:50.00  -71.641    3.898    0.24000  0.40E+14
2014/07/30T02:45:08.90  -71.571    3.917    0.24800  0.56E+14
2014/07/30T19:16:48.70  -71.555    3.912    0.26400  0.11E+15
2014/07/31T01:19:22.50  -71.563    3.937    0.23200  0.28E+14
2014/07/31T07:59:10.50  -71.567    3.916    0.13600  0.45E+12
2014/07/31T08:03:41.90  -71.572    3.899    0.16800  0.18E+13
2014/07/31T09:24:02.30  -71.493    3.822    0.16800  0.18E+13
2014/08/02T10:36:54.30  -71.541    3.912    0.17600  0.25E+13
2014/08/02T19:11:55.60  -71.526    3.878    0.16800  0.18E+13
2014/08/05T01:07:55.10  -71.543    3.912    0.25600  0.79E+14
2014/08/05T06:21:55.50  -71.519    3.918    0.21600  0.14E+14
2014/08/05T08:19:42.00  -71.632    3.885    0.16000  0.13E+13
2014/08/06T10:29:10.90  -71.596    3.883    0.18400  0.35E+13
2014/08/07T07:04:42.50  -71.585    3.875    0.18400  0.35E+13
2014/08/08T05:34:45.50  -71.614    3.796    0.12000  0.22E+12
2014/08/08T07:18:27.40  -71.557    3.921    0.17600  0.25E+13
2014/08/08T23:36:47.70  -71.566    3.864    0.19200  0.50E+13
2014/08/09T00:30:58.00  -71.582    3.893    0.30400  0.63E+15
2014/08/09T01:00:24.60  -71.597    3.891    0.23200  0.28E+14
2014/08/09T01:02:25.00  -71.596    3.880    0.22400  0.20E+14
2014/08/09T01:07:37.90  -71.514    3.959    0.16000  0.13E+13
2014/08/09T01:09:21.10  -71.588    3.887    0.21600  0.14E+14
2014/08/09T01:20:42.10  -71.768    3.922    0.13600  0.45E+12
2014/08/09T01:59:29.50  -71.539    4.085    0.17600  0.25E+13
2014/08/09T02:23:26.00  -71.623    3.838    0.16800  0.18E+13
2014/08/09T03:05:33.10  -71.607    3.895    0.16000  0.13E+13
2014/08/09T07:36:12.10  -71.587    3.905    0.19200  0.50E+13
2014/08/09T12:56:59.80  -71.592    3.884    0.29600  0.45E+15
2014/08/10T00:18:38.40  -71.521    3.897    0.13600  0.45E+12
2014/08/10T00:36:36.60  -71.549    4.065    0.13600  0.45E+12
2014/08/10T03:01:50.50  -71.621    3.908    0.18400  0.35E+13
2014/08/10T06:01:38.00  -71.526    3.876    0.11200  0.16E+12
2014/08/11T21:52:14.80  -71.450    3.846    0.17600  0.25E+13
2014/08/12T22:47:16.90  -71.331    3.838    0.19200  0.50E+13
2014/08/13T00:46:54.90  -71.447    3.934    0.16800  0.18E+13
2014/08/14T08:04:07.80  -71.562    3.887    0.29600  0.45E+15
2014/08/15T02:01:03.60  -71.459    3.919    0.14400  0.63E+12
2014/08/16T04:17:34.80  -71.465    3.982    0.15200  0.89E+12
2014/08/16T08:21:18.90  -71.512    4.202    0.14400  0.63E+12
2014/08/21T08:45:09.90  -71.494    3.844    0.17600  0.25E+13
2014/08/22T06:55:41.90  -71.653    3.858    0.17600  0.25E+13
2014/08/24T15:25:27.70  -71.302    3.806    0.26400  0.11E+15
2014/08/25T03:03:52.30  -71.466    3.884    0.18400  0.35E+13
2014/08/25T06:39:21.20  -71.503    3.888    0.16800  0.18E+13
2014/08/25T07:10:27.30  -71.587    3.852    0.19200  0.50E+13
2014/08/25T07:28:00.00  -71.372    3.831    0.20800  0.10E+14
2014/08/28T15:50:16.20  -71.556    3.900    0.26400  0.11E+15
2014/08/28T19:38:31.20  -71.500    3.858    0.22400  0.20E+14
2014/08/29T02:07:41.70  -71.682    3.865    0.18400  0.35E+13
2014/08/29T08:52:01.80  -71.621    3.930    0.19200  0.50E+13
2014/08/30T02:06:04.60  -71.540    3.810    0.16800  0.18E+13
2014/08/30T02:31:00.70  -71.687    3.860    0.16800  0.18E+13
2014/08/30T06:17:18.90  -71.306    3.842    0.16000  0.13E+13
2014/09/01T21:43:50.90  -71.517    3.925    0.17600  0.25E+13
2014/09/02T16:20:54.10  -71.356    3.651    0.19200  0.50E+13
2014/09/04T10:14:43.70  -71.241    3.992    0.18400  0.35E+13
2014/09/06T00:24:20.60  -71.544    3.859    0.20800  0.10E+14
2014/09/11T18:03:38.40  -71.485    3.895    0.18400  0.35E+13
2014/09/12T11:05:37.20  -71.433    3.743    0.17600  0.25E+13
2014/09/12T20:55:08.20  -71.581    3.860    0.19200  0.50E+13
2014/09/15T06:59:04.40  -71.457    3.823    0.27200  0.16E+15
2014/09/15T22:36:17.10  -71.484    3.878    0.21600  0.14E+14
2014/09/17T08:18:13.10  -71.618    3.859    0.20800  0.10E+14
2014/09/20T23:00:39.50  -71.431    3.780    0.23200  0.28E+14
2014/09/21T02:04:55.60  -71.608    3.899    0.20800  0.10E+14
2014/09/21T04:11:56.20  -71.602    3.892    0.26400  0.11E+15
2014/09/21T11:19:22.40  -71.601    3.878    0.27200  0.16E+15
2014/09/22T13:33:12.30  -71.570    3.891    0.21600  0.14E+14
2014/09/22T16:44:09.70  -71.569    3.883    0.18400  0.35E+13
2014/09/22T18:22:46.10  -71.550    3.920    0.18400  0.35E+13
2014/09/25T16:53:40.60  -71.551    3.920    0.19200  0.50E+13
2014/09/26T03:09:14.50  -71.563    3.878    0.20000  0.71E+13
2014/09/27T07:29:38.40  -71.419    3.844    0.27200  0.16E+15
2014/09/27T08:57:24.70  -71.441    3.851    0.23200  0.28E+14
2014/09/27T19:31:40.00  -71.524    3.907    0.28000  0.22E+15
2014/09/28T03:16:05.30  -71.610    3.858    0.16000  0.13E+13
2014/09/29T05:18:25.40  -71.663    3.883    0.18400  0.35E+13
2014/09/29T07:51:48.90  -71.552    3.917    0.23200  0.28E+14
2014/09/29T08:22:29.40  -71.561    3.869    0.20800  0.10E+14
2014/10/01T20:45:36.40  -71.439    3.812    0.19200  0.50E+13
2014/10/05T08:52:23.20  -71.509    3.952    0.14400  0.63E+12
2014/10/06T10:21:12.20  -71.553    3.882    0.19200  0.50E+13
2014/10/06T13:21:31.90  -71.484    3.939    0.18400  0.35E+13
2014/10/07T11:23:50.80  -71.557    3.950    0.26400  0.11E+15
2014/10/10T09:35:24.00  -71.338    3.785    0.16800  0.18E+13
2014/10/11T10:56:31.00  -71.439    3.871    0.16800  0.18E+13
2014/10/12T08:42:03.10  -71.602    3.890    0.15200  0.89E+12
2014/10/13T20:56:34.70  -71.586    4.050    0.17600  0.25E+13
2014/10/14T20:45:02.00  -71.497    3.897    0.18400  0.35E+13
2014/10/15T18:20:31.50  -71.393    3.844    0.19200  0.50E+13
2014/10/16T11:29:18.50  -71.540    3.889    0.18400  0.35E+13
2014/10/17T19:19:14.50  -71.520    3.944    0.20000  0.71E+13
2014/10/18T17:47:19.20  -71.649    3.920    0.17600  0.25E+13
2014/10/19T17:25:29.90  -71.411    3.860    0.28000  0.22E+15
2014/10/20T23:11:32.40  -71.511    4.030    0.16800  0.18E+13
2014/10/21T15:22:52.30  -71.537    4.111    0.13600  0.45E+12
2014/10/22T16:03:55.70  -71.547    3.940    0.16800  0.18E+13
2014/10/27T10:25:21.00  -71.611    3.965    0.18400  0.35E+13
2014/10/27T13:32:45.40  -71.436    3.933    0.17600  0.25E+13
2014/10/30T17:54:54.60  -71.559    3.980    0.21600  0.14E+14
2014/11/01T09:43:34.60  -71.600    3.917    0.20000  0.71E+13
2014/11/04T13:05:24.60  -71.592    4.031    0.15200  0.89E+12
2014/11/05T23:30:06.20  -71.596    3.908    0.16000  0.13E+13
2014/11/06T06:57:37.30  -71.554    3.882    0.23200  0.28E+14
2014/11/07T03:24:38.30  -71.499    4.206    0.16000  0.13E+13
2014/11/07T07:42:55.10  -71.510    3.913    0.19200  0.50E+13
2014/11/07T08:13:40.10  -71.484    3.916    0.12800  0.32E+12
2014/11/07T09:21:54.40  -71.553    3.912    0.18400  0.35E+13
2014/11/07T09:23:37.50  -71.558    3.890    0.20800  0.10E+14
2014/11/07T10:13:43.90  -71.566    3.911    0.17600  0.25E+13
2014/11/07T10:31:43.80  -71.638    3.877    0.23200  0.28E+14
2014/11/07T20:53:37.40  -71.497    3.935    0.20000  0.71E+13
2014/11/08T22:00:28.60  -71.486    3.667    0.16800  0.18E+13
2014/11/12T23:32:31.20  -71.586    3.926    0.18400  0.35E+13
2014/11/14T06:52:42.20  -71.551    3.880    0.11200  0.16E+12
2014/11/14T07:35:27.80  -71.411    3.877    0.23200  0.28E+14
2014/11/18T05:37:28.60  -71.668    3.948    0.16800  0.18E+13
2014/11/19T21:09:26.70  -71.409    4.249    0.16000  0.13E+13
2014/11/23T00:19:54.90  -71.566    3.953    0.17600  0.25E+13
2014/11/27T01:31:51.60  -71.399    3.846    0.20800  0.10E+14
2014/11/29T02:20:09.00  -71.576    3.867    0.13600  0.45E+12
2014/11/30T19:39:25.50  -71.628    3.980    0.15200  0.89E+12
2014/11/30T19:41:15.00  -71.535    3.868    0.22400  0.20E+14
2014/11/30T19:45:34.70  -71.534    3.906    0.30400  0.63E+15
2014/11/30T19:50:41.50  -71.505    3.677    0.15200  0.89E+12
2014/11/30T19:55:35.30  -71.555    3.881    0.20000  0.71E+13
2014/11/30T20:32:40.80  -71.570    4.000    0.15200  0.89E+12
2014/11/30T20:56:42.60  -71.641    3.882    0.14400  0.63E+12
2014/11/30T21:10:27.80  -71.532    4.207    0.18400  0.35E+13
2014/11/30T21:16:50.20  -71.553    4.155    0.16000  0.13E+13
2014/11/30T21:46:52.40  -71.598    4.092    0.14400  0.63E+12
2014/11/30T22:06:52.20  -71.582    3.936    0.19200  0.50E+13
2014/11/30T23:22:00.80  -71.523    3.977    0.29600  0.45E+15
2014/12/01T01:33:42.60  -71.542    4.068    0.18400  0.35E+13
2014/12/01T01:40:19.20  -71.500    4.046    0.15200  0.89E+12
2014/12/01T02:56:26.90  -71.569    3.881    0.24000  0.40E+14
2014/12/01T03:45:46.50  -71.589    3.871    0.13600  0.45E+12
2014/12/01T06:31:39.40  -71.606    3.868    0.17600  0.25E+13
2014/12/01T09:01:35.00  -71.494    3.951    0.15200  0.89E+12
2014/12/01T13:50:19.90  -71.603    3.973    0.18400  0.35E+13
2014/12/01T16:05:05.80  -71.632    3.983    0.16800  0.18E+13
2014/12/01T17:37:58.00  -71.631    3.850    0.19200  0.50E+13
2014/12/01T18:05:59.50  -71.501    3.977    0.16800  0.18E+13
2014/12/01T20:47:30.30  -71.645    3.904    0.22400  0.20E+14
2014/12/02T02:17:28.70  -71.417    3.865    0.20000  0.71E+13
2014/12/02T05:02:09.90  -71.543    3.940    0.15200  0.89E+12
2014/12/02T12:01:49.30  -71.541    3.906    0.30400  0.63E+15
2014/12/02T12:04:49.20  -71.563    3.935    0.20800  0.10E+14
2014/12/02T13:05:39.00  -71.648    3.872    0.18400  0.35E+13
2014/12/03T03:11:06.30  -71.477    3.945    0.17600  0.25E+13
2014/12/03T07:40:31.10  -71.559    3.884    0.15200  0.89E+12
2014/12/04T06:50:00.80  -71.497    4.001    0.20000  0.71E+13
2014/12/04T11:19:53.50  -71.515    3.924    0.19200  0.50E+13
2014/12/08T01:13:04.70  -71.397    3.862    0.20800  0.10E+14
2014/12/09T07:03:46.30  -71.509    3.957    0.17600  0.25E+13
2014/12/09T07:56:43.90  -71.528    3.889    0.16800  0.18E+13
2014/12/12T02:19:08.70  -71.555    3.986    0.16000  0.13E+13
2014/12/12T09:13:05.60  -71.402    3.793    0.15200  0.89E+12
2014/12/13T06:12:21.40  -71.591    3.898    0.14400  0.63E+12
2014/12/14T18:18:25.00  -71.565    3.965    0.19200  0.50E+13
2014/12/15T01:07:45.00  -71.557    4.147    0.16000  0.13E+13
2014/12/18T02:17:47.70  -70.455    4.397    0.20000  0.71E+13
2014/12/20T08:36:56.00  -71.447    3.785    0.13600  0.45E+12
2014/12/22T11:07:23.50  -71.358    3.844    0.19200  0.50E+13
2014/12/23T22:15:13.40  -71.469    3.842    0.20000  0.71E+13
2014/12/24T04:25:41.90  -71.390    3.823    0.19200  0.50E+13
2014/12/26T01:07:35.50  -71.567    3.888    0.20800  0.10E+14
2014/12/26T23:48:35.40  -71.417    3.844    0.14400  0.63E+12
2014/12/30T03:00:07.60  -71.595    3.974    0.14400  0.63E+12
2014/12/30T09:41:31.80  -71.471    3.881    0.16000  0.13E+13
2014/12/31T03:08:55.80  -71.511    3.916    0.14400  0.63E+12
2014/12/31T06:40:34.60  -71.422    3.817    0.18400  0.35E+13
2014/12/31T23:43:14.50  -71.518    3.739    0.17600  0.25E+13
2015/01/06T22:47:25.20  -71.469    4.068    0.15200  0.89E+12
2015/01/07T00:34:51.20  -71.447    3.913    0.14400  0.63E+12
2015/01/07T05:25:42.80  -71.349    3.829    0.20000  0.71E+13
2015/01/08T23:02:40.40  -71.598    4.030    0.18400  0.35E+13
2015/01/12T20:54:27.80  -71.390    3.859    0.20000  0.71E+13
2015/01/16T03:56:43.90  -71.513    3.771    0.12800  0.32E+12
2015/01/17T07:36:56.80  -71.637    3.881    0.15200  0.89E+12
2015/01/18T02:48:31.20  -71.384    3.827    0.13600  0.45E+12
2015/01/18T02:50:54.40  -71.538    3.813    0.17600  0.25E+13
2015/01/19T11:29:00.10  -71.518    3.916    0.17600  0.25E+13
2015/01/19T23:45:28.50  -71.338    4.039    0.18400  0.35E+13
2015/01/23T00:47:58.00  -71.494    3.906    0.16800  0.18E+13
2015/02/02T03:41:59.30  -71.597    3.931    0.17600  0.25E+13
2015/02/07T07:26:46.50  -71.576    3.899    0.13600  0.45E+12
2015/02/09T09:33:55.70  -71.465    3.831    0.13600  0.45E+12
2015/02/24T04:53:17.50  -71.543    3.922    0.28800  0.32E+15
2015/02/24T08:35:33.20  -71.547    3.991    0.16800  0.18E+13
2015/03/05T06:08:43.70  -71.285    3.839    0.17600  0.25E+13
2015/03/05T06:58:11.80  -71.299    3.833    0.16800  0.18E+13
2015/03/08T04:30:09.10  -71.359    3.814    0.13600  0.45E+12
2015/03/23T06:50:11.70  -71.683    3.867    0.15200  0.89E+12
2015/03/26T13:34:15.00  -71.536    3.936    0.24000  0.40E+14
2015/03/27T07:33:22.30  -71.607    3.995    0.12800  0.32E+12
2015/03/30T02:25:18.30  -71.368    3.821    0.20000  0.71E+13
2015/03/30T05:07:16.40  -71.423    3.767    0.20000  0.71E+13
2015/04/08T05:15:18.70  -71.289    3.842    0.20800  0.10E+14
2015/04/25T22:51:34.20  -71.357    3.879    0.23200  0.28E+14
2015/04/27T16:54:08.20  -71.406    3.892    0.25600  0.79E+14
2015/04/27T18:49:27.10  -71.401    3.944    0.21600  0.14E+14
2015/04/28T03:27:08.40  -71.345    3.813    0.20000  0.71E+13
2015/04/29T08:27:39.30  -71.422    3.853    0.21600  0.14E+14
2015/04/29T21:02:20.70  -71.426    3.821    0.19200  0.50E+13
2015/05/02T15:00:31.70  -71.447    3.806    0.23200  0.28E+14
2015/05/03T22:09:40.50  -71.556    3.864    0.12800  0.32E+12
2015/05/08T12:53:31.20  -71.425    3.833    0.20000  0.71E+13
2015/05/15T12:55:24.50  -71.623    3.813    0.17600  0.25E+13
2015/05/20T07:44:27.60  -71.431    3.860    0.16000  0.13E+13
2015/05/30T07:53:24.00  -71.410    3.809    0.16000  0.13E+13
2015/06/04T10:18:51.50  -71.251    3.901    0.20000  0.71E+13
2015/06/06T05:03:41.30  -71.388    3.979    0.28000  0.22E+15
2015/06/07T07:21:30.30  -71.410    3.795    0.18400  0.35E+13
2015/06/07T13:27:31.70  -71.293    3.855    0.27200  0.16E+15
2015/06/20T16:01:44.40  -71.497    3.745    0.23200  0.28E+14
2015/06/25T02:13:21.50  -71.378    3.888    0.22400  0.20E+14
2015/07/09T08:59:22.20  -71.367    3.826    0.16800  0.18E+13
2015/07/10T23:48:47.10  -71.375    3.911    0.20000  0.71E+13
2015/07/13T13:46:21.20  -71.396    3.823    0.20000  0.71E+13
2015/07/23T10:58:20.20  -71.521    3.816    0.19200  0.50E+13
2015/07/24T04:29:38.10  -71.363    3.858    0.22400  0.20E+14
2015/08/09T19:24:39.80  -71.412    3.835    0.21600  0.14E+14
2015/08/09T20:16:53.80  -71.412    3.849    0.20800  0.10E+14
2015/08/23T11:37:13.10  -71.357    3.841    0.32000  0.13E+16
2015/08/23T11:51:13.70  -71.333    3.821    0.17600  0.25E+13
2015/08/23T12:08:07.20  -71.394    3.826    0.17600  0.25E+13
2015/08/23T12:13:43.50  -71.358    3.833    0.19200  0.50E+13
2015/08/23T16:29:52.30  -71.372    3.828    0.19200  0.50E+13
2015/08/23T17:14:12.20  -71.426    3.826    0.27200  0.16E+15
2015/08/23T17:18:48.10  -71.326    3.797    0.17600  0.25E+13
2015/08/24T02:15:50.60  -71.313    3.844    0.35200  0.50E+16
2015/08/24T02:20:38.20  -71.463    3.811    0.24800  0.56E+14
2015/08/24T02:25:28.30  -71.292    3.857    0.19200  0.50E+13
2015/08/24T03:25:14.10  -71.414    3.805    0.15200  0.89E+12
2015/08/24T03:27:48.80  -71.349    3.785    0.16000  0.13E+13
2015/08/24T11:35:56.40  -71.484    3.770    0.21600  0.14E+14
2015/08/24T14:36:42.00  -71.348    3.849    0.20000  0.71E+13
2015/08/24T15:20:33.30  -71.443    3.806    0.20000  0.71E+13
2015/08/25T01:01:58.30  -71.342    3.907    0.20800  0.10E+14
2015/08/25T01:02:18.10  -71.373    3.832    0.29600  0.45E+15
2015/08/25T03:42:15.30  -71.202    3.840    0.16800  0.18E+13
2015/08/26T02:48:50.40  -71.319    3.883    0.18400  0.35E+13
2015/08/27T04:18:48.00  -71.394    3.834    0.16800  0.18E+13
2015/08/27T09:24:39.40  -71.457    3.812    0.15200  0.89E+12
2015/08/28T07:29:05.10  -71.390    3.833    0.15200  0.89E+12
2015/08/29T06:01:19.20  -71.321    4.080    0.18400  0.35E+13
2015/08/30T00:30:28.10  -71.394    3.823    0.19200  0.50E+13
2015/08/30T20:34:30.70  -71.546    3.785    0.28000  0.22E+15
2015/08/31T00:59:41.00  -71.241    4.049    0.15200  0.89E+12
2015/08/31T09:16:26.00  -71.346    4.081    0.18400  0.35E+13
2015/08/31T10:34:40.50  -71.395    3.822    0.32000  0.13E+16
2015/08/31T11:38:40.00  -71.441    3.770    0.19200  0.50E+13
2015/08/31T11:52:50.30  -71.293    4.121    0.18400  0.35E+13
2015/08/31T12:23:48.10  -71.407    3.835    0.23200  0.28E+14
2015/08/31T14:22:36.80  -71.329    3.845    0.17600  0.25E+13
2015/08/31T17:42:22.20  -71.345    3.878    0.32800  0.18E+16
2015/08/31T18:54:16.90  -71.368    3.817    0.19200  0.50E+13
2015/08/31T19:09:09.50  -71.363    3.838    0.19200  0.50E+13
2015/08/31T20:52:21.50  -71.346    3.847    0.25600  0.79E+14
2015/08/31T21:42:01.30  -71.344    3.805    0.17600  0.25E+13
