 -71.920   4.237    0.24000
 -71.827   3.972    0.18400
 -70.639   4.445    0.20000
 -71.327   3.792    0.25600
 -71.539   3.804    0.20800
 -71.418   3.826    0.17600
 -71.337   3.831    0.20000
 -71.199   3.791    0.27200
 -71.503   3.717    0.22400
 -71.329   3.826    0.23200
 -71.446   3.795    0.17600
 -71.660   3.809    0.22400
 -71.441   3.792    0.13600
 -71.344   3.792    0.20800
 -71.381   3.815    0.19200
 -71.405   3.798    0.20000
 -71.424   3.819    0.20000
 -71.343   3.795    0.20000
 -71.497   3.867    0.18400
 -71.470   3.779    0.16800
 -71.294   3.805    0.30400
 -71.406   3.762    0.27200
 -71.521   3.813    0.24800
 -71.285   3.776    0.20800
 -71.507   3.677    0.24000
 -71.219   3.808    0.22400
 -71.212   3.756    0.24000
 -71.272   3.696    0.24000
 -71.531   3.773    0.18400
 -71.187   3.733    0.24800
 -71.377   3.796    0.28000
 -71.215   3.769    0.21600
 -71.504   3.759    0.20000
 -71.242   3.746    0.21600
 -71.488   3.831    0.23200
 -71.352   3.814    0.24000
 -71.269   3.807    0.24800
 -71.285   3.801    0.31200
 -71.456   3.788    0.22400
 -71.235   3.763    0.32000
 -71.271   3.715    0.22400
 -71.426   3.722    0.29600
 -71.498   3.779    0.16000
 -71.512   3.793    0.17600
 -71.339   3.779    0.32800
 -71.314   3.751    0.25600
 -71.308   3.783    0.27200
 -71.641   3.809    0.20000
 -71.087   3.727    0.31200
 -71.466   3.810    0.17600
 -71.453   3.786    0.25600
 -71.328   3.785    0.25600
 -71.385   3.719    0.19200
 -71.485   3.797    0.28800
 -71.581   3.836    0.23200
 -71.416   3.826    0.28000
 -71.435   3.870    0.15200
 -71.551   3.990    0.26400
 -71.348   3.816    0.19200
 -71.480   3.762    0.23200
 -71.294   3.781    0.30400
 -71.282   3.824    0.24800
 -71.417   3.813    0.20800
 -71.440   3.779    0.20000
 -71.034   3.770    0.22400
 -71.450   3.790    0.23200
 -71.379   3.841    0.27200
 -71.309   3.792    0.28000
 -71.501   3.792    0.21600
 -71.538   3.833    0.21600
 -71.246   3.778    0.31200
 -71.370   3.767    0.27200
 -71.288   3.787    0.20000
 -71.338   3.785    0.30400
 -71.350   3.780    0.21600
 -71.327   3.854    0.20000
 -71.526   3.796    0.28000
 -71.270   3.797    0.22400
 -71.358   3.828    0.28800
 -71.246   3.770    0.25600
 -71.128   3.746    0.30400
 -71.292   3.808    0.26400
 -71.426   3.783    0.18400
 -71.180   3.764    0.29600
 -71.579   3.780    0.22400
 -71.018   3.780    0.21600
 -71.479   3.796    0.18400
 -71.276   3.830    0.20000
 -71.438   3.798    0.20800
 -71.584   3.774    0.26400
 -71.561   3.851    0.25600
 -71.313   3.860    0.24800
 -71.229   3.954    0.22400
 -71.269   3.776    0.20800
 -71.035   3.608    0.20800
 -71.479   3.811    0.25600
 -71.573   3.737    0.22400
 -71.555   3.501    0.28000
 -71.219   3.749    0.27200
 -71.275   3.854    0.24800
 -71.204   3.780    0.27200
 -71.192   3.841    0.28800
 -71.121   3.786    0.26400
 -71.276   3.783    0.28000
 -71.440   3.725    0.24000
 -71.559   3.752    0.21600
 -71.183   3.814    0.18400
 -71.195   3.743    0.20800
 -71.209   3.691    0.24800
 -71.222   3.837    0.19200
 -71.074   3.765    0.24000
 -71.117   3.640    0.23200
 -71.562   3.821    0.18400
 -71.476   3.840    0.18400
 -71.350   3.787    0.24800
 -71.168   3.942    0.22400
 -71.380   3.795    0.23200
 -71.391   3.853    0.20000
 -71.307   3.842    0.24000
 -71.321   3.877    0.24800
 -71.413   3.933    0.12800
 -71.581   3.994    0.15200
 -71.455   3.867    0.24800
 -71.500   3.776    0.20800
 -71.418   3.806    0.20000
 -71.374   3.840    0.24800
 -71.343   3.806    0.19200
 -71.367   3.801    0.27200
 -71.478   3.800    0.26400
 -71.309   3.832    0.25600
 -71.381   3.812    0.20800
 -71.391   4.042    0.16000
 -71.435   3.857    0.12000
 -71.429   3.837    0.24800
 -71.604   3.784    0.12000
 -71.409   3.797    0.17600
 -71.481   3.812    0.17600
 -71.665   4.122    0.13600
 -71.356   4.156    0.13600
 -71.287   3.830    0.15200
 -71.413   3.826    0.24800
 -71.452   3.671    0.19200
 -71.409   3.784    0.16800
 -71.495   3.837    0.16000
 -71.428   3.836    0.20800
 -71.659   3.936    0.16000
 -71.516   3.808    0.19200
 -71.624   3.900    0.16800
 -71.409   3.861    0.32000
 -71.464   3.918    0.23200
 -71.611   4.019    0.17600
 -71.644   3.973    0.16800
 -71.433   3.846    0.17600
 -71.604   3.763    0.13600
 -71.499   3.802    0.20800
 -71.718   3.860    0.14400
 -71.419   3.836    0.19200
 -71.503   4.043    0.21600
 -71.717   3.803    0.16000
 -71.590   3.903    0.26400
 -71.586   4.041    0.21600
 -71.610   3.880    0.19200
 -71.462   3.835    0.19200
 -71.328   3.921    0.19200
 -71.729   3.868    0.17600
 -71.410   3.863    0.27200
 -71.324   3.760    0.18400
 -71.530   3.899    0.28800
 -71.683   3.707    0.17600
 -71.594   3.917    0.19200
 -71.596   3.882    0.24000
 -71.549   3.885    0.28800
 -71.544   4.131    0.16800
 -71.597   3.916    0.16000
 -71.610   3.987    0.16000
 -71.594   3.958    0.19200
 -71.582   3.899    0.20800
 -71.571   3.904    0.27200
 -71.613   3.910    0.25600
 -71.586   3.888    0.27200
 -71.567   3.887    0.20800
 -71.597   3.872    0.16800
 -71.614   3.857    0.13600
 -71.661   3.877    0.15200
 -71.584   3.885    0.15200
 -71.589   3.927    0.15200
 -71.602   3.905    0.25600
 -71.575   3.912    0.20000
 -71.579   3.894    0.25600
 -71.582   3.888    0.27200
 -71.571   3.907    0.26400
 -71.594   3.915    0.18400
 -71.703   3.800    0.16800
 -71.587   3.894    0.18400
 -71.596   3.882    0.12800
 -71.524   3.969    0.14400
 -71.565   3.905    0.14400
 -71.602   3.878    0.19200
 -71.605   3.897    0.14400
 -71.645   3.844    0.14400
 -71.690   3.771    0.15200
 -71.566   3.962    0.16800
 -71.606   3.897    0.23200
 -71.504   3.840    0.16000
 -71.594   3.884    0.20000
 -71.539   3.871    0.24000
 -71.586   3.876    0.27200
 -71.586   3.861    0.26400
 -71.594   3.906    0.28800
 -71.601   3.898    0.28000
 -71.574   3.893    0.16000
 -71.594   3.889    0.25600
 -71.588   4.133    0.17600
 -71.669   3.853    0.21600
 -71.720   3.899    0.17600
 -71.577   3.881    0.24800
 -71.560   3.879    0.15200
 -71.742   4.108    0.20000
 -71.576   3.852    0.14400
 -71.601   3.849    0.24800
 -71.687   3.849    0.16800
 -71.576   3.874    0.24800
 -71.592   3.918    0.16000
 -71.591   3.891    0.18400
 -71.704   3.871    0.18400
 -71.586   3.888    0.28000
 -71.630   3.879    0.18400
 -71.614   3.882    0.15200
 -71.610   3.916    0.16000
 -71.624   3.912    0.19200
 -71.631   3.899    0.18400
 -71.605   3.893    0.28000
 -71.589   3.834    0.17600
 -71.582   3.881    0.16800
 -71.632   3.891    0.17600
 -71.691   3.874    0.16800
 -71.447   3.893    0.18400
 -71.555   3.862    0.20800
 -71.593   3.907    0.19200
 -71.541   3.882    0.20000
 -71.720   3.838    0.16800
 -71.507   3.776    0.16800
 -71.579   3.898    0.16800
 -71.591   3.903    0.18400
 -71.617   3.884    0.19200
 -71.546   3.888    0.16800
 -71.565   4.025    0.20000
 -71.649   3.973    0.17600
 -71.578   3.926    0.12800
 -71.551   3.898    0.29600
 -71.552   3.908    0.12800
 -71.572   3.904    0.27200
 -71.582   3.812    0.18400
 -71.319   3.833    0.18400
 -71.570   3.892    0.20000
 -71.551   3.875    0.29600
 -71.546   3.892    0.32000
 -71.592   3.889    0.20800
 -71.603   3.833    0.20800
 -71.549   4.004    0.18400
 -71.591   4.046    0.19200
 -71.646   3.935    0.16800
 -71.637   3.929    0.16800
 -71.575   3.873    0.28800
 -71.512   3.924    0.18400
 -71.626   3.864    0.26400
 -71.605   3.863    0.17600
 -71.470   3.863    0.19200
 -71.391   3.850    0.31200
 -71.385   3.848    0.15200
 -71.410   3.823    0.21600
 -71.447   3.797    0.22400
 -71.384   3.859    0.24000
 -71.259   4.128    0.18400
 -71.579   3.926    0.34400
 -71.470   4.082    0.19200
 -71.625   3.885    0.22400
 -71.397   3.864    0.22400
 -71.407   3.860    0.27200
 -71.443   3.922    0.19200
 -71.619   3.868    0.17600
 -71.589   3.874    0.28000
 -71.586   3.881    0.22400
 -71.583   3.880    0.23200
 -71.651   3.845    0.19200
 -71.599   3.909    0.24000
 -71.573   3.862    0.23200
 -71.578   3.877    0.26400
 -71.535   4.017    0.16000
 -71.349   4.081    0.20000
 -71.446   4.084    0.17600
 -71.592   3.886    0.29600
 -71.572   3.903    0.19200
 -71.311   4.062    0.16800
 -71.569   4.044    0.17600
 -71.570   3.920    0.16800
 -71.645   3.889    0.15200
 -71.514   3.889    0.19200
 -71.395   3.862    0.31200
 -71.382   3.865    0.20000
 -71.383   3.840    0.17600
 -71.392   3.860    0.22400
 -71.590   3.933    0.17600
 -71.592   3.896    0.12800
 -71.563   3.923    0.17600
 -71.641   3.860    0.19200
 -71.636   3.900    0.15200
 -71.500   3.837    0.19200
 -71.422   3.810    0.16800
 -71.388   3.823    0.20000
 -71.439   3.924    0.18400
 -71.550   3.898    0.30400
 -71.561   4.037    0.17600
 -71.599   3.949    0.21600
 -71.559   3.985    0.17600
 -71.595   3.885    0.30400
 -71.641   4.014    0.15200
 -71.576   3.927    0.18400
 -71.601   3.975    0.16000
 -71.318   3.857    0.20800
 -71.683   3.998    0.14400
 -71.533   3.812    0.27200
 -71.444   3.832    0.25600
 -71.627   3.902    0.16800
 -71.432   3.861    0.23200
 -71.545   3.906    0.20800
 -71.685   3.881    0.14400
 -71.545   3.903    0.18400
 -71.523   3.901    0.12800
 -71.522   3.876    0.12800
 -71.526   3.817    0.16000
 -71.665   3.925    0.13600
 -71.597   3.937    0.16000
 -71.439   3.852    0.19200
 -71.392   3.831    0.19200
 -71.613   3.727    0.12800
 -71.567   4.085    0.17600
 -71.596   3.926    0.20000
 -71.486   3.948    0.19200
 -71.553   3.862    0.20800
 -71.634   3.991    0.17600
 -71.646   3.786    0.10400
 -71.580   3.916    0.25600
 -71.602   3.903    0.21600
 -71.567   3.898    0.34400
 -71.586   3.938    0.20000
 -71.570   3.866    0.26400
 -71.595   3.950    0.21600
 -71.628   3.968    0.16800
 -71.630   3.933    0.24000
 -71.593   3.871    0.16000
 -71.591   3.863    0.28800
 -71.638   3.880    0.24800
 -71.633   3.898    0.17600
 -71.594   3.869    0.12000
 -71.607   3.890    0.20800
 -71.588   3.825    0.17600
 -71.626   3.931    0.18400
 -71.618   3.977    0.18400
 -71.648   4.002    0.18400
 -71.593   3.867    0.16800
 -71.584   3.867    0.22400
 -71.532   3.920    0.16800
 -71.589   3.856    0.24800
 -71.614   3.876    0.22400
 -71.616   3.854    0.12800
 -71.528   3.920    0.12000
 -71.521   3.885    0.19200
 -71.656   3.878    0.20000
 -71.588   3.834    0.15200
 -71.483   3.898    0.14400
 -71.416   4.284    0.13600
 -71.601   3.889    0.16000
 -71.511   4.088    0.11200
 -71.643   3.878    0.16000
 -71.713   3.842    0.12800
 -71.638   3.905    0.17600
 -71.598   3.865    0.26400
 -71.591   3.998    0.19200
 -71.562   3.984    0.19200
 -71.593   4.050    0.15200
 -71.599   4.007    0.13600
 -71.633   3.883    0.24800
 -71.399   3.786    0.19200
 -71.656   3.906    0.17600
 -71.504   3.997    0.15200
 -71.522   3.928    0.16800
 -71.568   3.924    0.16000
 -71.664   3.953    0.18400
 -71.632   3.981    0.16000
 -71.640   3.970    0.16000
 -71.632   3.881    0.15200
 -71.524   3.926    0.17600
 -71.403   3.856    0.28800
 -71.486   3.992    0.09600
 -71.522   3.921    0.16000
 -71.617   3.827    0.10400
 -71.400   3.778    0.13600
 -71.556   3.902    0.20800
 -71.590   3.891    0.17600
 -71.516   3.907    0.20800
 -71.582   4.048    0.17600
 -71.580   3.900    0.19200
 -71.583   3.919    0.16800
 -71.623   3.897    0.14400
 -71.389   3.870    0.19200
 -71.554   4.122    0.16800
 -71.555   3.907    0.30400
 -71.584   3.804    0.16000
 -71.588   3.883    0.17600
 -71.611   3.951    0.16000
 -71.587   3.947    0.15200
 -71.581   3.907    0.20000
 -71.559   3.906    0.20800
 -71.646   3.834    0.14400
 -71.563   3.871    0.26400
 -71.532   3.894    0.21600
 -71.489   3.776    0.12000
 -71.577   3.911    0.30400
 -71.423   3.844    0.16800
 -71.579   3.945    0.16800
 -71.583   3.929    0.16000
 -71.590   3.905    0.27200
 -71.657   3.930    0.28800
 -71.625   3.733    0.19200
 -71.542   3.908    0.20800
 -71.641   3.850    0.16800
 -71.558   3.911    0.29600
 -71.329   4.004    0.18400
 -71.579   3.890    0.17600
 -71.606   3.950    0.12000
 -71.552   3.918    0.18400
 -71.591   3.873    0.20000
 -71.435   3.800    0.14400
 -71.605   3.886    0.15200
 -71.593   3.917    0.22400
 -71.555   3.980    0.15200
 -71.579   3.983    0.17600
 -71.339   3.833    0.26400
 -71.595   3.980    0.20000
 -71.573   3.890    0.28000
 -71.601   3.976    0.20800
 -71.569   3.937    0.19200
 -71.500   3.916    0.17600
 -71.523   3.789    0.19200
 -71.570   3.885    0.22400
 -71.579   3.913    0.24800
 -71.709   4.073    0.16800
 -71.572   3.920    0.27200
 -71.767   3.954    0.24800
 -71.631   3.893    0.17600
 -71.585   3.906    0.26400
 -71.599   3.899    0.16800
 -71.673   3.888    0.16800
 -71.564   3.927    0.20800
 -71.656   3.882    0.20800
 -71.622   3.862    0.24000
 -71.641   3.871    0.24000
 -71.621   3.894    0.22400
 -71.630   3.874    0.19200
 -71.587   4.015    0.15200
 -71.630   3.859    0.16800
 -71.600   3.925    0.16800
 -71.618   3.892    0.20800
 -71.538   3.884    0.16800
 -71.574   3.888    0.16800
 -71.612   3.775    0.16800
 -71.608   3.856    0.16000
 -71.563   3.885    0.16800
 -71.418   3.770    0.17600
 -71.570   3.941    0.24800
 -71.580   3.881    0.30400
 -71.586   3.905    0.16000
 -71.612   3.869    0.27200
 -71.636   3.880    0.16000
 -71.584   3.914    0.20000
 -71.550   3.855    0.22400
 -71.601   3.870    0.18400
 -71.606   3.910    0.27200
 -71.614   4.035    0.21600
 -71.611   3.881    0.32000
 -71.555   3.904    0.30400
 -71.574   3.897    0.20800
 -71.553   3.901    0.16000
 -71.617   3.886    0.14400
 -71.571   3.891    0.12800
 -71.624   3.894    0.15200
 -71.615   3.896    0.14400
 -71.586   3.913    0.19200
 -71.788   3.887    0.13600
 -71.651   3.813    0.18400
 -71.673   3.782    0.16800
 -71.609   4.000    0.15200
 -71.620   3.870    0.16800
 -71.586   3.892    0.17600
 -71.610   3.887    0.21600
 -71.625   3.819    0.23200
 -71.582   3.921    0.20800
 -71.695   4.128    0.20800
 -71.635   3.943    0.18400
 -71.544   3.888    0.20000
 -71.646   3.886    0.15200
 -71.592   3.858    0.26400
 -71.601   3.812    0.20000
 -71.626   3.904    0.18400
 -71.602   3.891    0.16800
 -71.584   3.986    0.20000
 -71.589   3.891    0.26400
 -71.420   4.075    0.17600
 -71.603   3.991    0.17600
 -71.593   3.885    0.24800
 -71.528   4.021    0.18400
 -71.584   3.794    0.18400
 -71.492   3.927    0.16000
 -71.582   3.836    0.17600
 -71.617   3.884    0.18400
 -71.636   3.789    0.20000
 -71.626   3.803    0.18400
 -71.758   3.999    0.15200
 -71.637   3.898    0.18400
 -71.590   4.081    0.18400
 -71.583   3.866    0.16000
 -71.470   3.806    0.21600
 -71.589   3.872    0.16000
 -71.625   3.879    0.17600
 -71.564   3.886    0.19200
 -71.455   3.852    0.20000
 -71.633   3.912    0.21600
 -71.599   3.895    0.23200
 -71.582   3.883    0.24000
 -71.611   3.902    0.18400
 -71.424   3.774    0.16800
 -71.332   3.823    0.19200
 -71.579   3.862    0.29600
 -71.507   4.037    0.20000
 -71.590   3.896    0.27200
 -71.402   3.860    0.19200
 -71.622   3.869    0.22400
 -71.734   3.834    0.19200
 -71.591   3.868    0.22400
 -71.557   3.907    0.20800
 -71.597   3.869    0.16800
 -71.548   3.916    0.17600
 -71.508   4.009    0.17600
 -71.453   3.845    0.20000
 -71.506   3.924    0.35200
 -71.533   3.913    0.20000
 -71.632   3.949    0.16000
 -71.679   3.918    0.15200
 -71.476   3.958    0.21600
 -71.523   3.914    0.26400
 -71.560   3.922    0.16800
 -71.579   3.886    0.20800
 -71.589   3.886    0.28000
 -71.571   3.856    0.21600
 -71.664   3.920    0.18400
 -71.598   3.904    0.15200
 -71.666   3.901    0.20800
 -71.546   3.908    0.20000
 -71.541   3.907    0.22400
 -71.462   4.054    0.17600
 -71.633   3.864    0.21600
 -71.562   3.915    0.21600
 -71.636   3.881    0.21600
 -71.715   3.656    0.11200
 -71.471   3.944    0.12800
 -71.621   3.916    0.21600
 -71.652   3.892    0.16000
 -71.549   3.876    0.20800
 -71.561   3.895    0.17600
 -71.567   3.915    0.22400
 -71.612   3.883    0.18400
 -71.664   3.882    0.18400
 -71.485   3.849    0.18400
 -71.611   3.997    0.14400
 -71.597   4.057    0.14400
 -71.569   3.870    0.14400
 -71.614   3.880    0.16800
 -71.510   3.861    0.18400
 -71.655   3.817    0.17600
 -71.677   3.898    0.17600
 -71.559   3.895    0.13600
 -71.596   3.901    0.18400
 -71.717   3.681    0.18400
 -71.501   3.918    0.22400
 -71.621   3.877    0.16000
 -71.584   3.915    0.19200
 -71.506   3.909    0.20000
 -71.567   3.894    0.16800
 -71.361   3.845    0.28800
 -71.514   3.913    0.16800
 -71.566   3.947    0.19200
 -71.461   3.938    0.17600
 -71.586   3.889    0.16000
 -71.450   3.839    0.15200
 -71.566   3.896    0.31200
 -71.593   3.925    0.18400
 -71.608   3.893    0.28000
 -71.542   3.853    0.19200
 -71.517   3.959    0.16000
 -71.479   3.943    0.16800
 -71.549   3.898    0.20800
 -71.590   3.894    0.20000
 -71.680   3.852    0.13600
 -71.577   3.912    0.14400
 -70.669   4.252    0.18400
 -71.537   3.891    0.19200
 -71.565   4.059    0.17600
 -71.641   3.898    0.24000
 -71.571   3.917    0.24800
 -71.555   3.912    0.26400
 -71.563   3.937    0.23200
 -71.567   3.916    0.13600
 -71.572   3.899    0.16800
 -71.493   3.822    0.16800
 -71.541   3.912    0.17600
 -71.526   3.878    0.16800
 -71.543   3.912    0.25600
 -71.519   3.918    0.21600
 -71.632   3.885    0.16000
 -71.596   3.883    0.18400
 -71.585   3.875    0.18400
 -71.614   3.796    0.12000
 -71.557   3.921    0.17600
 -71.566   3.864    0.19200
 -71.582   3.893    0.30400
 -71.597   3.891    0.23200
 -71.596   3.880    0.22400
 -71.514   3.959    0.16000
 -71.588   3.887    0.21600
 -71.768   3.922    0.13600
 -71.539   4.085    0.17600
 -71.623   3.838    0.16800
 -71.607   3.895    0.16000
 -71.587   3.905    0.19200
 -71.592   3.884    0.29600
 -71.521   3.897    0.13600
 -71.549   4.065    0.13600
 -71.621   3.908    0.18400
 -71.526   3.876    0.11200
 -71.450   3.846    0.17600
 -71.331   3.838    0.19200
 -71.447   3.934    0.16800
 -71.562   3.887    0.29600
 -71.459   3.919    0.14400
 -71.465   3.982    0.15200
 -71.512   4.202    0.14400
 -71.494   3.844    0.17600
 -71.653   3.858    0.17600
 -71.302   3.806    0.26400
 -71.466   3.884    0.18400
 -71.503   3.888    0.16800
 -71.587   3.852    0.19200
 -71.372   3.831    0.20800
 -71.556   3.900    0.26400
 -71.500   3.858    0.22400
 -71.682   3.865    0.18400
 -71.621   3.930    0.19200
 -71.540   3.810    0.16800
 -71.687   3.860    0.16800
 -71.306   3.842    0.16000
 -71.517   3.925    0.17600
 -71.356   3.651    0.19200
 -71.241   3.992    0.18400
 -71.544   3.859    0.20800
 -71.485   3.895    0.18400
 -71.433   3.743    0.17600
 -71.581   3.860    0.19200
 -71.457   3.823    0.27200
 -71.484   3.878    0.21600
 -71.618   3.859    0.20800
 -71.431   3.780    0.23200
 -71.608   3.899    0.20800
 -71.602   3.892    0.26400
 -71.601   3.878    0.27200
 -71.570   3.891    0.21600
 -71.569   3.883    0.18400
 -71.550   3.920    0.18400
 -71.551   3.920    0.19200
 -71.563   3.878    0.20000
 -71.419   3.844    0.27200
 -71.441   3.851    0.23200
 -71.524   3.907    0.28000
 -71.610   3.858    0.16000
 -71.663   3.883    0.18400
 -71.552   3.917    0.23200
 -71.561   3.869    0.20800
 -71.439   3.812    0.19200
 -71.509   3.952    0.14400
 -71.553   3.882    0.19200
 -71.484   3.939    0.18400
 -71.557   3.950    0.26400
 -71.338   3.785    0.16800
 -71.439   3.871    0.16800
 -71.602   3.890    0.15200
 -71.586   4.050    0.17600
 -71.497   3.897    0.18400
 -71.393   3.844    0.19200
 -71.540   3.889    0.18400
 -71.520   3.944    0.20000
 -71.649   3.920    0.17600
 -71.411   3.860    0.28000
 -71.511   4.030    0.16800
 -71.537   4.111    0.13600
 -71.547   3.940    0.16800
 -71.611   3.965    0.18400
 -71.436   3.933    0.17600
 -71.559   3.980    0.21600
 -71.600   3.917    0.20000
 -71.592   4.031    0.15200
 -71.596   3.908    0.16000
 -71.554   3.882    0.23200
 -71.499   4.206    0.16000
 -71.510   3.913    0.19200
 -71.484   3.916    0.12800
 -71.553   3.912    0.18400
 -71.558   3.890    0.20800
 -71.566   3.911    0.17600
 -71.638   3.877    0.23200
 -71.497   3.935    0.20000
 -71.486   3.667    0.16800
 -71.586   3.926    0.18400
 -71.551   3.880    0.11200
 -71.411   3.877    0.23200
 -71.668   3.948    0.16800
 -71.409   4.249    0.16000
 -71.566   3.953    0.17600
 -71.399   3.846    0.20800
 -71.576   3.867    0.13600
 -71.628   3.980    0.15200
 -71.535   3.868    0.22400
 -71.534   3.906    0.30400
 -71.505   3.677    0.15200
 -71.555   3.881    0.20000
 -71.570   4.000    0.15200
 -71.641   3.882    0.14400
 -71.532   4.207    0.18400
 -71.553   4.155    0.16000
 -71.598   4.092    0.14400
 -71.582   3.936    0.19200
 -71.523   3.977    0.29600
 -71.542   4.068    0.18400
 -71.500   4.046    0.15200
 -71.569   3.881    0.24000
 -71.589   3.871    0.13600
 -71.606   3.868    0.17600
 -71.494   3.951    0.15200
 -71.603   3.973    0.18400
 -71.632   3.983    0.16800
 -71.631   3.850    0.19200
 -71.501   3.977    0.16800
 -71.645   3.904    0.22400
 -71.417   3.865    0.20000
 -71.543   3.940    0.15200
 -71.541   3.906    0.30400
 -71.563   3.935    0.20800
 -71.648   3.872    0.18400
 -71.477   3.945    0.17600
 -71.559   3.884    0.15200
 -71.497   4.001    0.20000
 -71.515   3.924    0.19200
 -71.397   3.862    0.20800
 -71.509   3.957    0.17600
 -71.528   3.889    0.16800
 -71.555   3.986    0.16000
 -71.402   3.793    0.15200
 -71.591   3.898    0.14400
 -71.565   3.965    0.19200
 -71.557   4.147    0.16000
 -70.455   4.397    0.20000
 -71.447   3.785    0.13600
 -71.358   3.844    0.19200
 -71.469   3.842    0.20000
 -71.390   3.823    0.19200
 -71.567   3.888    0.20800
 -71.417   3.844    0.14400
 -71.595   3.974    0.14400
 -71.471   3.881    0.16000
 -71.511   3.916    0.14400
 -71.422   3.817    0.18400
 -71.518   3.739    0.17600
 -71.469   4.068    0.15200
 -71.447   3.913    0.14400
 -71.349   3.829    0.20000
 -71.598   4.030    0.18400
 -71.390   3.859    0.20000
 -71.513   3.771    0.12800
 -71.637   3.881    0.15200
 -71.384   3.827    0.13600
 -71.538   3.813    0.17600
 -71.518   3.916    0.17600
 -71.338   4.039    0.18400
 -71.494   3.906    0.16800
 -71.597   3.931    0.17600
 -71.576   3.899    0.13600
 -71.465   3.831    0.13600
 -71.543   3.922    0.28800
 -71.547   3.991    0.16800
 -71.285   3.839    0.17600
 -71.299   3.833    0.16800
 -71.359   3.814    0.13600
 -71.683   3.867    0.15200
 -71.536   3.936    0.24000
 -71.607   3.995    0.12800
 -71.368   3.821    0.20000
 -71.423   3.767    0.20000
 -71.289   3.842    0.20800
 -71.357   3.879    0.23200
 -71.406   3.892    0.25600
 -71.401   3.944    0.21600
 -71.345   3.813    0.20000
 -71.422   3.853    0.21600
 -71.426   3.821    0.19200
 -71.447   3.806    0.23200
 -71.556   3.864    0.12800
 -71.425   3.833    0.20000
 -71.623   3.813    0.17600
 -71.431   3.860    0.16000
 -71.410   3.809    0.16000
 -71.251   3.901    0.20000
 -71.388   3.979    0.28000
 -71.410   3.795    0.18400
 -71.293   3.855    0.27200
 -71.497   3.745    0.23200
 -71.378   3.888    0.22400
 -71.367   3.826    0.16800
 -71.375   3.911    0.20000
 -71.396   3.823    0.20000
 -71.521   3.816    0.19200
 -71.363   3.858    0.22400
 -71.412   3.835    0.21600
 -71.412   3.849    0.20800
 -71.357   3.841    0.32000
 -71.333   3.821    0.17600
 -71.394   3.826    0.17600
 -71.358   3.833    0.19200
 -71.372   3.828    0.19200
 -71.426   3.826    0.27200
 -71.326   3.797    0.17600
 -71.313   3.844    0.35200
 -71.463   3.811    0.24800
 -71.292   3.857    0.19200
 -71.414   3.805    0.15200
 -71.349   3.785    0.16000
 -71.484   3.770    0.21600
 -71.348   3.849    0.20000
 -71.443   3.806    0.20000
 -71.342   3.907    0.20800
 -71.373   3.832    0.29600
 -71.202   3.840    0.16800
 -71.319   3.883    0.18400
 -71.394   3.834    0.16800
 -71.457   3.812    0.15200
 -71.390   3.833    0.15200
 -71.321   4.080    0.18400
 -71.394   3.823    0.19200
 -71.546   3.785    0.28000
 -71.241   4.049    0.15200
 -71.346   4.081    0.18400
 -71.395   3.822    0.32000
 -71.441   3.770    0.19200
 -71.293   4.121    0.18400
 -71.407   3.835    0.23200
 -71.329   3.845    0.17600
 -71.345   3.878    0.32800
 -71.368   3.817    0.19200
 -71.363   3.838    0.19200
 -71.346   3.847    0.25600
 -71.344   3.805    0.17600
