    1  /bd/seismo/REA/BDRSN/1997/07/16-0734-55L.S199707
    2  /bd/seismo/REA/BDRSN/1998/05/28-0445-19D.S199805
    3  /bd/seismo/REA/BDRSN/2012/09/16-0805-42L.S201209
    4  /bd/seismo/REA/BDRSN/2013/01/31-0256-09L.S201301
    5  /bd/seismo/REA/BDRSN/2013/04/02-1946-32L.S201304
    6  /bd/seismo/REA/BDRSN/2013/04/03-1649-00L.S201304
    7  /bd/seismo/REA/BDRSN/2013/04/06-0900-53L.S201304
    8  /bd/seismo/REA/BDRSN/2013/04/09-2033-46L.S201304
    9  /bd/seismo/REA/BDRSN/2013/04/10-0337-44L.S201304
   10  /bd/seismo/REA/BDRSN/2013/04/10-1501-24L.S201304
   11  /bd/seismo/REA/BDRSN/2013/04/10-1728-31L.S201304
   12  /bd/seismo/REA/BDRSN/2013/04/11-1706-44L.S201304
   13  /bd/seismo/REA/BDRSN/2013/04/12-0140-59L.S201304
   14  /bd/seismo/REA/BDRSN/2013/04/12-0146-01L.S201304
   15  /bd/seismo/REA/BDRSN/2013/04/12-0201-10L.S201304
   16  /bd/seismo/REA/BDRSN/2013/04/12-0532-13L.S201304
   17  /bd/seismo/REA/BDRSN/2013/04/12-1422-38L.S201304
   18  /bd/seismo/REA/BDRSN/2013/04/13-1353-36L.S201304
   19  /bd/seismo/REA/BDRSN/2013/04/14-1239-15L.S201304
   20  /bd/seismo/REA/BDRSN/2013/04/14-1440-49L.S201304
   21  /bd/seismo/REA/BDRSN/2013/04/14-1506-56L.S201304
   22  /bd/seismo/REA/BDRSN/2013/04/16-0300-23L.S201304
   23  /bd/seismo/REA/BDRSN/2013/04/19-1240-29L.S201304
   24  /bd/seismo/REA/BDRSN/2013/04/19-1257-33L.S201304
   25  /bd/seismo/REA/BDRSN/2013/04/20-0432-18L.S201304
   26  /bd/seismo/REA/BDRSN/2013/04/24-1521-27L.S201304
   27  /bd/seismo/REA/BDRSN/2013/04/26-0421-59L.S201304
   28  /bd/seismo/REA/BDRSN/2013/04/26-0507-12L.S201304
   29  /bd/seismo/REA/BDRSN/2013/04/28-1937-25L.S201304
   30  /bd/seismo/REA/BDRSN/2013/04/28-2058-11L.S201304
   31  /bd/seismo/REA/BDRSN/2013/04/30-2338-05L.S201304
   32  /bd/seismo/REA/BDRSN/2013/04/30-2345-42L.S201304
   33  /bd/seismo/REA/BDRSN/2013/05/01-0153-47L.S201305
   34  /bd/seismo/REA/BDRSN/2013/05/01-1102-15L.S201305
   35  /bd/seismo/REA/BDRSN/2013/05/01-1434-26L.S201305
   36  /bd/seismo/REA/BDRSN/2013/05/04-1617-47L.S201305
   37  /bd/seismo/REA/BDRSN/2013/05/06-0728-20L.S201305
   38  /bd/seismo/REA/BDRSN/2013/05/06-1405-56L.S201305
   39  /bd/seismo/REA/BDRSN/2013/05/10-0145-02L.S201305
   40  /bd/seismo/REA/BDRSN/2013/05/11-0047-38L.S201305
   41  /bd/seismo/REA/BDRSN/2013/05/11-0119-41L.S201305
   42  /bd/seismo/REA/BDRSN/2013/05/11-0214-56L.S201305
   43  /bd/seismo/REA/BDRSN/2013/05/13-0521-56L.S201305
   44  /bd/seismo/REA/BDRSN/2013/05/14-0606-28L.S201305
   45  /bd/seismo/REA/BDRSN/2013/05/16-0045-10L.S201305
   46  /bd/seismo/REA/BDRSN/2013/05/17-0636-39L.S201305
   47  /bd/seismo/REA/BDRSN/2013/05/18-1001-06L.S201305
   48  /bd/seismo/REA/BDRSN/2013/05/19-2003-23L.S201305
   49  /bd/seismo/REA/BDRSN/2013/05/21-0652-35L.S201305
   50  /bd/seismo/REA/BDRSN/2013/05/21-2149-45L.S201305
   51  /bd/seismo/REA/BDRSN/2013/05/23-1034-11L.S201305
   52  /bd/seismo/REA/BDRSN/2013/05/23-1140-53L.S201305
   53  /bd/seismo/REA/BDRSN/2013/05/24-1416-24L.S201305
   54  /bd/seismo/REA/BDRSN/2013/05/28-0336-48L.S201305
   55  /bd/seismo/REA/BDRSN/2013/06/01-2341-31L.S201306
   56  /bd/seismo/REA/BDRSN/2013/06/02-1406-06L.S201306
   57  /bd/seismo/REA/BDRSN/2013/06/02-1651-10L.S201306
   58  /bd/seismo/REA/BDRSN/2013/06/02-2313-38L.S201306
   59  /bd/seismo/REA/BDRSN/2013/06/03-0134-54L.S201306
   60  /bd/seismo/REA/BDRSN/2013/06/04-0640-46L.S201306
   61  /bd/seismo/REA/BDRSN/2013/06/05-0338-09L.S201306
   62  /bd/seismo/REA/BDRSN/2013/06/05-0355-54L.S201306
   63  /bd/seismo/REA/BDRSN/2013/06/12-1451-24L.S201306
   64  /bd/seismo/REA/BDRSN/2013/06/12-1506-04L.S201306
   65  /bd/seismo/REA/BDRSN/2013/06/12-1742-25L.S201306
   66  /bd/seismo/REA/BDRSN/2013/06/14-0950-31L.S201306
   67  /bd/seismo/REA/BDRSN/2013/06/14-1622-52L.S201306
   68  /bd/seismo/REA/BDRSN/2013/06/14-1730-34L.S201306
   69  /bd/seismo/REA/BDRSN/2013/06/15-0240-50L.S201306
   70  /bd/seismo/REA/BDRSN/2013/06/15-0701-07L.S201306
   71  /bd/seismo/REA/BDRSN/2013/06/15-0755-46L.S201306
   72  /bd/seismo/REA/BDRSN/2013/06/17-0141-19L.S201306
   73  /bd/seismo/REA/BDRSN/2013/06/19-0257-29L.S201306
   74  /bd/seismo/REA/BDRSN/2013/06/24-0801-12L.S201306
   75  /bd/seismo/REA/BDRSN/2013/06/27-0254-46L.S201306
   76  /bd/seismo/REA/BDRSN/2013/06/28-1946-55L.S201306
   77  /bd/seismo/REA/BDRSN/2013/06/29-2035-42L.S201306
   78  /bd/seismo/REA/BDRSN/2013/06/30-0917-16L.S201306
   79  /bd/seismo/REA/BDRSN/2013/06/30-1709-27L.S201306
   80  /bd/seismo/REA/BDRSN/2013/06/30-1838-09L.S201306
   81  /bd/seismo/REA/BDRSN/2013/06/30-1856-14L.S201306
   82  /bd/seismo/REA/BDRSN/2013/06/30-1906-02L.S201306
   83  /bd/seismo/REA/BDRSN/2013/06/30-1921-09L.S201306
   84  /bd/seismo/REA/BDRSN/2013/07/07-0455-11L.S201307
   85  /bd/seismo/REA/BDRSN/2013/07/10-2239-06L.S201307
   86  /bd/seismo/REA/BDRSN/2013/07/13-1442-13L.S201307
   87  /bd/seismo/REA/BDRSN/2013/07/14-0344-43L.S201307
   88  /bd/seismo/REA/BDRSN/2013/08/07-0610-04L.S201308
   89  /bd/seismo/REA/BDRSN/2013/08/11-1110-01L.S201308
   90  /bd/seismo/REA/BDRSN/2013/08/14-0428-52L.S201308
   91  /bd/seismo/REA/BDRSN/2013/08/20-1712-03L.S201308
   92  /bd/seismo/REA/BDRSN/2013/08/20-1714-32L.S201308
   93  /bd/seismo/REA/BDRSN/2013/08/23-1057-54L.S201308
   94  /bd/seismo/REA/BDRSN/2013/08/25-1800-28L.S201308
   95  /bd/seismo/REA/BDRSN/2013/08/26-0525-24L.S201308
   96  /bd/seismo/REA/BDRSN/2013/08/30-0727-27L.S201308
   97  /bd/seismo/REA/BDRSN/2013/08/30-1735-00L.S201308
   98  /bd/seismo/REA/BDRSN/2013/09/01-2351-31L.S201309
   99  /bd/seismo/REA/BDRSN/2013/09/02-1155-25L.S201309
  100  /bd/seismo/REA/BDRSN/2013/09/02-1642-12L.S201309
  101  /bd/seismo/REA/BDRSN/2013/09/05-0401-31L.S201309
  102  /bd/seismo/REA/BDRSN/2013/09/07-1411-55L.S201309
  103  /bd/seismo/REA/BDRSN/2013/09/07-1635-08L.S201309
  104  /bd/seismo/REA/BDRSN/2013/09/08-0926-31L.S201309
  105  /bd/seismo/REA/BDRSN/2013/09/13-2035-18L.S201309
  106  /bd/seismo/REA/BDRSN/2013/09/13-2254-14L.S201309
  107  /bd/seismo/REA/BDRSN/2013/09/13-2343-33L.S201309
  108  /bd/seismo/REA/BDRSN/2013/09/13-2352-52L.S201309
  109  /bd/seismo/REA/BDRSN/2013/09/13-2356-25L.S201309
  110  /bd/seismo/REA/BDRSN/2013/09/14-0312-35L.S201309
  111  /bd/seismo/REA/BDRSN/2013/09/15-0401-58L.S201309
  112  /bd/seismo/REA/BDRSN/2013/09/25-0103-21L.S201309
  113  /bd/seismo/REA/BDRSN/2013/09/25-0515-42L.S201309
  114  /bd/seismo/REA/BDRSN/2013/09/28-0815-16L.S201309
  115  /bd/seismo/REA/BDRSN/2013/09/29-1106-59L.S201309
  116  /bd/seismo/REA/BDRSN/2013/10/11-1418-22L.S201310
  117  /bd/seismo/REA/BDRSN/2013/10/11-1652-01L.S201310
  118  /bd/seismo/REA/BDRSN/2013/10/13-1347-31L.S201310
  119  /bd/seismo/REA/BDRSN/2013/10/26-1700-54L.S201310
  120  /bd/seismo/REA/BDRSN/2013/11/04-2015-32L.S201311
  121  /bd/seismo/REA/BDRSN/2013/11/04-2022-34L.S201311
  122  /bd/seismo/REA/BDRSN/2013/11/05-0152-02L.S201311
  123  /bd/seismo/REA/BDRSN/2013/11/05-0234-07L.S201311
  124  /bd/seismo/REA/BDRSN/2013/11/05-0438-05L.S201311
  125  /bd/seismo/REA/BDRSN/2013/11/05-1041-15L.S201311
  126  /bd/seismo/REA/BDRSN/2013/11/05-1530-38L.S201311
  127  /bd/seismo/REA/BDRSN/2013/11/07-0307-07L.S201311
  128  /bd/seismo/REA/BDRSN/2013/11/12-0816-52L.S201311
  129  /bd/seismo/REA/BDRSN/2013/11/29-2201-39L.S201311
  130  /bd/seismo/REA/BDRSN/2013/12/01-1435-28L.S201312
  131  /bd/seismo/REA/BDRSN/2013/12/05-0311-45L.S201312
  132  /bd/seismo/REA/BDRSN/2013/12/05-1254-21L.S201312
  133  /bd/seismo/REA/BDRSN/2013/12/07-0136-19L.S201312
  134  /bd/seismo/REA/BDRSN/2013/12/21-0631-43L.S201312
  135  /bd/seismo/REA/BDRSN/2013/12/22-0730-52L.S201312
  136  /bd/seismo/REA/BDRSN/2013/12/22-0904-45L.S201312
  137  /bd/seismo/REA/BDRSN/2013/12/25-1140-15L.S201312
  138  /bd/seismo/REA/BDRSN/2014/01/03-1513-09L.S201401
  139  /bd/seismo/REA/BDRSN/2014/01/05-0040-06L.S201401
  140  /bd/seismo/REA/BDRSN/2014/01/07-0024-30L.S201401
  141  /bd/seismo/REA/BDRSN/2014/01/09-0655-41L.S201401
  142  /bd/seismo/REA/BDRSN/2014/01/19-0843-48L.S201401
  143  /bd/seismo/REA/BDRSN/2014/01/20-0030-00L.S201401
  144  /bd/seismo/REA/BDRSN/2014/01/20-0037-33L.S201401
  145  /bd/seismo/REA/BDRSN/2014/01/20-0542-24L.S201401
  146  /bd/seismo/REA/BDRSN/2014/01/20-2249-42L.S201401
  147  /bd/seismo/REA/BDRSN/2014/01/24-0824-03L.S201401
  148  /bd/seismo/REA/BDRSN/2014/01/26-0910-43L.S201401
  149  /bd/seismo/REA/BDRSN/2014/01/31-0128-39L.S201401
  150  /bd/seismo/REA/BDRSN/2014/01/31-0253-08L.S201401
  151  /bd/seismo/REA/BDRSN/2014/01/31-2217-10L.S201401
  152  /bd/seismo/REA/BDRSN/2014/02/01-0329-42L.S201402
  153  /bd/seismo/REA/BDRSN/2014/02/05-0033-30L.S201402
  154  /bd/seismo/REA/BDRSN/2014/02/05-0628-38L.S201402
  155  /bd/seismo/REA/BDRSN/2014/02/05-0837-10L.S201402
  156  /bd/seismo/REA/BDRSN/2014/02/07-0302-56L.S201402
  157  /bd/seismo/REA/BDRSN/2014/02/10-0608-07L.S201402
  158  /bd/seismo/REA/BDRSN/2014/02/10-1539-07L.S201402
  159  /bd/seismo/REA/BDRSN/2014/02/13-1105-57L.S201402
  160  /bd/seismo/REA/BDRSN/2014/02/13-1127-27L.S201402
  161  /bd/seismo/REA/BDRSN/2014/02/13-1244-35L.S201402
  162  /bd/seismo/REA/BDRSN/2014/02/13-2053-10L.S201402
  163  /bd/seismo/REA/BDRSN/2014/02/15-0950-04L.S201402
  164  /bd/seismo/REA/BDRSN/2014/02/15-1241-54L.S201402
  165  /bd/seismo/REA/BDRSN/2014/02/15-2218-53L.S201402
  166  /bd/seismo/REA/BDRSN/2014/02/16-2114-41L.S201402
  167  /bd/seismo/REA/BDRSN/2014/02/16-2253-12L.S201402
  168  /bd/seismo/REA/BDRSN/2014/02/17-0351-29L.S201402
  169  /bd/seismo/REA/BDRSN/2014/02/18-0111-48L.S201402
  170  /bd/seismo/REA/BDRSN/2014/02/18-1231-26L.S201402
  171  /bd/seismo/REA/BDRSN/2014/02/19-0542-10L.S201402
  172  /bd/seismo/REA/BDRSN/2014/02/19-1441-37L.S201402
  173  /bd/seismo/REA/BDRSN/2014/02/20-0414-49L.S201402
  174  /bd/seismo/REA/BDRSN/2014/02/20-0540-07L.S201402
  175  /bd/seismo/REA/BDRSN/2014/02/20-0900-10L.S201402
  176  /bd/seismo/REA/BDRSN/2014/02/20-1002-36L.S201402
  177  /bd/seismo/REA/BDRSN/2014/02/20-1947-48L.S201402
  178  /bd/seismo/REA/BDRSN/2014/02/20-2022-54L.S201402
  179  /bd/seismo/REA/BDRSN/2014/02/21-0621-11L.S201402
  180  /bd/seismo/REA/BDRSN/2014/02/21-0915-05L.S201402
  181  /bd/seismo/REA/BDRSN/2014/02/22-0312-34L.S201402
  182  /bd/seismo/REA/BDRSN/2014/02/22-0406-55L.S201402
  183  /bd/seismo/REA/BDRSN/2014/02/22-0650-47L.S201402
  184  /bd/seismo/REA/BDRSN/2014/02/22-0718-58L.S201402
  185  /bd/seismo/REA/BDRSN/2014/02/22-0741-04L.S201402
  186  /bd/seismo/REA/BDRSN/2014/02/22-0812-04L.S201402
  187  /bd/seismo/REA/BDRSN/2014/02/22-0916-07L.S201402
  188  /bd/seismo/REA/BDRSN/2014/02/22-0937-15L.S201402
  189  /bd/seismo/REA/BDRSN/2014/02/22-1133-12L.S201402
  190  /bd/seismo/REA/BDRSN/2014/02/22-1515-39L.S201402
  191  /bd/seismo/REA/BDRSN/2014/02/22-2109-25L.S201402
  192  /bd/seismo/REA/BDRSN/2014/02/22-2249-04L.S201402
  193  /bd/seismo/REA/BDRSN/2014/02/22-2330-09L.S201402
  194  /bd/seismo/REA/BDRSN/2014/02/23-0359-19L.S201402
  195  /bd/seismo/REA/BDRSN/2014/02/23-0427-59L.S201402
  196  /bd/seismo/REA/BDRSN/2014/02/23-0535-43L.S201402
  197  /bd/seismo/REA/BDRSN/2014/02/23-0602-38L.S201402
  198  /bd/seismo/REA/BDRSN/2014/02/23-0814-13L.S201402
  199  /bd/seismo/REA/BDRSN/2014/02/23-0930-28L.S201402
  200  /bd/seismo/REA/BDRSN/2014/02/23-0942-11L.S201402
  201  /bd/seismo/REA/BDRSN/2014/02/23-1041-32L.S201402
  202  /bd/seismo/REA/BDRSN/2014/02/23-1242-32L.S201402
  203  /bd/seismo/REA/BDRSN/2014/02/23-1336-57L.S201402
  204  /bd/seismo/REA/BDRSN/2014/02/24-0136-20L.S201402
  205  /bd/seismo/REA/BDRSN/2014/02/24-0632-21L.S201402
  206  /bd/seismo/REA/BDRSN/2014/02/24-0650-31L.S201402
  207  /bd/seismo/REA/BDRSN/2014/02/24-2003-49L.S201402
  208  /bd/seismo/REA/BDRSN/2014/02/24-2012-43L.S201402
  209  /bd/seismo/REA/BDRSN/2014/02/24-2018-58L.S201402
  210  /bd/seismo/REA/BDRSN/2014/02/25-0636-14L.S201402
  211  /bd/seismo/REA/BDRSN/2014/02/25-1318-10L.S201402
  212  /bd/seismo/REA/BDRSN/2014/02/25-1530-24L.S201402
  213  /bd/seismo/REA/BDRSN/2014/02/25-1716-48L.S201402
  214  /bd/seismo/REA/BDRSN/2014/02/25-1741-00L.S201402
  215  /bd/seismo/REA/BDRSN/2014/02/26-0227-58L.S201402
  216  /bd/seismo/REA/BDRSN/2014/02/26-0335-42L.S201402
  217  /bd/seismo/REA/BDRSN/2014/02/26-0337-39L.S201402
  218  /bd/seismo/REA/BDRSN/2014/02/26-0415-03L.S201402
  219  /bd/seismo/REA/BDRSN/2014/02/26-0832-34L.S201402
  220  /bd/seismo/REA/BDRSN/2014/02/26-0835-14L.S201402
  221  /bd/seismo/REA/BDRSN/2014/02/27-0514-23L.S201402
  222  /bd/seismo/REA/BDRSN/2014/02/27-0519-10L.S201402
  223  /bd/seismo/REA/BDRSN/2014/02/28-0010-33L.S201402
  224  /bd/seismo/REA/BDRSN/2014/02/28-0309-03L.S201402
  225  /bd/seismo/REA/BDRSN/2014/02/28-0328-23L.S201402
  226  /bd/seismo/REA/BDRSN/2014/02/28-0329-47L.S201402
  227  /bd/seismo/REA/BDRSN/2014/02/28-0710-37L.S201402
  228  /bd/seismo/REA/BDRSN/2014/02/28-0735-00L.S201402
  229  /bd/seismo/REA/BDRSN/2014/02/28-0806-51L.S201402
  230  /bd/seismo/REA/BDRSN/2014/02/28-1214-04L.S201402
  231  /bd/seismo/REA/BDRSN/2014/03/01-0746-28L.S201403
  232  /bd/seismo/REA/BDRSN/2014/03/01-0920-54L.S201403
  233  /bd/seismo/REA/BDRSN/2014/03/01-2250-03L.S201403
  234  /bd/seismo/REA/BDRSN/2014/03/02-0130-39L.S201403
  235  /bd/seismo/REA/BDRSN/2014/03/02-1056-27L.S201403
  236  /bd/seismo/REA/BDRSN/2014/03/02-2309-59L.S201403
  237  /bd/seismo/REA/BDRSN/2014/03/03-0311-00L.S201403
  238  /bd/seismo/REA/BDRSN/2014/03/03-0331-51L.S201403
  239  /bd/seismo/REA/BDRSN/2014/03/03-0740-50L.S201403
  240  /bd/seismo/REA/BDRSN/2014/03/03-0849-23L.S201403
  241  /bd/seismo/REA/BDRSN/2014/03/03-1354-35L.S201403
  242  /bd/seismo/REA/BDRSN/2014/03/05-1628-26L.S201403
  243  /bd/seismo/REA/BDRSN/2014/03/09-1822-33L.S201403
  244  /bd/seismo/REA/BDRSN/2014/03/10-0136-53L.S201403
  245  /bd/seismo/REA/BDRSN/2014/03/12-1134-11L.S201403
  246  /bd/seismo/REA/BDRSN/2014/03/12-2114-24L.S201403
  247  /bd/seismo/REA/BDRSN/2014/03/13-0220-21L.S201403
  248  /bd/seismo/REA/BDRSN/2014/03/13-1420-55L.S201403
  249  /bd/seismo/REA/BDRSN/2014/03/14-1043-04L.S201403
  250  /bd/seismo/REA/BDRSN/2014/03/15-0421-31L.S201403
  251  /bd/seismo/REA/BDRSN/2014/03/15-0655-42L.S201403
  252  /bd/seismo/REA/BDRSN/2014/03/15-0747-35L.S201403
  253  /bd/seismo/REA/BDRSN/2014/03/15-0911-37L.S201403
  254  /bd/seismo/REA/BDRSN/2014/03/15-1002-31L.S201403
  255  /bd/seismo/REA/BDRSN/2014/03/16-0902-19L.S201403
  256  /bd/seismo/REA/BDRSN/2014/03/16-2311-36L.S201403
  257  /bd/seismo/REA/BDRSN/2014/03/17-0430-31L.S201403
  258  /bd/seismo/REA/BDRSN/2014/03/17-1026-05L.S201403
  259  /bd/seismo/REA/BDRSN/2014/03/17-1050-17L.S201403
  260  /bd/seismo/REA/BDRSN/2014/03/17-1627-19L.S201403
  261  /bd/seismo/REA/BDRSN/2014/03/17-1758-01L.S201403
  262  /bd/seismo/REA/BDRSN/2014/03/18-0023-10L.S201403
  263  /bd/seismo/REA/BDRSN/2014/03/18-0025-42L.S201403
  264  /bd/seismo/REA/BDRSN/2014/03/18-0239-26L.S201403
  265  /bd/seismo/REA/BDRSN/2014/03/19-1113-27L.S201403
  266  /bd/seismo/REA/BDRSN/2014/03/19-1534-52L.S201403
  267  /bd/seismo/REA/BDRSN/2014/03/20-1018-19L.S201403
  268  /bd/seismo/REA/BDRSN/2014/03/22-2240-13L.S201403
  269  /bd/seismo/REA/BDRSN/2014/03/24-0013-18L.S201403
  270  /bd/seismo/REA/BDRSN/2014/03/24-2319-31L.S201403
  271  /bd/seismo/REA/BDRSN/2014/03/25-0228-46L.S201403
  272  /bd/seismo/REA/BDRSN/2014/03/26-0230-48L.S201403
  273  /bd/seismo/REA/BDRSN/2014/03/26-0347-57L.S201403
  274  /bd/seismo/REA/BDRSN/2014/03/26-0920-08L.S201403
  275  /bd/seismo/REA/BDRSN/2014/03/26-1535-30L.S201403
  276  /bd/seismo/REA/BDRSN/2014/03/27-1021-16L.S201403
  277  /bd/seismo/REA/BDRSN/2014/03/27-1258-51L.S201403
  278  /bd/seismo/REA/BDRSN/2014/03/27-2036-47L.S201403
  279  /bd/seismo/REA/BDRSN/2014/03/28-0058-07L.S201403
  280  /bd/seismo/REA/BDRSN/2014/03/28-0231-29L.S201403
  281  /bd/seismo/REA/BDRSN/2014/03/28-0357-38L.S201403
  282  /bd/seismo/REA/BDRSN/2014/03/29-1948-22L.S201403
  283  /bd/seismo/REA/BDRSN/2014/03/30-0111-12L.S201403
  284  /bd/seismo/REA/BDRSN/2014/03/30-0310-20L.S201403
  285  /bd/seismo/REA/BDRSN/2014/03/31-1139-28L.S201403
  286  /bd/seismo/REA/BDRSN/2014/03/31-1434-33L.S201403
  287  /bd/seismo/REA/BDRSN/2014/03/31-1443-19L.S201403
  288  /bd/seismo/REA/BDRSN/2014/04/01-0254-53L.S201404
  289  /bd/seismo/REA/BDRSN/2014/04/01-0431-38L.S201404
  290  /bd/seismo/REA/BDRSN/2014/04/01-0958-41L.S201404
  291  /bd/seismo/REA/BDRSN/2014/04/01-1149-29L.S201404
  292  /bd/seismo/REA/BDRSN/2014/04/03-1431-03L.S201404
  293  /bd/seismo/REA/BDRSN/2014/04/04-0425-57L.S201404
  294  /bd/seismo/REA/BDRSN/2014/04/04-0729-46L.S201404
  295  /bd/seismo/REA/BDRSN/2014/04/05-1153-07L.S201404
  296  /bd/seismo/REA/BDRSN/2014/04/06-0742-58L.S201404
  297  /bd/seismo/REA/BDRSN/2014/04/07-0449-29L.S201404
  298  /bd/seismo/REA/BDRSN/2014/04/07-0543-21L.S201404
  299  /bd/seismo/REA/BDRSN/2014/04/08-0559-52L.S201404
  300  /bd/seismo/REA/BDRSN/2014/04/10-1013-22L.S201404
  301  /bd/seismo/REA/BDRSN/2014/04/10-1253-18L.S201404
  302  /bd/seismo/REA/BDRSN/2014/04/15-2127-31L.S201404
  303  /bd/seismo/REA/BDRSN/2014/04/15-2128-31L.S201404
  304  /bd/seismo/REA/BDRSN/2014/04/18-1301-20L.S201404
  305  /bd/seismo/REA/BDRSN/2014/04/19-0626-30L.S201404
  306  /bd/seismo/REA/BDRSN/2014/04/19-1756-05L.S201404
  307  /bd/seismo/REA/BDRSN/2014/04/20-1910-51L.S201404
  308  /bd/seismo/REA/BDRSN/2014/04/21-0814-12L.S201404
  309  /bd/seismo/REA/BDRSN/2014/04/22-2215-38L.S201404
  310  /bd/seismo/REA/BDRSN/2014/04/23-0500-24L.S201404
  311  /bd/seismo/REA/BDRSN/2014/04/23-0616-24L.S201404
  312  /bd/seismo/REA/BDRSN/2014/04/23-0935-25L.S201404
  313  /bd/seismo/REA/BDRSN/2014/04/23-1519-28L.S201404
  314  /bd/seismo/REA/BDRSN/2014/04/23-1618-51L.S201404
  315  /bd/seismo/REA/BDRSN/2014/04/23-1633-47L.S201404
  316  /bd/seismo/REA/BDRSN/2014/04/23-1718-43L.S201404
  317  /bd/seismo/REA/BDRSN/2014/04/23-1838-15L.S201404
  318  /bd/seismo/REA/BDRSN/2014/04/23-2125-28L.S201404
  319  /bd/seismo/REA/BDRSN/2014/04/23-2127-44L.S201404
  320  /bd/seismo/REA/BDRSN/2014/04/25-0123-49L.S201404
  321  /bd/seismo/REA/BDRSN/2014/04/25-0156-00L.S201404
  322  /bd/seismo/REA/BDRSN/2014/04/25-0229-11L.S201404
  323  /bd/seismo/REA/BDRSN/2014/04/26-1429-02L.S201404
  324  /bd/seismo/REA/BDRSN/2014/04/27-0400-26L.S201404
  325  /bd/seismo/REA/BDRSN/2014/04/28-1114-34L.S201404
  326  /bd/seismo/REA/BDRSN/2014/04/28-1135-00L.S201404
  327  /bd/seismo/REA/BDRSN/2014/05/02-0006-39L.S201405
  328  /bd/seismo/REA/BDRSN/2014/05/02-0145-14L.S201405
  329  /bd/seismo/REA/BDRSN/2014/05/03-0118-45L.S201405
  330  /bd/seismo/REA/BDRSN/2014/05/03-0625-48L.S201405
  331  /bd/seismo/REA/BDRSN/2014/05/03-0649-09L.S201405
  332  /bd/seismo/REA/BDRSN/2014/05/06-0618-56L.S201405
  333  /bd/seismo/REA/BDRSN/2014/05/07-0448-36L.S201405
  334  /bd/seismo/REA/BDRSN/2014/05/08-0208-42L.S201405
  335  /bd/seismo/REA/BDRSN/2014/05/08-2037-19L.S201405
  336  /bd/seismo/REA/BDRSN/2014/05/09-0940-22L.S201405
  337  /bd/seismo/REA/BDRSN/2014/05/10-0223-01L.S201405
  338  /bd/seismo/REA/BDRSN/2014/05/11-0136-51L.S201405
  339  /bd/seismo/REA/BDRSN/2014/05/11-1143-48L.S201405
  340  /bd/seismo/REA/BDRSN/2014/05/11-1505-21L.S201405
  341  /bd/seismo/REA/BDRSN/2014/05/11-1904-55L.S201405
  342  /bd/seismo/REA/BDRSN/2014/05/11-2312-55L.S201405
  343  /bd/seismo/REA/BDRSN/2014/05/13-0510-36L.S201405
  344  /bd/seismo/REA/BDRSN/2014/05/13-1425-12L.S201405
  345  /bd/seismo/REA/BDRSN/2014/05/13-1602-13L.S201405
  346  /bd/seismo/REA/BDRSN/2014/05/13-1807-32L.S201405
  347  /bd/seismo/REA/BDRSN/2014/05/13-1812-07L.S201405
  348  /bd/seismo/REA/BDRSN/2014/05/13-1830-34L.S201405
  349  /bd/seismo/REA/BDRSN/2014/05/13-1833-42L.S201405
  350  /bd/seismo/REA/BDRSN/2014/05/13-1956-06L.S201405
  351  /bd/seismo/REA/BDRSN/2014/05/13-2150-06L.S201405
  352  /bd/seismo/REA/BDRSN/2014/05/14-0116-41L.S201405
  353  /bd/seismo/REA/BDRSN/2014/05/14-0243-42L.S201405
  354  /bd/seismo/REA/BDRSN/2014/05/14-0325-56L.S201405
  355  /bd/seismo/REA/BDRSN/2014/05/14-0432-54L.S201405
  356  /bd/seismo/REA/BDRSN/2014/05/14-0435-16L.S201405
  357  /bd/seismo/REA/BDRSN/2014/05/14-0559-51L.S201405
  358  /bd/seismo/REA/BDRSN/2014/05/14-1008-57L.S201405
  359  /bd/seismo/REA/BDRSN/2014/05/14-1150-32L.S201405
  360  /bd/seismo/REA/BDRSN/2014/05/14-1259-41L.S201405
  361  /bd/seismo/REA/BDRSN/2014/05/14-2327-33L.S201405
  362  /bd/seismo/REA/BDRSN/2014/05/15-0204-43L.S201405
  363  /bd/seismo/REA/BDRSN/2014/05/15-0238-34L.S201405
  364  /bd/seismo/REA/BDRSN/2014/05/15-0350-21L.S201405
  365  /bd/seismo/REA/BDRSN/2014/05/15-0407-53L.S201405
  366  /bd/seismo/REA/BDRSN/2014/05/15-0416-03L.S201405
  367  /bd/seismo/REA/BDRSN/2014/05/15-0512-11L.S201405
  368  /bd/seismo/REA/BDRSN/2014/05/15-0631-54L.S201405
  369  /bd/seismo/REA/BDRSN/2014/05/16-0213-54L.S201405
  370  /bd/seismo/REA/BDRSN/2014/05/16-0431-06L.S201405
  371  /bd/seismo/REA/BDRSN/2014/05/16-0446-30L.S201405
  372  /bd/seismo/REA/BDRSN/2014/05/16-0508-13L.S201405
  373  /bd/seismo/REA/BDRSN/2014/05/16-0852-45L.S201405
  374  /bd/seismo/REA/BDRSN/2014/05/16-0900-43L.S201405
  375  /bd/seismo/REA/BDRSN/2014/05/17-0205-20L.S201405
  376  /bd/seismo/REA/BDRSN/2014/05/17-0456-54L.S201405
  377  /bd/seismo/REA/BDRSN/2014/05/17-0728-04L.S201405
  378  /bd/seismo/REA/BDRSN/2014/05/17-0756-44L.S201405
  379  /bd/seismo/REA/BDRSN/2014/05/17-1655-18L.S201405
  380  /bd/seismo/REA/BDRSN/2014/05/17-1720-56L.S201405
  381  /bd/seismo/REA/BDRSN/2014/05/17-1848-35L.S201405
  382  /bd/seismo/REA/BDRSN/2014/05/17-1901-19L.S201405
  383  /bd/seismo/REA/BDRSN/2014/05/18-0004-20L.S201405
  384  /bd/seismo/REA/BDRSN/2014/05/18-0207-37L.S201405
  385  /bd/seismo/REA/BDRSN/2014/05/18-0341-32L.S201405
  386  /bd/seismo/REA/BDRSN/2014/05/18-0356-14L.S201405
  387  /bd/seismo/REA/BDRSN/2014/05/19-2102-36L.S201405
  388  /bd/seismo/REA/BDRSN/2014/05/20-0549-47L.S201405
  389  /bd/seismo/REA/BDRSN/2014/05/20-0737-10L.S201405
  390  /bd/seismo/REA/BDRSN/2014/05/20-2155-51L.S201405
  391  /bd/seismo/REA/BDRSN/2014/05/21-0848-33L.S201405
  392  /bd/seismo/REA/BDRSN/2014/05/22-0056-32L.S201405
  393  /bd/seismo/REA/BDRSN/2014/05/22-0449-03L.S201405
  394  /bd/seismo/REA/BDRSN/2014/05/22-0938-57L.S201405
  395  /bd/seismo/REA/BDRSN/2014/05/22-1253-45L.S201405
  396  /bd/seismo/REA/BDRSN/2014/05/23-0404-22L.S201405
  397  /bd/seismo/REA/BDRSN/2014/05/23-0437-01L.S201405
  398  /bd/seismo/REA/BDRSN/2014/05/23-0514-27L.S201405
  399  /bd/seismo/REA/BDRSN/2014/05/23-0530-08L.S201405
  400  /bd/seismo/REA/BDRSN/2014/05/23-0827-07L.S201405
  401  /bd/seismo/REA/BDRSN/2014/05/23-0922-00L.S201405
  402  /bd/seismo/REA/BDRSN/2014/05/23-1646-22L.S201405
  403  /bd/seismo/REA/BDRSN/2014/05/24-0011-21L.S201405
  404  /bd/seismo/REA/BDRSN/2014/05/24-0601-14L.S201405
  405  /bd/seismo/REA/BDRSN/2014/05/25-0447-34L.S201405
  406  /bd/seismo/REA/BDRSN/2014/05/25-0646-54L.S201405
  407  /bd/seismo/REA/BDRSN/2014/05/25-0902-57L.S201405
  408  /bd/seismo/REA/BDRSN/2014/05/25-1115-03L.S201405
  409  /bd/seismo/REA/BDRSN/2014/05/25-1525-03L.S201405
  410  /bd/seismo/REA/BDRSN/2014/05/25-1638-27L.S201405
  411  /bd/seismo/REA/BDRSN/2014/05/25-1926-03L.S201405
  412  /bd/seismo/REA/BDRSN/2014/05/25-1940-44L.S201405
  413  /bd/seismo/REA/BDRSN/2014/05/25-2019-26L.S201405
  414  /bd/seismo/REA/BDRSN/2014/05/25-2104-38L.S201405
  415  /bd/seismo/REA/BDRSN/2014/05/25-2212-34L.S201405
  416  /bd/seismo/REA/BDRSN/2014/05/26-0014-02L.S201405
  417  /bd/seismo/REA/BDRSN/2014/05/26-0030-53L.S201405
  418  /bd/seismo/REA/BDRSN/2014/05/26-0104-20L.S201405
  419  /bd/seismo/REA/BDRSN/2014/05/26-0134-41L.S201405
  420  /bd/seismo/REA/BDRSN/2014/05/26-0348-15L.S201405
  421  /bd/seismo/REA/BDRSN/2014/05/26-0613-56L.S201405
  422  /bd/seismo/REA/BDRSN/2014/05/26-0942-22L.S201405
  423  /bd/seismo/REA/BDRSN/2014/05/26-1314-10L.S201405
  424  /bd/seismo/REA/BDRSN/2014/05/26-1503-03L.S201405
  425  /bd/seismo/REA/BDRSN/2014/05/26-1603-08L.S201405
  426  /bd/seismo/REA/BDRSN/2014/05/26-2157-02L.S201405
  427  /bd/seismo/REA/BDRSN/2014/05/26-2202-54L.S201405
  428  /bd/seismo/REA/BDRSN/2014/05/26-2351-24L.S201405
  429  /bd/seismo/REA/BDRSN/2014/05/26-2357-26L.S201405
  430  /bd/seismo/REA/BDRSN/2014/05/27-0002-54L.S201405
  431  /bd/seismo/REA/BDRSN/2014/05/27-0027-38L.S201405
  432  /bd/seismo/REA/BDRSN/2014/05/27-0050-46L.S201405
  433  /bd/seismo/REA/BDRSN/2014/05/27-0205-00L.S201405
  434  /bd/seismo/REA/BDRSN/2014/05/27-0356-46L.S201405
  435  /bd/seismo/REA/BDRSN/2014/05/27-0419-28L.S201405
  436  /bd/seismo/REA/BDRSN/2014/05/27-0425-28L.S201405
  437  /bd/seismo/REA/BDRSN/2014/05/27-0548-26L.S201405
  438  /bd/seismo/REA/BDRSN/2014/05/27-0558-57L.S201405
  439  /bd/seismo/REA/BDRSN/2014/05/27-0929-17L.S201405
  440  /bd/seismo/REA/BDRSN/2014/05/27-1208-37L.S201405
  441  /bd/seismo/REA/BDRSN/2014/05/27-1707-37L.S201405
  442  /bd/seismo/REA/BDRSN/2014/05/27-1736-28L.S201405
  443  /bd/seismo/REA/BDRSN/2014/05/27-1837-52L.S201405
  444  /bd/seismo/REA/BDRSN/2014/05/27-2059-33L.S201405
  445  /bd/seismo/REA/BDRSN/2014/05/27-2314-25L.S201405
  446  /bd/seismo/REA/BDRSN/2014/05/28-1234-02L.S201405
  447  /bd/seismo/REA/BDRSN/2014/05/28-2014-43L.S201405
  448  /bd/seismo/REA/BDRSN/2014/05/28-2017-49L.S201405
  449  /bd/seismo/REA/BDRSN/2014/05/28-2102-45L.S201405
  450  /bd/seismo/REA/BDRSN/2014/05/29-0540-39L.S201405
  451  /bd/seismo/REA/BDRSN/2014/05/29-0542-46L.S201405
  452  /bd/seismo/REA/BDRSN/2014/05/29-0550-24L.S201405
  453  /bd/seismo/REA/BDRSN/2014/05/29-1541-33L.S201405
  454  /bd/seismo/REA/BDRSN/2014/05/30-1037-16L.S201405
  455  /bd/seismo/REA/BDRSN/2014/05/30-1415-39L.S201405
  456  /bd/seismo/REA/BDRSN/2014/05/30-1630-46L.S201405
  457  /bd/seismo/REA/BDRSN/2014/05/30-1825-25L.S201405
  458  /bd/seismo/REA/BDRSN/2014/05/30-1826-28L.S201405
  459  /bd/seismo/REA/BDRSN/2014/05/30-1827-47L.S201405
  460  /bd/seismo/REA/BDRSN/2014/05/30-1828-50L.S201405
  461  /bd/seismo/REA/BDRSN/2014/05/30-1838-22L.S201405
  462  /bd/seismo/REA/BDRSN/2014/05/30-1853-52L.S201405
  463  /bd/seismo/REA/BDRSN/2014/05/30-1859-55L.S201405
  464  /bd/seismo/REA/BDRSN/2014/05/30-1905-12L.S201405
  465  /bd/seismo/REA/BDRSN/2014/05/30-1914-50L.S201405
  466  /bd/seismo/REA/BDRSN/2014/05/31-0003-19L.S201405
  467  /bd/seismo/REA/BDRSN/2014/05/31-0828-02L.S201405
  468  /bd/seismo/REA/BDRSN/2014/06/02-0144-29L.S201406
  469  /bd/seismo/REA/BDRSN/2014/06/02-0251-16L.S201406
  470  /bd/seismo/REA/BDRSN/2014/06/02-0746-42L.S201406
  471  /bd/seismo/REA/BDRSN/2014/06/02-1447-09L.S201406
  472  /bd/seismo/REA/BDRSN/2014/06/03-1059-55L.S201406
  473  /bd/seismo/REA/BDRSN/2014/06/04-0317-23L.S201406
  474  /bd/seismo/REA/BDRSN/2014/06/04-0334-34L.S201406
  475  /bd/seismo/REA/BDRSN/2014/06/04-0823-13L.S201406
  476  /bd/seismo/REA/BDRSN/2014/06/04-1226-18L.S201406
  477  /bd/seismo/REA/BDRSN/2014/06/04-1900-10L.S201406
  478  /bd/seismo/REA/BDRSN/2014/06/04-1926-52L.S201406
  479  /bd/seismo/REA/BDRSN/2014/06/04-1951-25L.S201406
  480  /bd/seismo/REA/BDRSN/2014/06/04-2017-40L.S201406
  481  /bd/seismo/REA/BDRSN/2014/06/04-2039-37L.S201406
  482  /bd/seismo/REA/BDRSN/2014/06/04-2306-20L.S201406
  483  /bd/seismo/REA/BDRSN/2014/06/05-0104-43L.S201406
  484  /bd/seismo/REA/BDRSN/2014/06/05-0111-44L.S201406
  485  /bd/seismo/REA/BDRSN/2014/06/05-0157-39L.S201406
  486  /bd/seismo/REA/BDRSN/2014/06/05-0225-30L.S201406
  487  /bd/seismo/REA/BDRSN/2014/06/05-0245-17L.S201406
  488  /bd/seismo/REA/BDRSN/2014/06/05-0505-26L.S201406
  489  /bd/seismo/REA/BDRSN/2014/06/05-0509-20L.S201406
  490  /bd/seismo/REA/BDRSN/2014/06/05-0651-45L.S201406
  491  /bd/seismo/REA/BDRSN/2014/06/05-1149-55L.S201406
  492  /bd/seismo/REA/BDRSN/2014/06/05-1554-44L.S201406
  493  /bd/seismo/REA/BDRSN/2014/06/05-1556-49L.S201406
  494  /bd/seismo/REA/BDRSN/2014/06/05-2357-57L.S201406
  495  /bd/seismo/REA/BDRSN/2014/06/06-0003-51L.S201406
  496  /bd/seismo/REA/BDRSN/2014/06/06-0442-16L.S201406
  497  /bd/seismo/REA/BDRSN/2014/06/06-1611-38L.S201406
  498  /bd/seismo/REA/BDRSN/2014/06/06-1612-07L.S201406
  499  /bd/seismo/REA/BDRSN/2014/06/06-1716-23L.S201406
  500  /bd/seismo/REA/BDRSN/2014/06/06-2128-42L.S201406
  501  /bd/seismo/REA/BDRSN/2014/06/06-2345-57L.S201406
  502  /bd/seismo/REA/BDRSN/2014/06/08-0525-16L.S201406
  503  /bd/seismo/REA/BDRSN/2014/06/08-0733-58L.S201406
  504  /bd/seismo/REA/BDRSN/2014/06/08-1034-43L.S201406
  505  /bd/seismo/REA/BDRSN/2014/06/08-1614-51L.S201406
  506  /bd/seismo/REA/BDRSN/2014/06/08-1927-28L.S201406
  507  /bd/seismo/REA/BDRSN/2014/06/08-1931-04L.S201406
  508  /bd/seismo/REA/BDRSN/2014/06/08-2330-39L.S201406
  509  /bd/seismo/REA/BDRSN/2014/06/09-1824-09L.S201406
  510  /bd/seismo/REA/BDRSN/2014/06/09-1940-50L.S201406
  511  /bd/seismo/REA/BDRSN/2014/06/09-2206-52L.S201406
  512  /bd/seismo/REA/BDRSN/2014/06/10-1308-34L.S201406
  513  /bd/seismo/REA/BDRSN/2014/06/11-0136-18L.S201406
  514  /bd/seismo/REA/BDRSN/2014/06/11-1901-20L.S201406
  515  /bd/seismo/REA/BDRSN/2014/06/13-0800-45L.S201406
  516  /bd/seismo/REA/BDRSN/2014/06/13-0920-37L.S201406
  517  /bd/seismo/REA/BDRSN/2014/06/14-1136-32L.S201406
  518  /bd/seismo/REA/BDRSN/2014/06/14-1938-27L.S201406
  519  /bd/seismo/REA/BDRSN/2014/06/14-1959-48L.S201406
  520  /bd/seismo/REA/BDRSN/2014/06/15-1733-12L.S201406
  521  /bd/seismo/REA/BDRSN/2014/06/15-2310-27L.S201406
  522  /bd/seismo/REA/BDRSN/2014/06/16-0125-35L.S201406
  523  /bd/seismo/REA/BDRSN/2014/06/16-0217-06L.S201406
  524  /bd/seismo/REA/BDRSN/2014/06/16-1018-21L.S201406
  525  /bd/seismo/REA/BDRSN/2014/06/18-0811-40L.S201406
  526  /bd/seismo/REA/BDRSN/2014/06/19-0255-36L.S201406
  527  /bd/seismo/REA/BDRSN/2014/06/19-0445-38L.S201406
  528  /bd/seismo/REA/BDRSN/2014/06/19-1802-10L.S201406
  529  /bd/seismo/REA/BDRSN/2014/06/19-1853-02L.S201406
  530  /bd/seismo/REA/BDRSN/2014/06/19-1859-22L.S201406
  531  /bd/seismo/REA/BDRSN/2014/06/19-1954-11L.S201406
  532  /bd/seismo/REA/BDRSN/2014/06/19-2023-26L.S201406
  533  /bd/seismo/REA/BDRSN/2014/06/19-2328-09L.S201406
  534  /bd/seismo/REA/BDRSN/2014/06/20-0050-25L.S201406
  535  /bd/seismo/REA/BDRSN/2014/06/20-2331-58L.S201406
  536  /bd/seismo/REA/BDRSN/2014/06/21-0013-09L.S201406
  537  /bd/seismo/REA/BDRSN/2014/06/21-0222-42L.S201406
  538  /bd/seismo/REA/BDRSN/2014/06/21-0244-31L.S201406
  539  /bd/seismo/REA/BDRSN/2014/06/21-0331-00L.S201406
  540  /bd/seismo/REA/BDRSN/2014/06/21-0333-42L.S201406
  541  /bd/seismo/REA/BDRSN/2014/06/21-0338-22L.S201406
  542  /bd/seismo/REA/BDRSN/2014/06/21-0426-51L.S201406
  543  /bd/seismo/REA/BDRSN/2014/06/21-0923-17L.S201406
  544  /bd/seismo/REA/BDRSN/2014/06/21-2357-28L.S201406
  545  /bd/seismo/REA/BDRSN/2014/06/22-0106-55L.S201406
  546  /bd/seismo/REA/BDRSN/2014/06/22-0234-53L.S201406
  547  /bd/seismo/REA/BDRSN/2014/06/25-0727-39L.S201406
  548  /bd/seismo/REA/BDRSN/2014/06/25-0744-24L.S201406
  549  /bd/seismo/REA/BDRSN/2014/06/25-0842-06L.S201406
  550  /bd/seismo/REA/BDRSN/2014/06/25-0850-43L.S201406
  551  /bd/seismo/REA/BDRSN/2014/06/25-1210-24L.S201406
  552  /bd/seismo/REA/BDRSN/2014/06/25-1328-22L.S201406
  553  /bd/seismo/REA/BDRSN/2014/06/26-0546-59L.S201406
  554  /bd/seismo/REA/BDRSN/2014/06/26-0618-39L.S201406
  555  /bd/seismo/REA/BDRSN/2014/06/26-0620-05L.S201406
  556  /bd/seismo/REA/BDRSN/2014/06/26-0624-17L.S201406
  557  /bd/seismo/REA/BDRSN/2014/06/26-0658-09L.S201406
  558  /bd/seismo/REA/BDRSN/2014/06/26-0658-18L.S201406
  559  /bd/seismo/REA/BDRSN/2014/06/26-0712-25L.S201406
  560  /bd/seismo/REA/BDRSN/2014/06/26-0823-04L.S201406
  561  /bd/seismo/REA/BDRSN/2014/06/26-0850-13L.S201406
  562  /bd/seismo/REA/BDRSN/2014/06/26-1719-52L.S201406
  563  /bd/seismo/REA/BDRSN/2014/06/26-1935-28L.S201406
  564  /bd/seismo/REA/BDRSN/2014/06/27-1513-49L.S201406
  565  /bd/seismo/REA/BDRSN/2014/06/28-0052-29L.S201406
  566  /bd/seismo/REA/BDRSN/2014/06/28-0330-08L.S201406
  567  /bd/seismo/REA/BDRSN/2014/06/28-0537-55L.S201406
  568  /bd/seismo/REA/BDRSN/2014/06/29-2026-22L.S201406
  569  /bd/seismo/REA/BDRSN/2014/06/29-2201-50L.S201406
  570  /bd/seismo/REA/BDRSN/2014/06/30-1000-46L.S201406
  571  /bd/seismo/REA/BDRSN/2014/07/01-0413-38L.S201407
  572  /bd/seismo/REA/BDRSN/2014/07/03-0104-25L.S201407
  573  /bd/seismo/REA/BDRSN/2014/07/03-0425-52L.S201407
  574  /bd/seismo/REA/BDRSN/2014/07/04-0622-58L.S201407
  575  /bd/seismo/REA/BDRSN/2014/07/04-0831-26L.S201407
  576  /bd/seismo/REA/BDRSN/2014/07/04-1003-27L.S201407
  577  /bd/seismo/REA/BDRSN/2014/07/04-1127-26L.S201407
  578  /bd/seismo/REA/BDRSN/2014/07/04-1838-16L.S201407
  579  /bd/seismo/REA/BDRSN/2014/07/04-2039-10L.S201407
  580  /bd/seismo/REA/BDRSN/2014/07/05-1600-42L.S201407
  581  /bd/seismo/REA/BDRSN/2014/07/05-1840-06L.S201407
  582  /bd/seismo/REA/BDRSN/2014/07/06-1122-28L.S201407
  583  /bd/seismo/REA/BDRSN/2014/07/06-1642-27L.S201407
  584  /bd/seismo/REA/BDRSN/2014/07/07-1906-38L.S201407
  585  /bd/seismo/REA/BDRSN/2014/07/08-1617-30L.S201407
  586  /bd/seismo/REA/BDRSN/2014/07/09-0210-09L.S201407
  587  /bd/seismo/REA/BDRSN/2014/07/09-0508-08L.S201407
  588  /bd/seismo/REA/BDRSN/2014/07/10-0823-13L.S201407
  589  /bd/seismo/REA/BDRSN/2014/07/15-0110-01L.S201407
  590  /bd/seismo/REA/BDRSN/2014/07/15-1237-06L.S201407
  591  /bd/seismo/REA/BDRSN/2014/07/15-1744-33L.S201407
  592  /bd/seismo/REA/BDRSN/2014/07/15-1822-08L.S201407
  593  /bd/seismo/REA/BDRSN/2014/07/15-2150-41L.S201407
  594  /bd/seismo/REA/BDRSN/2014/07/16-0347-14L.S201407
  595  /bd/seismo/REA/BDRSN/2014/07/19-0212-05L.S201407
  596  /bd/seismo/REA/BDRSN/2014/07/19-0634-41L.S201407
  597  /bd/seismo/REA/BDRSN/2014/07/20-2047-32L.S201407
  598  /bd/seismo/REA/BDRSN/2014/07/20-2053-08L.S201407
  599  /bd/seismo/REA/BDRSN/2014/07/21-0808-05L.S201407
  600  /bd/seismo/REA/BDRSN/2014/07/21-1555-15L.S201407
  601  /bd/seismo/REA/BDRSN/2014/07/22-0304-53L.S201407
  602  /bd/seismo/REA/BDRSN/2014/07/22-0711-30L.S201407
  603  /bd/seismo/REA/BDRSN/2014/07/23-1203-59L.S201407
  604  /bd/seismo/REA/BDRSN/2014/07/26-0414-22L.S201407
  605  /bd/seismo/REA/BDRSN/2014/07/26-0424-11L.S201407
  606  /bd/seismo/REA/BDRSN/2014/07/26-0427-27L.S201407
  607  /bd/seismo/REA/BDRSN/2014/07/26-0703-32L.S201407
  608  /bd/seismo/REA/BDRSN/2014/07/26-0750-22L.S201407
  609  /bd/seismo/REA/BDRSN/2014/07/27-0759-39L.S201407
  610  /bd/seismo/REA/BDRSN/2014/07/27-1529-50L.S201407
  611  /bd/seismo/REA/BDRSN/2014/07/30-0245-09L.S201407
  612  /bd/seismo/REA/BDRSN/2014/07/30-1916-48L.S201407
  613  /bd/seismo/REA/BDRSN/2014/07/31-0119-22L.S201407
  614  /bd/seismo/REA/BDRSN/2014/07/31-0759-10L.S201407
  615  /bd/seismo/REA/BDRSN/2014/07/31-0803-41L.S201407
  616  /bd/seismo/REA/BDRSN/2014/07/31-0924-02L.S201407
  617  /bd/seismo/REA/BDRSN/2014/08/02-1036-55L.S201408
  618  /bd/seismo/REA/BDRSN/2014/08/02-1911-56L.S201408
  619  /bd/seismo/REA/BDRSN/2014/08/05-0107-55L.S201408
  620  /bd/seismo/REA/BDRSN/2014/08/05-0621-55L.S201408
  621  /bd/seismo/REA/BDRSN/2014/08/05-0819-42L.S201408
  622  /bd/seismo/REA/BDRSN/2014/08/06-1029-10L.S201408
  623  /bd/seismo/REA/BDRSN/2014/08/07-0704-42L.S201408
  624  /bd/seismo/REA/BDRSN/2014/08/08-0534-45L.S201408
  625  /bd/seismo/REA/BDRSN/2014/08/08-0718-27L.S201408
  626  /bd/seismo/REA/BDRSN/2014/08/08-2336-47L.S201408
  627  /bd/seismo/REA/BDRSN/2014/08/09-0030-58L.S201408
  628  /bd/seismo/REA/BDRSN/2014/08/09-0100-24L.S201408
  629  /bd/seismo/REA/BDRSN/2014/08/09-0102-25L.S201408
  630  /bd/seismo/REA/BDRSN/2014/08/09-0107-37L.S201408
  631  /bd/seismo/REA/BDRSN/2014/08/09-0109-21L.S201408
  632  /bd/seismo/REA/BDRSN/2014/08/09-0120-42L.S201408
  633  /bd/seismo/REA/BDRSN/2014/08/09-0159-29L.S201408
  634  /bd/seismo/REA/BDRSN/2014/08/09-0223-26L.S201408
  635  /bd/seismo/REA/BDRSN/2014/08/09-0258-21L.S201408
  636  /bd/seismo/REA/BDRSN/2014/08/09-0736-12L.S201408
  637  /bd/seismo/REA/BDRSN/2014/08/09-1256-59L.S201408
  638  /bd/seismo/REA/BDRSN/2014/08/10-0018-38L.S201408
  639  /bd/seismo/REA/BDRSN/2014/08/10-0036-36L.S201408
  640  /bd/seismo/REA/BDRSN/2014/08/10-0301-50L.S201408
  641  /bd/seismo/REA/BDRSN/2014/08/10-0601-38L.S201408
  642  /bd/seismo/REA/BDRSN/2014/08/11-2152-14L.S201408
  643  /bd/seismo/REA/BDRSN/2014/08/12-2247-16L.S201408
  644  /bd/seismo/REA/BDRSN/2014/08/13-0046-55L.S201408
  645  /bd/seismo/REA/BDRSN/2014/08/14-0804-07L.S201408
  646  /bd/seismo/REA/BDRSN/2014/08/15-0201-03L.S201408
  647  /bd/seismo/REA/BDRSN/2014/08/16-0417-34L.S201408
  648  /bd/seismo/REA/BDRSN/2014/08/16-0821-18L.S201408
  649  /bd/seismo/REA/BDRSN/2014/08/21-0845-10L.S201408
  650  /bd/seismo/REA/BDRSN/2014/08/22-0655-43L.S201408
  651  /bd/seismo/REA/BDRSN/2014/08/24-1525-27L.S201408
  652  /bd/seismo/REA/BDRSN/2014/08/25-0303-52L.S201408
  653  /bd/seismo/REA/BDRSN/2014/08/25-0639-21L.S201408
  654  /bd/seismo/REA/BDRSN/2014/08/25-0710-25L.S201408
  655  /bd/seismo/REA/BDRSN/2014/08/25-0728-00L.S201408
  656  /bd/seismo/REA/BDRSN/2014/08/28-1550-14L.S201408
  657  /bd/seismo/REA/BDRSN/2014/08/28-1938-31L.S201408
  658  /bd/seismo/REA/BDRSN/2014/08/29-0207-41L.S201408
  659  /bd/seismo/REA/BDRSN/2014/08/29-0852-01L.S201408
  660  /bd/seismo/REA/BDRSN/2014/08/30-0206-04L.S201408
  661  /bd/seismo/REA/BDRSN/2014/08/30-0231-00L.S201408
  662  /bd/seismo/REA/BDRSN/2014/08/30-0617-18L.S201408
  663  /bd/seismo/REA/BDRSN/2014/09/01-2143-51L.S201409
  664  /bd/seismo/REA/BDRSN/2014/09/02-1620-54L.S201409
  665  /bd/seismo/REA/BDRSN/2014/09/04-1014-43L.S201409
  666  /bd/seismo/REA/BDRSN/2014/09/06-0024-20L.S201409
  667  /bd/seismo/REA/BDRSN/2014/09/11-1803-38L.S201409
  668  /bd/seismo/REA/BDRSN/2014/09/12-1105-37L.S201409
  669  /bd/seismo/REA/BDRSN/2014/09/12-2055-08L.S201409
  670  /bd/seismo/REA/BDRSN/2014/09/15-0659-04L.S201409
  671  /bd/seismo/REA/BDRSN/2014/09/15-2236-17L.S201409
  672  /bd/seismo/REA/BDRSN/2014/09/17-0818-13L.S201409
  673  /bd/seismo/REA/BDRSN/2014/09/20-2300-39L.S201409
  674  /bd/seismo/REA/BDRSN/2014/09/21-0204-55L.S201409
  675  /bd/seismo/REA/BDRSN/2014/09/21-0411-56L.S201409
  676  /bd/seismo/REA/BDRSN/2014/09/21-1119-22L.S201409
  677  /bd/seismo/REA/BDRSN/2014/09/22-1333-12L.S201409
  678  /bd/seismo/REA/BDRSN/2014/09/22-1644-09L.S201409
  679  /bd/seismo/REA/BDRSN/2014/09/22-1822-46L.S201409
  680  /bd/seismo/REA/BDRSN/2014/09/25-1653-40L.S201409
  681  /bd/seismo/REA/BDRSN/2014/09/26-0309-14L.S201409
  682  /bd/seismo/REA/BDRSN/2014/09/27-0729-38L.S201409
  683  /bd/seismo/REA/BDRSN/2014/09/27-0857-25L.S201409
  684  /bd/seismo/REA/BDRSN/2014/09/27-1931-40L.S201409
  685  /bd/seismo/REA/BDRSN/2014/09/28-0316-05L.S201409
  686  /bd/seismo/REA/BDRSN/2014/09/29-0518-25L.S201409
  687  /bd/seismo/REA/BDRSN/2014/09/29-0751-48L.S201409
  688  /bd/seismo/REA/BDRSN/2014/09/29-0822-29L.S201409
  689  /bd/seismo/REA/BDRSN/2014/10/01-2045-36L.S201410
  690  /bd/seismo/REA/BDRSN/2014/10/05-0852-23L.S201410
  691  /bd/seismo/REA/BDRSN/2014/10/06-1021-12L.S201410
  692  /bd/seismo/REA/BDRSN/2014/10/06-1321-32L.S201410
  693  /bd/seismo/REA/BDRSN/2014/10/07-1123-50L.S201410
  694  /bd/seismo/REA/BDRSN/2014/10/10-0935-24L.S201410
  695  /bd/seismo/REA/BDRSN/2014/10/11-1056-31L.S201410
  696  /bd/seismo/REA/BDRSN/2014/10/12-0842-03L.S201410
  697  /bd/seismo/REA/BDRSN/2014/10/13-2056-34L.S201410
  698  /bd/seismo/REA/BDRSN/2014/10/14-2045-02L.S201410
  699  /bd/seismo/REA/BDRSN/2014/10/15-1820-31L.S201410
  700  /bd/seismo/REA/BDRSN/2014/10/16-1129-18L.S201410
  701  /bd/seismo/REA/BDRSN/2014/10/17-1919-14L.S201410
  702  /bd/seismo/REA/BDRSN/2014/10/18-1747-19L.S201410
  703  /bd/seismo/REA/BDRSN/2014/10/19-1725-29L.S201410
  704  /bd/seismo/REA/BDRSN/2014/10/20-2311-32L.S201410
  705  /bd/seismo/REA/BDRSN/2014/10/21-1522-52L.S201410
  706  /bd/seismo/REA/BDRSN/2014/10/22-1603-55L.S201410
  707  /bd/seismo/REA/BDRSN/2014/10/27-1025-21L.S201410
  708  /bd/seismo/REA/BDRSN/2014/10/27-1332-44L.S201410
  709  /bd/seismo/REA/BDRSN/2014/10/30-1754-54L.S201410
  710  /bd/seismo/REA/BDRSN/2014/11/01-0943-34L.S201411
  711  /bd/seismo/REA/BDRSN/2014/11/04-1305-24L.S201411
  712  /bd/seismo/REA/BDRSN/2014/11/05-2330-06L.S201411
  713  /bd/seismo/REA/BDRSN/2014/11/06-0657-37L.S201411
  714  /bd/seismo/REA/BDRSN/2014/11/07-0324-38L.S201411
  715  /bd/seismo/REA/BDRSN/2014/11/07-0742-55L.S201411
  716  /bd/seismo/REA/BDRSN/2014/11/07-0813-40L.S201411
  717  /bd/seismo/REA/BDRSN/2014/11/07-0921-54L.S201411
  718  /bd/seismo/REA/BDRSN/2014/11/07-0923-37L.S201411
  719  /bd/seismo/REA/BDRSN/2014/11/07-1013-43L.S201411
  720  /bd/seismo/REA/BDRSN/2014/11/07-1031-43L.S201411
  721  /bd/seismo/REA/BDRSN/2014/11/07-2053-37L.S201411
  722  /bd/seismo/REA/BDRSN/2014/11/08-2200-28L.S201411
  723  /bd/seismo/REA/BDRSN/2014/11/12-2332-31L.S201411
  724  /bd/seismo/REA/BDRSN/2014/11/14-0652-42L.S201411
  725  /bd/seismo/REA/BDRSN/2014/11/14-0735-27L.S201411
  726  /bd/seismo/REA/BDRSN/2014/11/18-0537-28L.S201411
  727  /bd/seismo/REA/BDRSN/2014/11/19-2109-26L.S201411
  728  /bd/seismo/REA/BDRSN/2014/11/23-0019-54L.S201411
  729  /bd/seismo/REA/BDRSN/2014/11/27-0131-51L.S201411
  730  /bd/seismo/REA/BDRSN/2014/11/29-0220-09L.S201411
  731  /bd/seismo/REA/BDRSN/2014/11/30-1939-25L.S201411
  732  /bd/seismo/REA/BDRSN/2014/11/30-1941-15L.S201411
  733  /bd/seismo/REA/BDRSN/2014/11/30-1945-34L.S201411
  734  /bd/seismo/REA/BDRSN/2014/11/30-1950-41L.S201411
  735  /bd/seismo/REA/BDRSN/2014/11/30-1955-35L.S201411
  736  /bd/seismo/REA/BDRSN/2014/11/30-2032-40L.S201411
  737  /bd/seismo/REA/BDRSN/2014/11/30-2056-42L.S201411
  738  /bd/seismo/REA/BDRSN/2014/11/30-2110-27L.S201411
  739  /bd/seismo/REA/BDRSN/2014/11/30-2116-50L.S201411
  740  /bd/seismo/REA/BDRSN/2014/11/30-2146-52L.S201411
  741  /bd/seismo/REA/BDRSN/2014/11/30-2206-52L.S201411
  742  /bd/seismo/REA/BDRSN/2014/11/30-2322-00L.S201411
  743  /bd/seismo/REA/BDRSN/2014/12/01-0133-42L.S201412
  744  /bd/seismo/REA/BDRSN/2014/12/01-0140-19L.S201412
  745  /bd/seismo/REA/BDRSN/2014/12/01-0256-26L.S201412
  746  /bd/seismo/REA/BDRSN/2014/12/01-0345-46L.S201412
  747  /bd/seismo/REA/BDRSN/2014/12/01-0631-39L.S201412
  748  /bd/seismo/REA/BDRSN/2014/12/01-0901-35L.S201412
  749  /bd/seismo/REA/BDRSN/2014/12/01-1350-19L.S201412
  750  /bd/seismo/REA/BDRSN/2014/12/01-1605-05L.S201412
  751  /bd/seismo/REA/BDRSN/2014/12/01-1737-58L.S201412
  752  /bd/seismo/REA/BDRSN/2014/12/01-1805-59L.S201412
  753  /bd/seismo/REA/BDRSN/2014/12/01-2047-30L.S201412
  754  /bd/seismo/REA/BDRSN/2014/12/02-0217-28L.S201412
  755  /bd/seismo/REA/BDRSN/2014/12/02-0502-09L.S201412
  756  /bd/seismo/REA/BDRSN/2014/12/02-1201-49L.S201412
  757  /bd/seismo/REA/BDRSN/2014/12/02-1204-49L.S201412
  758  /bd/seismo/REA/BDRSN/2014/12/02-1305-39L.S201412
  759  /bd/seismo/REA/BDRSN/2014/12/03-0311-06L.S201412
  760  /bd/seismo/REA/BDRSN/2014/12/03-0740-31L.S201412
  761  /bd/seismo/REA/BDRSN/2014/12/04-0650-00L.S201412
  762  /bd/seismo/REA/BDRSN/2014/12/04-1119-53L.S201412
  763  /bd/seismo/REA/BDRSN/2014/12/08-0113-04L.S201412
  764  /bd/seismo/REA/BDRSN/2014/12/09-0703-46L.S201412
  765  /bd/seismo/REA/BDRSN/2014/12/09-0756-43L.S201412
  766  /bd/seismo/REA/BDRSN/2014/12/12-0219-08L.S201412
  767  /bd/seismo/REA/BDRSN/2014/12/12-0913-05L.S201412
  768  /bd/seismo/REA/BDRSN/2014/12/13-0612-21L.S201412
  769  /bd/seismo/REA/BDRSN/2014/12/14-1818-25L.S201412
  770  /bd/seismo/REA/BDRSN/2014/12/15-0107-45L.S201412
  771  /bd/seismo/REA/BDRSN/2014/12/18-0217-47L.S201412
  772  /bd/seismo/REA/BDRSN/2014/12/20-0836-56L.S201412
  773  /bd/seismo/REA/BDRSN/2014/12/22-1107-23L.S201412
  774  /bd/seismo/REA/BDRSN/2014/12/23-2215-13L.S201412
  775  /bd/seismo/REA/BDRSN/2014/12/24-0425-42L.S201412
  776  /bd/seismo/REA/BDRSN/2014/12/26-0107-35L.S201412
  777  /bd/seismo/REA/BDRSN/2014/12/26-2348-35L.S201412
  778  /bd/seismo/REA/BDRSN/2014/12/30-0300-07L.S201412
  779  /bd/seismo/REA/BDRSN/2014/12/30-0941-31L.S201412
  780  /bd/seismo/REA/BDRSN/2014/12/31-0308-55L.S201412
  781  /bd/seismo/REA/BDRSN/2014/12/31-0640-34L.S201412
  782  /bd/seismo/REA/BDRSN/2014/12/31-2343-14L.S201412
  783  /bd/seismo/REA/BDRSN/2015/01/06-2247-25L.S201501
  784  /bd/seismo/REA/BDRSN/2015/01/07-0034-51L.S201501
  785  /bd/seismo/REA/BDRSN/2015/01/07-0525-42L.S201501
  786  /bd/seismo/REA/BDRSN/2015/01/08-2302-40L.S201501
  787  /bd/seismo/REA/BDRSN/2015/01/12-2054-27L.S201501
  788  /bd/seismo/REA/BDRSN/2015/01/16-0356-43L.S201501
  789  /bd/seismo/REA/BDRSN/2015/01/17-0736-56L.S201501
  790  /bd/seismo/REA/BDRSN/2015/01/18-0248-31L.S201501
  791  /bd/seismo/REA/BDRSN/2015/01/18-0250-54L.S201501
  792  /bd/seismo/REA/BDRSN/2015/01/19-1129-00L.S201501
  793  /bd/seismo/REA/BDRSN/2015/01/19-2345-28L.S201501
  794  /bd/seismo/REA/BDRSN/2015/01/23-0047-58L.S201501
  795  /bd/seismo/REA/BDRSN/2015/02/02-0341-59L.S201502
  796  /bd/seismo/REA/BDRSN/2015/02/07-0726-46L.S201502
  797  /bd/seismo/REA/BDRSN/2015/02/09-0933-55L.S201502
  798  /bd/seismo/REA/BDRSN/2015/02/24-0453-17L.S201502
  799  /bd/seismo/REA/BDRSN/2015/02/24-0835-33L.S201502
  800  /bd/seismo/REA/BDRSN/2015/03/05-0608-43L.S201503
  801  /bd/seismo/REA/BDRSN/2015/03/05-0658-11L.S201503
  802  /bd/seismo/REA/BDRSN/2015/03/08-0430-09L.S201503
  803  /bd/seismo/REA/BDRSN/2015/03/23-0650-11L.S201503
  804  /bd/seismo/REA/BDRSN/2015/03/26-1334-15L.S201503
  805  /bd/seismo/REA/BDRSN/2015/03/27-0733-22L.S201503
  806  /bd/seismo/REA/BDRSN/2015/03/30-0225-15L.S201503
  807  /bd/seismo/REA/BDRSN/2015/03/30-0507-16L.S201503
  808  /bd/seismo/REA/BDRSN/2015/04/08-0515-18L.S201504
  809  /bd/seismo/REA/BDRSN/2015/04/25-2251-34L.S201504
  810  /bd/seismo/REA/BDRSN/2015/04/27-1654-08L.S201504
  811  /bd/seismo/REA/BDRSN/2015/04/27-1849-27L.S201504
  812  /bd/seismo/REA/BDRSN/2015/04/28-0327-08L.S201504
  813  /bd/seismo/REA/BDRSN/2015/04/29-0827-39L.S201504
  814  /bd/seismo/REA/BDRSN/2015/04/29-2102-20L.S201504
  815  /bd/seismo/REA/BDRSN/2015/05/02-1500-31L.S201505
  816  /bd/seismo/REA/BDRSN/2015/05/03-2209-40L.S201505
  817  /bd/seismo/REA/BDRSN/2015/05/08-1253-31L.S201505
  818  /bd/seismo/REA/BDRSN/2015/05/15-1255-24L.S201505
  819  /bd/seismo/REA/BDRSN/2015/05/20-0744-27L.S201505
  820  /bd/seismo/REA/BDRSN/2015/05/30-0753-25L.S201505
  821  /bd/seismo/REA/BDRSN/2015/06/04-1018-52L.S201506
  822  /bd/seismo/REA/BDRSN/2015/06/06-0503-41L.S201506
  823  /bd/seismo/REA/BDRSN/2015/06/07-0721-30L.S201506
  824  /bd/seismo/REA/BDRSN/2015/06/07-1327-31L.S201506
  825  /bd/seismo/REA/BDRSN/2015/06/20-1601-44L.S201506
  826  /bd/seismo/REA/BDRSN/2015/06/25-0213-21L.S201506
  827  /bd/seismo/REA/BDRSN/2015/07/09-0859-22L.S201507
  828  /bd/seismo/REA/BDRSN/2015/07/10-2348-47L.S201507
  829  /bd/seismo/REA/BDRSN/2015/07/13-1346-21L.S201507
  830  /bd/seismo/REA/BDRSN/2015/07/23-1058-20L.S201507
  831  /bd/seismo/REA/BDRSN/2015/07/24-0429-38L.S201507
  832  /bd/seismo/REA/BDRSN/2015/08/09-1924-39L.S201508
  833  /bd/seismo/REA/BDRSN/2015/08/09-2016-54L.S201508
  834  /bd/seismo/REA/BDRSN/2015/08/23-1137-13L.S201508
  835  /bd/seismo/REA/BDRSN/2015/08/23-1151-14L.S201508
  836  /bd/seismo/REA/BDRSN/2015/08/23-1208-07L.S201508
  837  /bd/seismo/REA/BDRSN/2015/08/23-1213-43L.S201508
  838  /bd/seismo/REA/BDRSN/2015/08/23-1627-43L.S201508
  839  /bd/seismo/REA/BDRSN/2015/08/23-1714-12L.S201508
  840  /bd/seismo/REA/BDRSN/2015/08/23-1718-49L.S201508
  841  /bd/seismo/REA/BDRSN/2015/08/24-0215-50L.S201508
  842  /bd/seismo/REA/BDRSN/2015/08/24-0220-38L.S201508
  843  /bd/seismo/REA/BDRSN/2015/08/24-0225-28L.S201508
  844  /bd/seismo/REA/BDRSN/2015/08/24-0325-14L.S201508
  845  /bd/seismo/REA/BDRSN/2015/08/24-0327-48L.S201508
  846  /bd/seismo/REA/BDRSN/2015/08/24-1135-56L.S201508
  847  /bd/seismo/REA/BDRSN/2015/08/24-1436-43L.S201508
  848  /bd/seismo/REA/BDRSN/2015/08/24-1520-34L.S201508
  849  /bd/seismo/REA/BDRSN/2015/08/25-0101-58L.S201508
  850  /bd/seismo/REA/BDRSN/2015/08/25-0102-18L.S201508
  851  /bd/seismo/REA/BDRSN/2015/08/25-0342-15L.S201508
  852  /bd/seismo/REA/BDRSN/2015/08/26-0248-50L.S201508
  853  /bd/seismo/REA/BDRSN/2015/08/27-0418-47L.S201508
  854  /bd/seismo/REA/BDRSN/2015/08/27-0924-39L.S201508
  855  /bd/seismo/REA/BDRSN/2015/08/28-0729-05L.S201508
  856  /bd/seismo/REA/BDRSN/2015/08/29-0601-19L.S201508
  857  /bd/seismo/REA/BDRSN/2015/08/30-0030-28L.S201508
  858  /bd/seismo/REA/BDRSN/2015/08/30-2034-31L.S201508
  859  /bd/seismo/REA/BDRSN/2015/08/31-0059-41L.S201508
  860  /bd/seismo/REA/BDRSN/2015/08/31-0916-26L.S201508
  861  /bd/seismo/REA/BDRSN/2015/08/31-1034-40L.S201508
  862  /bd/seismo/REA/BDRSN/2015/08/31-1138-40L.S201508
  863  /bd/seismo/REA/BDRSN/2015/08/31-1152-50L.S201508
  864  /bd/seismo/REA/BDRSN/2015/08/31-1223-47L.S201508
  865  /bd/seismo/REA/BDRSN/2015/08/31-1422-37L.S201508
  866  /bd/seismo/REA/BDRSN/2015/08/31-1742-22L.S201508
  867  /bd/seismo/REA/BDRSN/2015/08/31-1854-17L.S201508
  868  /bd/seismo/REA/BDRSN/2015/08/31-1909-09L.S201508
  869  /bd/seismo/REA/BDRSN/2015/08/31-2052-21L.S201508
  870  /bd/seismo/REA/BDRSN/2015/08/31-2142-01L.S201508
