 Year Date HRMM  Sec Latitud Error Longitud Error Depth Error NST  RMS GAP   Ml   Mw
 2012  916 0805 42.3   3.972   2.7  -71.827   7.5  16.4  11.0   6  0.3 233  2.3     
 2013  131 0256  9.6   4.445   8.1  -70.639  12.7  25.1  11.7   4  0.5 294  2.5     
 2013  4 2 1946 33.0   3.792   3.6  -71.327   6.5   5.3  11.3   7  0.4 236  3.0  3.2
 2013  4 3 1649  0.0   3.804   4.7  -71.539   8.8   2.0   7.6   7  0.5 226  2.6     
 2013  4 6 0900 53.3   3.826   5.7  -71.418  11.4  26.0  20.0   6  0.5 232  2.2     
 2013  4 9 2033 46.7   3.831   3.4  -71.337  10.8  14.0  14.8   6  0.5 235  2.5     
 2013  410 0337 43.6   3.791   3.9  -71.199   7.9  25.2   6.9   8  0.5 242  3.3  3.4
 2013  410 1501 24.2   3.717   3.2  -71.503   6.2   0.0   5.4   5  0.3 230  2.8     
 2013  410 1728 31.1   3.826   5.3  -71.329   9.1  10.7  14.7   6  0.5 236  2.9     
 2013  411 1706 44.3   3.795   2.4  -71.446  10.1  32.1  17.1   4  0.2 262  2.2     
 2013  412 0140 59.3   3.809   5.4  -71.660   7.9   0.2  11.3   6  0.8 183  2.8     
 2013  412 0146  3.9   3.792   6.6  -71.441  16.3  32.1  31.8   5  0.3 262  1.7     
 2013  412 0201 10.9   3.792   5.8  -71.344  11.9  39.9  37.1   7  0.6 236  2.6     
 2013  412 0532 13.5   3.815   9.7  -71.381  10.3  24.9  10.2   5  0.6 234  2.4     
 2013  412 1422 38.9   3.798   4.0  -71.405   8.0   1.5   8.0   6  0.5 233  2.5     
 2013  413 1353 36.4   3.819   5.7  -71.424  10.1  14.0  17.6   6  0.6 232  2.5     
 2013  414 1239 15.9   3.795   4.8  -71.343   9.9  32.1  26.8   7  0.5 236  2.5     
 2013  414 1440 49.1   3.867   4.2  -71.497   8.5  12.0  15.6   6  0.5 227  2.3     
 2013  414 1506 56.0   3.779   4.9  -71.470  10.2  12.0  18.5   5  0.5 230  2.1     
 2013  416 0300 23.9   3.805   4.3  -71.294   8.7   6.3  13.4  18  0.6 238  3.8  3.8
 2013  419 1240 28.5   3.762   8.5  -71.406  15.6   4.1  18.9   7  0.9 234  3.4     
 2013  419 1257 33.0   3.813  18.5  -71.521  19.9   0.0  18.9   6  0.5 274  3.1     
 2013  420 0432 18.6   3.776   6.4  -71.285  16.0  12.0  27.0   7  0.8 238  2.6     
 2013  424 1521 27.5   3.677   7.2  -71.507  26.1   0.6  21.3   6  0.7 255  2.9  3.0
 2013  426 0421 58.6   3.808   5.6  -71.219  12.2  20.0   9.9   7  0.7 266  2.8     
 2013  426 0507 13.1   3.756   4.1  -71.212   9.8  20.2   8.1   7  0.4 267  3.0     
 2013  428 1937 27.8   3.696  10.7  -71.272  17.1  10.8  18.4   8  1.0 241  3.0     
 2013  428 2058 11.1   3.773   2.6  -71.531   7.2   5.3  11.5   5  0.3 228  2.3     
 2013  430 2338  5.6   3.733   4.1  -71.187   9.7  16.0  14.4   6  0.4 243  3.1     
 2013  430 2345 42.1   3.796   2.6  -71.377   6.9  11.5   9.8   9  0.3 234  3.2  3.5
 2013  5 1 0153 47.4   3.769   3.2  -71.215   9.4  15.2  11.4   6  0.3 241  2.7     
 2013  5 1 1102 14.6   3.759   5.1  -71.504  13.2   9.4  17.5   4  0.7 229  2.5     
 2013  5 1 1434 26.8   3.746   5.3  -71.242  11.4  13.3  19.4   6  0.5 241  2.7     
 2013  5 4 1617 46.7   3.831  22.4  -71.488  25.0   0.0  22.4   5  0.7 275  2.9     
 2013  5 6 0728 20.9   3.814   4.9  -71.352  12.6   0.0   8.2   7  0.6 235  3.0     
 2013  5 6 1405 56.9   3.807   5.2  -71.269  12.7   4.1   7.3   6  0.5 239  3.1     
 2013  510 0145  2.6   3.801   3.4  -71.285   6.8  12.7   8.3  14  0.5 238  3.5  3.9
 2013  511 0047 38.3   3.788   3.9  -71.456   9.3   0.0  10.4   6  0.4 231  2.8     
 2013  511 0119 41.7   3.763   3.4  -71.235   7.2   8.0   7.9  17  0.5 241  3.8  4.0
 2013  511 0214 56.0   3.715   4.7  -71.271   9.8   0.0   7.8   7  0.5 240  2.8     
 2013  513 0521 56.7   3.722   5.0  -71.426  11.2   4.1  10.4   7  0.7 233  3.3  3.7
 2013  514 0606 28.8   3.779   3.2  -71.498   6.6   3.6   5.3   4  0.3 229  2.0     
 2013  516 0045 10.2   3.793   3.8  -71.512   8.1   0.0   8.5   7  0.4 228  2.2     
 2013  517 0636 39.9   3.779   3.6  -71.339   7.3   8.7   6.6  18  0.6 231  3.5  4.1
 2013  518 1001  6.8   3.751   4.7  -71.314   8.6   0.0   8.2   9  0.5 220  2.6  3.2
 2013  519 2003 23.4   3.783   4.9  -71.308   9.2   4.4   8.3   8  0.6 237  3.4     
 2013  521 0652 35.1   3.809   5.9  -71.641  18.7   0.0  15.5   4  0.5 245  2.5     
 2013  521 2149 45.5   3.727   3.5  -71.087   6.8  22.1   8.3  18  0.5 228  3.5  3.9
 2013  523 1034 10.0   3.810   9.9  -71.466  13.7   5.7  11.4   7  0.7 230  2.2     
 2013  523 1140 53.5   3.786   4.9  -71.453   7.3   0.0   8.3   8  0.6 192  2.7  3.2
 2013  524 1416 24.5   3.785   4.7  -71.328  11.3   4.1  10.1   6  0.5 236  2.6  3.2
 2013  528 0336 48.5   3.719   5.0  -71.385  10.9   6.3  15.3   6  0.6 235  2.4     
 2013  6 1 2341 31.8   3.797   3.3  -71.485   7.6   4.1   6.0  10  0.5 229  2.9  3.6
 2013  6 2 1406  3.8   3.836   5.0  -71.581  10.8   4.2  10.0   7  0.6 224  2.9     
 2013  6 2 1651 10.2   3.826   4.0  -71.416   6.3   5.1  13.1   9  0.6 192  3.3  3.5
 2013  6 2 2313 38.9   3.870   2.6  -71.435   6.7   4.1   4.5   5  0.3 268  1.9     
 2013  6 3 0134 54.8   3.990   7.7  -71.551  19.1   0.0  19.2   9  1.0 197  3.2  3.3
 2013  6 4 0640 46.7   3.816   2.9  -71.348   8.3   4.1   9.8   6  0.4 235  2.4     
 2013  6 5 0338  9.7   3.762   4.7  -71.480  12.8   0.0   8.7   7  0.6 230  2.9     
 2013  6 5 0355 54.8   3.781   3.9  -71.294   8.3  12.1  14.1  11  0.4 238  3.7  3.8
 2013  612 1451 24.7   3.824   4.1  -71.282   9.1  25.0   7.6   9  0.6 238  3.1     
 2013  612 1506  4.4   3.813   2.4  -71.417   6.5   5.4   6.5   6  0.3 232  2.6     
 2013  612 1742 25.4   3.779   3.3  -71.440  14.9   0.0  11.1   4  0.4 256  2.5     
 2013  614 0950 31.0   3.770   6.0  -71.034  12.3  20.0  10.3   9  0.8 207  2.8     
 2013  614 1622 52.5   3.790   4.2  -71.450  15.9   0.9   9.8   5  0.5 231  2.9     
 2013  614 1730 34.3   3.841   3.5  -71.379   7.6   5.6   7.2   8  0.5 233  3.4     
 2013  615 0240 50.5   3.792   4.8  -71.309  12.3  10.0  15.7  10  0.7 237  3.4  3.5
 2013  615 0701  7.6   3.792   3.8  -71.501   9.1   0.0   7.3   7  0.5 229  2.7     
 2013  615 0755 46.1   3.833   3.7  -71.538  13.9   2.0   9.9   6  0.5 226  2.7     
 2013  617 0141 19.9   3.778   4.2  -71.246   8.3  14.0   7.7  14  0.6 240  3.5  3.9
 2013  619 0257 30.0   3.767   5.4  -71.370  14.4   0.0  10.2  12  0.8 235  2.9  3.4
 2013  624 0801 11.3   3.787   2.7  -71.288   8.4   4.1   7.5   8  0.4 238  2.5     
 2013  627 0254 46.4   3.785   3.4  -71.338   4.8   5.6   6.1  14  0.5 218  3.4  3.8
 2013  628 1946 55.3   3.780   4.8  -71.350  12.8   0.0   8.6   6  0.5 236  2.7     
 2013  629 2035 42.8   3.854  11.9  -71.327  13.2   2.0  12.0   5  0.2 286  2.5     
 2013  630 0917 16.6   3.796   6.0  -71.526   8.1   4.1  12.0   7  0.7 227  2.8  3.5
 2013  630 1709 26.9   3.797   4.7  -71.270   9.1   8.6   8.7   9  0.6 239  2.8     
 2013  630 1838  9.2   3.828   4.1  -71.358  10.1  11.0  11.4  11  0.5 260  3.2  3.6
 2013  630 1856 14.6   3.770   4.1  -71.246  10.6  11.3   9.4   7  0.5 265  2.9  3.2
 2013  630 1906  1.7   3.746   4.8  -71.128  10.4  12.1   8.9   8  0.7 245  3.5  3.8
 2013  630 1921  9.1   3.808   3.7  -71.292   8.5  11.5   7.4   7  0.5 238  3.0  3.3
 2013  7 7 0455 13.2   3.783   4.9  -71.426  12.5   6.0   8.8   6  0.7 232  2.3     
 2013  710 2239  6.9   3.764   3.6  -71.180   8.7  25.1   9.7  10  0.4 243  3.5  3.7
 2013  713 1442 13.2   3.780   5.5  -71.579   9.3  27.6  17.6   6  0.8 187  2.8     
 2013  714 0344 42.9   3.780   7.8  -71.018  30.0  32.1  49.1   5  0.6 274  2.7     
 2013  8 7 0610  4.8   3.796   4.3  -71.479   8.3   0.0   7.7   7  0.5 229  2.3     
 2013  811 1110  1.8   3.830   4.1  -71.276   7.7  35.4  31.9  10  0.5 238  2.5     
 2013  814 0434 53.7   3.798   7.6  -71.438  29.8  26.2  42.7   6  0.8 256  2.6     
 2013  820 1712  3.5   3.774   5.9  -71.584   7.5   4.0  15.7   9  0.7 187  3.1  3.3
 2013  820 1714 32.2   3.851   3.8  -71.561   5.7  10.1  12.6   9  0.5 186  3.0  3.2
 2013  823 1057 54.6   3.860   9.4  -71.313  11.9  24.9  16.1   7  1.1 195  3.0  3.1
 2013  825 1800 28.5   3.954   7.6  -71.229  19.6   0.0  16.0   8  0.7 238  2.8     
 2013  826 0525 24.8   3.776   4.2  -71.269   9.7   8.0  16.4   7  0.4 239  2.6     
 2013  830 0727 27.0   3.608   5.9  -71.035  13.5  10.0  15.6   7  0.3 251  2.6     
 2013  830 1735  0.5   3.811   5.9  -71.479  15.4   0.4  12.2   7  0.8 229  3.0  3.2
 2013  9 1 2351 31.0   3.737   6.5  -71.573  14.1   0.0  16.2   6  0.7 189  2.5  2.8
 2013  9 2 1155 27.2   3.501  40.6  -71.555  13.7  24.7  23.6   7  1.2 255  3.4  3.5
 2013  9 2 1642 12.9   3.749   8.9  -71.219  22.1   0.0  15.0   9  1.0 242  3.4     
 2013  9 5 0401 31.9   3.854   4.4  -71.275  11.0  25.0   6.5   9  0.5 263  3.1     
 2013  9 7 1411 55.2   3.780   2.9  -71.204   6.6  10.0  11.1   6  0.3 242  3.1  3.4
 2013  9 7 1635  8.9   3.841   3.3  -71.192  10.3  28.0  17.5   9  0.4 241  3.4  3.6
 2013  9 8 0926 31.5   3.786   4.0  -71.121  22.4  19.3  23.6   8  0.4 274  3.3  3.3
 2013  913 2035 18.7   3.783  14.1  -71.276  43.5  24.7  64.2  16  1.8 239  3.5     
 2013  913 2254 14.3   3.725  17.6  -71.440  31.7   0.0  26.2   9  1.9 195  3.0     
 2013  913 2343 33.4   3.752   7.4  -71.559  44.7   0.0  37.8   5  0.8 257  2.7     
 2013  913 2352 52.5   3.814  11.4  -71.183  41.4  16.0  58.8   4  1.0 271  2.3     
 2013  913 2356 27.1   3.743  11.8  -71.195  35.7  25.0  18.1   5  1.1 272  2.6     
 2013  914 0312 35.4   3.691   4.8  -71.209   8.6   0.6   7.7   8  0.4 243  2.8  3.1
 2013  915 0401 58.0   3.837   3.5  -71.222   7.5  25.0  14.0   6  0.4 240  2.4     
 2013  925 0103 21.7   3.765   9.3  -71.074  13.7  14.0  23.9   8  0.4 247  3.0     
 2013  925 0515 42.2   3.640   5.6  -71.117  11.5   0.0   8.9   6  0.5 248  2.5  2.9
 2013  928 0815 14.4   3.821   7.4  -71.562   7.6   8.1  16.7   7  0.7 187  2.3     
 2013  929 1106 58.6   3.840  22.9  -71.476  26.2   0.0  27.2   5  1.2 275  2.3     
 2013 1011 1418 22.3   3.787   3.5  -71.350   8.1   0.0   7.0  10  0.5 247  2.9  3.1
 2013 1011 1652  1.6   3.942   6.1  -71.168  30.4   0.0  18.4   7  0.5 268  2.8     
 2013 1013 1347 31.3   3.795   3.4  -71.380   6.1   0.0   6.0   6  0.4 234  2.6  2.9
 2013 1026 1700 54.4   3.853  19.5  -71.391  10.1   0.0  17.4   5  0.5 297  2.5     
 2013 11 4 2015 32.6   3.842   3.8  -71.307   6.0   2.7   5.7  11  0.5 236  3.0  3.0
 2013 11 4 2022 34.2   3.877   3.7  -71.321   5.8  10.3   5.8  12  0.5 235  3.1  3.1
 2013 11 5 0152  2.3   3.933   7.1  -71.413  12.7   0.0  11.6   4  0.6 274  1.6     
 2013 11 5 0234  7.7   3.994   9.0  -71.581   8.1   0.0  12.0   5  0.8 196  1.9     
 2013 11 5 0438  5.2   3.867   5.3  -71.455   7.4   8.4   9.5  11  0.9 190  3.1  3.1
 2013 11 5 1041 15.3   3.776   4.2  -71.500   8.6   0.8   9.2   6  0.7 229  2.6     
 2013 11 5 1530 38.2   3.806   2.8  -71.418   3.9   0.0   4.9   6  0.3 232  2.5     
 2013 11 7 0307  7.1   3.840   5.2  -71.374   5.7   4.5   8.7   8  0.5 233  3.0  3.1
 2013 1112 0816 52.4   3.806   2.6  -71.343   5.4   0.0   5.2   6  0.4 235  2.4     
 2013 1129 2201 39.7   3.801   3.1  -71.367   6.7   0.0   5.5  13  0.4 234  3.3  3.4
 2013 12 1 1435 28.4   3.800   5.7  -71.478  10.7   0.0  11.9   6  0.5 229  2.9  3.3
 2013 12 5 0311 44.9   3.832   3.4  -71.309   5.6   1.1   5.8  16  0.5 236  3.0  3.2
 2013 12 5 1254 21.2   3.812   9.7  -71.381  24.6   0.0  18.3   6  0.5 264  2.6     
 2013 12 7 0136 19.8   4.042   8.6  -71.391  12.7   0.0  11.5   5  0.6 275  2.0     
 2013 1221 0631 43.2   3.857   4.5  -71.435   7.2   0.0   6.5   5  0.5 230  1.5     
 2013 1222 0730 52.6   3.837   2.8  -71.429   5.3   4.0   6.2  13  0.3 231  2.8  3.1
 2013 1222 0904 45.1   3.784   6.5  -71.604  10.1   0.0  10.5   5  0.6 224  1.5     
 2013 1225 1140 15.8   3.797   5.8  -71.409   6.7   0.1   6.9   5  0.4 233  2.2     
 2014  1 3 1513  9.6   3.812   9.9  -71.481  12.0   5.5  10.9   5  0.6 260  2.2     
 2014  1 5 0040  6.1   4.122   9.5  -71.665  11.4   0.0  14.1   6  0.7 231  1.7     
 2014  1 7 0024 30.6   4.156   9.7  -71.356   8.2   4.1   6.8   4  0.4 310  1.7     
 2014  1 9 0655 41.0   3.830   2.1  -71.287   3.4   0.0   3.5   7  0.2 237  1.9     
 2014  119 0843 48.9   3.826   5.1  -71.413   8.5   0.0   9.2   5  0.6 232  3.1     
 2014  120 0030  0.4   3.671   3.0  -71.452   6.3   3.9   5.1   7  0.3 233  2.4     
 2014  120 0037 33.1   3.784   3.0  -71.409   5.5   3.8   5.3   7  0.5 233  2.1     
 2014  120 0542 24.4   3.837   2.7  -71.495   6.2   1.6   6.3   6  0.4 228  2.0     
 2014  120 2249 42.8   3.836   3.0  -71.428   4.6   3.2   4.8   6  0.3 231  2.6     
 2014  124 0824  3.5   3.936   4.3  -71.659   5.5   0.0   9.0   5  0.5 234  2.0     
 2014  126 0910 43.9   3.808   3.4  -71.516   6.3   0.0   7.3   8  0.5 228  2.4     
 2014  131 0128 39.9   3.900   8.7  -71.624   9.9   0.0  11.8   5  0.6 236  2.1     
 2014  131 0253  8.4   3.861   2.6  -71.409   6.0   1.8   5.2  21  0.4 256  4.0  3.8
 2014  131 2217 10.8   3.918  10.5  -71.464   8.4   0.0  10.1  14  0.6 274  2.9     
 2014  2 1 0329 42.8   4.019   6.7  -71.611   8.0   0.0   9.1   7  0.6 195  2.2     
 2014  2 5 0033 30.8   3.973   8.6  -71.644   9.7   0.0  11.1   6  0.8 234  2.1     
 2014  2 5 0628 38.4   3.846   5.1  -71.433   8.5   1.8   9.3   6  0.7 231  2.2     
 2014  2 5 0837 10.6   3.763   5.9  -71.604  16.7   0.0  18.0   7  0.7 224  1.7     
 2014  2 7 0302 56.8   3.802   5.0  -71.499  10.1   0.0   9.3   9  0.7 228  2.6     
 2014  210 0608  7.7   3.860   6.7  -71.718   9.7   0.1  10.6   5  0.6 216  1.8     
 2014  210 1539  7.7   3.836   4.7  -71.419   6.5   5.4   6.9   6  0.5 231  2.4     
 2014  213 1105 57.6   4.043  11.7  -71.503  12.5   0.0  14.7   8  1.0 183  2.7     
 2014  213 1127 27.4   3.803   9.6  -71.717  10.0   0.0  11.7   5  0.6 234  2.0     
 2014  213 1244 35.3   3.903   5.2  -71.590   9.0   0.0  10.1   8  0.8 222  3.3     
 2014  213 2053 10.6   4.041   5.2  -71.586   6.5   0.0   8.1  10  0.5 235  2.7     
 2014  215 0950  4.0   3.880   2.7  -71.610   4.5   0.0   4.5   8  0.4 222  2.4     
 2014  215 1241 54.7   3.835   3.6  -71.462   7.0   0.0   6.3   8  0.4 230  2.4     
 2014  215 2218 53.8   3.921   7.1  -71.328   9.6   0.1   9.7   6  0.4 277  2.4     
 2014  216 2114 41.1   3.868   5.0  -71.729   4.7   0.0   7.8   6  0.5 232  2.2     
 2014  216 2253 12.1   3.863   3.8  -71.410   5.8   2.0   6.1  18  0.5 231  3.3  3.4
 2014  217 0351 29.2   3.760  17.1  -71.324   8.4   0.0  14.0   6  0.5 300  2.3     
 2014  218 0111 48.7   3.899   6.0  -71.530  12.2   0.0  11.7  16  0.9 225  3.5  3.6
 2014  218 1231 26.0   3.707  12.1  -71.683   7.4   0.4   9.6   4  0.5 296  2.2     
 2014  219 0542 14.0   3.917   9.4  -71.594  14.9   4.1  15.8   5  0.7 254  2.4     
 2014  219 1441 37.4   3.882   3.4  -71.596   5.3   0.0   5.3  14  0.5 222  3.0     
 2014  220 0414 49.0   3.885   4.7  -71.549   8.4   4.1   9.3  20  0.7 224  3.6  3.6
 2014  220 0540  7.5   4.131   7.6  -71.544   9.5   0.0  10.0   5  0.5 249  2.1     
 2014  220 0900 10.5   3.916   5.7  -71.597   7.7   4.1   8.2   7  0.4 222  2.0     
 2014  220 1002 36.0   3.987   6.1  -71.610   7.0   0.0   7.8   5  0.5 235  2.0     
 2014  220 1947 48.7   3.958   5.7  -71.594   6.6   0.0   7.3   5  0.5 236  2.4     
 2014  220 2022 54.4   3.899   4.4  -71.582   8.5   2.0   7.9   9  0.6 223  2.6     
 2014  221 0621 11.0   3.904   3.3  -71.571   6.0   4.1   6.2  17  0.4 223  3.3  3.4
 2014  221 0915  5.5   3.910   2.6  -71.613   5.5   4.1   6.1  17  0.4 221  3.0  3.2
 2014  222 0312 34.6   3.888   3.0  -71.586   5.0   4.1   5.7  13  0.4 223  3.1  3.4
 2014  222 0406 55.1   3.887   4.9  -71.567   7.2   4.1   7.9   7  0.6 224  2.6     
 2014  222 0650 47.3   3.872   4.0  -71.597   6.4   0.0   6.9   5  0.5 222  2.1     
 2014  222 0718 58.0   3.857   4.2  -71.614   7.0   0.0   7.4   5  0.5 222  1.7     
 2014  222 0741  4.6   3.877   4.0  -71.661   6.7   0.0   7.2   5  0.5 219  1.9     
 2014  222 0812  4.8   3.885   3.7  -71.584   6.1   2.0   6.3   5  0.4 223  1.9     
 2014  222 0916  7.0   3.927  15.0  -71.589   9.0   0.0  12.4   5  0.4 293  1.9     
 2014  222 0937 15.8   3.905   4.1  -71.602   6.4   0.3   6.9  11  0.5 221  2.9  3.2
 2014  222 1133 12.3   3.912   4.7  -71.575   7.7   4.1   7.0   8  0.5 236  2.5     
 2014  222 1515 39.1   3.894   3.4  -71.579   5.4   4.1   7.1  13  0.5 223  2.9  3.2
 2014  222 2109 26.0   3.888   4.6  -71.582   7.7   4.1   8.7  16  0.8 223  3.1  3.4
 2014  222 2249  4.6   3.907   5.3  -71.571   8.8   0.0   8.9  14  0.9 223  3.3     
 2014  222 2330  9.4   3.915  11.5  -71.594   7.0   0.0   9.5   5  0.4 293  2.3     
 2014  223 0359 19.6   3.800   5.9  -71.703   8.9   4.1   8.1   5  0.6 218  2.1     
 2014  223 0427 59.2   3.894   4.6  -71.587   8.0   4.1   8.9   6  0.6 222  2.3     
 2014  223 0535 43.2   3.882   6.5  -71.596   8.1   0.0   8.1   5  0.5 222  1.6     
 2014  223 0602 38.2   3.969   6.6  -71.524  11.7   8.8   7.6   4  0.5 257  1.8     
 2014  223 0814 13.0   3.905  15.6  -71.565   9.3   4.1  12.2   4  0.7 294  1.8     
 2014  223 0930 28.0   3.878   4.2  -71.602  10.2   0.0   8.3   9  0.6 222  2.4     
 2014  223 0942 11.5   3.897   4.2  -71.605   5.3   4.1   5.5   6  0.4 221  1.8     
 2014  223 1041 32.2   3.844  12.6  -71.645   7.4   0.0  10.8   4  0.5 294  1.8     
 2014  223 1242 32.8   3.771  10.1  -71.690   7.5   0.0   9.0   4  0.4 295  1.9     
 2014  223 1336 57.4   3.962  16.5  -71.566   9.6   0.0  13.5   4  0.5 292  2.1     
 2014  224 0136 20.6   3.897   4.5  -71.606   7.4   0.0   8.3   5  0.5 221  2.9     
 2014  224 0632 21.2   3.840   5.8  -71.504   9.8   4.1  10.5   7  0.7 227  2.0     
 2014  224 0650 31.1   3.884   4.2  -71.594   9.5   0.0   8.8   9  0.5 222  2.5     
 2014  224 2003 49.7   3.871   2.2  -71.539   3.4   0.8   3.5   9  0.3 225  2.8  3.0
 2014  224 2012 43.3   3.876   2.7  -71.586   5.1   0.0   5.0  20  0.5 223  3.3  3.4
 2014  224 2018 58.2   3.861   3.4  -71.586   5.5   0.0   5.6   9  0.5 223  3.2  3.3
 2014  225 0636 15.3   3.906   7.3  -71.594  10.3   4.2  10.5  11  1.3 222  3.5  3.6
 2014  225 1318 10.9   3.898   2.6  -71.601   4.8   0.5   4.9  17  0.5 222  3.5  3.5
 2014  225 1530 24.8   3.893   5.2  -71.574   9.9   4.1   8.2   4  0.5 255  2.0     
 2014  225 1716 48.9   3.889   4.1  -71.594   6.8   0.0   6.9   9  0.5 222  3.1  3.2
 2014  225 1741  0.8   4.133  10.1  -71.588   9.6   4.1  10.0   5  0.6 269  2.2     
 2014  226 0227 58.3   3.853   7.4  -71.669  12.4   4.1  13.5  12  1.1 219  2.7     
 2014  226 0335 42.5   3.899   4.8  -71.720   9.2   4.2  10.1   7  0.7 216  2.2     
 2014  226 0337 39.1   3.881   3.2  -71.577   5.7   4.1   6.5  12  0.5 223  3.1     
 2014  226 0415  3.3   3.879  14.2  -71.560  11.2   4.1  12.2   4  0.8 294  1.9     
 2014  226 0832 35.4   4.108   9.4  -71.742   9.0   0.0   9.1   8  0.8 228  2.5     
 2014  226 0835 14.3   3.852   4.2  -71.576   7.1   5.3   7.5   6  0.5 224  1.8     
 2014  227 0514 23.0   3.849   4.7  -71.601   8.4   4.1   8.8  10  0.6 223  2.4  3.1
 2014  227 0519 10.0   3.849   4.4  -71.687   9.8   4.1  10.0   6  0.7 181  2.1     
 2014  228 0010 33.3   3.874   3.2  -71.576   5.2   4.1   5.8  17  0.5 223  3.1     
 2014  228 0309  3.8   3.918   6.5  -71.592  12.0   4.1  11.3   5  0.5 254  2.0     
 2014  228 0328 23.2   3.891   4.3  -71.591   6.7   4.1   7.7   8  0.5 222  2.3     
 2014  228 0329 47.0   3.871   6.2  -71.704  10.0   4.1  11.0   6  0.7 217  2.3     
 2014  228 0710 37.9   3.888   3.5  -71.586   6.2   4.1   7.0  13  0.5 223  3.2  3.5
 2014  228 0735  0.3   3.879   3.8  -71.630   6.3   4.1   7.3   6  0.6 221  2.3     
 2014  228 0806 51.2   3.882   4.9  -71.614   9.5   4.1   7.7   5  0.5 254  1.9     
 2014  228 1214  4.6   3.916   6.2  -71.610  12.7   4.1   9.6   4  0.6 253  2.0     
 2014  3 1 0746 28.8   3.912   3.1  -71.624   7.2   8.6   4.8   5  0.3 234  2.4     
 2014  3 1 0920 54.3   3.899   3.5  -71.631   6.0   4.1   5.8   7  0.2 182  2.3     
 2014  3 1 2250  3.4   3.893   2.7  -71.605   4.7   0.0   4.8  28  0.5 222  3.5     
 2014  3 2 0130 39.5   3.834   6.3  -71.589   8.7   4.1   9.3   6  0.6 185  2.2     
 2014  3 2 1056 27.6   3.881   6.1  -71.582   9.5   4.1  10.9   5  0.6 223  2.1     
 2014  3 2 2309 59.8   3.891   3.8  -71.632   6.0   0.0   6.8   5  0.4 220  2.2     
 2014  3 3 0311  0.1   3.874   3.1  -71.691   6.3   4.1   5.8   5  0.3 218  2.1     
 2014  3 3 0331 51.7   3.893   3.7  -71.447   4.7   7.0   5.0   7  0.4 229  2.3     
 2014  3 3 0740 50.5   3.862   5.2  -71.555   8.4   4.1   9.6   6  0.5 225  2.6     
 2014  3 3 0849 23.7   3.907   3.7  -71.593   6.0   4.1   7.0   9  0.4 222  2.4     
 2014  3 3 1354 35.5   3.882   5.5  -71.541  10.6   0.5  10.5   6  0.6 225  2.5     
 2014  3 5 1628 25.8   3.838  19.3  -71.720  19.6   4.1  17.0   4  1.2 293  2.1     
 2014  3 9 1822 33.5   3.776   4.2  -71.507   7.3   4.1   6.9   4  0.4 229  2.1     
 2014  310 0136 53.3   3.898   7.9  -71.579  12.3   4.1  10.1   4  0.6 255  2.1     
 2014  312 1134 11.8   3.903  12.8  -71.591   8.6   4.1  10.4   4  0.7 280  2.3     
 2014  312 2114 24.6   3.884   3.1  -71.617   5.9   4.1   5.6   5  0.4 221  2.4     
 2014  313 0220 22.3   3.888   7.4  -71.546   9.1   4.1  10.8   5  0.6 225  2.1     
 2014  313 1420 55.3   4.025  10.0  -71.565  12.4   4.1  12.1   5  0.8 270  2.5     
 2014  314 1043  4.5   3.973   7.6  -71.649   5.6   0.0   9.3   5  0.3 277  2.2     
 2014  315 0421 31.6   3.926   6.6  -71.578   9.2   4.1   9.9   5  0.6 222  1.6     
 2014  315 0655 43.0   3.898   4.1  -71.551   6.8   4.1   8.0  32  0.6 224  3.5  3.7
 2014  315 0747 35.6   3.908   5.6  -71.552   6.9   0.0   8.1   6  0.6 224  1.6     
 2014  315 0911 37.4   3.904  10.5  -71.572   9.6   4.1   8.3   4  0.5 313  3.4     
 2014  315 1002 31.7   3.812   9.7  -71.582   6.7   4.1   7.5   6  0.5 283  2.3     
 2014  316 0902 19.3   3.833   3.2  -71.319   4.7   4.1   5.6   7  0.4 236  2.3     
 2014  316 2311 36.1   3.892   9.2  -71.570  13.4   4.1  11.2   4  0.5 280  2.5     
 2014  317 0430 31.1   3.875   7.8  -71.551  11.6   4.1  13.5  17  1.1 225  3.7  3.7
 2014  317 1026  5.5   3.892   2.5  -71.546   3.9   4.1   4.7  34  0.5 224  3.9  4.0
 2014  317 1050 17.7   3.889   4.3  -71.592   6.2   4.1   7.0  10  0.5 222  2.6     
 2014  317 1627 19.6   3.833   7.3  -71.603   8.7   4.1  10.5   6  0.6 223  2.6     
 2014  317 1758  1.9   4.004   9.7  -71.549   7.1   4.1   8.2   4  0.5 279  2.3     
 2014  318 0023 10.6   4.046  10.3  -71.591   8.9   4.1  11.5   7  0.6 235  2.4     
 2014  318 0025 42.9   3.935  10.3  -71.646  10.2   4.1  13.0   5  0.7 278  2.1     
 2014  318 0239 26.5   3.929   5.3  -71.637   8.4   4.1  10.2   6  0.6 219  2.1     
 2014  319 1113 26.0   3.873   3.4  -71.575   5.9   4.1   6.0  25  0.6 223  3.4  3.6
 2014  319 1534 52.1   3.924   4.8  -71.512   6.5   4.1   6.6   6  0.5 225  2.3     
 2014  320 1018 19.9   3.864   4.0  -71.626  10.5   0.0   7.5  16  0.7 221  3.3     
 2014  322 2240 13.4   3.863   3.5  -71.605   4.5   4.9   5.2   5  0.3 237  2.2     
 2014  324 0013 18.1   3.863   4.6  -71.470   6.5   4.6   7.0   8  0.5 229  2.4     
 2014  324 2319 31.0   3.850   3.4  -71.391   5.2   4.1   5.9  34  0.6 232  3.9  3.9
 2014  325 0228 46.5   3.848   4.4  -71.385   6.4   4.1   6.6   6  0.5 233  1.9     
 2014  326 0230 48.6   3.823   3.8  -71.410   6.2   0.1   6.4   7  0.5 232  2.7     
 2014  326 0347 57.7   3.797   3.1  -71.447   5.4   0.0   5.5   8  0.4 231  2.8     
 2014  326 0920  8.9   3.859   4.2  -71.384   5.6   6.7   5.8   7  0.4 233  3.0     
 2014  326 1535 30.8   4.128   7.7  -71.259   6.0   4.3   5.4   5  0.3 311  2.3     
 2014  327 1021 16.6   3.926   3.4  -71.579   4.6   4.1   6.3  24  0.5 222  4.3  4.3
 2014  327 1258 51.9   4.082  17.5  -71.470  11.8   4.1   9.7   5  0.6 307  2.4     
 2014  327 2036 46.3   3.885   4.3  -71.625   7.6   4.1   8.1  13  0.5 221  2.8     
 2014  328 0058  7.2   3.864   3.7  -71.397   5.5   4.0   5.8   7  0.4 232  2.8     
 2014  328 0231 29.9   3.860   3.0  -71.407   4.4   4.5   4.9  14  0.4 232  3.3  3.4
 2014  328 0357 38.7   3.922  11.9  -71.443   9.1   0.0  10.6   6  0.5 283  2.4     
 2014  329 1948 22.5   3.868  12.6  -71.619   9.7   4.1   9.3   5  0.5 294  2.2     
 2014  330 0111 12.9   3.874   3.5  -71.589   7.3   1.3   7.2  12  0.4 223  3.3  3.5
 2014  330 0310 20.2   3.881   3.2  -71.586   5.6   0.0   5.9   9  0.4 223  2.8     
 2014  331 1139 28.6   3.880   4.5  -71.583   8.1   0.4   8.7  13  0.5 223  2.9     
 2014  331 1434 33.4   3.845   3.9  -71.651  11.2   0.0   8.6   4  0.4 252  2.4     
 2014  331 1443 19.9   3.909   3.8  -71.599   6.1   2.6   6.2  12  0.5 222  3.0     
 2014  4 1 0254 53.1   3.862   3.7  -71.573   6.2   0.0   6.8  11  0.5 224  2.9     
 2014  4 1 0431 38.3   3.877   3.2  -71.578   5.4   0.0   5.7  14  0.5 223  3.1  3.3
 2014  4 1 0958 41.5   4.017  13.0  -71.535  12.5   0.0  11.6   5  0.5 312  2.0     
 2014  4 1 1149 29.5   4.081   9.4  -71.349  10.2   0.0   9.1   5  0.3 309  2.5     
 2014  4 3 1431  1.9   4.084   5.7  -71.446   5.1   4.1   4.9   6  0.3 273  2.2     
 2014  4 4 0425 57.6   3.886   3.1  -71.592   5.5   0.6   5.3  19  0.5 222  3.6  3.7
 2014  4 4 0729 46.0   3.903   2.8  -71.572   4.5   0.0   5.2   8  0.4 223  2.4     
 2014  4 5 1153  7.8   4.062   9.6  -71.311  10.6   2.9   9.6   5  0.5 309  2.1     
 2014  4 6 0742 58.8   4.044   6.7  -71.569   7.2   0.0   7.9   5  0.5 236  2.2     
 2014  4 7 0449 29.8   3.920   7.6  -71.570  12.4   5.3  11.9   7  0.3 223  2.1     
 2014  4 7 0543 21.1   3.889   5.3  -71.645   7.3   4.1   8.9   6  0.5 220  1.9     
 2014  4 8 0559 52.2   3.889   2.9  -71.514   4.3   7.9   4.0   8  0.3 226  2.4     
 2014  410 1013 22.2   3.862   3.7  -71.395   5.2   4.1   5.7  11  0.5 232  3.8  3.9
 2014  410 1253 18.4   3.865   7.0  -71.382   6.9   4.1   8.8   6  0.5 233  2.5     
 2014  415 2127 31.3   3.840   8.7  -71.383  21.1   0.0  14.6   4  0.3 289  2.2     
 2014  415 2128 31.0   3.860   2.7  -71.392   4.6   2.4   4.8   5  0.3 232  2.8     
 2014  418 1301 20.8   3.933   6.0  -71.590   7.4   4.1   9.0   6  0.6 222  2.2     
 2014  419 0626 30.1   3.896   8.3  -71.592  13.2   4.1  11.1   4  0.4 279  1.6     
 2014  419 1756  5.4   3.923  12.6  -71.563   8.4   4.1   8.2   4  0.5 313  2.2     
 2014  420 1910 51.5   3.860   7.5  -71.641  11.2   4.1  10.9   5  0.5 252  2.4     
 2014  421 0814 12.0   3.900   5.7  -71.636  15.4   0.0  11.9   4  0.6 252  1.9     
 2014  422 2215 38.0   3.837   8.0  -71.500  13.3  10.0  12.3   7  0.6 189  2.4     
 2014  423 0500 24.0   3.810   5.6  -71.422  12.9   0.0  11.0   5  0.5 262  2.1     
 2014  423 0616 24.6   3.823   1.9  -71.388   3.2   0.0   3.5   6  0.2 233  2.5     
 2014  423 0935 25.9   3.924   6.1  -71.439   8.0   4.0   7.5   7  0.4 261  2.3     
 2014  423 1519 28.4   3.898   2.7  -71.550   4.6   4.1   5.3  21  0.5 224  3.5  3.8
 2014  423 1618 51.4   4.037  13.4  -71.561   9.3   4.1   9.2   4  0.6 311  2.2     
 2014  423 1633 47.5   3.949   5.0  -71.599   6.2   4.1   7.0   6  0.5 236  2.7     
 2014  423 1718 43.3   3.985  11.2  -71.559   8.1   4.1   7.6   4  0.5 312  2.2     
 2014  423 1838 15.7   3.885   3.3  -71.595   5.4   5.7   6.4  16  0.6 222  3.7  3.8
 2014  423 2125 28.4   4.014  11.2  -71.641   9.5   7.1   8.4   4  0.6 310  1.9     
 2014  423 2127 44.8   3.927  11.6  -71.576  20.7   4.6  18.0   9  0.6 183  2.3     
 2014  425 0123 49.8   3.975   4.4  -71.601   6.0   0.0   6.2   8  0.5 235  2.0     
 2014  425 0156  0.3   3.857   3.9  -71.318   8.1   1.8   7.1  12  0.6 236  2.6     
 2014  425 0229 11.0   3.998   8.1  -71.683  16.1   2.0  11.7   5  0.4 285  1.8     
 2014  426 1429  2.0   3.812   4.4  -71.533   6.9   4.1   7.9  12  0.6 227  3.2  3.4
 2014  427 0400 26.3   3.832   3.8  -71.444   5.5   4.1   6.5  14  0.4 230  2.9  3.2
 2014  428 1114 34.5   3.902   5.2  -71.627   8.4   4.1   8.4   7  0.5 220  2.1     
 2014  428 1135  0.3   3.861   4.0  -71.432   5.7   4.1   6.3   9  0.5 230  2.9     
 2014  5 2 0006 39.4   3.906   4.3  -71.545   6.7   4.1   7.5  16  0.5 224  2.6     
 2014  5 2 0145 14.3   3.881   4.2  -71.685   6.9   8.6   8.6   5  0.4 218  1.8     
 2014  5 3 0118 45.0   3.903   5.0  -71.545   6.8   4.1   8.0   8  0.6 224  2.3     
 2014  5 3 0625 48.5   3.901   5.9  -71.523   8.8   4.1   7.4   5  0.5 257  1.6     
 2014  5 3 0649  9.1   3.876  20.0  -71.522  13.1   4.1  12.4   3  0.7 327  1.6     
 2014  5 6 0618 56.6   3.817   4.3  -71.526   6.9   0.0   7.3   6  0.5 227  2.0     
 2014  5 7 0448 36.9   3.925   5.8  -71.665   7.1   0.0   7.8   5  0.5 234  1.7     
 2014  5 8 0208 42.1   3.937   9.5  -71.597  14.6   0.0  13.0   5  0.4 304  2.0     
 2014  5 8 2037 19.3   3.852   4.2  -71.439   8.2   4.1   8.2   5  0.4 230  2.4     
 2014  5 9 0940 22.7   3.831   3.7  -71.392   5.7   2.0   5.9   6  0.4 233  2.4     
 2014  510 0223  1.8   3.727   8.4  -71.613   7.9   0.0   7.9   5  0.4 284  1.6     
 2014  511 0136 51.9   4.085   7.1  -71.567  11.0   0.0   9.4   6  0.5 270  2.2     
 2014  511 1143 47.1   3.926   5.2  -71.596   6.4   4.1   7.4   9  0.5 221  2.5     
 2014  511 1505 21.5   3.948   4.7  -71.486   5.7   0.0   6.4   7  0.4 240  2.4     
 2014  511 1904 55.8   3.862   5.4  -71.553   7.1   0.0   8.3   8  0.6 239  2.6     
 2014  511 2312 55.8   3.991   8.0  -71.634   6.7   4.1   7.2   6  0.6 277  2.2     
 2014  513 0510 36.0   3.786  11.8  -71.646   8.3   0.0  10.3   4  0.5 295  1.3     
 2014  513 1425 12.3   3.916   3.7  -71.580   5.6   3.8   5.7  13  0.6 222  3.1  3.2
 2014  513 1602 13.6   3.903   3.8  -71.602   5.9   1.8   5.9  10  0.5 221  2.7     
 2014  513 1807 32.4   3.898   3.3  -71.567   5.7   2.8   5.7  24  0.6 223  4.3  4.2
 2014  513 1812  7.8   3.938  11.5  -71.586   9.2   0.0  10.9   5  0.6 279  2.5     
 2014  513 1830 34.1   3.866   3.5  -71.570   6.1   0.0   6.4  12  0.5 224  3.3     
 2014  513 1833 42.3   3.950  10.5  -71.595   8.4   0.0   9.9   8  0.5 279  2.7     
 2014  513 1956  6.9   3.968  10.4  -71.628  12.0   0.0  11.2   4  0.5 311  2.1     
 2014  513 2150  6.5   3.933   5.1  -71.630   5.7   0.0   7.5  10  0.5 220  3.0     
 2014  514 0116 41.6   3.871  10.5  -71.593  12.7   6.0  14.2   7  0.4 223  2.0     
 2014  514 0243 42.6   3.863   2.6  -71.591   4.1   4.1   4.8  26  0.6 223  3.4  3.6
 2014  514 0325 56.4   3.880   3.3  -71.638   5.1   4.1   5.8  18  0.6 220  2.8  3.1
 2014  514 0432 54.1   3.898   3.3  -71.633   6.2   4.1   7.1  10  0.5 220  2.2     
 2014  514 0435 16.8   3.869   6.5  -71.594  10.3   4.1   9.7   4  0.6 223  1.5     
 2014  514 0559 51.4   3.890   4.6  -71.607   6.9   4.1   8.1  10  0.6 183  2.6     
 2014  514 1008 57.7   3.825   3.9  -71.588   6.5   4.0   6.5   9  0.5 224  2.2     
 2014  514 1150 32.4   3.931  10.3  -71.626   9.1   0.0   9.9   5  0.5 279  2.3     
 2014  514 1259 41.3   3.977  12.7  -71.618  14.3   0.0  13.5   5  0.6 311  2.3     
 2014  514 2327 33.7   4.002   5.2  -71.648   6.0   0.0   7.4   6  0.4 233  2.3     
 2014  515 0204 43.1   3.867   8.6  -71.593   6.3   4.1   7.1   6  0.5 281  2.1     
 2014  515 0238 34.5   3.867   4.3  -71.584   6.4   4.1   7.1  19  0.6 223  2.8     
 2014  515 0350 21.1   3.920   3.6  -71.532   6.6   4.1   6.3   9  0.5 225  2.1     
 2014  515 0407 53.8   3.856   3.5  -71.589   5.3   4.1   6.3  24  0.6 223  3.1     
 2014  515 0416  3.5   3.876   3.3  -71.614   5.3   4.1   6.1   8  0.4 221  2.8     
 2014  515 0512 11.2   3.854   5.8  -71.616   8.1   4.1   7.9   6  0.6 222  1.6     
 2014  515 0631 54.7   3.920   5.5  -71.528   9.2   4.1   8.5   4  0.5 257  1.5     
 2014  516 0213 54.5   3.885   4.8  -71.521   6.0   4.1   7.7  17  0.5 187  2.4     
 2014  516 0431  6.4   3.878   2.6  -71.656   3.7   4.2   4.7  18  0.5 181  2.5     
 2014  516 0446 30.0   3.834   3.0  -71.588   4.0   4.6   4.8  11  0.5 185  1.9     
 2014  516 0508 13.8   3.898   5.5  -71.483   5.0   8.7   3.8   8  0.4 274  1.8     
 2014  516 0852 45.9   4.284   4.3  -71.416   4.4  46.0   8.7   6  0.2 307  1.7     
 2014  516 0900 43.5   3.889   4.6  -71.601   7.5   4.1   7.4   9  0.5 222  2.0     
 2014  517 0205 20.7   4.088   6.4  -71.511   5.7  19.7   2.7   4  0.2 312  1.4     
 2014  517 0456 54.1   3.878   3.5  -71.643   5.3   6.0   5.8  13  0.5 220  2.0     
 2014  517 0728  4.9   3.842   4.6  -71.713   7.4   8.9   7.1   6  0.6 217  1.6     
 2014  517 0756 44.7   3.905   2.8  -71.638   3.9   6.8   4.4   7  0.3 220  2.2     
 2014  517 1655 18.1   3.865   2.8  -71.598   4.7   1.2   4.8  12  0.4 222  3.0  3.3
 2014  517 1720 56.9   3.998   8.6  -71.591   6.9   0.0   8.0   5  0.4 278  2.4     
 2014  517 1848 35.6   3.984  11.4  -71.562  12.6   2.5  12.2   5  0.5 308  2.4     
 2014  517 1901 19.7   4.050  10.6  -71.593  10.9   0.0  10.6   4  0.4 311  1.9     
 2014  518 0004 20.1   4.007   5.9  -71.599   7.5   4.1   6.8   6  0.5 235  1.7     
 2014  518 0207 37.2   3.883   1.7  -71.633   2.5   4.1   3.0  28  0.4 220  3.1     
 2014  518 0341 32.4   3.786   3.4  -71.399   4.7   4.7   4.7  11  0.5 233  2.4     
 2014  518 0356 14.7   3.906   2.6  -71.656   3.7   4.1   4.4  15  0.4 219  2.2     
 2014  519 2102 36.5   3.997  13.4  -71.504  11.8   0.0  11.3   4  0.4 313  1.9     
 2014  520 0549 47.8   3.928   8.3  -71.522  12.0   4.1   9.7   5  0.5 285  2.1     
 2014  520 0737 10.6   3.924   4.3  -71.568   6.8   7.1   6.8   5  0.4 223  2.0     
 2014  520 2155 51.3   3.953   9.8  -71.664   8.0   0.0   9.4   5  0.5 277  2.3     
 2014  521 0848 33.6   3.981   4.9  -71.632   5.5   0.0   8.4   7  0.4 234  2.0     
 2014  522 0056 32.5   3.970   7.8  -71.640   5.9   7.4   5.9   6  0.5 278  2.0     
 2014  522 0449  3.0   3.881   3.4  -71.632   7.4   4.1   5.9   6  0.4 253  1.9     
 2014  522 0938 57.2   3.926   3.7  -71.524   5.3   4.1   5.9   9  0.5 225  2.2     
 2014  522 1253 45.7   3.856   3.7  -71.403   5.8   4.1   6.1  12  0.6 232  3.6     
 2014  523 0404 22.0   3.992   5.1  -71.486   6.6   7.8   5.6   4  0.3 272  1.2     
 2014  523 0437  1.5   3.921   5.1  -71.522   7.3   4.1   8.5   9  0.5 225  2.0     
 2014  523 0514 27.9   3.827   1.9  -71.617   3.8   5.6   3.0   5  0.1 254  1.3     
 2014  523 0530  8.1   3.778   4.1  -71.400   6.7   8.3   6.7   5  0.4 233  1.7     
 2014  523 0827  7.3   3.902   2.7  -71.556   2.8   4.1   4.1  18  0.3 185  2.6     
 2014  523 0922  0.1   3.891   4.2  -71.590   6.7   4.1   7.3   6  0.5 222  2.2     
 2014  523 1646 22.1   3.907   2.9  -71.516   5.5  10.9   9.5   9  0.4 226  2.6     
 2014  524 0011 22.3   4.048   7.3  -71.582   7.4   4.1   8.2   7  0.6 235  2.2     
 2014  524 0601 14.6   3.900   3.4  -71.580   6.0   0.0   6.6   7  0.5 223  2.4     
 2014  525 0447 32.9   3.919  12.1  -71.583  18.2   4.2  16.7   7  0.5 183  2.1     
 2014  525 0646 54.1   3.897   4.6  -71.623   6.9   5.0   6.7   6  0.3 221  1.8     
 2014  525 0902 57.8   3.870   7.8  -71.389  10.3   4.1  10.8   9  0.5 192  2.4     
 2014  525 1115  3.3   4.122   6.3  -71.554   6.3  30.0   3.8   7  0.3 270  2.1     
 2014  525 1525  3.8   3.907   2.6  -71.555   3.3   4.1   4.4  29  0.4 185  3.7  3.8
 2014  525 1638 27.4   3.804   4.8  -71.584   4.5  14.9   3.1   5  0.2 283  2.0     
 2014  525 1926  3.1   3.883   4.0  -71.588   6.2   0.0   6.5   6  0.5 223  2.2     
 2014  525 1940 44.2   3.951  10.1  -71.611   8.2   0.0   9.6   5  0.5 279  2.0     
 2014  525 2019 26.2   3.947  10.2  -71.587   8.4   0.0   8.7   5  0.4 279  1.9     
 2014  525 2104 38.4   3.907   3.9  -71.581   6.0   0.0   6.4   6  0.5 222  2.5     
 2014  525 2212 34.2   3.906   4.0  -71.559   6.1   2.9   6.4   6  0.5 224  2.6     
 2014  526 0014  2.7   3.834   4.5  -71.646   7.1   4.1   7.7   5  0.4 221  1.8     
 2014  526 0030 53.1   3.871   3.5  -71.563   5.8   4.1   5.9  16  0.5 224  3.0  3.3
 2014  526 0104 20.1   3.894   3.3  -71.532   7.6   0.0   4.9  10  0.4 225  2.7     
 2014  526 0134 41.6   3.776  14.7  -71.489   9.5   0.0  12.1   4  0.5 297  1.5     
 2014  526 0348 15.0   3.911   3.2  -71.577   6.0   4.1   6.8  10  0.4 223  3.2  3.8
 2014  526 0613 56.4   3.844   3.7  -71.423   9.0   3.8   6.7   6  0.4 262  2.1     
 2014  526 0942 22.5   3.945   7.4  -71.579   4.4   0.0   7.2   5  0.2 279  2.1     
 2014  526 1314 10.4   3.929  17.8  -71.583  10.5  10.9  11.3   4  0.4 296  2.0     
 2014  526 1503  3.4   3.905   3.6  -71.590   5.3   4.2   6.3  12  0.6 222  3.2  3.4
 2014  526 1603  8.7   3.930   3.3  -71.657   5.0  11.6   4.8  14  0.6 204  3.3  3.6
 2014  526 2157  2.6   3.733   2.8  -71.625   4.3   4.1   4.1  11  0.4 224  2.4     
 2014  526 2202 54.2   3.908   3.3  -71.542   4.9   4.1   4.9  16  0.5 224  2.6     
 2014  526 2351 24.4   3.850   4.3  -71.641   6.0   9.4   6.2   7  0.5 221  2.1     
 2014  526 2357 26.8   3.911   2.9  -71.558   3.9   4.1   4.7  26  0.5 223  3.7     
 2014  527 0002 54.1   4.004   6.2  -71.329   8.6   4.1   7.6   6  0.5 265  2.3     
 2014  527 0027 38.1   3.890   4.3  -71.579   6.6   4.1   6.9   9  0.5 223  2.2     
 2014  527 0050 46.4   3.950   7.0  -71.606   5.9   4.9   6.4   4  0.3 292  1.5     
 2014  527 0205  0.3   3.918   4.8  -71.552   6.7   4.1   7.2   8  0.5 224  2.3     
 2014  527 0356 46.2   3.873   7.3  -71.591  12.5   0.0  11.5  10  0.5 184  2.5     
 2014  527 0419 27.1   3.800   9.5  -71.435   7.3   5.5   7.9   5  0.6 286  1.8     
 2014  527 0425 28.5   3.886   5.8  -71.605   7.4   4.1   9.0   6  0.5 222  1.9     
 2014  527 0548 26.3   3.917   5.2  -71.593   7.8   4.7   8.7  11  0.5 183  2.3  2.8
 2014  527 0558 57.9   3.980   9.2  -71.555   6.5   4.1   6.5   5  0.4 237  1.9     
 2014  527 0929 17.7   3.983   6.9  -71.579   6.9   4.1   9.1  10  0.6 221  2.2     
 2014  527 1208 37.7   3.833   4.9  -71.339   9.6  12.0  15.3   6  0.5 235  2.9  3.3
 2014  527 1707 37.9   3.980  10.5  -71.595   7.3   4.1   8.8   6  0.6 270  2.5     
 2014  527 1736 28.6   3.890   3.9  -71.573   6.4   0.9   7.1  12  0.6 223  3.3  3.5
 2014  527 1837 52.6   3.976  13.2  -71.601  12.8   0.0  13.5   5  0.4 303  2.6     
 2014  527 2059 33.0   3.937   4.6  -71.569   6.9   5.5   6.7  16  0.6 222  2.4     
 2014  527 2314 25.4   3.916   4.8  -71.500   6.3   4.1   5.9  11  0.5 226  2.2     
 2014  528 1234  2.7   3.789   6.3  -71.523   7.5   4.1   9.2   7  0.7 189  2.4     
 2014  528 2014 43.2   3.885   3.1  -71.570   4.3   4.1   4.7  17  0.5 223  2.8     
 2014  528 2017 49.5   3.913   2.8  -71.579   3.8   4.1   4.2  20  0.4 222  3.1     
 2014  528 2102 45.4   4.073   5.8  -71.709   4.6   2.4   3.0  10  0.5 266  2.1     
 2014  529 0540 39.7   3.920   3.2  -71.572   4.7   6.0   5.2  18  0.6 184  3.1  3.4
 2014  529 0542 46.9   3.954   2.7  -71.767   3.8  20.0   3.0   7  0.3 212  2.9  3.1
 2014  529 0550 24.1   3.893   4.9  -71.631   8.5   4.1   7.4   5  0.5 253  2.2     
 2014  529 1541 33.4   3.906   3.6  -71.585   6.2   1.1   6.1  13  0.6 222  3.0  3.3
 2014  530 1037 17.1   3.899   5.1  -71.599   8.0   6.2   8.3   8  0.7 222  2.1     
 2014  530 1415 39.3   3.888   7.9  -71.673  13.8   5.4  12.6   6  0.6 251  2.1     
 2014  530 1630 46.6   3.927   4.4  -71.564   5.9   4.1   6.9   8  0.6 223  2.6     
 2014  530 1825 24.9   3.882  10.2  -71.656  15.3   4.1  14.4   6  0.6 252  2.6     
 2014  530 1826 28.5   3.862   4.8  -71.622   7.0   4.1   7.9   6  0.6 221  3.0     
 2014  530 1827 47.5   3.871   5.3  -71.641   9.3   4.1   8.0   5  0.5 252  3.0     
 2014  530 1828 49.1   3.894   3.0  -71.621   5.3   4.1   4.9   6  0.3 221  2.8     
 2014  530 1838 21.8   3.874   3.1  -71.630   4.2   4.1   4.7  15  0.4 221  2.4     
 2014  530 1853 52.7   4.015   8.9  -71.587   6.9   6.0   5.5   6  0.4 303  1.9     
 2014  530 1859 55.0   3.859   3.7  -71.630   3.9   4.1   4.1   7  0.3 236  2.1     
 2014  530 1905 13.0   3.925   6.2  -71.600   7.6   4.1   6.2   7  0.5 269  2.1     
 2014  530 1914 50.6   3.892   3.1  -71.618   4.1   4.1   4.7  17  0.5 221  2.6     
 2014  531 0003 18.9   3.884   1.8  -71.538   2.4   4.1   2.7   7  0.2 225  2.1     
 2014  531 0828  1.3   3.888   5.4  -71.574   9.1  17.0   6.9   6  0.6 223  2.1     
 2014  6 2 0144 29.6   3.775  15.9  -71.612  12.7   4.1  17.6   6  0.9 238  2.1     
 2014  6 2 0251 16.7   3.856   2.8  -71.608   4.1   4.1   4.6   5  0.3 222  2.0     
 2014  6 2 0746 41.4   3.885   9.8  -71.563  15.5   4.1  11.6   4  0.5 280  2.1     
 2014  6 2 1447  9.9   3.770  12.9  -71.418  10.5   4.1   9.1   4  0.6 287  2.2     
 2014  6 3 1059 55.5   3.941   3.8  -71.570   5.5   6.7   5.8  13  0.6 183  2.8  3.1
 2014  6 4 0317 23.5   3.881   2.8  -71.580   4.2   4.1   5.0  29  0.5 223  3.6  3.8
 2014  6 4 0334 34.8   3.905   4.6  -71.586   6.7   4.1   6.7   6  0.5 222  2.0     
 2014  6 4 0823 13.7   3.869   3.3  -71.612   5.8   4.1   6.8  23  0.5 222  3.1  3.4
 2014  6 4 1226 17.4   3.880   5.5  -71.636  10.1   4.1   8.8   4  0.5 253  2.0     
 2014  6 4 1900 10.1   3.914   5.0  -71.584   7.8  10.4   6.7   6  0.5 235  2.5     
 2014  6 4 1926 51.8   3.855   4.8  -71.550   6.9   4.1   7.7   6  0.6 225  2.8     
 2014  6 4 1951 25.9   3.870   5.1  -71.601   8.6   6.6   9.0   5  0.6 222  2.3     
 2014  6 4 2017 40.2   3.910   4.2  -71.606   6.8   4.0   7.1  12  0.6 221  3.1  3.4
 2014  6 4 2039 37.9   4.035   6.9  -71.614   8.3   0.0   8.3  10  0.6 234  2.7     
 2014  6 4 2306 20.3   3.881   3.0  -71.611   5.2   0.1   5.3  25  0.5 221  3.8  4.0
 2014  6 5 0104 43.5   3.904   3.2  -71.555   4.7   4.1   5.4  29  0.5 224  3.6  3.8
 2014  6 5 0111 44.0   3.897   4.5  -71.574   6.3   4.1   7.2  12  0.6 223  2.6     
 2014  6 5 0157 39.4   3.901   8.8  -71.553   6.4   4.1   7.2   5  0.5 281  2.0     
 2014  6 5 0225 30.3   3.886  10.9  -71.617   6.2   0.0   9.1   4  0.4 293  1.8     
 2014  6 5 0245 17.8   3.891  15.7  -71.571   8.9   0.0  11.4   4  0.4 294  1.6     
 2014  6 5 0505 26.2   3.894   4.2  -71.624   6.4   4.1   7.2   7  0.5 221  1.9     
 2014  6 5 0509 20.8   3.896   5.4  -71.615   8.7   4.1   9.7   4  0.5 221  1.8     
 2014  6 5 0651 46.0   3.913   3.7  -71.586   6.7   4.1   7.8  14  0.5 222  2.4     
 2014  6 5 1149 54.8   3.887  10.2  -71.788  10.4   4.2   9.9   5  0.7 277  1.7     
 2014  6 5 1554 44.0   3.813   5.7  -71.651  12.4  10.6   8.4   4  0.6 252  2.3     
 2014  6 5 1556 49.8   3.782   5.3  -71.673  12.0   8.0   8.4   4  0.5 252  2.1     
 2014  6 5 2357 56.7   4.000   9.9  -71.609   8.6   0.0   9.9   5  0.6 235  1.9     
 2014  6 6 0003 51.0   3.870   5.7  -71.620  11.0   4.1  10.4   8  0.7 221  2.1     
 2014  6 6 0442 16.6   3.892   3.8  -71.586   6.3   4.1   7.5   8  0.6 223  2.2     
 2014  6 6 1611 38.3   3.887   5.1  -71.610   6.6   4.1   8.1   8  0.6 221  2.7     
 2014  6 6 1612  7.1   3.819   4.7  -71.625   8.7   4.1   7.7   6  0.5 222  2.9     
 2014  6 6 1716 23.5   3.921   4.1  -71.582   5.8   4.1   6.7   7  0.5 222  2.6     
 2014  6 6 2128 42.4   4.128  11.1  -71.695   9.3   0.0  12.2   4  0.5 272  2.6     
 2014  6 6 2345 58.7   3.943   5.5  -71.635  10.1   4.1   9.8   5  0.6 235  2.3     
 2014  6 8 0525 16.2   3.888   4.3  -71.544   6.1   4.1   6.8  14  0.5 225  2.5     
 2014  6 8 0733 58.4   3.886   4.1  -71.646   7.7   4.1   8.5   5  0.4 220  1.9     
 2014  6 8 1034 43.2   3.858   4.7  -71.592   6.9   4.1   7.3  19  0.6 185  2.9  3.3
 2014  6 8 1614 51.7   3.812   5.3  -71.601   7.9   6.4   8.4   6  0.6 223  2.5     
 2014  6 8 1927 28.5   3.904   6.2  -71.626  10.5   4.2   9.2   5  0.6 253  2.3     
 2014  6 8 1931  2.1   3.891  11.5  -71.602   9.4   4.1   8.6   5  0.7 280  2.1     
 2014  6 8 2330 39.1   3.986  13.0  -71.584   9.7   0.0  11.8   4  0.6 278  2.5     
 2014  6 9 1824  9.8   3.891   5.6  -71.589  10.9   0.0   9.7   9  0.5 248  3.3     
 2014  6 9 1940 50.2   4.075   6.8  -71.420   9.3   0.0   8.9   4  0.5 274  2.2     
 2014  6 9 2206 51.7   3.991   6.9  -71.603   6.6   4.1   6.9   6  0.5 283  2.2     
 2014  610 1308 34.8   3.885   3.5  -71.593   5.5   4.1   6.6  21  0.5 222  3.1     
 2014  611 0136 17.0   4.021   5.4  -71.528   6.4   0.0   7.3   8  0.4 237  2.3     
 2014  611 1901 20.9   3.794   8.8  -71.584   7.4   4.1   6.3   5  0.4 283  2.3     
 2014  613 0800 45.8   3.927   2.5  -71.492   3.6   4.0   4.5   4  0.3 226  2.0     
 2014  613 0920 37.0   3.836   4.4  -71.582   5.9   4.1   6.5  13  0.6 224  2.2     
 2014  614 1136 31.9   3.884   3.4  -71.617   5.9   4.1   6.0   6  0.4 221  2.3     
 2014  614 1938 27.7   3.789   4.1  -71.636   5.6   4.1   6.6   5  0.4 222  2.5     
 2014  614 1959 48.0   3.803   7.4  -71.626   6.0  10.9   4.4   6  0.3 237  2.3     
 2014  615 1733 12.5   3.999   9.3  -71.758   7.4   0.0   5.4   4  0.6 274  1.9     
 2014  615 2310 27.8   3.898   7.8  -71.637  12.5   4.1  10.9   5  0.5 275  2.3     
 2014  616 0125 35.0   4.081   8.8  -71.590  13.6   0.0  12.3   7  0.5 269  2.3     
 2014  616 0217  6.1   3.866   3.6  -71.583   8.9   0.0   6.9   8  0.3 255  2.0     
 2014  616 1018 21.9   3.806   4.9  -71.470  13.7   0.0   8.9   9  0.5 260  2.7     
 2014  618 0811 40.3   3.872   3.8  -71.589   5.9   0.0   6.6   5  0.4 223  2.0     
 2014  619 0255 36.1   3.879   4.0  -71.625   6.6   0.6   7.5   6  0.5 221  2.2     
 2014  619 0445 38.3   3.886   3.5  -71.564   6.0   0.0   6.4   6  0.5 224  2.4     
 2014  619 1802 10.0   3.852   4.7  -71.455   6.7   0.0   6.4   8  0.5 229  2.5     
 2014  619 1853  2.5   3.912   5.6  -71.633   7.5   5.1   9.5   7  0.5 220  2.7     
 2014  619 1859 22.4   3.895   4.3  -71.599   8.2   1.6   7.5  10  0.5 222  2.9     
 2014  619 1954 11.6   3.883   3.6  -71.582   5.3   4.1   6.6  16  0.5 223  3.0     
 2014  619 2023 26.2   3.902   4.9  -71.611   7.7   4.1   7.7   7  0.6 221  2.3     
 2014  619 2328  9.5   3.774   9.9  -71.424   7.0   4.1   7.4   4  0.5 286  2.1     
 2014  620 0050 25.7   3.823   2.6  -71.332   3.8   0.0   4.0   6  0.3 236  2.4     
 2014  620 2331 58.5   3.862   2.8  -71.579   4.4   4.1   5.3  30  0.5 223  3.5  3.7
 2014  621 0013  9.3   4.037   4.9  -71.507   5.9   0.0   6.1   5  0.3 272  2.5     
 2014  621 0222 42.8   3.896   3.3  -71.590   5.9   4.0   6.1  10  0.5 222  3.1  3.4
 2014  621 0244 31.1   3.860   3.7  -71.402   8.7   4.0   7.1   6  0.4 263  2.4     
 2014  621 0331  0.9   3.869   3.5  -71.622   6.5   2.2   6.7   9  0.5 221  2.8     
 2014  621 0333 42.5   3.834   3.6  -71.734   8.0   0.0   9.0   5  0.5 216  2.4     
 2014  621 0338 22.9   3.868   3.8  -71.591   6.7   0.0   7.4   6  0.5 223  2.8     
 2014  621 0426 51.7   3.907   4.3  -71.557   6.7   4.0   7.2   9  0.5 224  2.6     
 2014  621 0923 17.7   3.869   2.2  -71.597   3.5   1.2   3.8   6  0.3 222  2.1     
 2014  621 2357 27.7   3.916   6.5  -71.548   9.5   4.1   8.2   9  0.6 256  2.2     
 2014  622 0106 55.3   4.009   7.4  -71.508  10.2   0.0   9.6   8  0.5 272  2.2     
 2014  622 0234 53.1   3.845   2.8  -71.453   4.7   0.3   5.0   8  0.4 230  2.5     
 2014  625 0727 39.6   3.924   4.2  -71.506   5.6   4.1   6.9  38  0.6 226  4.4  4.4
 2014  625 0744 23.7   3.913   6.3  -71.533   9.5   4.1   8.4   7  0.6 257  2.5     
 2014  625 0842  5.9   3.949   6.0  -71.632  10.6   4.1  10.5   7  0.7 219  2.0     
 2014  625 0850 43.0   3.918   7.3  -71.679  11.6   4.1  13.7   6  0.8 217  1.9     
 2014  625 1210 24.3   3.958   3.4  -71.476   5.3   4.4   5.9   9  0.5 227  2.7     
 2014  625 1328 22.9   3.914   3.5  -71.523   5.8   4.0   5.9  14  0.5 225  3.1  3.3
 2014  626 0546 59.3   3.922   5.0  -71.560   7.6   4.1   6.4   6  0.4 273  2.1     
 2014  626 0618 39.2   3.886   3.7  -71.579   5.9   4.1   6.6  12  0.6 223  2.6     
 2014  626 0620  5.2   3.886   3.1  -71.589   4.5   4.1   5.4  28  0.6 222  3.3  3.5
 2014  626 0624 17.2   3.856   3.0  -71.571   4.7   4.1   5.1  21  0.5 224  2.7     
 2014  626 0658  9.0   3.920   4.3  -71.664   7.0  17.2   6.4  12  0.6 218  2.3     
 2014  626 0704 32.7   3.904   3.7  -71.598   5.7   4.1   5.6   9  0.5 222  1.9     
 2014  626 0712 25.7   3.901   3.5  -71.666   5.9   9.0   5.9  15  0.5 218  2.6     
 2014  626 0823  4.9   3.908   3.4  -71.546   5.1   4.1   6.0  10  0.5 224  2.5     
 2014  626 0850 13.5   3.907   3.1  -71.541   4.9   4.1   5.8  17  0.4 224  2.8     
 2014  626 1719 52.6   4.054  14.4  -71.462  14.5   0.0  13.8   4  0.6 313  2.2     
 2014  626 1935 28.8   3.864   3.8  -71.633   6.2   0.0   6.6   7  0.5 221  2.7     
 2014  627 1513 49.1   3.915   4.3  -71.562   9.4   0.0   7.5   6  0.4 256  2.7     
 2014  628 0052 27.9   3.881   2.7  -71.636   4.0   4.1   4.8  19  0.5 220  2.7     
 2014  628 0330  8.0   3.656   7.2  -71.715   8.6  10.5   4.5   4  0.3 327  1.4     
 2014  628 0537 55.9   3.944   4.3  -71.471   7.7   4.1   6.2   6  0.4 259  1.6     
 2014  629 2026 22.9   3.916   4.3  -71.621   8.0   6.0   8.4   9  0.5 220  2.7     
 2014  629 2201 51.1   3.892   3.5  -71.652   6.6   2.5   6.6   5  0.4 219  2.0     
 2014  630 1000 46.9   3.876   3.5  -71.549   4.4   5.5   4.9  17  0.5 225  2.6     
 2014  7 1 0413 38.5   3.895   4.0  -71.561   5.1   4.1   5.8  14  0.5 224  2.2     
 2014  7 3 0104 25.8   3.915   3.3  -71.567   6.0   2.0   6.3   7  0.5 223  2.8     
 2014  7 3 0425 53.2   3.883   5.0  -71.612   8.5   4.1   9.8   8  0.7 221  2.3     
 2014  7 4 0622 58.5   3.882   4.7  -71.664  10.0   0.0   9.5   8  0.6 219  2.3     
 2014  7 4 0831 27.2   3.849   2.6  -71.485   4.0   1.6   5.5   4  0.3 228  2.3     
 2014  7 4 1003 27.9   3.997   5.9  -71.611   5.3   6.0   5.3   8  0.5 235  1.8     
 2014  7 4 1127 26.5   4.057   5.5  -71.597   5.9   9.7   5.5   7  0.5 235  1.8     
 2014  7 4 1838 18.2   3.870   7.1  -71.569   6.1   8.6   4.7   4  0.3 313  1.8     
 2014  7 4 2039 10.7   3.880   4.0  -71.614   7.3   0.0   6.7   6  0.5 221  2.1     
 2014  7 5 1600 42.3   3.861  12.6  -71.510  10.7   0.0  10.0   5  0.5 283  2.3     
 2014  7 5 1840  6.5   3.817   9.6  -71.655   8.3   0.0   9.6   5  0.5 281  2.2     
 2014  7 6 1122 28.0   3.898   6.2  -71.677   7.1   4.1   6.2   9  0.5 260  2.2     
 2014  7 6 1642 27.6   3.895   5.9  -71.559   5.1   7.3   3.8   4  0.3 313  1.7     
 2014  7 7 1906 38.6   3.901   9.6  -71.596   7.6   4.1   8.2   5  0.6 280  2.3     
 2014  7 8 1617 30.7   3.681   8.7  -71.717   6.6   8.9   7.2   4  0.4 297  2.3     
 2014  7 9 0210  9.5   3.918   5.1  -71.501   8.1  16.0   6.7   9  0.6 239  2.8     
 2014  7 9 0508  8.9   3.877   7.2  -71.621   8.3   4.1  11.3   6  0.6 221  2.0     
 2014  710 0823 13.2   3.915   5.0  -71.584   8.4   5.1   7.5   6  0.5 255  2.4     
 2014  715 0110  1.5   3.909   3.6  -71.506   5.5   4.1   5.7  13  0.5 226  2.5     
 2014  715 1237  4.9   3.894   5.4  -71.567  10.8   4.1   8.3   4  0.5 256  2.1     
 2014  715 1744 33.2   3.845   4.0  -71.361   6.7   1.0   6.8  20  0.5 234  3.4  3.6
 2014  715 1822  5.2   3.913  13.0  -71.514   9.3   4.1   7.7   4  0.5 314  2.1     
 2014  715 2150 41.8   3.947   6.0  -71.566  11.3   4.1   9.7   6  0.6 255  2.4     
 2014  716 0347 14.4   3.938   4.4  -71.461   8.7   4.1   7.1   5  0.5 260  2.2     
 2014  719 0212  4.5   3.889   9.4  -71.586   7.6   4.1   8.0   6  0.6 281  2.0     
 2014  719 0634 41.6   3.839   4.9  -71.450   7.4   4.1   7.4   6  0.5 230  1.9     
 2014  720 2047 32.5   3.896   2.8  -71.566   5.5   0.7   5.1  15  0.5 223  3.7  3.9
 2014  720 2053  8.3   3.925  13.7  -71.593   8.7   0.0  13.0   5  0.5 271  2.3     
 2014  721 0808  4.8   3.893   5.0  -71.608  11.1   0.0  10.7  19  0.5 248  3.3  3.5
 2014  721 1555 16.1   3.853   5.9  -71.542   7.3   4.1   8.3   8  0.6 225  2.4     
 2014  722 0304 53.0   3.959   4.5  -71.517   9.7   0.3   8.3   5  0.5 257  2.0     
 2014  722 0711 30.6   3.943   9.3  -71.479  13.0   6.0  12.3   5  0.6 288  2.1     
 2014  723 1203 59.7   3.898   5.6  -71.549   7.9   4.1   8.9  15  0.6 224  2.6     
 2014  726 0414 22.3   3.894   3.4  -71.590   5.8   4.1   6.3  14  0.5 222  2.5     
 2014  726 0424 11.1   3.852   5.0  -71.680   9.1   4.1   8.2   5  0.6 219  1.7     
 2014  726 0427 27.2   3.912   5.5  -71.577  12.2   4.1   9.9   4  0.6 255  1.8     
 2014  726 0703 31.9   4.252   5.8  -70.669   7.3   4.1   6.5  10  0.5 256  2.3     
 2014  726 0750 22.2   3.891   3.5  -71.537   5.2   4.1   6.1  18  0.5 225  2.4     
 2014  727 0759 39.4   4.059   5.8  -71.565   7.3   0.0   7.7   6  0.5 236  2.2     
 2014  727 1529 50.0   3.898   3.2  -71.641   5.3   5.3   5.9  25  0.5 220  3.0     
 2014  730 0245  8.9   3.917   5.4  -71.571  12.8   4.0   9.5  12  0.6 255  3.1     
 2014  730 1916 48.7   3.912   3.1  -71.555   5.1   0.7   5.5  11  0.4 224  3.1  3.3
 2014  731 0119 22.5   3.937   5.4  -71.563   5.4   4.1   8.4  13  0.5 223  2.9     
 2014  731 0759 10.5   3.916   4.6  -71.567   9.3   0.0   7.8   6  0.4 255  1.7     
 2014  731 0803 41.9   3.899   5.4  -71.572   8.1   4.1   7.4   9  0.6 255  2.1     
 2014  731 0924  2.3   3.822   4.4  -71.493   7.3   4.1   6.1  11  0.5 253  2.1     
 2014  8 2 1036 54.3   3.912   9.7  -71.541  11.7   0.0   8.9   6  0.4 271  2.2     
 2014  8 2 1911 55.6   3.878  14.0  -71.526   9.5   4.1   7.6   4  0.5 327  2.1     
 2014  8 5 0107 55.1   3.912   2.2  -71.543   3.2   7.1   3.5  29  0.5 224  3.0  3.2
 2014  8 5 0621 55.5   3.918   2.6  -71.519   4.1   0.0   4.3  16  0.4 225  2.7     
 2014  8 5 0819 42.0   3.885   4.5  -71.632   7.2   0.0   7.6   6  0.5 220  2.0     
 2014  8 6 1029 10.9   3.883   8.3  -71.596   7.1   0.0   9.7   7  0.5 237  2.3     
 2014  8 7 0704 42.5   3.875   4.5  -71.585  11.5   0.0   8.9   8  0.5 255  2.3     
 2014  8 8 0534 45.5   3.796   5.7  -71.614   7.8   5.4   6.1   5  0.4 269  1.5     
 2014  8 8 0718 27.4   3.921   4.2  -71.557   7.0   4.1   6.2   5  0.4 256  2.2     
 2014  8 8 2336 47.7   3.864   4.1  -71.566   6.1   4.0   7.0   6  0.5 224  2.4     
 2014  8 9 0030 58.0   3.893   2.6  -71.582   3.9   4.1   4.6  30  0.5 223  3.5  3.8
 2014  8 9 0100 24.6   3.891   2.3  -71.597   3.7   4.1   4.0  27  0.4 222  2.9     
 2014  8 9 0102 25.0   3.880   2.8  -71.596   3.8   4.1   4.2  25  0.5 222  2.8     
 2014  8 9 0107 37.9   3.959   3.1  -71.514   5.5  12.0   4.5   7  0.4 225  2.0     
 2014  8 9 0109 21.1   3.887   3.2  -71.588   5.1   4.1   5.6  19  0.5 222  2.7     
 2014  8 9 0120 42.1   3.922   5.0  -71.768   5.0   0.0   3.9   6  0.5 230  1.7     
 2014  8 9 0159 29.5   4.085   5.2  -71.539   6.3   4.3   5.5   6  0.4 271  2.2     
 2014  8 9 0223 26.0   3.838   6.7  -71.623   5.8   4.1   5.3   5  0.3 268  2.1     
 2014  8 9 0305 33.1   3.895   8.0  -71.607   7.4   4.1   7.1   9  0.5 280  2.0     
 2014  8 9 0736 12.1   3.905   3.6  -71.587   6.5   1.2   6.9   8  0.5 222  2.4     
 2014  8 9 1256 59.8   3.884   3.6  -71.592   6.5   0.8   6.8  22  0.5 222  3.5  3.7
 2014  810 0018 38.4   3.897   8.7  -71.521   5.8   4.1   6.2   5  0.4 282  1.7     
 2014  810 0036 36.6   4.065   6.4  -71.549   8.5   4.1   6.8   5  0.5 270  1.7     
 2014  810 0301 50.5   3.908   3.2  -71.621   5.1   4.1   5.1  12  0.4 220  2.3     
 2014  810 0601 38.0   3.876   8.8  -71.526   7.2   4.1   6.1   4  0.4 314  1.4     
 2014  811 2152 14.8   3.846   3.5  -71.450   6.2   0.0   5.9   5  0.4 230  2.2     
 2014  812 2247 16.9   3.838   4.6  -71.331   9.5   4.0   7.7   7  0.4 266  2.4     
 2014  813 0046 54.9   3.934   7.0  -71.447   8.7   4.1  10.2   4  0.6 241  2.1     
 2014  814 0804  7.8   3.887   3.4  -71.562   5.4   4.1   6.6  15  0.6 224  3.6  3.7
 2014  815 0201  3.6   3.919   9.8  -71.459   6.7   4.1   5.8   4  0.4 314  1.8     
 2014  816 0417 34.8   3.982   8.0  -71.465  10.1   4.1  10.0   4  0.5 291  1.9     
 2014  816 0821 18.9   4.202  12.0  -71.512  14.2   0.0  13.4   4  0.5 308  1.8     
 2014  821 0845  9.9   3.844   3.8  -71.494  13.5   2.5   9.8   4  0.4 259  2.2     
 2014  822 0655 41.9   3.858   2.3  -71.653   8.0  15.3  10.7   8  0.3 252  2.2     
 2014  824 1525 27.7   3.806   3.6  -71.302   7.6   2.0   6.5  10  0.4 237  3.1  3.3
 2014  825 0303 52.3   3.884   4.2  -71.466   8.9   3.5   8.2   9  0.5 228  2.3     
 2014  825 0639 21.2   3.888   1.5  -71.503   4.0   6.2   5.8   7  0.1 227  2.1     
 2014  825 0710 27.3   3.852   3.7  -71.587  13.6   0.0  10.0   6  0.5 255  2.4     
 2014  825 0728  0.0   3.831   2.5  -71.372   5.2   6.0   8.8   9  0.3 234  2.6     
 2014  828 1550 16.2   3.900   4.6  -71.556   9.1  16.0  15.0   8  0.4 224  3.3     
 2014  828 1938 31.2   3.858   3.8  -71.500   7.8   0.0   7.1   6  0.5 227  2.8     
 2014  829 0207 41.7   3.865   3.0  -71.682   5.9   0.0   7.9   6  0.4 218  2.3     
 2014  829 0852  1.8   3.930   5.9  -71.621  11.6  25.8  20.7   5  0.6 181  2.4     
 2014  830 0206  4.6   3.810   3.1  -71.540  12.5  24.0  19.5   5  0.4 257  2.1     
 2014  830 0231  0.7   3.860   2.4  -71.687   5.9   0.0   6.8   5  0.2 218  2.1     
 2014  830 0617 18.9   3.842   3.8  -71.306  18.5   2.6  12.5   5  0.5 267  2.0     
 2014  9 1 2143 50.9   3.925   4.8  -71.517  13.5   4.5  19.2   5  0.4 271  2.2     
 2014  9 2 1620 54.1   3.651   7.1  -71.356  18.0   4.0  13.0  10  0.8 238  2.4     
 2014  9 4 1014 43.7   3.992   3.0  -71.241  10.6   1.0   8.0   9  0.2 279  2.3     
 2014  9 6 0024 20.6   3.859   3.7  -71.544   7.9   0.0   6.8  16  0.5 225  2.6     
 2014  911 1803 38.4   3.895   4.8  -71.485   9.4  21.2  16.6   6  0.6 227  2.3     
 2014  912 1105 37.2   3.743   6.5  -71.433   9.5  15.0  13.3   6  0.4 233  2.2     
 2014  912 2055  8.2   3.860   2.7  -71.581   6.3  22.3  11.2  13  0.4 223  2.4     
 2014  915 0659  4.4   3.823   2.3  -71.457   4.8   0.0   4.2  15  0.3 230  3.2  3.4
 2014  915 2236 17.1   3.878   4.4  -71.484  14.5   3.5   9.7   6  0.5 259  2.7     
 2014  917 0818 13.1   3.859   4.3  -71.618   6.6   0.0   7.3   6  0.5 222  2.6     
 2014  920 2300 39.5   3.780   4.4  -71.431   8.8   0.0   7.4   9  0.4 232  2.9     
 2014  921 0204 55.6   3.899   3.6  -71.608   5.4   4.1   6.4  18  0.6 221  2.6     
 2014  921 0411 56.2   3.892   2.5  -71.602   4.2   4.1   5.0  20  0.5 222  2.9  3.3
 2014  921 1119 22.4   3.878   4.3  -71.601   6.8   2.0   7.0  16  0.5 222  3.1  3.4
 2014  922 1333 12.3   3.891   2.9  -71.570   5.1   4.1   5.4  17  0.5 223  2.7     
 2014  922 1644  9.7   3.883   3.8  -71.569   5.9   4.1   5.7  11  0.4 223  2.3     
 2014  922 1822 46.1   3.920   4.7  -71.550   6.3   5.1   6.6  12  0.5 224  2.3     
 2014  925 1653 40.6   3.920   4.3  -71.551   6.5   4.1   6.5  13  0.5 224  2.4     
 2014  926 0309 14.5   3.878   4.5  -71.563  10.2   0.0   8.3   9  0.5 256  2.5     
 2014  927 0729 38.4   3.844   3.4  -71.419   4.8   4.3   5.6  12  0.5 231  3.2  3.4
 2014  927 0857 24.7   3.851   3.8  -71.441   5.5   4.1   6.8  10  0.5 230  2.9     
 2014  927 1931 40.0   3.907   2.7  -71.524   4.7   0.0   5.0  12  0.4 225  3.5     
 2014  928 0316  5.3   3.858   9.3  -71.610   7.1   4.1   7.6   8  0.5 237  2.0     
 2014  929 0518 25.4   3.883   9.8  -71.663  28.4   0.0  19.5   5  0.3 272  2.3     
 2014  929 0751 48.9   3.917   4.1  -71.552   6.1   7.5   7.2  14  0.7 184  2.9     
 2014  929 0822 29.4   3.869   9.7  -71.561  13.2   4.1  14.2   7  0.6 185  2.6     
 2014 10 1 2045 36.4   3.812   4.5  -71.439   7.8   0.9   6.9  11  0.5 231  2.4     
 2014 10 5 0852 23.2   3.952   8.0  -71.509  11.1   4.1   8.8   4  0.5 287  1.8     
 2014 10 6 1021 12.2   3.882   6.0  -71.553   9.7   4.7   8.2   9  0.6 185  2.4     
 2014 10 6 1321 31.9   3.939  10.0  -71.484  12.9   9.0  12.8   6  0.7 186  2.3     
 2014 10 7 1123 50.8   3.950   3.7  -71.557   5.4   3.8   6.1  14  0.7 183  3.0  3.3
 2014 1010 0935 24.0   3.785   4.4  -71.338  10.8   0.9   8.3   6  0.5 266  2.1     
 2014 1011 1056 31.0   3.871   2.4  -71.439   4.0  10.5   3.0   5  0.2 261  2.1     
 2014 1012 0842  3.1   3.890   5.9  -71.602  13.6   0.0  10.4   6  0.6 254  1.9     
 2014 1013 2056 34.7   4.050  12.5  -71.586  11.1   0.0  11.9   6  0.7 273  2.2     
 2014 1014 2045  2.0   3.897   5.2  -71.497   8.5  15.4   6.1   5  0.5 259  2.3     
 2014 1015 1820 31.5   3.844   4.4  -71.393   6.2   2.0   6.3  11  0.4 232  2.4     
 2014 1016 1129 18.5   3.889   4.7  -71.540   6.8   0.0   6.9   6  0.5 225  2.3     
 2014 1017 1919 14.5   3.944   4.0  -71.520   6.1   0.1   6.4  12  0.5 225  2.5     
 2014 1018 1747 19.2   3.920   5.9  -71.649  11.7   4.1   9.9   6  0.6 252  2.2     
 2014 1019 1725 29.9   3.860   3.2  -71.411   4.6   6.4   5.2  10  0.4 231  3.4  3.5
 2014 1020 2311 32.4   4.030   3.9  -71.511  10.9   0.0   7.4   5  0.3 272  2.1     
 2014 1021 1522 52.3   4.111   8.2  -71.537  11.1   0.0  11.0   4  0.5 271  1.7     
 2014 1022 1603 55.7   3.940   4.8  -71.547   7.7  11.6   7.0   5  0.4 256  2.1     
 2014 1027 1025 21.0   3.965  10.3  -71.611  10.7   0.0  14.3   7  0.6 235  2.3     
 2014 1027 1332 45.4   3.933   9.1  -71.436  17.9   0.0  13.7   6  0.4 261  2.2     
 2014 1030 1754 54.6   3.980   7.2  -71.559   8.7   0.0  10.5   8  0.7 237  2.7     
 2014 11 1 0943 34.6   3.917   4.4  -71.600   6.8   0.0   7.4   9  0.6 221  2.5     
 2014 11 4 1305 24.6   4.031   7.3  -71.592  11.4   0.0  10.2   4  0.6 269  1.9     
 2014 11 5 2330  6.2   3.908   4.8  -71.596   8.0   4.6   8.7   7  0.5 222  2.0     
 2014 11 6 0657 37.3   3.882   3.0  -71.554   5.5   0.0   5.9  11  0.4 224  2.9     
 2014 11 7 0324 38.3   4.206   5.9  -71.499   9.0   0.0   8.0   4  0.4 272  2.0     
 2014 11 7 0742 55.1   3.913   2.5  -71.510   4.1   2.0   4.6   9  0.3 226  2.4     
 2014 11 7 0813 40.1   3.916   4.1  -71.484   8.5   0.6   7.1   4  0.4 259  1.6     
 2014 11 7 0921 54.4   3.912   3.4  -71.553   5.7   1.3   6.3   5  0.4 224  2.3     
 2014 11 7 0923 37.5   3.890   2.9  -71.558   5.1   0.6   5.5   5  0.4 224  2.6     
 2014 11 7 1013 43.9   3.911   2.9  -71.566   4.5   2.0   4.8   7  0.4 223  2.2     
 2014 11 7 1031 43.8   3.877   3.5  -71.638   5.8   0.0   6.2  11  0.4 220  2.9     
 2014 11 7 2053 37.4   3.935   3.3  -71.497   6.1   4.1   5.5  13  0.5 226  2.5     
 2014 11 8 2200 28.6   3.667   8.5  -71.486   7.6   4.1   6.7   8  0.4 299  2.1     
 2014 1112 2332 31.2   3.926   4.5  -71.586   7.0   4.0   7.5   7  0.6 222  2.3     
 2014 1114 0652 42.2   3.880   7.3  -71.551  12.4   4.7  10.9   5  0.8 256  1.4     
 2014 1114 0735 27.8   3.877   4.2  -71.411   6.2   6.0   6.9  10  0.6 231  2.9     
 2014 1118 0537 28.6   3.948   6.3  -71.668  16.3   2.0  12.8   8  0.7 251  2.1     
 2014 1119 2109 26.7   4.249   7.5  -71.409   7.5  11.4   4.2   4  0.3 310  2.0     
 2014 1123 0019 54.9   3.953   5.9  -71.566   9.4   4.0  10.4   6  0.8 222  2.2     
 2014 1127 0131 51.6   3.846   2.7  -71.399   4.0   4.8   4.6  20  0.4 232  2.6     
 2014 1129 0220  9.0   3.867  10.6  -71.576   8.8   0.0  10.3   6  0.5 281  1.7     
 2014 1130 1939 25.5   3.980   3.9  -71.628   8.0  18.1   6.6   5  0.4 219  1.9     
 2014 1130 1941 15.0   3.868   3.0  -71.535   5.3   0.0   5.4  13  0.4 225  2.8     
 2014 1130 1945 34.7   3.906   2.4  -71.534   4.1   0.1   4.2  33  0.5 225  3.6  3.8
 2014 1130 1950 41.5   3.677   8.4  -71.505   7.6  13.1   6.8   5  0.5 287  1.9     
 2014 1130 1955 35.3   3.881   2.8  -71.555   4.3   9.1   4.7  13  0.4 224  2.5     
 2014 1130 2032 40.8   4.000   8.1  -71.570   9.2   0.0  10.1   6  0.7 236  1.9     
 2014 1130 2056 42.6   3.882   5.7  -71.641  13.5   2.0  11.0   5  0.6 252  1.8     
 2014 1130 2110 27.8   4.207  14.5  -71.532  12.2   9.8   8.9   4  0.7 308  2.3     
 2014 1130 2116 50.2   4.155   7.8  -71.553   9.8   0.2   8.4   4  0.4 307  2.0     
 2014 1130 2146 52.4   4.092   7.4  -71.598   7.6   1.1   7.2   4  0.3 310  1.8     
 2014 1130 2206 52.2   3.936   4.3  -71.582   6.5  10.5   7.0   7  0.6 222  2.4     
 2014 1130 2322  0.8   3.977   3.7  -71.523   5.4   5.7   6.7  30  0.8 208  3.5  3.7
 2014 12 1 0133 42.6   4.068   8.7  -71.542   8.2   0.0  10.1   7  0.5 236  2.3     
 2014 12 1 0140 19.2   4.046   7.4  -71.500   6.1   0.0   6.8   5  0.3 279  1.9     
 2014 12 1 0256 26.9   3.881   3.0  -71.569   5.4   0.0   5.6  10  0.5 224  3.0     
 2014 12 1 0345 46.5   3.871   3.8  -71.589   9.1   0.0   7.1   4  0.4 255  1.7     
 2014 12 1 0631 39.4   3.868   4.2  -71.606   7.4   0.0   7.7   7  0.6 222  2.2     
 2014 12 1 0901 35.0   3.951   5.1  -71.494  10.2   0.8   9.5   5  0.3 258  1.9     
 2014 12 1 1350 19.9   3.973  17.4  -71.603  19.0   0.0  17.4   4  0.8 312  2.3     
 2014 12 1 1605  5.8   3.983  13.7  -71.632  11.5   4.1  10.2   4  0.7 311  2.1     
 2014 12 1 1737 58.0   3.850   7.7  -71.631   6.4   0.0   8.6   4  0.4 281  2.4     
 2014 12 1 1805 59.5   3.977   5.5  -71.501   7.3   0.0   6.5   5  0.3 272  2.1     
 2014 12 1 2047 30.3   3.904   9.2  -71.645  15.7   0.1  14.8   7  0.8 219  2.8     
 2014 12 2 0217 28.7   3.865   2.1  -71.417   3.9   0.7   3.9  18  0.3 231  2.5     
 2014 12 2 0502  9.9   3.940   4.5  -71.543   5.6   4.0   6.1   8  0.4 224  1.9     
 2014 12 2 1201 49.3   3.906   2.1  -71.541   3.4   4.2   4.0  36  0.5 224  3.7  3.8
 2014 12 2 1204 49.2   3.935   2.4  -71.563   4.0   7.9   4.5   8  0.3 223  2.6     
 2014 12 2 1305 39.0   3.872   3.6  -71.648   6.4   4.1   7.2  10  0.5 220  2.3     
 2014 12 3 0311  6.3   3.945   3.8  -71.477   8.7   4.0   7.2   8  0.4 259  2.2     
 2014 12 3 0740 31.1   3.884   4.6  -71.559  10.4   0.0   8.3   6  0.4 256  1.9     
 2014 12 4 0650  0.8   4.001   4.7  -71.497   6.5   0.0   7.5   8  0.5 225  2.5     
 2014 12 4 1119 53.5   3.924   4.5  -71.515   6.6   4.1   6.8  15  0.4 225  2.4     
 2014 12 8 0113  4.7   3.862   5.6  -71.397   8.5   3.9   7.8  13  0.7 232  2.6     
 2014 12 9 0703 46.3   3.957   3.9  -71.509   5.9   5.2   6.6  12  0.5 225  2.2     
 2014 12 9 0756 43.9   3.889   3.1  -71.528   5.6   0.1   5.8   8  0.4 225  2.1     
 2014 1212 0219  8.7   3.986   8.0  -71.555   6.5   0.0   7.4   6  0.4 279  2.0     
 2014 1212 0913  5.6   3.793   3.3  -71.402   4.8   4.1   5.0   6  0.4 233  1.9     
 2014 1213 0612 21.4   3.898   6.1  -71.591  10.7   0.0  10.5   5  0.8 222  1.8     
 2014 1214 1818 25.0   3.965   8.6  -71.565   6.9   0.0   8.0   7  0.4 279  2.4     
 2014 1215 0107 45.0   4.147   6.1  -71.557   9.5   0.0   8.8   6  0.5 270  2.0     
 2014 1218 0217 47.7   4.397   8.5  -70.455  19.9   0.0  13.7  10  0.4 270  2.5     
 2014 1220 0836 56.0   3.785  12.8  -71.447   9.9   4.1  11.8   6  0.7 286  1.7     
 2014 1222 1107 23.5   3.844   5.2  -71.358   8.4   8.2   8.5   7  0.6 234  2.4     
 2014 1223 2215 13.4   3.842   3.4  -71.469   5.5   4.0   5.6  10  0.4 229  2.5     
 2014 1224 0425 41.9   3.823  11.9  -71.390  18.4   0.0  17.8   5  0.5 233  2.4     
 2014 1226 0107 35.5   3.888   8.2  -71.567  14.8   0.0  13.8   9  0.8 224  2.6     
 2014 1226 2348 35.4   3.844  12.5  -71.417  10.1   0.0  11.2   6  0.5 285  1.8     
 2014 1230 0300  7.6   3.974  13.9  -71.595  10.5   0.0  11.8   5  0.6 278  1.8     
 2014 1230 0941 31.8   3.881  14.1  -71.471  11.0   3.5  13.1   4  0.6 283  2.0     
 2014 1231 0308 55.8   3.916   7.2  -71.511  10.9  10.0   9.1   6  0.6 258  1.8     
 2014 1231 0640 34.6   3.817   4.3  -71.422   7.5   0.0   7.2   7  0.6 232  2.3     
 2014 1231 2343 14.5   3.739   5.4  -71.518   8.6   4.1   8.5   7  0.6 229  2.2     
 2015  1 6 2247 25.2   4.068  13.5  -71.469   7.9   0.0   6.9   4  0.2 313  1.9     
 2015  1 7 0034 51.2   3.913   7.6  -71.447   7.5   4.2   7.7   5  0.5 242  1.8     
 2015  1 7 0525 42.8   3.829   3.1  -71.349   5.2   1.5   5.3   9  0.4 235  2.5     
 2015  1 8 2302 40.4   4.030   6.3  -71.598   7.7   0.0   7.6   7  0.6 235  2.3     
 2015  112 2054 27.8   3.859   3.2  -71.390   4.5   4.3   4.0   5  0.2 289  2.5     
 2015  116 0356 43.9   3.771   3.2  -71.513   5.4   0.0   5.5   5  0.4 228  1.6     
 2015  117 0736 56.8   3.881   3.8  -71.637   6.5   0.0   6.7   7  0.5 220  1.9     
 2015  118 0248 31.2   3.827   9.5  -71.384   8.9   0.0  11.3   5  0.6 245  1.7     
 2015  118 0250 54.4   3.813   9.6  -71.538   9.7   0.0  12.2   6  0.6 240  2.2     
 2015  119 1129  0.1   3.916   8.4  -71.518   7.6   4.1   7.5   7  0.5 281  2.2     
 2015  119 2345 28.5   4.039   8.0  -71.338  12.7   0.0  11.3   6  0.5 276  2.3     
 2015  123 0047 58.0   3.906   9.7  -71.494   8.1   0.0  11.8   4  0.5 240  2.1     
 2015  2 2 0341 59.3   3.931   6.1  -71.597   9.9   4.0  11.7   4  0.8 221  2.2     
 2015  2 7 0726 46.5   3.899   6.6  -71.576  16.1   0.0  12.8   4  0.7 255  1.7     
 2015  2 9 0933 55.7   3.831   3.8  -71.465   9.4   0.0   7.3   6  0.4 260  1.7     
 2015  224 0453 17.5   3.922   2.2  -71.543   3.6   3.0   4.2   7  0.3 224  3.6     
 2015  224 0835 33.2   3.991   5.6  -71.547   7.0   0.0   7.9   7  0.5 237  2.1     
 2015  3 5 0608 43.7   3.839   3.2  -71.285   5.2   4.1   5.5  12  0.4 237  2.2     
 2015  3 5 0658 11.8   3.833   3.9  -71.299   6.2   4.1   7.0  10  0.5 237  2.1     
 2015  3 8 0430  9.1   3.814   7.8  -71.359  10.8   4.1   8.8   4  0.4 289  1.7     
 2015  323 0650 11.7   3.867   5.3  -71.683  13.4   0.0  11.4   4  0.5 250  1.9     
 2015  326 1334 15.0   3.936   3.9  -71.536   6.1   2.0   5.6  12  0.5 224  3.0     
 2015  327 0733 22.3   3.995   6.1  -71.607   7.8   0.0   9.0   5  0.6 235  1.6     
 2015  330 0225 18.3   3.821   4.0  -71.368   6.4   0.0   7.0   5  0.5 234  2.5     
 2015  330 0507 16.4   3.767   7.9  -71.423  14.1   0.0  14.2   5  0.8 233  2.5     
 2015  4 8 0515 18.7   3.842   4.4  -71.289  10.1   4.0   8.7   6  0.5 267  2.6     
 2015  425 2251 34.2   3.879   4.5  -71.357   7.4   4.0   7.7  11  0.6 233  2.9     
 2015  427 1654  8.2   3.892   8.3  -71.406   7.8   4.1   8.6   8  0.7 243  2.8  3.2
 2015  427 1849 27.1   3.944   7.7  -71.401   9.1   0.0  10.7   5  0.7 243  2.7     
 2015  428 0327  8.4   3.813   3.1  -71.345   7.4   0.0   5.8   6  0.3 265  2.5     
 2015  429 0827 39.3   3.853   6.4  -71.422  10.6   3.7   9.2  14  0.6 191  2.7     
 2015  429 2102 20.7   3.821   4.8  -71.426   9.9   4.1   7.2   5  0.4 262  2.4     
 2015  5 2 1500 31.7   3.806   3.3  -71.447   5.8   4.4   5.9  13  0.5 231  2.9     
 2015  5 3 2209 40.5   3.864   9.9  -71.556  11.3   0.0   9.3   4  0.4 314  1.6     
 2015  5 8 1253 31.2   3.833   3.7  -71.425   5.1   5.7   5.7   6  0.5 192  2.5     
 2015  515 1255 24.5   3.813   4.8  -71.623   6.3   0.0   6.8   6  0.4 237  2.2     
 2015  520 0744 27.6   3.860   6.3  -71.431  12.6   2.2   8.5   7  0.6 191  2.0     
 2015  530 0753 24.0   3.809   5.5  -71.410  14.2   2.8  10.3   5  0.5 263  2.0     
 2015  6 4 1018 51.5   3.901   4.0  -71.251   4.3   7.6   4.0   5  0.0 297  2.5     
 2015  6 6 0503 41.3   3.979   5.4  -71.388   8.2   0.0   6.8  17  0.5 242  3.4  3.5
 2015  6 7 0721 30.3   3.795   4.7  -71.410  11.7   0.0   9.2   9  0.5 263  2.3     
 2015  6 7 1327 31.7   3.855   2.9  -71.293   5.0   4.1   5.1  20  0.5 248  3.1  3.4
 2015  620 1601 44.4   3.745   3.9  -71.497  12.1   4.0   8.5   5  0.3 260  2.9     
 2015  625 0213 21.5   3.888   5.5  -71.378  10.7   0.0   8.6  11  0.5 271  2.8     
 2015  7 9 0859 22.2   3.826   4.5  -71.367  10.9   0.0   8.5   6  0.5 264  2.1     
 2015  710 2348 47.1   3.911   8.3  -71.375  10.9   4.0   9.8   6  0.5 292  2.5     
 2015  713 1346 21.2   3.823   6.1  -71.396   9.8   4.1   8.0   9  0.6 263  2.5     
 2015  723 1058 20.2   3.816   4.8  -71.521  11.6   0.0   9.3   5  0.5 258  2.4     
 2015  724 0429 38.1   3.858   4.4  -71.363   5.4   4.0   5.9   7  0.5 193  2.8     
 2015  8 9 1924 39.8   3.835   3.7  -71.412   6.6   2.0   6.0  12  0.5 232  2.7     
 2015  8 9 2016 53.8   3.849   4.2  -71.412   6.8  10.3   5.8   7  0.5 232  2.6     
 2015  823 1137 13.1   3.841   2.8  -71.357   3.2   4.1   4.0  35  0.6 194  4.0  4.0
 2015  823 1151 13.7   3.821   6.0  -71.333   8.3   4.1   7.7   5  0.3 290  2.2     
 2015  823 1208  7.2   3.826   4.2  -71.394   8.0   2.0   7.1   6  0.4 233  2.2     
 2015  823 1213 43.5   3.833   4.3  -71.358   4.6   4.0   6.5   7  0.5 194  2.4     
 2015  823 1629 52.3   3.828   3.7  -71.372   4.3   4.5   5.1   9  0.5 194  2.4     
 2015  823 1714 12.2   3.826   2.2  -71.426   3.8   0.6   3.7  24  0.5 231  3.0  3.4
 2015  823 1718 48.1   3.797   3.8  -71.326   5.3   2.7   5.9   6  0.4 196  2.2     
 2015  824 0215 50.6   3.844   4.0  -71.313   4.4   4.1   6.1  34  0.6 191  4.0  4.4
 2015  824 0220 38.2   3.811   4.8  -71.463   7.4   9.0   7.7   6  0.6 230  3.0  3.1
 2015  824 0225 28.3   3.857   7.7  -71.292   9.3   7.4   8.7   4  0.5 294  2.4     
 2015  824 0325 14.1   3.805   3.2  -71.414   7.8   0.4   6.1   5  0.3 263  1.9     
 2015  824 0327 48.8   3.785   5.4  -71.349   9.9   4.1   7.4   5  0.6 266  2.0     
 2015  824 1135 56.4   3.770   3.9  -71.484   6.1   4.1   6.2  10  0.6 230  2.7     
 2015  824 1436 42.0   3.849   5.7  -71.348   8.3   6.0   6.6   4  0.4 291  2.5     
 2015  824 1520 33.3   3.806   3.6  -71.443   8.1   0.0   7.2   9  0.4 231  2.5     
 2015  825 0101 58.3   3.907   7.4  -71.342   9.2   6.0   9.4   9  0.7 245  2.6     
 2015  825 0102 18.1   3.832   1.8  -71.373   3.3   3.6   3.1  19  0.3 234  3.7  3.6
 2015  825 0342 15.3   3.840   5.1  -71.202   6.8   8.2   5.3   4  0.3 297  2.1     
 2015  826 0248 50.4   3.883   4.2  -71.319   9.7   4.0   7.6   7  0.5 266  2.3     
 2015  827 0418 48.0   3.834   4.1  -71.394  10.6   2.3   6.9   7  0.4 263  2.1     
 2015  827 0924 39.4   3.812   5.2  -71.457  14.4   0.3   9.6   7  0.5 261  1.9     
 2015  828 0729  5.1   3.833   5.3  -71.390  13.1   0.0   9.1   4  0.1 288  1.9     
 2015  829 0601 19.2   4.080   9.6  -71.321   7.7   5.6   6.6   6  0.4 310  2.3     
 2015  830 0030 28.1   3.823   4.4  -71.394  10.8   0.0   7.9   8  0.5 257  2.4     
 2015  830 2034 30.7   3.785   3.5  -71.546   6.6   0.0   6.2  16  0.5 227  3.1  3.5
 2015  831 0059 41.0   4.049   8.7  -71.241   8.1   7.1   6.1   4  0.4 311  1.9     
 2015  831 0916 26.0   4.081   9.9  -71.346   7.9   5.3   7.3   7  0.5 310  2.3     
 2015  831 1034 40.5   3.822   2.1  -71.395   2.8   5.0   3.1  33  0.6 190  3.8  4.0
 2015  831 1138 40.0   3.770   3.4  -71.441   5.2   4.1   5.4   9  0.5 232  2.4     
 2015  831 1152 50.3   4.121   8.8  -71.293   6.8   5.5   5.8   5  0.4 311  2.3     
 2015  831 1223 48.1   3.835   5.3  -71.407   6.2  10.0   7.6  14  0.9 192  2.9     
 2015  831 1422 36.8   3.845   3.7  -71.329   4.5   2.5   5.0   7  0.4 195  2.2     
 2015  831 1742 22.2   3.878   2.1  -71.345   2.7   5.1   3.1  37  0.6 190  3.8  4.1
 2015  831 1854 16.9   3.817   3.1  -71.368   3.7   1.7   5.0  12  0.4 194  2.4     
 2015  831 1909  9.5   3.838   3.7  -71.363   4.7   4.0   5.8  13  0.5 194  2.4     
 2015  831 2052 21.5   3.847   3.5  -71.346   4.2   4.0   4.5  14  0.5 194  2.8  3.2
 2015  831 2142  1.3   3.805   4.8  -71.344   5.4   3.8   6.8   7  0.6 196  2.2     
