 -71.827   3.972  -16.4   0.16100
 -70.639   4.445  -25.1   0.17500
 -71.327   3.792   -5.3   0.22400
 -71.539   3.804   -2.0   0.18200
 -71.418   3.826  -26.0   0.15400
 -71.337   3.831  -14.0   0.17500
 -71.199   3.791  -25.2   0.23800
 -71.503   3.717   -0.0   0.19600
 -71.329   3.826  -10.7   0.20300
 -71.446   3.795  -32.1   0.15400
 -71.660   3.809   -0.2   0.19600
 -71.441   3.792  -32.1   0.11900
 -71.344   3.792  -39.9   0.18200
 -71.381   3.815  -24.9   0.16800
 -71.405   3.798   -1.5   0.17500
 -71.424   3.819  -14.0   0.17500
 -71.343   3.795  -32.1   0.17500
 -71.497   3.867  -12.0   0.16100
 -71.470   3.779  -12.0   0.14700
 -71.294   3.805   -6.3   0.26600
 -71.406   3.762   -4.1   0.23800
 -71.521   3.813   -0.0   0.21700
 -71.285   3.776  -12.0   0.18200
 -71.507   3.677   -0.6   0.21000
 -71.219   3.808  -20.0   0.19600
 -71.212   3.756  -20.2   0.21000
 -71.272   3.696  -10.8   0.21000
 -71.531   3.773   -5.3   0.16100
 -71.187   3.733  -16.0   0.21700
 -71.377   3.796  -11.5   0.24500
 -71.215   3.769  -15.2   0.18900
 -71.504   3.759   -9.4   0.17500
 -71.242   3.746  -13.3   0.18900
 -71.488   3.831   -0.0   0.20300
 -71.352   3.814   -0.0   0.21000
 -71.269   3.807   -4.1   0.21700
 -71.285   3.801  -12.7   0.27300
 -71.456   3.788   -0.0   0.19600
 -71.235   3.763   -8.0   0.28000
 -71.271   3.715   -0.0   0.19600
 -71.426   3.722   -4.1   0.25900
 -71.498   3.779   -3.6   0.14000
 -71.512   3.793   -0.0   0.15400
 -71.339   3.779   -8.7   0.28700
 -71.314   3.751   -0.0   0.22400
 -71.308   3.783   -4.4   0.23800
 -71.641   3.809   -0.0   0.17500
 -71.087   3.727  -22.1   0.27300
 -71.466   3.810   -5.7   0.15400
 -71.453   3.786   -0.0   0.22400
 -71.328   3.785   -4.1   0.22400
 -71.385   3.719   -6.3   0.16800
 -71.485   3.797   -4.1   0.25200
 -71.581   3.836   -4.2   0.20300
 -71.416   3.826   -5.1   0.24500
 -71.435   3.870   -4.1   0.13300
 -71.551   3.990   -0.0   0.23100
 -71.348   3.816   -4.1   0.16800
 -71.480   3.762   -0.0   0.20300
 -71.294   3.781  -12.1   0.26600
 -71.282   3.824  -25.0   0.21700
 -71.417   3.813   -5.4   0.18200
 -71.440   3.779   -0.0   0.17500
 -71.034   3.770  -20.0   0.19600
 -71.450   3.790   -0.9   0.20300
 -71.379   3.841   -5.6   0.23800
 -71.309   3.792  -10.0   0.24500
 -71.501   3.792   -0.0   0.18900
 -71.538   3.833   -2.0   0.18900
 -71.246   3.778  -14.0   0.27300
 -71.370   3.767   -0.0   0.23800
 -71.288   3.787   -4.1   0.17500
 -71.338   3.785   -5.6   0.26600
 -71.350   3.780   -0.0   0.18900
 -71.327   3.854   -2.0   0.17500
 -71.526   3.796   -4.1   0.24500
 -71.270   3.797   -8.6   0.19600
 -71.358   3.828  -11.0   0.25200
 -71.246   3.770  -11.3   0.22400
 -71.128   3.746  -12.1   0.26600
 -71.292   3.808  -11.5   0.23100
 -71.426   3.783   -6.0   0.16100
 -71.180   3.764  -25.1   0.25900
 -71.579   3.780  -27.6   0.19600
 -71.018   3.780  -32.1   0.18900
 -71.479   3.796   -0.0   0.16100
 -71.276   3.830  -35.4   0.17500
 -71.438   3.798  -26.2   0.18200
 -71.584   3.774   -4.0   0.23100
 -71.561   3.851  -10.1   0.22400
 -71.313   3.860  -24.9   0.21700
 -71.229   3.954   -0.0   0.19600
 -71.269   3.776   -8.0   0.18200
 -71.035   3.608  -10.0   0.18200
 -71.479   3.811   -0.4   0.22400
 -71.573   3.737   -0.0   0.19600
 -71.555   3.501  -24.7   0.24500
 -71.219   3.749   -0.0   0.23800
 -71.275   3.854  -25.0   0.21700
 -71.204   3.780  -10.0   0.23800
 -71.192   3.841  -28.0   0.25200
 -71.121   3.786  -19.3   0.23100
 -71.276   3.783  -24.7   0.24500
 -71.440   3.725   -0.0   0.21000
 -71.559   3.752   -0.0   0.18900
 -71.183   3.814  -16.0   0.16100
 -71.195   3.743  -25.0   0.18200
 -71.209   3.691   -0.6   0.21700
 -71.222   3.837  -25.0   0.16800
 -71.074   3.765  -14.0   0.21000
 -71.117   3.640   -0.0   0.20300
 -71.562   3.821   -8.1   0.16100
 -71.476   3.840   -0.0   0.16100
 -71.350   3.787   -0.0   0.21700
 -71.168   3.942   -0.0   0.19600
 -71.380   3.795   -0.0   0.20300
 -71.391   3.853   -0.0   0.17500
 -71.307   3.842   -2.7   0.21000
 -71.321   3.877  -10.3   0.21700
 -71.413   3.933   -0.0   0.11200
 -71.581   3.994   -0.0   0.13300
 -71.455   3.867   -8.4   0.21700
 -71.500   3.776   -0.8   0.18200
 -71.418   3.806   -0.0   0.17500
 -71.374   3.840   -4.5   0.21700
 -71.343   3.806   -0.0   0.16800
 -71.367   3.801   -0.0   0.23800
 -71.478   3.800   -0.0   0.23100
 -71.309   3.832   -1.1   0.22400
 -71.381   3.812   -0.0   0.18200
 -71.391   4.042   -0.0   0.14000
 -71.435   3.857   -0.0   0.10500
 -71.429   3.837   -4.0   0.21700
 -71.604   3.784   -0.0   0.10500
 -71.409   3.797   -0.1   0.15400
 -71.481   3.812   -5.5   0.15400
 -71.665   4.122   -0.0   0.11900
 -71.356   4.156   -4.1   0.11900
 -71.287   3.830   -0.0   0.13300
 -71.413   3.826   -0.0   0.21700
 -71.452   3.671   -3.9   0.16800
 -71.409   3.784   -3.8   0.14700
 -71.495   3.837   -1.6   0.14000
 -71.428   3.836   -3.2   0.18200
 -71.659   3.936   -0.0   0.14000
 -71.516   3.808   -0.0   0.16800
 -71.624   3.900   -0.0   0.14700
 -71.409   3.861   -1.8   0.28000
 -71.464   3.918   -0.0   0.20300
 -71.611   4.019   -0.0   0.15400
 -71.644   3.973   -0.0   0.14700
 -71.433   3.846   -1.8   0.15400
 -71.604   3.763   -0.0   0.11900
 -71.499   3.802   -0.0   0.18200
 -71.718   3.860   -0.1   0.12600
 -71.419   3.836   -5.4   0.16800
 -71.503   4.043   -0.0   0.18900
 -71.717   3.803   -0.0   0.14000
 -71.590   3.903   -0.0   0.23100
 -71.586   4.041   -0.0   0.18900
 -71.610   3.880   -0.0   0.16800
 -71.462   3.835   -0.0   0.16800
 -71.328   3.921   -0.1   0.16800
 -71.729   3.868   -0.0   0.15400
 -71.410   3.863   -2.0   0.23800
 -71.324   3.760   -0.0   0.16100
 -71.530   3.899   -0.0   0.25200
 -71.683   3.707   -0.4   0.15400
 -71.594   3.917   -4.1   0.16800
 -71.596   3.882   -0.0   0.21000
 -71.549   3.885   -4.1   0.25200
 -71.544   4.131   -0.0   0.14700
 -71.597   3.916   -4.1   0.14000
 -71.610   3.987   -0.0   0.14000
 -71.594   3.958   -0.0   0.16800
 -71.582   3.899   -2.0   0.18200
 -71.571   3.904   -4.1   0.23800
 -71.613   3.910   -4.1   0.22400
 -71.586   3.888   -4.1   0.23800
 -71.567   3.887   -4.1   0.18200
 -71.597   3.872   -0.0   0.14700
 -71.614   3.857   -0.0   0.11900
 -71.661   3.877   -0.0   0.13300
 -71.584   3.885   -2.0   0.13300
 -71.589   3.927   -0.0   0.13300
 -71.602   3.905   -0.3   0.22400
 -71.575   3.912   -4.1   0.17500
 -71.579   3.894   -4.1   0.22400
 -71.582   3.888   -4.1   0.23800
 -71.571   3.907   -0.0   0.23100
 -71.594   3.915   -0.0   0.16100
 -71.703   3.800   -4.1   0.14700
 -71.587   3.894   -4.1   0.16100
 -71.596   3.882   -0.0   0.11200
 -71.524   3.969   -8.8   0.12600
 -71.565   3.905   -4.1   0.12600
 -71.602   3.878   -0.0   0.16800
 -71.605   3.897   -4.1   0.12600
 -71.645   3.844   -0.0   0.12600
 -71.690   3.771   -0.0   0.13300
 -71.566   3.962   -0.0   0.14700
 -71.606   3.897   -0.0   0.20300
 -71.504   3.840   -4.1   0.14000
 -71.594   3.884   -0.0   0.17500
 -71.539   3.871   -0.8   0.21000
 -71.586   3.876   -0.0   0.23800
 -71.586   3.861   -0.0   0.23100
 -71.594   3.906   -4.2   0.25200
 -71.601   3.898   -0.5   0.24500
 -71.574   3.893   -4.1   0.14000
 -71.594   3.889   -0.0   0.22400
 -71.588   4.133   -4.1   0.15400
 -71.669   3.853   -4.1   0.18900
 -71.720   3.899   -4.2   0.15400
 -71.577   3.881   -4.1   0.21700
 -71.560   3.879   -4.1   0.13300
 -71.742   4.108   -0.0   0.17500
 -71.576   3.852   -5.3   0.12600
 -71.601   3.849   -4.1   0.21700
 -71.687   3.849   -4.1   0.14700
 -71.576   3.874   -4.1   0.21700
 -71.592   3.918   -4.1   0.14000
 -71.591   3.891   -4.1   0.16100
 -71.704   3.871   -4.1   0.16100
 -71.586   3.888   -4.1   0.24500
 -71.630   3.879   -4.1   0.16100
 -71.614   3.882   -4.1   0.13300
 -71.610   3.916   -4.1   0.14000
 -71.624   3.912   -8.6   0.16800
 -71.631   3.899   -4.1   0.16100
 -71.605   3.893   -0.0   0.24500
 -71.589   3.834   -4.1   0.15400
 -71.582   3.881   -4.1   0.14700
 -71.632   3.891   -0.0   0.15400
 -71.691   3.874   -4.1   0.14700
 -71.447   3.893   -7.0   0.16100
 -71.555   3.862   -4.1   0.18200
 -71.593   3.907   -4.1   0.16800
 -71.541   3.882   -0.5   0.17500
 -71.720   3.838   -4.1   0.14700
 -71.507   3.776   -4.1   0.14700
 -71.579   3.898   -4.1   0.14700
 -71.591   3.903   -4.1   0.16100
 -71.617   3.884   -4.1   0.16800
 -71.546   3.888   -4.1   0.14700
 -71.565   4.025   -4.1   0.17500
 -71.649   3.973   -0.0   0.15400
 -71.578   3.926   -4.1   0.11200
 -71.551   3.898   -4.1   0.25900
 -71.552   3.908   -0.0   0.11200
 -71.572   3.904   -4.1   0.23800
 -71.582   3.812   -4.1   0.16100
 -71.319   3.833   -4.1   0.16100
 -71.570   3.892   -4.1   0.17500
 -71.551   3.875   -4.1   0.25900
 -71.546   3.892   -4.1   0.28000
 -71.592   3.889   -4.1   0.18200
 -71.603   3.833   -4.1   0.18200
 -71.549   4.004   -4.1   0.16100
 -71.591   4.046   -4.1   0.16800
 -71.646   3.935   -4.1   0.14700
 -71.637   3.929   -4.1   0.14700
 -71.575   3.873   -4.1   0.25200
 -71.512   3.924   -4.1   0.16100
 -71.626   3.864   -0.0   0.23100
 -71.605   3.863   -4.9   0.15400
 -71.470   3.863   -4.6   0.16800
 -71.391   3.850   -4.1   0.27300
 -71.385   3.848   -4.1   0.13300
 -71.410   3.823   -0.1   0.18900
 -71.447   3.797   -0.0   0.19600
 -71.384   3.859   -6.7   0.21000
 -71.259   4.128   -4.3   0.16100
 -71.579   3.926   -4.1   0.30100
 -71.470   4.082   -4.1   0.16800
 -71.625   3.885   -4.1   0.19600
 -71.397   3.864   -4.0   0.19600
 -71.407   3.860   -4.5   0.23800
 -71.443   3.922   -0.0   0.16800
 -71.619   3.868   -4.1   0.15400
 -71.589   3.874   -1.3   0.24500
 -71.586   3.881   -0.0   0.19600
 -71.583   3.880   -0.4   0.20300
 -71.651   3.845   -0.0   0.16800
 -71.599   3.909   -2.6   0.21000
 -71.573   3.862   -0.0   0.20300
 -71.578   3.877   -0.0   0.23100
 -71.535   4.017   -0.0   0.14000
 -71.349   4.081   -0.0   0.17500
 -71.446   4.084   -4.1   0.15400
 -71.592   3.886   -0.6   0.25900
 -71.572   3.903   -0.0   0.16800
 -71.311   4.062   -2.9   0.14700
 -71.569   4.044   -0.0   0.15400
 -71.570   3.920   -5.3   0.14700
 -71.645   3.889   -4.1   0.13300
 -71.514   3.889   -7.9   0.16800
 -71.395   3.862   -4.1   0.27300
 -71.382   3.865   -4.1   0.17500
 -71.383   3.840   -0.0   0.15400
 -71.392   3.860   -2.4   0.19600
 -71.590   3.933   -4.1   0.15400
 -71.592   3.896   -4.1   0.11200
 -71.563   3.923   -4.1   0.15400
 -71.641   3.860   -4.1   0.16800
 -71.636   3.900   -0.0   0.13300
 -71.500   3.837  -10.0   0.16800
 -71.422   3.810   -0.0   0.14700
 -71.388   3.823   -0.0   0.17500
 -71.439   3.924   -4.0   0.16100
 -71.550   3.898   -4.1   0.26600
 -71.561   4.037   -4.1   0.15400
 -71.599   3.949   -4.1   0.18900
 -71.559   3.985   -4.1   0.15400
 -71.595   3.885   -5.7   0.26600
 -71.641   4.014   -7.1   0.13300
 -71.576   3.927   -4.6   0.16100
 -71.601   3.975   -0.0   0.14000
 -71.318   3.857   -1.8   0.18200
 -71.683   3.998   -2.0   0.12600
 -71.533   3.812   -4.1   0.23800
 -71.444   3.832   -4.1   0.22400
 -71.627   3.902   -4.1   0.14700
 -71.432   3.861   -4.1   0.20300
 -71.545   3.906   -4.1   0.18200
 -71.685   3.881   -8.6   0.12600
 -71.545   3.903   -4.1   0.16100
 -71.523   3.901   -4.1   0.11200
 -71.522   3.876   -4.1   0.11200
 -71.526   3.817   -0.0   0.14000
 -71.665   3.925   -0.0   0.11900
 -71.597   3.937   -0.0   0.14000
 -71.439   3.852   -4.1   0.16800
 -71.392   3.831   -2.0   0.16800
 -71.613   3.727   -0.0   0.11200
 -71.567   4.085   -0.0   0.15400
 -71.596   3.926   -4.1   0.17500
 -71.486   3.948   -0.0   0.16800
 -71.553   3.862   -0.0   0.18200
 -71.634   3.991   -4.1   0.15400
 -71.646   3.786   -0.0   0.09100
 -71.580   3.916   -3.8   0.22400
 -71.602   3.903   -1.8   0.18900
 -71.567   3.898   -2.8   0.30100
 -71.586   3.938   -0.0   0.17500
 -71.570   3.866   -0.0   0.23100
 -71.595   3.950   -0.0   0.18900
 -71.628   3.968   -0.0   0.14700
 -71.630   3.933   -0.0   0.21000
 -71.593   3.871   -6.0   0.14000
 -71.591   3.863   -4.1   0.25200
 -71.638   3.880   -4.1   0.21700
 -71.633   3.898   -4.1   0.15400
 -71.594   3.869   -4.1   0.10500
 -71.607   3.890   -4.1   0.18200
 -71.588   3.825   -4.0   0.15400
 -71.626   3.931   -0.0   0.16100
 -71.618   3.977   -0.0   0.16100
 -71.648   4.002   -0.0   0.16100
 -71.593   3.867   -4.1   0.14700
 -71.584   3.867   -4.1   0.19600
 -71.532   3.920   -4.1   0.14700
 -71.589   3.856   -4.1   0.21700
 -71.614   3.876   -4.1   0.19600
 -71.616   3.854   -4.1   0.11200
 -71.528   3.920   -4.1   0.10500
 -71.521   3.885   -4.1   0.16800
 -71.656   3.878   -4.2   0.17500
 -71.588   3.834   -4.6   0.13300
 -71.483   3.898   -8.7   0.12600
 -71.416   4.284  -46.0   0.11900
 -71.601   3.889   -4.1   0.14000
 -71.511   4.088  -19.7   0.09800
 -71.643   3.878   -6.0   0.14000
 -71.713   3.842   -8.9   0.11200
 -71.638   3.905   -6.8   0.15400
 -71.598   3.865   -1.2   0.23100
 -71.591   3.998   -0.0   0.16800
 -71.562   3.984   -2.5   0.16800
 -71.593   4.050   -0.0   0.13300
 -71.599   4.007   -4.1   0.11900
 -71.633   3.883   -4.1   0.21700
 -71.399   3.786   -4.7   0.16800
 -71.656   3.906   -4.1   0.15400
 -71.504   3.997   -0.0   0.13300
 -71.522   3.928   -4.1   0.14700
 -71.568   3.924   -7.1   0.14000
 -71.664   3.953   -0.0   0.16100
 -71.632   3.981   -0.0   0.14000
 -71.640   3.970   -7.4   0.14000
 -71.632   3.881   -4.1   0.13300
 -71.524   3.926   -4.1   0.15400
 -71.403   3.856   -4.1   0.25200
 -71.486   3.992   -7.8   0.08400
 -71.522   3.921   -4.1   0.14000
 -71.617   3.827   -5.6   0.09100
 -71.400   3.778   -8.3   0.11900
 -71.556   3.902   -4.1   0.18200
 -71.590   3.891   -4.1   0.15400
 -71.516   3.907  -10.9   0.18200
 -71.582   4.048   -4.1   0.15400
 -71.580   3.900   -0.0   0.16800
 -71.583   3.919   -4.2   0.14700
 -71.623   3.897   -5.0   0.12600
 -71.389   3.870   -4.1   0.16800
 -71.554   4.122  -30.0   0.14700
 -71.555   3.907   -4.1   0.26600
 -71.584   3.804  -14.9   0.14000
 -71.588   3.883   -0.0   0.15400
 -71.611   3.951   -0.0   0.14000
 -71.587   3.947   -0.0   0.13300
 -71.581   3.907   -0.0   0.17500
 -71.559   3.906   -2.9   0.18200
 -71.646   3.834   -4.1   0.12600
 -71.563   3.871   -4.1   0.23100
 -71.532   3.894   -0.0   0.18900
 -71.489   3.776   -0.0   0.10500
 -71.577   3.911   -4.1   0.26600
 -71.423   3.844   -3.8   0.14700
 -71.579   3.945   -0.0   0.14700
 -71.583   3.929  -10.9   0.14000
 -71.590   3.905   -4.2   0.23800
 -71.657   3.930  -11.6   0.25200
 -71.625   3.733   -4.1   0.16800
 -71.542   3.908   -4.1   0.18200
 -71.641   3.850   -9.4   0.14700
 -71.558   3.911   -4.1   0.25900
 -71.329   4.004   -4.1   0.16100
 -71.579   3.890   -4.1   0.15400
 -71.606   3.950   -4.9   0.10500
 -71.552   3.918   -4.1   0.16100
 -71.591   3.873   -0.0   0.17500
 -71.435   3.800   -5.5   0.12600
 -71.605   3.886   -4.1   0.13300
 -71.593   3.917   -4.7   0.19600
 -71.555   3.980   -4.1   0.13300
 -71.579   3.983   -4.1   0.15400
 -71.339   3.833  -12.0   0.23100
 -71.595   3.980   -4.1   0.17500
 -71.573   3.890   -0.9   0.24500
 -71.601   3.976   -0.0   0.18200
 -71.569   3.937   -5.5   0.16800
 -71.500   3.916   -4.1   0.15400
 -71.523   3.789   -4.1   0.16800
 -71.570   3.885   -4.1   0.19600
 -71.579   3.913   -4.1   0.21700
 -71.709   4.073   -2.4   0.14700
 -71.572   3.920   -6.0   0.23800
 -71.767   3.954  -20.0   0.21700
 -71.631   3.893   -4.1   0.15400
 -71.585   3.906   -1.1   0.23100
 -71.599   3.899   -6.2   0.14700
 -71.673   3.888   -5.4   0.14700
 -71.564   3.927   -4.1   0.18200
 -71.656   3.882   -4.1   0.18200
 -71.622   3.862   -4.1   0.21000
 -71.641   3.871   -4.1   0.21000
 -71.621   3.894   -4.1   0.19600
 -71.630   3.874   -4.1   0.16800
 -71.587   4.015   -6.0   0.13300
 -71.630   3.859   -4.1   0.14700
 -71.600   3.925   -4.1   0.14700
 -71.618   3.892   -4.1   0.18200
 -71.538   3.884   -4.1   0.14700
 -71.574   3.888  -17.0   0.14700
 -71.612   3.775   -4.1   0.14700
 -71.608   3.856   -4.1   0.14000
 -71.563   3.885   -4.1   0.14700
 -71.418   3.770   -4.1   0.15400
 -71.570   3.941   -6.7   0.21700
 -71.580   3.881   -4.1   0.26600
 -71.586   3.905   -4.1   0.14000
 -71.612   3.869   -4.1   0.23800
 -71.636   3.880   -4.1   0.14000
 -71.584   3.914  -10.4   0.17500
 -71.550   3.855   -4.1   0.19600
 -71.601   3.870   -6.6   0.16100
 -71.606   3.910   -4.0   0.23800
 -71.614   4.035   -0.0   0.18900
 -71.611   3.881   -0.1   0.28000
 -71.555   3.904   -4.1   0.26600
 -71.574   3.897   -4.1   0.18200
 -71.553   3.901   -4.1   0.14000
 -71.617   3.886   -0.0   0.12600
 -71.571   3.891   -0.0   0.11200
 -71.624   3.894   -4.1   0.13300
 -71.615   3.896   -4.1   0.12600
 -71.586   3.913   -4.1   0.16800
 -71.788   3.887   -4.2   0.11900
 -71.651   3.813  -10.6   0.16100
 -71.673   3.782   -8.0   0.14700
 -71.609   4.000   -0.0   0.13300
 -71.620   3.870   -4.1   0.14700
 -71.586   3.892   -4.1   0.15400
 -71.610   3.887   -4.1   0.18900
 -71.625   3.819   -4.1   0.20300
 -71.582   3.921   -4.1   0.18200
 -71.695   4.128   -0.0   0.18200
 -71.635   3.943   -4.1   0.16100
 -71.544   3.888   -4.1   0.17500
 -71.646   3.886   -4.1   0.13300
 -71.592   3.858   -4.1   0.23100
 -71.601   3.812   -6.4   0.17500
 -71.626   3.904   -4.2   0.16100
 -71.602   3.891   -4.1   0.14700
 -71.584   3.986   -0.0   0.17500
 -71.589   3.891   -0.0   0.23100
 -71.420   4.075   -0.0   0.15400
 -71.603   3.991   -4.1   0.15400
 -71.593   3.885   -4.1   0.21700
 -71.528   4.021   -0.0   0.16100
 -71.584   3.794   -4.1   0.16100
 -71.492   3.927   -4.0   0.14000
 -71.582   3.836   -4.1   0.15400
 -71.617   3.884   -4.1   0.16100
 -71.636   3.789   -4.1   0.17500
 -71.626   3.803  -10.9   0.16100
 -71.758   3.999   -0.0   0.13300
 -71.637   3.898   -4.1   0.16100
 -71.590   4.081   -0.0   0.16100
 -71.583   3.866   -0.0   0.14000
 -71.470   3.806   -0.0   0.18900
 -71.589   3.872   -0.0   0.14000
 -71.625   3.879   -0.6   0.15400
 -71.564   3.886   -0.0   0.16800
 -71.455   3.852   -0.0   0.17500
 -71.633   3.912   -5.1   0.18900
 -71.599   3.895   -1.6   0.20300
 -71.582   3.883   -4.1   0.21000
 -71.611   3.902   -4.1   0.16100
 -71.424   3.774   -4.1   0.14700
 -71.332   3.823   -0.0   0.16800
 -71.579   3.862   -4.1   0.25900
 -71.507   4.037   -0.0   0.17500
 -71.590   3.896   -4.0   0.23800
 -71.402   3.860   -4.0   0.16800
 -71.622   3.869   -2.2   0.19600
 -71.734   3.834   -0.0   0.16800
 -71.591   3.868   -0.0   0.19600
 -71.557   3.907   -4.0   0.18200
 -71.597   3.869   -1.2   0.14700
 -71.548   3.916   -4.1   0.15400
 -71.508   4.009   -0.0   0.15400
 -71.453   3.845   -0.3   0.17500
 -71.506   3.924   -4.1   0.30800
 -71.533   3.913   -4.1   0.17500
 -71.632   3.949   -4.1   0.14000
 -71.679   3.918   -4.1   0.13300
 -71.476   3.958   -4.4   0.18900
 -71.523   3.914   -4.0   0.23100
 -71.560   3.922   -4.1   0.14700
 -71.579   3.886   -4.1   0.18200
 -71.589   3.886   -4.1   0.24500
 -71.571   3.856   -4.1   0.18900
 -71.664   3.920  -17.2   0.16100
 -71.598   3.904   -4.1   0.13300
 -71.666   3.901   -9.0   0.18200
 -71.546   3.908   -4.1   0.17500
 -71.541   3.907   -4.1   0.19600
 -71.462   4.054   -0.0   0.15400
 -71.633   3.864   -0.0   0.18900
 -71.562   3.915   -0.0   0.18900
 -71.636   3.881   -4.1   0.18900
 -71.715   3.656  -10.5   0.09800
 -71.471   3.944   -4.1   0.11200
 -71.621   3.916   -6.0   0.18900
 -71.652   3.892   -2.5   0.14000
 -71.549   3.876   -5.5   0.18200
 -71.561   3.895   -4.1   0.15400
 -71.567   3.915   -2.0   0.19600
 -71.612   3.883   -4.1   0.16100
 -71.664   3.882   -0.0   0.16100
 -71.485   3.849   -1.6   0.16100
 -71.611   3.997   -6.0   0.12600
 -71.597   4.057   -9.7   0.12600
 -71.569   3.870   -8.6   0.12600
 -71.614   3.880   -0.0   0.14700
 -71.510   3.861   -0.0   0.16100
 -71.655   3.817   -0.0   0.15400
 -71.677   3.898   -4.1   0.15400
 -71.559   3.895   -7.3   0.11900
 -71.596   3.901   -4.1   0.16100
 -71.717   3.681   -8.9   0.16100
 -71.501   3.918  -16.0   0.19600
 -71.621   3.877   -4.1   0.14000
 -71.584   3.915   -5.1   0.16800
 -71.506   3.909   -4.1   0.17500
 -71.567   3.894   -4.1   0.14700
 -71.361   3.845   -1.0   0.25200
 -71.514   3.913   -4.1   0.14700
 -71.566   3.947   -4.1   0.16800
 -71.461   3.938   -4.1   0.15400
 -71.586   3.889   -4.1   0.14000
 -71.450   3.839   -4.1   0.13300
 -71.566   3.896   -0.7   0.27300
 -71.593   3.925   -0.0   0.16100
 -71.608   3.893   -0.0   0.24500
 -71.542   3.853   -4.1   0.16800
 -71.517   3.959   -0.3   0.14000
 -71.479   3.943   -6.0   0.14700
 -71.549   3.898   -4.1   0.18200
 -71.590   3.894   -4.1   0.17500
 -71.680   3.852   -4.1   0.11900
 -71.577   3.912   -4.1   0.12600
 -70.669   4.252   -4.1   0.16100
 -71.537   3.891   -4.1   0.16800
 -71.565   4.059   -0.0   0.15400
 -71.641   3.898   -5.3   0.21000
 -71.571   3.917   -4.0   0.21700
 -71.555   3.912   -0.7   0.23100
 -71.563   3.937   -4.1   0.20300
 -71.567   3.916   -0.0   0.11900
 -71.572   3.899   -4.1   0.14700
 -71.493   3.822   -4.1   0.14700
 -71.541   3.912   -0.0   0.15400
 -71.526   3.878   -4.1   0.14700
 -71.543   3.912   -7.1   0.22400
 -71.519   3.918   -0.0   0.18900
 -71.632   3.885   -0.0   0.14000
 -71.596   3.883   -0.0   0.16100
 -71.585   3.875   -0.0   0.16100
 -71.614   3.796   -5.4   0.10500
 -71.557   3.921   -4.1   0.15400
 -71.566   3.864   -4.0   0.16800
 -71.582   3.893   -4.1   0.26600
 -71.597   3.891   -4.1   0.20300
 -71.596   3.880   -4.1   0.19600
 -71.514   3.959  -12.0   0.14000
 -71.588   3.887   -4.1   0.18900
 -71.768   3.922   -0.0   0.11900
 -71.539   4.085   -4.3   0.15400
 -71.623   3.838   -4.1   0.14700
 -71.607   3.895   -4.1   0.14000
 -71.587   3.905   -1.2   0.16800
 -71.592   3.884   -0.8   0.25900
 -71.521   3.897   -4.1   0.11900
 -71.549   4.065   -4.1   0.11900
 -71.621   3.908   -4.1   0.16100
 -71.526   3.876   -4.1   0.09800
 -71.450   3.846   -0.0   0.15400
 -71.331   3.838   -4.0   0.16800
 -71.447   3.934   -4.1   0.14700
 -71.562   3.887   -4.1   0.25900
 -71.459   3.919   -4.1   0.12600
 -71.465   3.982   -4.1   0.13300
 -71.512   4.202   -0.0   0.12600
 -71.494   3.844   -2.5   0.15400
 -71.653   3.858  -15.3   0.15400
 -71.302   3.806   -2.0   0.23100
 -71.466   3.884   -3.5   0.16100
 -71.503   3.888   -6.2   0.14700
 -71.587   3.852   -0.0   0.16800
 -71.372   3.831   -6.0   0.18200
 -71.556   3.900  -16.0   0.23100
 -71.500   3.858   -0.0   0.19600
 -71.682   3.865   -0.0   0.16100
 -71.621   3.930  -25.8   0.16800
 -71.540   3.810  -24.0   0.14700
 -71.687   3.860   -0.0   0.14700
 -71.306   3.842   -2.6   0.14000
 -71.517   3.925   -4.5   0.15400
 -71.356   3.651   -4.0   0.16800
 -71.241   3.992   -1.0   0.16100
 -71.544   3.859   -0.0   0.18200
 -71.485   3.895  -21.2   0.16100
 -71.433   3.743  -15.0   0.15400
 -71.581   3.860  -22.3   0.16800
 -71.457   3.823   -0.0   0.23800
 -71.484   3.878   -3.5   0.18900
 -71.618   3.859   -0.0   0.18200
 -71.431   3.780   -0.0   0.20300
 -71.608   3.899   -4.1   0.18200
 -71.602   3.892   -4.1   0.23100
 -71.601   3.878   -2.0   0.23800
 -71.570   3.891   -4.1   0.18900
 -71.569   3.883   -4.1   0.16100
 -71.550   3.920   -5.1   0.16100
 -71.551   3.920   -4.1   0.16800
 -71.563   3.878   -0.0   0.17500
 -71.419   3.844   -4.3   0.23800
 -71.441   3.851   -4.1   0.20300
 -71.524   3.907   -0.0   0.24500
 -71.610   3.858   -4.1   0.14000
 -71.663   3.883   -0.0   0.16100
 -71.552   3.917   -7.5   0.20300
 -71.561   3.869   -4.1   0.18200
 -71.439   3.812   -0.9   0.16800
 -71.509   3.952   -4.1   0.12600
 -71.553   3.882   -4.7   0.16800
 -71.484   3.939   -9.0   0.16100
 -71.557   3.950   -3.8   0.23100
 -71.338   3.785   -0.9   0.14700
 -71.439   3.871  -10.5   0.14700
 -71.602   3.890   -0.0   0.13300
 -71.586   4.050   -0.0   0.15400
 -71.497   3.897  -15.4   0.16100
 -71.393   3.844   -2.0   0.16800
 -71.540   3.889   -0.0   0.16100
 -71.520   3.944   -0.1   0.17500
 -71.649   3.920   -4.1   0.15400
 -71.411   3.860   -6.4   0.24500
 -71.511   4.030   -0.0   0.14700
 -71.537   4.111   -0.0   0.11900
 -71.547   3.940  -11.6   0.14700
 -71.611   3.965   -0.0   0.16100
 -71.436   3.933   -0.0   0.15400
 -71.559   3.980   -0.0   0.18900
 -71.600   3.917   -0.0   0.17500
 -71.592   4.031   -0.0   0.13300
 -71.596   3.908   -4.6   0.14000
 -71.554   3.882   -0.0   0.20300
 -71.499   4.206   -0.0   0.14000
 -71.510   3.913   -2.0   0.16800
 -71.484   3.916   -0.6   0.11200
 -71.553   3.912   -1.3   0.16100
 -71.558   3.890   -0.6   0.18200
 -71.566   3.911   -2.0   0.15400
 -71.638   3.877   -0.0   0.20300
 -71.497   3.935   -4.1   0.17500
 -71.486   3.667   -4.1   0.14700
 -71.586   3.926   -4.0   0.16100
 -71.551   3.880   -4.7   0.09800
 -71.411   3.877   -6.0   0.20300
 -71.668   3.948   -2.0   0.14700
 -71.409   4.249  -11.4   0.14000
 -71.566   3.953   -4.0   0.15400
 -71.399   3.846   -4.8   0.18200
 -71.576   3.867   -0.0   0.11900
 -71.628   3.980  -18.1   0.13300
 -71.535   3.868   -0.0   0.19600
 -71.534   3.906   -0.1   0.26600
 -71.505   3.677  -13.1   0.13300
 -71.555   3.881   -9.1   0.17500
 -71.570   4.000   -0.0   0.13300
 -71.641   3.882   -2.0   0.12600
 -71.532   4.207   -9.8   0.16100
 -71.553   4.155   -0.2   0.14000
 -71.598   4.092   -1.1   0.12600
 -71.582   3.936  -10.5   0.16800
 -71.523   3.977   -5.7   0.25900
 -71.542   4.068   -0.0   0.16100
 -71.500   4.046   -0.0   0.13300
 -71.569   3.881   -0.0   0.21000
 -71.589   3.871   -0.0   0.11900
 -71.606   3.868   -0.0   0.15400
 -71.494   3.951   -0.8   0.13300
 -71.603   3.973   -0.0   0.16100
 -71.632   3.983   -4.1   0.14700
 -71.631   3.850   -0.0   0.16800
 -71.501   3.977   -0.0   0.14700
 -71.645   3.904   -0.1   0.19600
 -71.417   3.865   -0.7   0.17500
 -71.543   3.940   -4.0   0.13300
 -71.541   3.906   -4.2   0.26600
 -71.563   3.935   -7.9   0.18200
 -71.648   3.872   -4.1   0.16100
 -71.477   3.945   -4.0   0.15400
 -71.559   3.884   -0.0   0.13300
 -71.497   4.001   -0.0   0.17500
 -71.515   3.924   -4.1   0.16800
 -71.397   3.862   -3.9   0.18200
 -71.509   3.957   -5.2   0.15400
 -71.528   3.889   -0.1   0.14700
 -71.555   3.986   -0.0   0.14000
 -71.402   3.793   -4.1   0.13300
 -71.591   3.898   -0.0   0.12600
 -71.565   3.965   -0.0   0.16800
 -71.557   4.147   -0.0   0.14000
 -70.455   4.397   -0.0   0.17500
 -71.447   3.785   -4.1   0.11900
 -71.358   3.844   -8.2   0.16800
 -71.469   3.842   -4.0   0.17500
 -71.390   3.823   -0.0   0.16800
 -71.567   3.888   -0.0   0.18200
 -71.417   3.844   -0.0   0.12600
 -71.595   3.974   -0.0   0.12600
 -71.471   3.881   -3.5   0.14000
 -71.511   3.916  -10.0   0.12600
 -71.422   3.817   -0.0   0.16100
 -71.518   3.739   -4.1   0.15400
 -71.469   4.068   -0.0   0.13300
 -71.447   3.913   -4.2   0.12600
 -71.349   3.829   -1.5   0.17500
 -71.598   4.030   -0.0   0.16100
 -71.390   3.859   -4.3   0.17500
 -71.513   3.771   -0.0   0.11200
 -71.637   3.881   -0.0   0.13300
 -71.384   3.827   -0.0   0.11900
 -71.538   3.813   -0.0   0.15400
 -71.518   3.916   -4.1   0.15400
 -71.338   4.039   -0.0   0.16100
 -71.494   3.906   -0.0   0.14700
 -71.597   3.931   -4.0   0.15400
 -71.576   3.899   -0.0   0.11900
 -71.465   3.831   -0.0   0.11900
 -71.543   3.922   -3.0   0.25200
 -71.547   3.991   -0.0   0.14700
 -71.285   3.839   -4.1   0.15400
 -71.299   3.833   -4.1   0.14700
 -71.359   3.814   -4.1   0.11900
 -71.683   3.867   -0.0   0.13300
 -71.536   3.936   -2.0   0.21000
 -71.607   3.995   -0.0   0.11200
 -71.368   3.821   -0.0   0.17500
 -71.423   3.767   -0.0   0.17500
 -71.289   3.842   -4.0   0.18200
 -71.357   3.879   -4.0   0.20300
 -71.406   3.892   -4.1   0.22400
 -71.401   3.944   -0.0   0.18900
 -71.345   3.813   -0.0   0.17500
 -71.422   3.853   -3.7   0.18900
 -71.426   3.821   -4.1   0.16800
 -71.447   3.806   -4.4   0.20300
 -71.556   3.864   -0.0   0.11200
 -71.425   3.833   -5.7   0.17500
 -71.623   3.813   -0.0   0.15400
 -71.431   3.860   -2.2   0.14000
 -71.410   3.809   -2.8   0.14000
 -71.251   3.901   -7.6   0.17500
 -71.388   3.979   -0.0   0.24500
 -71.410   3.795   -0.0   0.16100
 -71.293   3.855   -4.1   0.23800
 -71.497   3.745   -4.0   0.20300
 -71.378   3.888   -0.0   0.19600
 -71.367   3.826   -0.0   0.14700
 -71.375   3.911   -4.0   0.17500
 -71.396   3.823   -4.1   0.17500
 -71.521   3.816   -0.0   0.16800
 -71.363   3.858   -4.0   0.19600
 -71.412   3.835   -2.0   0.18900
 -71.412   3.849  -10.3   0.18200
 -71.357   3.841   -4.1   0.28000
 -71.333   3.821   -4.1   0.15400
 -71.394   3.826   -2.0   0.15400
 -71.358   3.833   -4.0   0.16800
 -71.372   3.828   -4.5   0.16800
 -71.426   3.826   -0.6   0.23800
 -71.326   3.797   -2.7   0.15400
 -71.313   3.844   -4.1   0.30800
 -71.463   3.811   -9.0   0.21700
 -71.292   3.857   -7.4   0.16800
 -71.414   3.805   -0.4   0.13300
 -71.349   3.785   -4.1   0.14000
 -71.484   3.770   -4.1   0.18900
 -71.348   3.849   -6.0   0.17500
 -71.443   3.806   -0.0   0.17500
 -71.342   3.907   -6.0   0.18200
 -71.373   3.832   -3.6   0.25900
 -71.202   3.840   -8.2   0.14700
 -71.319   3.883   -4.0   0.16100
 -71.394   3.834   -2.3   0.14700
 -71.457   3.812   -0.3   0.13300
 -71.390   3.833   -0.0   0.13300
 -71.321   4.080   -5.6   0.16100
 -71.394   3.823   -0.0   0.16800
 -71.546   3.785   -0.0   0.24500
 -71.241   4.049   -7.1   0.13300
 -71.346   4.081   -5.3   0.16100
 -71.395   3.822   -5.0   0.28000
 -71.441   3.770   -4.1   0.16800
 -71.293   4.121   -5.5   0.16100
 -71.407   3.835  -10.0   0.20300
 -71.329   3.845   -2.5   0.15400
 -71.345   3.878   -5.1   0.28700
 -71.368   3.817   -1.7   0.16800
 -71.363   3.838   -4.0   0.16800
 -71.346   3.847   -4.0   0.22400
 -71.344   3.805   -3.8   0.15400
 -71.371   3.996   -1.3   0.22400
 -71.394   3.831   -4.1   0.23100
 -71.385   3.873   -5.9   0.21700
 -71.362   3.822   -4.9   0.28700
 -71.452   3.810   -0.0   0.17500
 -71.384   3.862   -4.9   0.17500
 -71.377   3.814   -4.1   0.23800
 -71.392   3.812   -4.5   0.21700
 -71.421   3.819   -8.0   0.16800
 -71.312   4.092   -0.1   0.14700
 -71.375   3.829   -4.0   0.23100
 -71.439   3.832   -0.0   0.18900
 -71.175   3.942  -10.6   0.13300
 -71.352   3.832   -4.0   0.16100
 -71.366   3.864  -10.0   0.24500
 -71.383   3.832   -0.0   0.17500
 -71.459   3.695   -4.0   0.16100
 -71.379   3.839   -4.1   0.18200
 -71.592   3.978   -3.9   0.16100
 -71.303   3.814   -0.0   0.27300
 -71.352   3.843   -5.5   0.16800
 -71.350   3.825   -0.1   0.24500
 -71.300   3.817  -16.7   0.23800
 -71.420   3.874   -4.1   0.22400
 -71.376   3.872   -7.2   0.13300
 -71.415   3.818   -2.0   0.12600
 -71.362   3.826   -2.9   0.18200
 -71.464   3.829   -0.4   0.12600
 -71.407   3.833   -4.1   0.18900
 -71.376   3.790   -4.1   0.18200
 -71.467   3.601   -0.0   0.12600
 -71.392   3.799   -7.4   0.22400
 -71.507   3.815   -0.0   0.15400
 -71.505   3.805   -0.0   0.22400
 -71.331   4.044   -4.8   0.18200
 -71.464   3.847   -0.0   0.17500
 -71.415   3.848   -1.4   0.25200
 -71.489   3.813   -2.0   0.23100
 -71.420   3.783   -0.0   0.15400
 -71.540   3.782   -1.7   0.14700
 -71.398   3.814  -12.1   0.18900
 -71.465   3.970   -0.0   0.16100
 -71.368   3.850   -5.0   0.18900
 -71.402   3.785   -0.0   0.21700
 -71.324   4.054   -0.0   0.12600
 -71.325   3.842   -3.6   0.14700
 -71.409   3.900   -0.0   0.20300
 -71.477   3.858   -0.0   0.16800
 -71.367   3.998   -0.0   0.14000
 -71.359   3.832   -0.0   0.14000
 -71.416   3.809   -0.0   0.14000
 -71.422   3.863   -0.0   0.18900
 -71.375   3.854   -4.1   0.15400
 -71.342   3.825   -0.0   0.12600
 -71.383   3.832   -0.0   0.14000
 -71.378   3.862   -0.4   0.17500
 -71.363   3.831   -4.1   0.16100
 -71.330   3.798   -1.9   0.11900
 -71.508   3.906   -4.1   0.19600
 -71.398   3.869   -0.0   0.18900
 -71.356   3.823   -4.1   0.33600
 -71.343   3.788   -4.1   0.18900
 -71.453   3.797   -4.1   0.21000
 -71.422   3.880  -10.2   0.24500
 -71.449   3.867   -5.0   0.21700
 -71.324   3.813   -4.1   0.23100
 -71.407   3.839   -2.0   0.18200
 -71.397   4.020   -4.1   0.17500
 -71.371   3.806   -4.1   0.22400
 -71.363   3.837   -4.0   0.16800
 -71.448   3.807   -0.0   0.15400
 -71.428   3.812   -0.0   0.15400
 -71.527   3.956   -4.1   0.16800
 -71.432   3.734   -0.0   0.17500
