    0  1997-07-16-0733-47S.COL___015
    1  1998-05-28-0443-24S.COL___012
    2  2012-09-16-0800-00M.COL___227
    3  2013-01-31-0250-00M.COL___241
    4  2013-04-02-1940-00M.COL___245
    5  2013-04-03-1647-37M.COL___217
    6  2013-04-06-0900-00M.COL___245
    7  2013-04-09-2030-00M.COL___245
    8  2013-04-10-0328-35M.COL___215
    9  2013-04-10-1500-00M.COL___245
   10  2013-04-10-1727-48M.COL___218
   11  2013-04-11-1700-00M.COL___245
   12  2013-04-12-0138-42M.COL___212
   13  2013-04-12-0138-42M.COL___212
   14  2013-04-12-0158-42M.COL___212
   15  2013-04-12-0528-35M.COL___212
   16  2013-04-12-1420-00M.COL___245
   17  2013-04-13-1350-00M.COL___244
   18  2013-04-14-1238-48M.COL___199
   19  2013-04-14-1438-50M.COL___212
   20  2013-04-14-1458-50M.COL___209
   21  2013-04-16-0258-51M.COL___213
   22  2013-04-19-1238-51M.COL___215
   23  2013-04-19-1248-36M.COL___215
   24  2013-04-20-0430-00M.COL___250
   25  2013-04-24-1520-00M.COL___249
   26  2013-04-26-0418-36M.COL___208
   27  2013-04-26-0458-46M.COL___208
   28  2013-04-28-1936-48M.COL___202
   29  2013-04-28-2048-36M.COL___211
   30  2013-04-30-2337-49M.COL___229
   31  2013-04-30-2340-00M.COL___253
   32  2013-05-01-0150-00M.COL___253
   33  2013-05-01-1100-00M.COL___253
   34  2013-05-01-1430-00M.COL___253
   35  2013-05-04-1615-50M.COL___226
   36  2013-05-06-0726-38M.COL___212
   37  2013-05-06-1400-00M.COL___253
   38  2013-05-10-0140-00M.COL___256
   39  2013-05-11-0047-41M.COL___227
   40  2013-05-11-0120-00M.COL___256
   41  2013-05-11-0210-00M.COL___256
   42  2013-05-13-0520-00M.COL___256
   43  2013-05-14-0600-00M.COL___256
   44  2013-05-16-0040-00M.COL___256
   45  2013-05-17-0635-44M.COL___225
   46  2013-05-18-1000-00M.COL___256
   47  2013-05-19-2000-00M.COL___256
   48  2013-05-21-0648-50M.COL___218
   49  2013-05-21-2150-00M.COL___259
   50  2013-05-23-1030-00M.COL___259
   51  2013-05-23-1140-00M.COL___259
   52  2013-05-24-1410-00M.COL___259
   53  2013-05-28-0330-00M.COL___261
   54  2013-06-01-2340-00M.COL___261
   55  2013-06-02-1358-51M.COL___215
   56  2013-06-02-1648-50M.COL___224
   57  2013-06-02-2310-00M.COL___257
   58  2013-06-03-0130-00M.COL___257
   59  2013-06-04-0640-00M.COL___257
   60  2013-06-05-0337-51M.COL___231
   61  2013-06-05-0350-00M.COL___257
   62  2013-06-12-1449-59M.COL___261
   63  2013-06-12-1459-59M.COL___261
   64  2013-06-12-1739-59M.COL___261
   65  2013-06-14-0949-59M.COL___261
   66  2013-06-14-1619-59M.COL___261
   67  2013-06-14-1729-59M.COL___261
   68  2013-06-15-0239-59M.COL___261
   69  2013-06-15-0659-59M.COL___261
   70  2013-06-15-0749-59M.COL___261
   71  2013-06-17-0139-59M.COL___261
   72  2013-06-19-0255-50M.COL___226
   73  2013-06-24-0759-59M.COL___267
   74  2013-06-27-0249-59M.COL___266
   75  2013-06-28-1939-59M.COL___267
   76  2013-06-29-2029-59M.COL___266
   77  2013-06-30-0915-49M.COL___228
   78  2013-06-30-1707-42M.COL___229
   79  2013-06-30-1836-35M.COL___229
   80  2013-06-30-1849-59M.COL___267
   81  2013-06-30-1859-59M.COL___267
   82  2013-06-30-1919-59M.COL___267
   83  2013-07-07-0448-35M.COL___224
   84  2013-07-10-2237-51M.COL___238
   85  2013-07-13-1438-47M.COL___225
   86  2013-07-14-0339-59M.COL___266
   87  2013-08-07-0609-59M.COL___269
   88  2013-08-11-1109-59M.COL___270
   89  2013-08-14-0428-51M.COL___230
   90  2013-08-20-1708-36M.COL___200
   91  2013-08-20-1708-36M.COL___200
   92  2013-08-23-1048-48M.COL___220
   93  2013-08-25-1759-59M.COL___271
   94  2013-08-26-0519-59M.COL___270
   95  2013-08-30-0718-45M.COL___211
   96  2013-08-30-1730-00M.COL___237
   97  2013-09-01-2348-48M.COL___211
   98  2013-09-02-1149-59M.COL___269
   99  2013-09-02-1639-59M.COL___269
  100  2013-09-05-0359-59M.COL___269
  101  2013-09-07-1409-59M.COL___269
  102  2013-09-07-1629-59M.COL___269
  103  2013-09-08-0919-59M.COL___269
  104  2013-09-13-2029-59M.COL___269
  105  2013-09-13-2250-00M.COL___268
  106  2013-09-13-2339-59M.COL___269
  107  2013-09-13-2349-59M.COL___269
  108  2013-09-13-2349-59M.COL___269
  109  2013-09-14-0309-59M.COL___269
  110  2013-09-15-0359-59M.COL___269
  111  2013-09-25-0059-59M.COL___269
  112  2013-09-25-0509-59M.COL___269
  113  2013-09-28-0808-44M.COL___244
  114  2013-09-29-1059-59M.COL___272
  115  2013-10-11-1417-39M.COL___224
  116  2013-10-11-1649-59M.COL___273
  117  2013-10-13-1339-59M.COL___273
  118  2013-10-26-1658-49M.COL___233
  119  2013-11-04-2008-48M.COL___226
  120  2013-11-04-2018-48M.COL___226
  121  2013-11-05-0148-40M.COL___220
  122  2013-11-05-0228-40M.COL___220
  123  2013-11-05-0436-06M.COL___217
  124  2013-11-05-1040-00M.COL___273
  125  2013-11-05-1530-00M.COL___273
  126  2013-11-07-0305-35M.COL___206
  127  2013-11-12-0810-00M.COL___273
  128  2013-11-29-2200-00M.COL___282
  129  2013-12-01-1430-00M.COL___282
  130  2013-12-05-0310-00M.COL___285
  131  2013-12-05-1250-00M.COL___285
  132  2013-12-07-0130-00M.COL___285
  133  2013-12-21-0630-00M.COL___285
  134  2013-12-22-0730-00M.COL___285
  135  2013-12-22-0900-00M.COL___285
  136  2013-12-25-1140-00M.COL___285
  137  2014-01-03-1510-00M.COL___285
  138  2014-01-05-0038-16M.COL___246
  139  2014-01-07-0020-00M.COL___285
  140  2014-01-09-0650-00M.COL___285
  141  2014-01-19-0840-00M.COL___285
  142  2014-01-20-0030-00M.COL___285
  143  2014-01-20-0030-00M.COL___285
  144  2014-01-20-0540-00M.COL___285
  145  2014-01-20-2247-42M.COL___240
  146  2014-01-24-0820-00M.COL___285
  147  2014-01-26-0910-00M.COL___285
  148  2014-01-31-0127-49M.COL___227
  149  2014-01-31-0250-00M.COL___288
  150  2014-01-31-2210-00M.COL___288
  151  2014-02-01-0328-12M.COL___240
  152  2014-02-05-0030-00M.COL___288
  153  2014-02-05-0627-45M.COL___233
  154  2014-02-05-0830-00M.COL___288
  155  2014-02-07-0300-00M.COL___291
  156  2014-02-10-0606-47M.COL___221
  157  2014-02-10-1537-49M.COL___227
  158  2014-02-13-1100-00M.COL___199
  159  2014-02-13-1120-00M.COL___199
  160  2014-02-13-1240-00M.COL___199
  161  2014-02-13-2050-47M.COL___202
  162  2014-02-15-0950-00M.COL___206
  163  2014-02-15-1240-00M.COL___206
  164  2014-02-15-2217-49M.COL___224
  165  2014-02-16-2110-00M.COL___212
  166  2014-02-16-2250-00M.COL___212
  167  2014-02-17-0350-00M.COL___212
  168  2014-02-18-0110-00M.COL___212
  169  2014-02-18-1230-00M.COL___212
  170  2014-02-19-0540-00M.COL___212
  171  2014-02-19-1440-00M.COL___212
  172  2014-02-20-0410-00M.COL___212
  173  2014-02-20-0540-00M.COL___212
  174  2014-02-20-0859-48M.COL___225
  175  2014-02-20-1000-00M.COL___210
  176  2014-02-20-1940-00M.COL___215
  177  2014-02-20-2020-00M.COL___215
  178  2014-02-21-0620-00M.COL___213
  179  2014-02-21-0910-00M.COL___213
  180  2014-02-22-0309-50M.COL___229
  181  2014-02-22-0359-45M.COL___226
  182  2014-02-22-0649-37M.COL___229
  183  2014-02-22-0717-38M.COL___226
  184  2014-02-22-0739-35M.COL___226
  185  2014-02-22-0809-36M.COL___232
  186  2014-02-22-0909-49M.COL___232
  187  2014-02-22-0935-50M.COL___232
  188  2014-02-22-1130-00M.COL___215
  189  2014-02-22-1510-00M.COL___215
  190  2014-02-22-2107-49M.COL___248
  191  2014-02-22-2246-49M.COL___248
  192  2014-02-22-2327-49M.COL___248
  193  2014-02-23-0356-49M.COL___235
  194  2014-02-23-0426-49M.COL___244
  195  2014-02-23-0530-00M.COL___215
  196  2014-02-23-0600-00M.COL___215
  197  2014-02-23-0810-00M.COL___215
  198  2014-02-23-0930-00M.COL___215
  199  2014-02-23-0940-00M.COL___215
  200  2014-02-23-1040-00M.COL___215
  201  2014-02-23-1240-00M.COL___215
  202  2014-02-23-1330-00M.COL___215
  203  2014-02-24-0128-12M.COL___230
  204  2014-02-24-0628-19M.COL___224
  205  2014-02-24-0648-13M.COL___224
  206  2014-02-24-1959-47M.COL___229
  207  2014-02-24-2009-50M.COL___229
  208  2014-02-24-2017-47M.COL___229
  209  2014-02-25-0628-16M.COL___229
  210  2014-02-25-1316-50M.COL___223
  211  2014-02-25-1528-18M.COL___229
  212  2014-02-25-1715-46M.COL___235
  213  2014-02-25-1738-19M.COL___235
  214  2014-02-26-0226-35M.COL___239
  215  2014-02-26-0329-48M.COL___236
  216  2014-02-26-0335-45M.COL___239
  217  2014-02-26-0409-49M.COL___230
  218  2014-02-26-0829-38M.COL___220
  219  2014-02-26-0829-38M.COL___220
  220  2014-02-27-0508-15M.COL___234
  221  2014-02-27-0518-16M.COL___234
  222  2014-02-28-0008-16M.COL___183
  223  2014-02-28-0308-15M.COL___174
  224  2014-02-28-0326-44M.COL___174
  225  2014-02-28-0326-44M.COL___174
  226  2014-02-28-0708-07M.COL___174
  227  2014-02-28-0728-11M.COL___174
  228  2014-02-28-0758-07M.COL___174
  229  2014-02-28-1208-20M.COL___177
  230  2014-03-01-0738-10M.COL___222
  231  2014-03-01-0918-11M.COL___219
  232  2014-03-01-2249-47M.COL___234
  233  2014-03-02-0128-19M.COL___232
  234  2014-03-02-1048-18M.COL___228
  235  2014-03-02-2309-48M.COL___238
  236  2014-03-03-0308-11M.COL___232
  237  2014-03-03-0328-18M.COL___232
  238  2014-03-03-0738-18M.COL___232
  239  2014-03-03-0848-07M.COL___232
  240  2014-03-03-1349-49M.COL___232
  241  2014-03-05-1628-15M.COL___238
  242  2014-03-09-1818-18M.COL___229
  243  2014-03-10-0129-44M.COL___217
  244  2014-03-12-1128-15M.COL___235
  245  2014-03-12-2108-17M.COL___250
  246  2014-03-13-0218-06M.COL___242
  247  2014-03-13-1417-48M.COL___241
  248  2014-03-14-1040-39M.COL___232
  249  2014-03-15-0418-08M.COL___248
  250  2014-03-15-0648-11M.COL___248
  251  2014-03-15-0738-09M.COL___248
  252  2014-03-15-0908-14M.COL___245
  253  2014-03-15-1000-44M.COL___247
  254  2014-03-16-0858-05M.COL___236
  255  2014-03-16-2308-19M.COL___254
  256  2014-03-17-0428-12M.COL___245
  257  2014-03-17-1018-08M.COL___242
  258  2014-03-17-1048-17M.COL___242
  259  2014-03-17-1618-13M.COL___251
  260  2014-03-17-1748-16M.COL___241
  261  2014-03-18-0018-13M.COL___238
  262  2014-03-18-0018-13M.COL___238
  263  2014-03-18-0238-13M.COL___223
  264  2014-03-19-1108-06M.COL___226
  265  2014-03-19-1528-06M.COL___244
  266  2014-03-20-1016-45M.COL___244
  267  2014-03-22-2238-36M.COL___237
  268  2014-03-24-0010-42M.COL___243
  269  2014-03-24-2318-18M.COL___240
  270  2014-03-25-0220-43M.COL___237
  271  2014-03-26-0230-47M.COL___241
  272  2014-03-26-0340-47M.COL___241
  273  2014-03-26-0906-44M.COL___238
  274  2014-03-26-1528-13M.COL___250
  275  2014-03-27-1018-17M.COL___238
  276  2014-03-27-1258-15M.COL___253
  277  2014-03-27-2028-16M.COL___262
  278  2014-03-28-0050-50M.COL___250
  279  2014-03-28-0230-50M.COL___244
  280  2014-03-28-0350-47M.COL___244
  281  2014-03-29-1940-46M.COL___256
  282  2014-03-30-0110-45M.COL___256
  283  2014-03-30-0308-48M.COL___253
  284  2014-03-31-1138-11M.COL___237
  285  2014-03-31-1428-12M.COL___249
  286  2014-03-31-1438-13M.COL___249
  287  2014-04-01-0250-48M.COL___246
  288  2014-04-01-0430-48M.COL___246
  289  2014-04-01-0950-35M.COL___243
  290  2014-04-01-1148-17M.COL___246
  291  2014-04-03-1428-30M.COL___240
  292  2014-04-04-0424-00S.MAN___240
  293  2014-04-04-0728-05M.COL___255
  294  2014-04-05-1148-16M.COL___250
  295  2014-04-06-0738-13M.COL___235
  296  2014-04-07-0448-06M.COL___253
  297  2014-04-07-0538-05M.COL___244
  298  2014-04-08-0558-06M.COL___250
  299  2014-04-10-1008-12M.COL___256
  300  2014-04-10-1248-19M.COL___259
  301  2014-04-15-2125-44M.COL___263
  302  2014-04-15-2125-44M.COL___263
  303  2014-04-18-1258-09M.COL___230
  304  2014-04-19-0618-05M.COL___233
  305  2014-04-19-1750-46M.COL___242
  306  2014-04-20-1908-16M.COL___239
  307  2014-04-21-0808-16M.COL___230
  308  2014-04-22-2208-12M.COL___245
  309  2014-04-23-0458-17M.COL___239
  310  2014-04-23-0608-14M.COL___239
  311  2014-04-23-0928-15M.COL___239
  312  2014-04-23-1517-35M.COL___178
  313  2014-04-23-1617-35M.COL___241
  314  2014-04-23-1630-47M.COL___235
  315  2014-04-23-1710-50M.COL___227
  316  2014-04-23-1837-35M.COL___228
  317  2014-04-23-2118-14M.COL___251
  318  2014-04-23-2118-14M.COL___251
  319  2014-04-25-0118-05M.COL___242
  320  2014-04-25-0148-05M.COL___242
  321  2014-04-25-0218-05M.COL___242
  322  2014-04-26-1427-51M.COL___248
  323  2014-04-27-0358-16M.COL___239
  324  2014-04-28-1108-17M.COL___245
  325  2014-04-28-1128-18M.COL___245
  326  2014-05-01-2359-44M.COL___239
  327  2014-05-02-0138-16M.COL___239
  328  2014-05-03-0118-14M.COL___245
  329  2014-05-03-0618-15M.COL___242
  330  2014-05-03-0648-17M.COL___239
  331  2014-05-06-0618-09M.COL___236
  332  2014-05-07-0448-17M.COL___220
  333  2014-05-08-0208-20M.COL___233
  334  2014-05-08-2028-05M.COL___246
  335  2014-05-09-0938-13M.COL___239
  336  2014-05-10-0218-14M.COL___227
  337  2014-05-11-0128-16M.COL___245
  338  2014-05-11-1140-00M.COL___273
  339  2014-05-11-1500-00M.COL___273
  340  2014-05-11-1900-00M.COL___273
  341  2014-05-11-2308-07M.COL___254
  342  2014-05-13-0508-09M.COL___248
  343  2014-05-13-1418-16M.COL___251
  344  2014-05-13-1558-16M.COL___251
  345  2014-05-13-1803-41M.COL___260
  346  2014-05-13-1808-13M.COL___260
  347  2014-05-13-1828-14M.COL___260
  348  2014-05-13-1828-14M.COL___260
  349  2014-05-13-1948-14M.COL___257
  350  2014-05-13-2150-00M.COL___276
  351  2014-05-14-0108-07M.COL___260
  352  2014-05-14-0238-09M.COL___260
  353  2014-05-14-0318-13M.COL___260
  354  2014-05-14-0428-12M.COL___257
  355  2014-05-14-0428-12M.COL___257
  356  2014-05-14-0558-11M.COL___257
  357  2014-05-14-1008-11M.COL___260
  358  2014-05-14-1148-11M.COL___257
  359  2014-05-14-1258-11M.COL___260
  360  2014-05-14-2326-41M.COL___245
  361  2014-05-15-0158-12M.COL___251
  362  2014-05-15-0238-18M.COL___251
  363  2014-05-15-0348-18M.COL___251
  364  2014-05-15-0358-17M.COL___251
  365  2014-05-15-0408-17M.COL___251
  366  2014-05-15-0508-17M.COL___251
  367  2014-05-15-0628-16M.COL___248
  368  2014-05-16-0208-06M.COL___251
  369  2014-05-16-0428-13M.COL___251
  370  2014-05-16-0438-13M.COL___251
  371  2014-05-16-0458-20M.COL___248
  372  2014-05-16-0848-11M.COL___245
  373  2014-05-16-0858-18M.COL___245
  374  2014-05-17-0158-06M.COL___245
  375  2014-05-17-0448-09M.COL___242
  376  2014-05-17-0718-08M.COL___242
  377  2014-05-17-0748-07M.COL___242
  378  2014-05-17-1648-18M.COL___248
  379  2014-05-17-1718-12M.COL___248
  380  2014-05-17-1848-17M.COL___248
  381  2014-05-17-1858-06M.COL___242
  382  2014-05-18-0000-07M.COL___248
  383  2014-05-18-0158-13M.COL___245
  384  2014-05-18-0338-13M.COL___245
  385  2014-05-18-0348-10M.COL___245
  386  2014-05-19-2058-12M.COL___260
  387  2014-05-20-0548-11M.COL___251
  388  2014-05-20-0728-09M.COL___251
  389  2014-05-20-2148-13M.COL___257
  390  2014-05-21-0847-44M.COL___257
  391  2014-05-22-0048-14M.COL___252
  392  2014-05-22-0448-09M.COL___252
  393  2014-05-22-0938-09M.COL___246
  394  2014-05-22-1248-15M.COL___246
  395  2014-05-23-0358-18M.COL___258
  396  2014-05-23-0428-06M.COL___258
  397  2014-05-23-0508-18M.COL___258
  398  2014-05-23-0528-20M.COL___255
  399  2014-05-23-0818-06M.COL___255
  400  2014-05-23-0918-11M.COL___246
  401  2014-05-23-1640-00M.COL___276
  402  2014-05-24-0010-00M.COL___276
  403  2014-05-24-0600-00M.COL___276
  404  2014-05-25-0438-19M.COL___227
  405  2014-05-25-0638-13M.COL___227
  406  2014-05-25-0858-11M.COL___227
  407  2014-05-25-1108-17M.COL___227
  408  2014-05-25-1518-07M.COL___230
  409  2014-05-25-1628-07M.COL___230
  410  2014-05-25-1918-16M.COL___227
  411  2014-05-25-1938-18M.COL___221
  412  2014-05-25-2018-05M.COL___230
  413  2014-05-25-2058-18M.COL___230
  414  2014-05-25-2208-18M.COL___227
  415  2014-05-26-0008-14M.COL___166
  416  2014-05-26-0028-14M.COL___227
  417  2014-05-26-0058-06M.COL___227
  418  2014-05-26-0128-13M.COL___227
  419  2014-05-26-0346-35M.COL___220
  420  2014-05-26-0608-09M.COL___227
  421  2014-05-26-0938-17M.COL___224
  422  2014-05-26-1308-05M.col___265
  423  2014-05-26-1458-07M.COL___265
  424  2014-05-26-1558-07M.COL___273
  425  2014-05-26-2148-19M.COL___261
  426  2014-05-26-2158-17M.COL___261
  427  2014-05-26-2348-14M.COL___255
  428  2014-05-26-2348-14M.COL___255
  429  2014-05-27-0000-13M.COL___262
  430  2014-05-27-0018-17M.COL___256
  431  2014-05-27-0048-17M.COL___262
  432  2014-05-27-0158-13M.COL___256
  433  2014-05-27-0348-16M.COL___261
  434  2014-05-27-0418-09M.COL___261
  435  2014-05-27-0418-09M.COL___261
  436  2014-05-27-0548-05M.COL___261
  437  2014-05-27-0558-05M.COL___261
  438  2014-05-27-0928-05M.COL___261
  439  2014-05-27-1207-00S.MAN___276
  440  2014-05-27-1700-00M.COL___276
  441  2014-05-27-1730-00M.COL___276
  442  2014-05-27-1830-00M.COL___276
  443  2014-05-27-2058-00M.COL___276
  444  2014-05-27-2310-00M.COL___276
  445  2014-05-28-1228-17M.COL___254
  446  2014-05-28-2008-18M.COL___254
  447  2014-05-28-2008-18M.COL___254
  448  2014-05-28-2058-18M.COL___256
  449  2014-05-29-0538-14M.COL___256
  450  2014-05-29-0538-14M.COL___256
  451  2014-05-29-0548-14M.COL___256
  452  2014-05-29-1540-00M.COL___276
  453  2014-05-30-1028-17M.COL___241
  454  2014-05-30-1408-19M.COL___256
  455  2014-05-30-1628-19M.COL___259
  456  2014-05-30-1821-49M.COL___259
  457  2014-05-30-1821-49M.COL___259
  458  2014-05-30-1821-49M.COL___259
  459  2014-05-30-1821-49M.COL___259
  460  2014-05-30-1838-19M.COL___259
  461  2014-05-30-1848-18M.COL___259
  462  2014-05-30-1858-13M.COL___259
  463  2014-05-30-1858-13M.COL___259
  464  2014-05-30-1908-20M.COL___259
  465  2014-05-31-0000-08M.COL___256
  466  2014-05-31-0818-06M.COL___247
  467  2014-06-02-0138-17M.COL___256
  468  2014-06-02-0248-13M.COL___256
  469  2014-06-02-0738-16M.COL___247
  470  2014-06-02-1438-15M.COL___256
  471  2014-06-03-1058-17M.COL___253
  472  2014-06-04-0315-50M.COL___253
  473  2014-06-04-0328-11M.COL___253
  474  2014-06-04-0818-05M.COL___253
  475  2014-06-04-1218-20M.COL___259
  476  2014-06-04-1858-17M.COL___253
  477  2014-06-04-1918-20M.COL___253
  478  2014-06-04-1948-19M.COL___253
  479  2014-06-04-2016-42M.COL___256
  480  2014-06-04-2037-44M.COL___256
  481  2014-06-04-2300-00M.COL___276
  482  2014-06-05-0058-12M.COL___262
  483  2014-06-05-0108-18M.COL___265
  484  2014-06-05-0148-05M.COL___265
  485  2014-06-05-0218-17M.COL___265
  486  2014-06-05-0238-14M.COL___262
  487  2014-06-05-0458-07M.COL___262
  488  2014-06-05-0508-20M.COL___262
  489  2014-06-05-0648-15M.COL___262
  490  2014-06-05-1148-17M.COL___262
  491  2014-06-05-1548-17M.COL___265
  492  2014-06-05-1548-17M.COL___265
  493  2014-06-05-2350-00M.COL___276
  494  2014-06-05-2359-48M.COL___265
  495  2014-06-06-0438-06M.COL___259
  496  2014-06-06-1608-19M.COL___265
  497  2014-06-06-1608-19M.COL___265
  498  2014-06-06-1708-17M.COL___265
  499  2014-06-06-2126-47M.COL___182
  500  2014-06-06-2340-00M.COL___276
  501  2014-06-08-0518-06M.COL___253
  502  2014-06-08-0728-13M.COL___250
  503  2014-06-08-1028-16M.COL___250
  504  2014-06-08-1608-14M.COL___259
  505  2014-06-08-1918-05M.COL___259
  506  2014-06-08-1928-06M.COL___259
  507  2014-06-08-2330-00M.COL___276
  508  2014-06-09-1818-13M.COL___256
  509  2014-06-09-1938-20M.COL___256
  510  2014-06-09-2158-20M.COL___262
  511  2014-06-10-1306-36M.COL___259
  512  2014-06-11-0128-17M.COL___259
  513  2014-06-11-1858-15M.COL___253
  514  2014-06-13-0758-10M.COL___256
  515  2014-06-13-0918-14M.COL___256
  516  2014-06-14-1128-13M.COL___238
  517  2014-06-14-1936-42M.COL___265
  518  2014-06-14-1958-18M.COL___265
  519  2014-06-15-1728-19M.COL___259
  520  2014-06-15-2308-18M.COL___262
  521  2014-06-16-0118-19M.COL___259
  522  2014-06-16-0208-20M.COL___259
  523  2014-06-16-1018-19M.COL___256
  524  2014-06-18-0808-16M.COL___256
  525  2014-06-19-0248-17M.COL___262
  526  2014-06-19-0438-14M.COL___262
  527  2014-06-19-1758-14M.COL___262
  528  2014-06-19-1848-19M.COL___259
  529  2014-06-19-1858-19M.COL___262
  530  2014-06-19-1948-12M.COL___262
  531  2014-06-19-2018-14M.COL___265
  532  2014-06-19-2318-17M.COL___262
  533  2014-06-20-0048-18M.COL___262
  534  2014-06-20-2328-17M.COL___262
  535  2014-06-21-0008-14M.COL___262
  536  2014-06-21-0218-19M.COL___256
  537  2014-06-21-0238-18M.COL___256
  538  2014-06-21-0328-17M.COL___256
  539  2014-06-21-0328-17M.COL___256
  540  2014-06-21-0328-17M.COL___256
  541  2014-06-21-0418-17M.COL___256
  542  2014-06-21-0918-12M.COL___253
  543  2014-06-21-2348-11M.COL___262
  544  2014-06-22-0058-18M.COL___262
  545  2014-06-22-0228-06M.COL___262
  546  2014-06-25-0726-38M.COL___256
  547  2014-06-25-0738-07M.COL___256
  548  2014-06-25-0838-08M.COL___259
  549  2014-06-25-0848-10M.COL___259
  550  2014-06-25-1208-13M.COL___262
  551  2014-06-25-1325-44M.COL___265
  552  2014-06-26-0538-08M.COL___256
  553  2014-06-26-0608-09M.COL___256
  554  2014-06-26-0618-13M.COL___256
  555  2014-06-26-0618-13M.COL___256
  556  2014-06-26-0648-05M.COL___256
  557  2014-06-26-0658-18M.COL___256
  558  2014-06-26-0708-05M.COL___256
  559  2014-06-26-0818-17M.COL___250
  560  2014-06-26-0848-19M.COL___250
  561  2014-06-26-1718-21M.COL___259
  562  2014-06-26-1928-14M.COL___259
  563  2014-06-27-1508-16M.COL___256
  564  2014-06-28-0048-18M.COL___253
  565  2014-06-28-0328-20M.COL___250
  566  2014-06-28-0528-20M.COL___249
  567  2014-06-29-2018-18M.COL___251
  568  2014-06-29-2158-18M.COL___248
  569  2014-06-30-0958-09M.COL___247
  570  2014-07-01-0408-18M.COL___247
  571  2014-07-03-0100-00M.COL___279
  572  2014-07-03-0420-00M.COL___279
  573  2014-07-04-0620-00M.COL___279
  574  2014-07-04-0830-00M.COL___279
  575  2014-07-04-0958-18M.COL___253
  576  2014-07-04-1118-13M.COL___247
  577  2014-07-04-1828-19M.COL___259
  578  2014-07-04-2038-12M.COL___259
  579  2014-07-05-1558-20M.COL___259
  580  2014-07-05-1838-13M.COL___259
  581  2014-07-06-1118-19M.COL___256
  582  2014-07-06-1638-15M.COL___265
  583  2014-07-07-1900-00M.COL___282
  584  2014-07-08-1610-00M.COL___282
  585  2014-07-09-0208-14M.COL___265
  586  2014-07-09-0458-16M.COL___265
  587  2014-07-10-0818-15M.COL___256
  588  2014-07-15-0108-17M.COL___259
  589  2014-07-15-1228-18M.COL___250
  590  2014-07-15-1738-16M.COL___259
  591  2014-07-15-1818-21M.COL___259
  592  2014-07-15-2150-00M.COL___282
  593  2014-07-16-0345-49M.COL___256
  594  2014-07-19-0208-10M.COL___269
  595  2014-07-19-0628-17M.COL___269
  596  2014-07-20-2040-00M.COL___282
  597  2014-07-20-2050-00M.COL___282
  598  2014-07-21-0805-47M.COL___257
  599  2014-07-21-1548-21M.COL___272
  600  2014-07-22-0258-06M.COL___269
  601  2014-07-22-0708-08M.COL___260
  602  2014-07-23-1158-17M.COL___266
  603  2014-07-26-0408-13M.COL___263
  604  2014-07-26-0418-17M.COL___263
  605  2014-07-26-0418-17M.COL___263
  606  2014-07-26-0658-15M.COL___263
  607  2014-07-26-0748-07M.COL___260
  608  2014-07-27-0758-05M.COL___260
  609  2014-07-27-1528-15M.COL___272
  610  2014-07-30-0238-18M.COL___257
  611  2014-07-30-1908-18M.COL___251
  612  2014-07-31-0118-13M.COL___257
  613  2014-07-31-0758-17M.COL___254
  614  2014-07-31-0758-17M.COL___254
  615  2014-07-31-0918-10M.COL___254
  616  2014-08-02-1028-19M.COL___254
  617  2014-08-02-1908-14M.COL___251
  618  2014-08-05-0058-18M.COL___254
  619  2014-08-05-0618-13M.COL___245
  620  2014-08-05-0818-17M.COL___245
  621  2014-08-06-1028-18M.COL___245
  622  2014-08-07-0658-09M.COL___260
  623  2014-08-08-0528-16M.COL___254
  624  2014-08-08-0708-05M.COL___254
  625  2014-08-08-2328-20M.COL___269
  626  2014-08-09-0028-16M.COL___272
  627  2014-08-09-0058-19M.COL___271
  628  2014-08-09-0058-19M.COL___271
  629  2014-08-09-0058-19M.COL___271
  630  2014-08-09-0108-20M.COL___268
  631  2014-08-09-0118-14M.COL___271
  632  2014-08-09-0158-19M.COL___269
  633  2014-08-09-0218-19M.COL___269
  634  2014-08-09-0258-21M.COL___263
  635  2014-08-09-0728-09M.COL___260
  636  2014-08-09-1248-18M.COL___266
  637  2014-08-10-0008-18M.COL___266
  638  2014-08-10-0028-18M.COL___269
  639  2014-08-10-0258-15M.COL___260
  640  2014-08-10-0558-18M.COL___260
  641  2014-08-11-2148-19M.COL___272
  642  2014-08-12-2238-18M.COL___266
  643  2014-08-13-0040-00M.COL___285
  644  2014-08-14-0800-00M.COL___285
  645  2014-08-15-0158-19M.COL___275
  646  2014-08-16-0410-00M.COL___285
  647  2014-08-16-0820-00M.COL___285
  648  2014-08-21-0840-00M.COL___285
  649  2014-08-22-0648-08M.COL___221
  650  2014-08-24-1520-00M.COL___288
  651  2014-08-25-0258-18M.COL___233
  652  2014-08-25-0638-15M.COL___248
  653  2014-08-25-0708-16M.COL___257
  654  2014-08-25-0718-19M.COL___257
  655  2014-08-28-1548-17M.COL___263
  656  2014-08-28-1938-18M.COL___271
  657  2014-08-29-0158-18M.COL___269
  658  2014-08-29-0848-19M.COL___275
  659  2014-08-30-0158-16M.COL___269
  660  2014-08-30-0228-19M.COL___277
  661  2014-08-30-0608-08M.COL___275
  662  2014-09-01-2138-19M.COL___272
  663  2014-09-02-1618-19M.COL___260
  664  2014-09-04-1008-19M.COL___275
  665  2014-09-06-0018-19M.COL___277
  666  2014-09-11-1758-19M.COL___284
  667  2014-09-12-1058-19M.COL___290
  668  2014-09-12-2048-19M.COL___296
  669  2014-09-15-0658-12M.COL___290
  670  2014-09-15-2228-18M.COL___287
  671  2014-09-17-0808-11M.COL___287
  672  2014-09-20-2258-18M.COL___290
  673  2014-09-21-0158-19M.COL___284
  674  2014-09-21-0408-18M.COL___287
  675  2014-09-21-1118-17M.COL___284
  676  2014-09-22-1328-19M.COL___281
  677  2014-09-22-1638-14M.COL___284
  678  2014-09-22-1818-17M.COL___284
  679  2014-09-25-1648-19M.COL___292
  680  2014-09-26-0308-20M.COL___286
  681  2014-09-27-0728-07M.COL___295
  682  2014-09-27-0848-20M.COL___295
  683  2014-09-27-1930-00M.COL___252
  684  2014-09-28-0308-17M.COL___292
  685  2014-09-29-0518-05M.COL___298
  686  2014-09-29-0748-17M.COL___298
  687  2014-09-29-0818-16M.COL___292
  688  2014-10-01-2038-19M.COL___295
  689  2014-10-05-0847-35M.COL___283
  690  2014-10-06-1017-45M.COL___289
  691  2014-10-06-1317-48M.COL___292
  692  2014-10-07-1117-35M.COL___292
  693  2014-10-10-0927-48M.COL___284
  694  2014-10-11-1047-50M.COL___293
  695  2014-10-12-0837-46M.COL___286
  696  2014-10-13-2047-48M.COL___292
  697  2014-10-14-2037-46M.COL___288
  698  2014-10-15-1817-49M.COL___294
  699  2014-10-16-1127-46M.COL___292
  700  2014-10-17-1917-45M.COL___268
  701  2014-10-18-1746-49M.COL___276
  702  2014-10-19-1718-17M.COL___268
  703  2014-10-20-2307-45M.COL___280
  704  2014-10-21-1517-51M.COL___274
  705  2014-10-22-1557-48M.COL___289
  706  2014-10-27-1017-42M.COL___265
  707  2014-10-27-1327-47M.COL___271
  708  2014-10-30-1747-45M.COL___286
  709  2014-11-01-0937-45M.COL___259
  710  2014-11-04-1257-48M.COL___274
  711  2014-11-05-2327-49M.COL___277
  712  2014-11-06-0647-45M.COL___283
  713  2014-11-07-0318-07M.COL___298
  714  2014-11-07-0738-16M.COL___292
  715  2014-11-07-0808-15M.COL___292
  716  2014-11-07-0918-13M.COL___292
  717  2014-11-07-0918-13M.COL___292
  718  2014-11-07-1007-44M.COL___298
  719  2014-11-07-1027-44M.COL___289
  720  2014-11-07-2047-46M.COL___295
  721  2014-11-08-2157-44M.COL___286
  722  2014-11-12-2327-43M.COL___289
  723  2014-11-14-0647-39M.COL___274
  724  2014-11-14-0727-41M.COL___274
  725  2014-11-18-0527-45M.COL___277
  726  2014-11-19-2108-13M.COL___298
  727  2014-11-23-0017-44M.COL___296
  728  2014-11-27-0127-44M.COL___306
  729  2014-11-29-0217-43M.COL___303
  730  2014-11-30-1937-45M.COL___297
  731  2014-11-30-1937-45M.COL___297
  732  2014-11-30-1937-45M.COL___297
  733  2014-11-30-1947-44M.COL___297
  734  2014-11-30-1947-44M.COL___297
  735  2014-11-30-2027-47M.COL___297
  736  2014-11-30-2047-46M.COL___297
  737  2014-11-30-2107-46M.COL___297
  738  2014-11-30-2107-46M.COL___297
  739  2014-11-30-2137-46M.COL___303
  740  2014-11-30-2157-50M.COL___303
  741  2014-11-30-2317-47M.COL___300
  742  2014-12-01-0127-48M.COL___303
  743  2014-12-01-0137-48M.COL___300
  744  2014-12-01-0247-50M.COL___300
  745  2014-12-01-0337-48M.COL___300
  746  2014-12-01-0627-46M.COL___300
  747  2014-12-01-0857-47M.COL___300
  748  2014-12-01-1347-48M.COL___303
  749  2014-12-01-1557-46M.COL___303
  750  2014-12-01-1727-45M.COL___303
  751  2014-12-01-1757-47M.COL___303
  752  2014-12-01-2037-50M.COL___303
  753  2014-12-02-0207-50M.COL___300
  754  2014-12-02-0457-48M.COL___300
  755  2014-12-02-1157-50M.COL___300
  756  2014-12-02-1157-50M.COL___300
  757  2014-12-02-1257-49M.COL___300
  758  2014-12-03-0307-45M.COL___306
  759  2014-12-03-0737-43M.COL___303
  760  2014-12-04-0647-49M.COL___300
  761  2014-12-04-1117-45M.COL___306
  762  2014-12-08-0107-49M.COL___306
  763  2014-12-09-0657-45M.COL___297
  764  2014-12-09-0747-48M.COL___297
  765  2014-12-12-0217-45M.COL___297
  766  2014-12-12-0907-44M.COL___290
  767  2014-12-13-0607-37M.COL___294
  768  2014-12-14-1817-49M.COL___288
  769  2014-12-15-0057-45M.COL___288
  770  2014-12-18-0207-44M.COL___296
  771  2014-12-20-0827-37M.COL___305
  772  2014-12-22-1057-47M.COL___293
  773  2014-12-23-2207-47M.COL___292
  774  2014-12-24-0417-45M.COL___289
  775  2014-12-26-0057-50M.COL___283
  776  2014-12-26-2337-50M.COL___280
  777  2014-12-30-0257-50M.COL___262
  778  2014-12-30-0937-46M.COL___259
  779  2014-12-31-0307-47M.COL___268
  780  2014-12-31-0637-44M.COL___268
  781  2014-12-31-2337-44M.COL___277
  782  2015-01-06-2237-46M.COL___277
  783  2015-01-07-0028-20M.COL___274
  784  2015-01-07-0518-16M.COL___277
  785  2015-01-08-2257-46M.COL___265
  786  2015-01-12-2047-49M.COL___259
  787  2015-01-16-0347-44M.COL___253
  788  2015-01-17-0727-41M.COL___256
  789  2015-01-18-0247-42M.COL___256
  790  2015-01-18-0247-42M.COL___256
  791  2015-01-19-1127-46M.COL___262
  792  2015-01-19-2337-43M.COL___256
  793  2015-01-23-0037-47M.COL___262
  794  2015-02-02-0337-45M.COL___262
  795  2015-02-07-0717-43M.COL___290
  796  2015-02-09-0927-40M.COL___289
  797  2015-02-24-0447-42M.COL___275
  798  2015-02-24-0827-48M.COL___278
  799  2015-03-05-0607-48M.COL___284
  800  2015-03-05-0657-47M.COL___281
  801  2015-03-08-0427-48M.COL___281
  802  2015-03-23-0647-49M.COL___275
  803  2015-03-26-1327-49M.COL___275
  804  2015-03-27-0727-48M.COL___278
  805  2015-03-30-0217-50M.COL___284
  806  2015-03-30-0457-35M.COL___284
  807  2015-04-08-0507-49M.COL___260
  808  2015-04-25-2247-49M.COL___280
  809  2015-04-27-1647-50M.COL___268
  810  2015-04-27-1847-48M.COL___271
  811  2015-04-28-0317-47M.COL___286
  812  2015-04-29-0817-48M.COL___277
  813  2015-04-29-2057-49M.COL___271
  814  2015-05-02-1457-50M.COL___270
  815  2015-05-03-2207-49M.COL___274
  816  2015-05-08-1247-48M.COL___284
  817  2015-05-15-1247-48M.COL___283
  818  2015-05-20-0737-50M.COL___286
  819  2015-05-30-0747-45M.COL___309
  820  2015-06-04-1017-50M.COL___294
  821  2015-06-06-0457-50M.COL___309
  822  2015-06-07-0717-50M.COL___303
  823  2015-06-07-1325-49M.COL___300
  824  2015-06-20-1557-48M.COL___310
  825  2015-06-25-0207-49M.COL___322
  826  2015-07-09-0857-47M.COL___340
  827  2015-07-10-2347-49M.COL___346
  828  2015-07-13-1337-49M.COL___337
  829  2015-07-23-1047-50M.COL___337
  830  2015-07-24-0427-48M.COL___340
  831  2015-08-09-1917-50M.COL___334
  832  2015-08-09-2007-48M.COL___334
  833  2015-08-23-1131-47M.COL___340
  834  2015-08-23-1147-50M.COL___337
  835  2015-08-23-1157-47M.COL___337
  836  2015-08-23-1207-49M.COL___337
  837  2015-08-23-1627-43M.COL___343
  838  2015-08-23-1707-48M.COL___339
  839  2015-08-23-1717-49M.COL___340
  840  2015-08-24-0213-47M.COL___340
  841  2015-08-24-0217-49M.COL___340
  842  2015-08-24-0217-49M.COL___340
  843  2015-08-24-0317-48M.COL___343
  844  2015-08-24-0317-48M.COL___343
  845  2015-08-24-1127-50M.COL___337
  846  2015-08-24-1427-49M.COL___343
  847  2015-08-24-1517-49M.COL___328
  848  2015-08-25-0057-47M.COL___337
  849  2015-08-25-0057-47M.COL___337
  850  2015-08-25-0337-49M.COL___343
  851  2015-08-26-0247-48M.COL___349
  852  2015-08-27-0417-46M.COL___355
  853  2015-08-27-0917-46M.COL___352
  854  2015-08-28-0727-48M.COL___352
  855  2015-08-29-0557-50M.COL___355
  856  2015-08-30-0027-45M.COL___361
  857  2015-08-30-2027-50M.COL___355
  858  2015-08-31-0057-35M.COL___358
  859  2015-08-31-0907-49M.COL___352
  860  2015-08-31-1032-49M.COL___355
  861  2015-08-31-1137-49M.COL___358
  862  2015-08-31-1147-50M.COL___352
  863  2015-08-31-1217-47M.COL___358
  864  2015-08-31-1417-47M.COL___343
  865  2015-08-31-1737-50M.COL___364
  866  2015-08-31-1847-50M.COL___355
  867  2015-08-31-1907-50M.COL___346
  868  2015-08-31-2047-48M.COL___361
  869  2015-08-31-2137-47M.COL___361
